------Start of DE processing------ = [11/26/17 23:09:27:668 CST]
Exception = java.lang.IllegalArgumentException
Source = com.ibm.ws.anno.targets.internal.AnnotationTargetsImpl_Targets
probeid = 529
Stack Dump = java.lang.IllegalArgumentException
	at org.objectweb.asm.ClassReader.<init>(Unknown Source)
	at org.objectweb.asm.ClassReader.<init>(Unknown Source)
	at org.objectweb.asm.ClassReader.<init>(Unknown Source)
	at com.ibm.ws.anno.targets.internal.AnnotationTargetsImpl_Targets.scanClass(AnnotationTargetsImpl_Targets.java:495)
	at com.ibm.ws.anno.targets.internal.AnnotationTargetsImpl_Streamer.process(AnnotationTargetsImpl_Streamer.java:88)
	at com.ibm.ws.anno.classsource.internal.ClassSourceImpl_MappedContainer.process(ClassSourceImpl_MappedContainer.java:351)
	at com.ibm.ws.anno.classsource.internal.ClassSourceImpl_MappedContainer.scanClasses(ClassSourceImpl_MappedContainer.java:283)
	at com.ibm.ws.anno.classsource.internal.ClassSourceImpl_MappedContainer.scanClasses(ClassSourceImpl_MappedContainer.java:128)
	at com.ibm.ws.anno.classsource.internal.ClassSourceImpl_Aggregate.scanClasses(ClassSourceImpl_Aggregate.java:369)
	at com.ibm.ws.anno.targets.internal.AnnotationTargetsImpl_Scanner.scanClasses(AnnotationTargetsImpl_Scanner.java:254)
	at com.ibm.ws.anno.targets.internal.AnnotationTargetsImpl_Scanner.scanDirect(AnnotationTargetsImpl_Scanner.java:216)
	at com.ibm.ws.anno.targets.internal.AnnotationTargetsImpl_Targets.doScanDirectClasses(AnnotationTargetsImpl_Targets.java:379)
	at com.ibm.ws.anno.targets.internal.AnnotationTargetsImpl_Targets.scanDirectClasses(AnnotationTargetsImpl_Targets.java:348)
	at com.ibm.ws.anno.targets.internal.AnnotationTargetsImpl_Targets.selectAnnotatedTargets(AnnotationTargetsImpl_Targets.java:1746)
	at com.ibm.ws.anno.targets.internal.AnnotationTargetsImpl_Targets.getAnnotatedClasses(AnnotationTargetsImpl_Targets.java:913)
	at com.ibm.ws.anno.targets.internal.AnnotationTargetsImpl_Targets.getAnnotatedClasses(AnnotationTargetsImpl_Targets.java:983)
	at com.ibm.ws.container.service.annotations.internal.WebAnnotationsImpl$FragmentAnnotationsImpl.selectAnnotatedClasses(WebAnnotationsImpl.java:453)
	at com.ibm.ws.webcontainer.osgi.container.config.WebAppConfiguratorHelper.configureFromAnnotations(WebAppConfiguratorHelper.java:778)
	at com.ibm.ws.webcontainer.osgi.container.config.WebAppConfigurator.configure(WebAppConfigurator.java:414)
	at com.ibm.ws.webcontainer.osgi.container.config.WebAppConfigurationAdapter.adapt(WebAppConfigurationAdapter.java:115)
	at com.ibm.ws.webcontainer.osgi.container.config.WebAppConfigurationAdapter.adapt(WebAppConfigurationAdapter.java:43)
	at com.ibm.ws.adaptable.module.internal.AdapterFactoryServiceImpl.adapt(AdapterFactoryServiceImpl.java:192)
	at com.ibm.ws.adaptable.module.internal.AdaptableContainerImpl.adapt(AdaptableContainerImpl.java:170)
	at com.ibm.ws.webcontainer.osgi.WebContainer.createModuleMetaData(WebContainer.java:820)
	at com.ibm.ws.app.manager.module.internal.ModuleHandlerBase.createModuleMetaData(ModuleHandlerBase.java:63)
	at com.ibm.ws.app.manager.module.internal.SimpleDeployedAppInfoBase$ModuleContainerInfoBase.createModuleMetaData(SimpleDeployedAppInfoBase.java:168)
	at com.ibm.ws.app.manager.module.internal.DeployedAppInfoBase.preDeployApp(DeployedAppInfoBase.java:363)
	at com.ibm.ws.app.manager.module.internal.DeployedAppInfoBase.deployApp(DeployedAppInfoBase.java:402)
	at com.ibm.ws.app.manager.war.internal.WARApplicationHandlerImpl.install(WARApplicationHandlerImpl.java:65)
	at com.ibm.ws.app.manager.internal.statemachine.StartAction.execute(StartAction.java:140)
	at com.ibm.ws.app.manager.internal.statemachine.ApplicationStateMachineImpl.enterState(ApplicationStateMachineImpl.java:1258)
	at com.ibm.ws.app.manager.internal.statemachine.ApplicationStateMachineImpl.run(ApplicationStateMachineImpl.java:873)
	at java.util.concurrent.ThreadPoolExecutor.runWorker(ThreadPoolExecutor.java:1149)
	at java.util.concurrent.ThreadPoolExecutor$Worker.run(ThreadPoolExecutor.java:624)
	at java.lang.Thread.run(Thread.java:748)

Dump of callerThis
Object type = com.ibm.ws.anno.targets.internal.AnnotationTargetsImpl_Targets
  tc = class com.ibm.websphere.ras.TraceComponent@75188c06
    strings[0] = "TraceComponent[com.ibm.ws.anno.targets.internal.AnnotationTargetsImpl_Targets,class com.ibm.ws.anno.targets.internal.AnnotationTargetsImpl_Targets,[com.ibm.ws.anno],com.ibm.ws.anno.resources.internal.AnnoMessages,null]"
  CLASS_NAME = "com.ibm.ws.anno.targets.internal.AnnotationTargetsImpl_Targets"
  hashText = "AnnotationTargetsImpl_Targets@1449145729"
  factory = class com.ibm.ws.anno.targets.internal.AnnotationTargetsImpl_Factory@131f1d09
    tc = class com.ibm.websphere.ras.TraceComponent@58fff58a
      strings[0] = "TraceComponent[com.ibm.ws.anno.targets.internal.AnnotationTargetsImpl_Factory,class com.ibm.ws.anno.targets.internal.AnnotationTargetsImpl_Factory,[com.ibm.ws.anno],com.ibm.ws.anno.resources.internal.AnnoMessages,null]"
    CLASS_NAME = "com.ibm.ws.anno.targets.internal.AnnotationTargetsImpl_Factory"
    hashText = "AnnotationTargetsImpl_Factory@1504886117"
    utilFactory = class com.ibm.ws.anno.util.internal.UtilImpl_Factory@152438fc
    serialVersionUID = 1959719964121563663
  classSourceInternMap = class com.ibm.ws.anno.util.internal.UtilImpl_InternMap@427a06a2
    tc = class com.ibm.websphere.ras.TraceComponent@19c74276
    CLASS_NAME = "com.ibm.ws.anno.util.internal.UtilImpl_InternMap"
    hashText = "UtilImpl_InternMap@4454964(class sources)"
    DEFAULT_LOG_THRESHHOLD = 4096
    logThreshHold = 4096
    factory = class com.ibm.ws.anno.util.internal.UtilImpl_Factory@152438fc
    valueType = class com.ibm.wsspi.anno.util.Util_InternMap$ValueType@4de26b1
      VT_CLASS_RESOURCE = class com.ibm.wsspi.anno.util.Util_InternMap$ValueType@4fc0697d
      VT_CLASS_REFERENCE = class com.ibm.wsspi.anno.util.Util_InternMap$ValueType@8e5901f
      VT_CLASS_NAME = class com.ibm.wsspi.anno.util.Util_InternMap$ValueType@42391de7
      VT_FIELD_NAME = class com.ibm.wsspi.anno.util.Util_InternMap$ValueType@b595e58
      VT_METHOD_NAME = class com.ibm.wsspi.anno.util.Util_InternMap$ValueType@1e102867
      VT_OTHER = class com.ibm.wsspi.anno.util.Util_InternMap$ValueType@4de26b1
      $VALUES = class com.ibm.wsspi.anno.util.Util_InternMap$ValueType[6]
      $$$tc$$$ = class com.ibm.websphere.ras.TraceComponent@7740c359
      name = "VT_OTHER"
      ordinal = 5
    checkValues = false
    name = "class sources"
    internMap = class java.util.HashMap@48560ed8
      serialVersionUID = 362498820763181265
      DEFAULT_INITIAL_CAPACITY = 16
      MAXIMUM_CAPACITY = 1073741824
      DEFAULT_LOAD_FACTOR = 0.75
      TREEIFY_THRESHOLD = 8
      UNTREEIFY_THRESHOLD = 6
      MIN_TREEIFY_CAPACITY = 64
      table = class java.util.HashMap$Node[16]
      entrySet = null
      size = 2
      modCount = 2
      threshold = 12
      loadFactor = 0.75
      keySet = null
      values = null
    lastReportedLength = 0
    totalLength = 49
    serialVersionUID = -5461277679491511795
  rootClassSource = class com.ibm.ws.anno.classsource.internal.ClassSourceImpl_Aggregate@751b04f6
    CLASS_NAME = "com.ibm.ws.anno.classsource.internal.ClassSourceImpl_Aggregate"
    tc = class com.ibm.websphere.ras.TraceComponent@565995f8
      strings[0] = "TraceComponent[com.ibm.ws.anno.classsource.internal.ClassSourceImpl_Aggregate,class com.ibm.ws.anno.classsource.internal.ClassSourceImpl_Aggregate,[com.ibm.ws.anno],com.ibm.ws.anno.resources.internal.AnnoMessages,null]"
    openCount = 2
    successfulOpens = class java.util.ArrayList@35f53553
      serialVersionUID = 8683452581122892189
      DEFAULT_CAPACITY = 10
      EMPTY_ELEMENTDATA = class java.lang.Object[0]
      DEFAULTCAPACITY_EMPTY_ELEMENTDATA = class java.lang.Object[0]
      elementData = class java.lang.Object[49]
      size = 38
      MAX_ARRAY_SIZE = 2147483639
      modCount = 38
      MAX_ARRAY_SIZE = 2147483639
    failedOpens = class java.util.HashSet@561225e
      serialVersionUID = -5024744406713321676
      map = class java.util.HashMap@7b93a8a9
      PRESENT = class java.lang.Object@4586b8c2
      MAX_ARRAY_SIZE = 2147483639
    classSources = class java.util.ArrayList@7652ec03
      serialVersionUID = 8683452581122892189
      DEFAULT_CAPACITY = 10
      EMPTY_ELEMENTDATA = class java.lang.Object[0]
      DEFAULTCAPACITY_EMPTY_ELEMENTDATA = class java.lang.Object[0]
      elementData = class java.lang.Object[49]
      size = 38
      MAX_ARRAY_SIZE = 2147483639
      modCount = 38
      MAX_ARRAY_SIZE = 2147483639
    classSourceNames = class java.util.HashMap@c1760d0
      serialVersionUID = 362498820763181265
      DEFAULT_INITIAL_CAPACITY = 16
      MAXIMUM_CAPACITY = 1073741824
      DEFAULT_LOAD_FACTOR = 0.75
      TREEIFY_THRESHOLD = 8
      UNTREEIFY_THRESHOLD = 6
      MIN_TREEIFY_CAPACITY = 64
      table = class java.util.HashMap$Node[64]
      entrySet = null
      size = 38
      modCount = 38
      threshold = 48
      loadFactor = 0.75
      keySet = null
      values = null
    seedClassSources = class java.util.HashSet@10d493ac
      serialVersionUID = -5024744406713321676
      map = class java.util.HashMap@5e816268
      PRESENT = class java.lang.Object@4586b8c2
      MAX_ARRAY_SIZE = 2147483639
    partialClassSources = class java.util.HashSet@1cab203a
      serialVersionUID = -5024744406713321676
      map = class java.util.HashMap@1b09842a
      PRESENT = class java.lang.Object@4586b8c2
      MAX_ARRAY_SIZE = 2147483639
    excludedClassSources = class java.util.HashSet@7d78f558
      serialVersionUID = -5024744406713321676
      map = class java.util.HashMap@3393591b
      PRESENT = class java.lang.Object@4586b8c2
      MAX_ARRAY_SIZE = 2147483639
    externalClassSources = class java.util.HashSet@4ade0bc7
      serialVersionUID = -5024744406713321676
      map = class java.util.HashMap@59aaa317
      PRESENT = class java.lang.Object@4586b8c2
      MAX_ARRAY_SIZE = 2147483639
    totalLookups = 0
    repeatLookups = 0
    i_lookupCounts = class java.util.IdentityHashMap@7ea3a8c3
      DEFAULT_CAPACITY = 32
      MINIMUM_CAPACITY = 4
      MAXIMUM_CAPACITY = 536870912
      table = class java.lang.Object[64]
      size = 0
      modCount = 0
      NULL_KEY = class java.lang.Object@2d1565b4
      entrySet = null
      serialVersionUID = 8188218128353913216
      keySet = null
      values = null
    i_globalResults = class java.util.IdentityHashMap@3bcceddd
      DEFAULT_CAPACITY = 32
      MINIMUM_CAPACITY = 4
      MAXIMUM_CAPACITY = 536870912
      table = class java.lang.Object[64]
      size = 0
      modCount = 0
      NULL_KEY = class java.lang.Object@2d1565b4
      entrySet = null
      serialVersionUID = 8188218128353913216
      keySet = null
      values = null
    i_failedLookups = class java.util.IdentityHashMap@1a40dc9
      DEFAULT_CAPACITY = 32
      MINIMUM_CAPACITY = 4
      MAXIMUM_CAPACITY = 536870912
      table = class java.lang.Object[64]
      size = 0
      modCount = 0
      NULL_KEY = class java.lang.Object@2d1565b4
      entrySet = null
      serialVersionUID = 8188218128353913216
      keySet = null
      values = null
    i_firstSuccesses = class java.util.IdentityHashMap@3b1eae09
      DEFAULT_CAPACITY = 32
      MINIMUM_CAPACITY = 4
      MAXIMUM_CAPACITY = 536870912
      table = class java.lang.Object[64]
      size = 0
      modCount = 0
      NULL_KEY = class java.lang.Object@2d1565b4
      entrySet = null
      serialVersionUID = 8188218128353913216
      keySet = null
      values = null
    serialVersionUID = -8573589362925818400
    tc = class com.ibm.websphere.ras.TraceComponent@58a2da8b
      strings[0] = "TraceComponent[com.ibm.ws.anno.classsource.internal.ClassSourceImpl,class com.ibm.ws.anno.classsource.internal.ClassSourceImpl,[com.ibm.ws.anno],com.ibm.ws.anno.resources.internal.AnnoMessages,null]"
    CLASS_NAME = "com.ibm.ws.anno.classsource.internal.ClassSourceImpl"
    hashText = "ClassSourceImpl_Aggregate@624572871(org.tec.datos1.messenger.webapi org.tec.datos1.messenger.webapi)"
    factory = class com.ibm.ws.anno.classsource.internal.ClassSourceImpl_Factory@4e640c2
      CLASS_NAME = "com.ibm.ws.anno.classsource.internal.ClassSourceImpl_Factory"
      tc = class com.ibm.websphere.ras.TraceComponent@17a78417
      hashText = "ClassSourceImpl_Factory@1571812328"
      utilFactory = class com.ibm.ws.anno.util.internal.UtilImpl_Factory@152438fc
      serialVersionUID = 1139799791871911911
    name = "org.tec.datos1.messenger.webapi org.tec.datos1.messenger.webapi"
    canonicalName = "org.tec.datos1.messenger.webapi org.tec.datos1.messenger.webapi"
    parentSource = null
    internMap = class com.ibm.ws.anno.util.internal.UtilImpl_InternMap@258dcfd2
      tc = class com.ibm.websphere.ras.TraceComponent@19c74276
      CLASS_NAME = "com.ibm.ws.anno.util.internal.UtilImpl_InternMap"
      hashText = "UtilImpl_InternMap@1760296988(classes and packages)"
      DEFAULT_LOG_THRESHHOLD = 4096
      logThreshHold = 4096
      factory = class com.ibm.ws.anno.util.internal.UtilImpl_Factory@152438fc
      valueType = class com.ibm.wsspi.anno.util.Util_InternMap$ValueType@42391de7
      checkValues = false
      name = "classes and packages"
      internMap = class java.util.HashMap@76162674
      lastReportedLength = 0
      totalLength = 606
      serialVersionUID = -5461277679491511795
    scanCounts = class com.ibm.ws.anno.classsource.internal.ClassSourceImpl_ScanCounts@6bad538c
      results = {10,4,0,6,0,0,4,0,0,4} /* array length = 10*/
      serialVersionUID = -8917709647280336091
      $$$tc$$$ = class com.ibm.websphere.ras.TraceComponent@6f471b35
    resourceExclusionCount = 0
    classExclusionCount = 0
    classInclusionCount = 0
    serialVersionUID = 283037046212447331
  directClassSourceCount = 37
  haveScannedDirectClasses = true
  externalClassSourceCount = 1
  haveScannedReferencedClasses = false
  classInternMap = class com.ibm.ws.anno.util.internal.UtilImpl_InternMap@22787bbc
    tc = class com.ibm.websphere.ras.TraceComponent@19c74276
      strings[0] = "TraceComponent[com.ibm.ws.anno.util.internal.UtilImpl_InternMap,class com.ibm.ws.anno.util.internal.UtilImpl_InternMap,[com.ibm.ws.anno],com.ibm.ws.anno.resources.internal.AnnoMessages,null]"
    CLASS_NAME = "com.ibm.ws.anno.util.internal.UtilImpl_InternMap"
    hashText = "UtilImpl_InternMap@849200614(classes and package names)"
    DEFAULT_LOG_THRESHHOLD = 4096
    logThreshHold = 4096
    factory = class com.ibm.ws.anno.util.internal.UtilImpl_Factory@152438fc
      tc = class com.ibm.websphere.ras.TraceComponent@323a719a
      CLASS_NAME = "com.ibm.ws.anno.util.internal.UtilImpl_Factory"
      hashText = "UtilImpl_Factory@1517000917"
      serialVersionUID = -7802370278509421821
    valueType = class com.ibm.wsspi.anno.util.Util_InternMap$ValueType@42391de7
      VT_CLASS_RESOURCE = class com.ibm.wsspi.anno.util.Util_InternMap$ValueType@4fc0697d
      VT_CLASS_REFERENCE = class com.ibm.wsspi.anno.util.Util_InternMap$ValueType@8e5901f
      VT_CLASS_NAME = class com.ibm.wsspi.anno.util.Util_InternMap$ValueType@42391de7
      VT_FIELD_NAME = class com.ibm.wsspi.anno.util.Util_InternMap$ValueType@b595e58
      VT_METHOD_NAME = class com.ibm.wsspi.anno.util.Util_InternMap$ValueType@1e102867
      VT_OTHER = class com.ibm.wsspi.anno.util.Util_InternMap$ValueType@4de26b1
      $VALUES = class com.ibm.wsspi.anno.util.Util_InternMap$ValueType[6]
      $$$tc$$$ = class com.ibm.websphere.ras.TraceComponent@7740c359
      name = "VT_CLASS_NAME"
      ordinal = 2
    checkValues = false
    name = "classes and package names"
    internMap = class java.util.HashMap@667e08f0
      serialVersionUID = 362498820763181265
      DEFAULT_INITIAL_CAPACITY = 16
      MAXIMUM_CAPACITY = 1073741824
      DEFAULT_LOAD_FACTOR = 0.75
      TREEIFY_THRESHOLD = 8
      UNTREEIFY_THRESHOLD = 6
      MIN_TREEIFY_CAPACITY = 64
      table = class java.util.HashMap$Node[32]
      entrySet = null
      size = 22
      modCount = 22
      threshold = 24
      loadFactor = 0.75
      keySet = null
      values = null
    lastReportedLength = 0
    totalLength = 760
    serialVersionUID = -5461277679491511795
  visitor = class com.ibm.ws.anno.targets.internal.AnnotationTargetsVisitor@108c89c3
    tc = class com.ibm.websphere.ras.TraceComponent@15ca9d58
      strings[0] = "TraceComponent[com.ibm.ws.anno.targets.internal.AnnotationTargetsVisitor,class com.ibm.ws.anno.targets.internal.AnnotationTargetsVisitor,[com.ibm.ws.anno],com.ibm.ws.anno.resources.internal.AnnoMessages,null]"
    CLASS_NAME = "com.ibm.ws.anno.targets.internal.AnnotationTargetsVisitor"
    PACKAGE_INFO_CLASS_NAME = "package-info"
    hashText = "AnnotationTargetsVisitor@960096633"
    annotationTargets = class com.ibm.ws.anno.targets.internal.AnnotationTargetsImpl_Targets@1a6c0b94
    isDetailEnabled = true
    i_classSourceName = "WEB-INF/lib/javax.json-api-1.1.jar"
    scanPolicy = class com.ibm.wsspi.anno.classsource.ClassSource_Aggregate$ScanPolicy@9a40801
      SEED = class com.ibm.wsspi.anno.classsource.ClassSource_Aggregate$ScanPolicy@9a40801
      PARTIAL = class com.ibm.wsspi.anno.classsource.ClassSource_Aggregate$ScanPolicy@406b83c2
      EXCLUDED = class com.ibm.wsspi.anno.classsource.ClassSource_Aggregate$ScanPolicy@574d7aed
      EXTERNAL = class com.ibm.wsspi.anno.classsource.ClassSource_Aggregate$ScanPolicy@1bd688ed
      value = 1
      ALL_EXCEPT_EXTERNAL = 7
      $VALUES = class com.ibm.wsspi.anno.classsource.ClassSource_Aggregate$ScanPolicy[4]
      $$$tc$$$ = class com.ibm.websphere.ras.TraceComponent@31b3dfae
      name = "SEED"
      ordinal = 0
    scanPolicyIsExternal = false
    externalName = "module-info"
    isClass = true
    i_className = "org.tec.datos1.messenger.webapi.resources.ImageHandler"
    VISIT_ENDED_DETAIL = class com.ibm.ws.anno.targets.internal.AnnotationTargetsVisitor$VisitEnded@8141b8a
      serialVersionUID = 1
      endCase = class com.ibm.ws.anno.targets.internal.AnnotationTargetsVisitor$VisitEndCase@126a6930
      $$$tc$$$ = class com.ibm.websphere.ras.TraceComponent@409cf3dd
      serialVersionUID = -7034897190745766939
      serialVersionUID = -3387516993124229948
      serialVersionUID = -3042686055658047285
      detailMessage = null
      UNASSIGNED_STACK = class java.lang.StackTraceElement[0]
      cause = class com.ibm.ws.anno.targets.internal.AnnotationTargetsVisitor$VisitEnded@8141b8a
      stackTrace = class java.lang.StackTraceElement[0]
      SUPPRESSED_SENTINEL = class java.util.Collections$UnmodifiableRandomAccessList@714cceaf
      suppressedExceptions = class java.util.Collections$UnmodifiableRandomAccessList@714cceaf
      NULL_CAUSE_MESSAGE = "Cannot suppress a null exception."
      SELF_SUPPRESSION_MESSAGE = "Self-suppression not permitted"
      CAUSE_CAPTION = "Caused by: "
      SUPPRESSED_CAPTION = "Suppressed: "
      EMPTY_THROWABLE_ARRAY = class java.lang.Throwable[0]
      $assertionsDisabled = true
    VISIT_ENDED_DUPLICATE_CLASS = class com.ibm.ws.anno.targets.internal.AnnotationTargetsVisitor$VisitEnded@2cecf47e
      serialVersionUID = 1
      endCase = class com.ibm.ws.anno.targets.internal.AnnotationTargetsVisitor$VisitEndCase@3b8b83b3
      $$$tc$$$ = class com.ibm.websphere.ras.TraceComponent@409cf3dd
      serialVersionUID = -7034897190745766939
      serialVersionUID = -3387516993124229948
      serialVersionUID = -3042686055658047285
      detailMessage = null
      UNASSIGNED_STACK = class java.lang.StackTraceElement[0]
      cause = class com.ibm.ws.anno.targets.internal.AnnotationTargetsVisitor$VisitEnded@2cecf47e
      stackTrace = class java.lang.StackTraceElement[0]
      SUPPRESSED_SENTINEL = class java.util.Collections$UnmodifiableRandomAccessList@714cceaf
      suppressedExceptions = class java.util.Collections$UnmodifiableRandomAccessList@714cceaf
      NULL_CAUSE_MESSAGE = "Cannot suppress a null exception."
      SELF_SUPPRESSION_MESSAGE = "Self-suppression not permitted"
      CAUSE_CAPTION = "Caused by: "
      SUPPRESSED_CAPTION = "Suppressed: "
      EMPTY_THROWABLE_ARRAY = class java.lang.Throwable[0]
      $assertionsDisabled = true
    VISIT_ENDED_CLASS_MISMATCH = class com.ibm.ws.anno.targets.internal.AnnotationTargetsVisitor$VisitEnded@bb15f68
      serialVersionUID = 1
      endCase = class com.ibm.ws.anno.targets.internal.AnnotationTargetsVisitor$VisitEndCase@52265832
      $$$tc$$$ = class com.ibm.websphere.ras.TraceComponent@409cf3dd
      serialVersionUID = -7034897190745766939
      serialVersionUID = -3387516993124229948
      serialVersionUID = -3042686055658047285
      detailMessage = null
      UNASSIGNED_STACK = class java.lang.StackTraceElement[0]
      cause = class com.ibm.ws.anno.targets.internal.AnnotationTargetsVisitor$VisitEnded@bb15f68
      stackTrace = class java.lang.StackTraceElement[0]
      SUPPRESSED_SENTINEL = class java.util.Collections$UnmodifiableRandomAccessList@714cceaf
      suppressedExceptions = class java.util.Collections$UnmodifiableRandomAccessList@714cceaf
      NULL_CAUSE_MESSAGE = "Cannot suppress a null exception."
      SELF_SUPPRESSION_MESSAGE = "Self-suppression not permitted"
      CAUSE_CAPTION = "Caused by: "
      SUPPRESSED_CAPTION = "Suppressed: "
      EMPTY_THROWABLE_ARRAY = class java.lang.Throwable[0]
      $assertionsDisabled = true
    VISIT_ENDED_DUPLICATE_PACKAGE = class com.ibm.ws.anno.targets.internal.AnnotationTargetsVisitor$VisitEnded@22fcaa1f
      serialVersionUID = 1
      endCase = class com.ibm.ws.anno.targets.internal.AnnotationTargetsVisitor$VisitEndCase@28b058f8
      $$$tc$$$ = class com.ibm.websphere.ras.TraceComponent@409cf3dd
      serialVersionUID = -7034897190745766939
      serialVersionUID = -3387516993124229948
      serialVersionUID = -3042686055658047285
      detailMessage = null
      UNASSIGNED_STACK = class java.lang.StackTraceElement[0]
      cause = class com.ibm.ws.anno.targets.internal.AnnotationTargetsVisitor$VisitEnded@22fcaa1f
      stackTrace = class java.lang.StackTraceElement[0]
      SUPPRESSED_SENTINEL = class java.util.Collections$UnmodifiableRandomAccessList@714cceaf
      suppressedExceptions = class java.util.Collections$UnmodifiableRandomAccessList@714cceaf
      NULL_CAUSE_MESSAGE = "Cannot suppress a null exception."
      SELF_SUPPRESSION_MESSAGE = "Self-suppression not permitted"
      CAUSE_CAPTION = "Caused by: "
      SUPPRESSED_CAPTION = "Suppressed: "
      EMPTY_THROWABLE_ARRAY = class java.lang.Throwable[0]
      $assertionsDisabled = true
    VISIT_ENDED_PACKAGE_MISMATCH = class com.ibm.ws.anno.targets.internal.AnnotationTargetsVisitor$VisitEnded@a9c2d81
      serialVersionUID = 1
      endCase = class com.ibm.ws.anno.targets.internal.AnnotationTargetsVisitor$VisitEndCase@4229f50a
      $$$tc$$$ = class com.ibm.websphere.ras.TraceComponent@409cf3dd
      serialVersionUID = -7034897190745766939
      serialVersionUID = -3387516993124229948
      serialVersionUID = -3042686055658047285
      detailMessage = null
      UNASSIGNED_STACK = class java.lang.StackTraceElement[0]
      cause = class com.ibm.ws.anno.targets.internal.AnnotationTargetsVisitor$VisitEnded@a9c2d81
      stackTrace = class java.lang.StackTraceElement[0]
      SUPPRESSED_SENTINEL = class java.util.Collections$UnmodifiableRandomAccessList@714cceaf
      suppressedExceptions = class java.util.Collections$UnmodifiableRandomAccessList@714cceaf
      NULL_CAUSE_MESSAGE = "Cannot suppress a null exception."
      SELF_SUPPRESSION_MESSAGE = "Self-suppression not permitted"
      CAUSE_CAPTION = "Caused by: "
      SUPPRESSED_CAPTION = "Suppressed: "
      EMPTY_THROWABLE_ARRAY = class java.lang.Throwable[0]
      $assertionsDisabled = true
    fieldVisitor = class com.ibm.ws.anno.targets.internal.AnnotationTargetsVisitor$AnnoFieldVisitor@419877a8
      this$0 = class com.ibm.ws.anno.targets.internal.AnnotationTargetsVisitor@108c89c3
      serialVersionUID = 6818029444933258753
      $$$tc$$$ = class com.ibm.websphere.ras.TraceComponent@18e8a9fb
      api = 327680
      fv = null
    methodVisitor = class com.ibm.ws.anno.targets.internal.AnnotationTargetsVisitor$AnnoMethodVisitor@40d33aec
      this$0 = class com.ibm.ws.anno.targets.internal.AnnotationTargetsVisitor@108c89c3
      serialVersionUID = 2334231598451759950
      $$$tc$$$ = class com.ibm.websphere.ras.TraceComponent@21a59c3c
      api = 327680
      mv = null
    serialVersionUID = -3785108644137834388
    api = 327680
    cv = null
  i_unresolvedPackageNames = class java.util.IdentityHashMap@7b10398e
    DEFAULT_CAPACITY = 32
    MINIMUM_CAPACITY = 4
    MAXIMUM_CAPACITY = 536870912
    table = class java.lang.Object[64]
      table[0] = null
      table[1] = null
      table[2] = null
      table[3] = null
      table[4] = null
      table[5] = null
      table[6] = null
      table[7] = null
      table[8] = null
      table[9] = null
      table[10] = null
      table[11] = null
      table[12] = null
      table[13] = null
      table[14] = null
      table[15] = null
      table[16] = null
      table[17] = null
      table[18] = null
      table[19] = null
      table[20] = null
      table[21] = null
      table[22] = null
      table[23] = null
      table[24] = null
      table[25] = null
      table[26] = null
      table[27] = null
      table[28] = null
      table[29] = null
      table[30] = null
      table[31] = null
      table[32] = null
      table[33] = null
      table[34] = null
      table[35] = null
      table[36] = null
      table[37] = null
      table[38] = null
      table[39] = null
      table[40] = null
      table[41] = null
      table[42] = null
      table[43] = null
      table[44] = null
      table[45] = null
      table[46] = null
      table[47] = null
      table[48] = null
      table[49] = null
      table[50] = null
      table[51] = null
      table[52] = null
      table[53] = null
      table[54] = null
      table[55] = null
      table[56] = null
      table[57] = null
      table[58] = null
      table[59] = null
      table[60] = null
      table[61] = null
      table[62] = null
      table[63] = null
    size = 0
    modCount = 0
    NULL_KEY = class java.lang.Object@2d1565b4
    entrySet = null
    serialVersionUID = 8188218128353913216
    keySet = null
    values = null
  i_scannedClassNames = class java.util.IdentityHashMap@69cd7f58
    DEFAULT_CAPACITY = 32
    MINIMUM_CAPACITY = 4
    MAXIMUM_CAPACITY = 536870912
    table = class java.lang.Object[64]
      table[0] = "org.tec.datos1.messenger.estructures.Graph"
      table[1] = "org.tec.datos1.messenger.estructures.Graph"
      table[2] = "org.tec.datos1.messenger.estructures.Cola"
      table[3] = "org.tec.datos1.messenger.estructures.Cola"
      table[4] = "org.tec.datos1.messenger.webapi.resources.MultiFileHandler"
      table[5] = "org.tec.datos1.messenger.webapi.resources.MultiFileHandler"
      table[6] = null
      table[7] = null
      table[8] = "org.tec.datos1.messenger.estructures.Arco"
      table[9] = "org.tec.datos1.messenger.estructures.Arco"
      table[10] = "org.tec.datos1.messenger.estructures.Edge"
      table[11] = "org.tec.datos1.messenger.estructures.Edge"
      table[12] = "org.tec.datos1.messenger.estructures.Network"
      table[13] = "org.tec.datos1.messenger.estructures.Network"
      table[14] = null
      table[15] = null
      table[16] = null
      table[17] = null
      table[18] = null
      table[19] = null
      table[20] = null
      table[21] = null
      table[22] = "org.tec.datos1.messenger.webapi.dto.User"
      table[23] = "org.tec.datos1.messenger.webapi.dto.User"
      table[24] = "org.tec.datos1.messenger.webapi.resources.Auth"
      table[25] = "org.tec.datos1.messenger.webapi.resources.Auth"
      table[26] = "org.tec.datos1.messenger.webapi.resources.MessageHandler"
      table[27] = "org.tec.datos1.messenger.webapi.resources.MessageHandler"
      table[28] = null
      table[29] = null
      table[30] = null
      table[31] = null
      table[32] = "org.tec.datos1.messenger.estructures.NodoGrafo"
      table[33] = "org.tec.datos1.messenger.estructures.NodoGrafo"
      table[34] = null
      table[35] = null
      table[36] = null
      table[37] = null
      table[38] = null
      table[39] = null
      table[40] = null
      table[41] = null
      table[42] = null
      table[43] = null
      table[44] = null
      table[45] = null
      table[46] = "org.tec.datos1.messenger.webapi.resources.ImageHandler"
      table[47] = "org.tec.datos1.messenger.webapi.resources.ImageHandler"
      table[48] = null
      table[49] = null
      table[50] = null
      table[51] = null
      table[52] = "org.tec.datos1.messenger.webapi.dto.Message"
      table[53] = "org.tec.datos1.messenger.webapi.dto.Message"
      table[54] = null
      table[55] = null
      table[56] = null
      table[57] = null
      table[58] = null
      table[59] = null
      table[60] = null
      table[61] = null
      table[62] = "org.tec.datos1.messenger.estructures.Vertex"
      table[63] = "org.tec.datos1.messenger.estructures.Vertex"
    size = 13
    modCount = 13
    NULL_KEY = class java.lang.Object@2d1565b4
    entrySet = null
    serialVersionUID = 8188218128353913216
    keySet = null
    values = null
  i_referencedClassNames = class java.util.IdentityHashMap@8094c46
    DEFAULT_CAPACITY = 32
    MINIMUM_CAPACITY = 4
    MAXIMUM_CAPACITY = 536870912
    table = class java.lang.Object[64]
      table[0] = "javax.ws.rs.DELETE"
      table[1] = "javax.ws.rs.DELETE"
      table[2] = "java.lang.Object"
      table[3] = "java.lang.Object"
      table[4] = "javax.ws.rs.Path"
      table[5] = "javax.ws.rs.Path"
      table[6] = "javax.ws.rs.GET"
      table[7] = "javax.ws.rs.GET"
      table[8] = null
      table[9] = null
      table[10] = null
      table[11] = null
      table[12] = null
      table[13] = null
      table[14] = null
      table[15] = null
      table[16] = "javax.ws.rs.POST"
      table[17] = "javax.ws.rs.POST"
      table[18] = null
      table[19] = null
      table[20] = null
      table[21] = null
      table[22] = null
      table[23] = null
      table[24] = "javax.ws.rs.core.Context"
      table[25] = "javax.ws.rs.core.Context"
      table[26] = "java.lang.Comparable"
      table[27] = "java.lang.Comparable"
      table[28] = null
      table[29] = null
      table[30] = null
      table[31] = null
      table[32] = null
      table[33] = null
      table[34] = null
      table[35] = null
      table[36] = null
      table[37] = null
      table[38] = null
      table[39] = null
      table[40] = null
      table[41] = null
      table[42] = null
      table[43] = null
      table[44] = null
      table[45] = null
      table[46] = "javax.ws.rs.Produces"
      table[47] = "javax.ws.rs.Produces"
      table[48] = null
      table[49] = null
      table[50] = null
      table[51] = null
      table[52] = null
      table[53] = null
      table[54] = "javax.ws.rs.Consumes"
      table[55] = "javax.ws.rs.Consumes"
      table[56] = null
      table[57] = null
      table[58] = null
      table[59] = null
      table[60] = null
      table[61] = null
      table[62] = null
      table[63] = null
    size = 9
    modCount = 11
    NULL_KEY = class java.lang.Object@2d1565b4
    entrySet = null
    serialVersionUID = 8188218128353913216
    keySet = null
    values = null
  i_unresolvedClassNames = class java.util.IdentityHashMap@7c3f1e15
    DEFAULT_CAPACITY = 32
    MINIMUM_CAPACITY = 4
    MAXIMUM_CAPACITY = 536870912
    table = class java.lang.Object[64]
      table[0] = null
      table[1] = null
      table[2] = null
      table[3] = null
      table[4] = null
      table[5] = null
      table[6] = null
      table[7] = null
      table[8] = null
      table[9] = null
      table[10] = null
      table[11] = null
      table[12] = null
      table[13] = null
      table[14] = null
      table[15] = null
      table[16] = null
      table[17] = null
      table[18] = null
      table[19] = null
      table[20] = null
      table[21] = null
      table[22] = null
      table[23] = null
      table[24] = null
      table[25] = null
      table[26] = null
      table[27] = null
      table[28] = null
      table[29] = null
      table[30] = null
      table[31] = null
      table[32] = null
      table[33] = null
      table[34] = null
      table[35] = null
      table[36] = null
      table[37] = null
      table[38] = null
      table[39] = null
      table[40] = null
      table[41] = null
      table[42] = null
      table[43] = null
      table[44] = null
      table[45] = null
      table[46] = null
      table[47] = null
      table[48] = null
      table[49] = null
      table[50] = null
      table[51] = null
      table[52] = null
      table[53] = null
      table[54] = null
      table[55] = null
      table[56] = null
      table[57] = null
      table[58] = null
      table[59] = null
      table[60] = null
      table[61] = null
      table[62] = null
      table[63] = null
    size = 0
    modCount = 0
    NULL_KEY = class java.lang.Object@2d1565b4
    entrySet = null
    serialVersionUID = 8188218128353913216
    keySet = null
    values = null
  classSourceClassData = class com.ibm.ws.anno.util.internal.UtilImpl_BidirectionalMap@6999455
    tc = class com.ibm.websphere.ras.TraceComponent@485e5915
      strings[0] = "TraceComponent[com.ibm.ws.anno.util.internal.UtilImpl_BidirectionalMap,class com.ibm.ws.anno.util.internal.UtilImpl_BidirectionalMap,[com.ibm.ws.anno],com.ibm.ws.anno.resources.internal.AnnoMessages,null]"
    CLASS_NAME = "com.ibm.ws.anno.util.internal.UtilImpl_BidirectionalMap"
    hashText = "UtilImpl_BidirectionalMap@1473484912(class source : class, enabled='true')"
    factory = class com.ibm.ws.anno.util.internal.UtilImpl_Factory@152438fc
    holderTag = "class source"
    heldTag = "class"
    holderInternMap = class com.ibm.ws.anno.util.internal.UtilImpl_InternMap@427a06a2
    heldInternMap = class com.ibm.ws.anno.util.internal.UtilImpl_InternMap@22787bbc
    isEnabled = true
    i_holderToHeldMap = class java.util.IdentityHashMap@548c8506
      DEFAULT_CAPACITY = 32
      MINIMUM_CAPACITY = 4
      MAXIMUM_CAPACITY = 536870912
      table = class java.lang.Object[64]
      size = 1
      modCount = 1
      NULL_KEY = class java.lang.Object@2d1565b4
      entrySet = null
      serialVersionUID = 8188218128353913216
      keySet = null
      values = null
    i_heldToHoldersMap = class java.util.IdentityHashMap@68f3767f
      DEFAULT_CAPACITY = 32
      MINIMUM_CAPACITY = 4
      MAXIMUM_CAPACITY = 536870912
      table = class java.lang.Object[64]
      size = 13
      modCount = 13
      NULL_KEY = class java.lang.Object@2d1565b4
      entrySet = null
      serialVersionUID = 8188218128353913216
      keySet = null
      values = null
    serialVersionUID = -5120548021685902873
  i_superclassNameMap = class java.util.IdentityHashMap@4ac0c61
    DEFAULT_CAPACITY = 32
    MINIMUM_CAPACITY = 4
    MAXIMUM_CAPACITY = 536870912
    table = class java.lang.Object[64]
      table[0] = "org.tec.datos1.messenger.estructures.Graph"
      table[1] = "java.lang.Object"
      table[2] = "org.tec.datos1.messenger.estructures.Cola"
      table[3] = "java.lang.Object"
      table[4] = "org.tec.datos1.messenger.webapi.resources.MultiFileHandler"
      table[5] = "java.lang.Object"
      table[6] = null
      table[7] = null
      table[8] = "org.tec.datos1.messenger.estructures.Arco"
      table[9] = "java.lang.Object"
      table[10] = "org.tec.datos1.messenger.estructures.Edge"
      table[11] = "java.lang.Object"
      table[12] = "org.tec.datos1.messenger.estructures.Network"
      table[13] = "org.tec.datos1.messenger.estructures.Graph"
      table[14] = null
      table[15] = null
      table[16] = null
      table[17] = null
      table[18] = null
      table[19] = null
      table[20] = null
      table[21] = null
      table[22] = "org.tec.datos1.messenger.webapi.dto.User"
      table[23] = "java.lang.Object"
      table[24] = "org.tec.datos1.messenger.webapi.resources.Auth"
      table[25] = "java.lang.Object"
      table[26] = "org.tec.datos1.messenger.webapi.resources.MessageHandler"
      table[27] = "java.lang.Object"
      table[28] = null
      table[29] = null
      table[30] = null
      table[31] = null
      table[32] = "org.tec.datos1.messenger.estructures.NodoGrafo"
      table[33] = "java.lang.Object"
      table[34] = null
      table[35] = null
      table[36] = null
      table[37] = null
      table[38] = null
      table[39] = null
      table[40] = null
      table[41] = null
      table[42] = null
      table[43] = null
      table[44] = null
      table[45] = null
      table[46] = "org.tec.datos1.messenger.webapi.resources.ImageHandler"
      table[47] = "java.lang.Object"
      table[48] = null
      table[49] = null
      table[50] = null
      table[51] = null
      table[52] = "org.tec.datos1.messenger.webapi.dto.Message"
      table[53] = "java.lang.Object"
      table[54] = null
      table[55] = null
      table[56] = null
      table[57] = null
      table[58] = null
      table[59] = null
      table[60] = null
      table[61] = null
      table[62] = "org.tec.datos1.messenger.estructures.Vertex"
      table[63] = "java.lang.Object"
    size = 13
    modCount = 13
    NULL_KEY = class java.lang.Object@2d1565b4
    entrySet = null
    serialVersionUID = 8188218128353913216
    keySet = null
    values = null
  i_interfaceNameMap = class java.util.IdentityHashMap@46850bce
    DEFAULT_CAPACITY = 32
    MINIMUM_CAPACITY = 4
    MAXIMUM_CAPACITY = 536870912
    table = class java.lang.Object[64]
      table[0] = null
      table[1] = null
      table[2] = null
      table[3] = null
      table[4] = null
      table[5] = null
      table[6] = null
      table[7] = null
      table[8] = null
      table[9] = null
      table[10] = null
      table[11] = null
      table[12] = null
      table[13] = null
      table[14] = null
      table[15] = null
      table[16] = null
      table[17] = null
      table[18] = null
      table[19] = null
      table[20] = null
      table[21] = null
      table[22] = "org.tec.datos1.messenger.webapi.dto.User"
      table[23] = class java.lang.String[1]
      table[24] = null
      table[25] = null
      table[26] = null
      table[27] = null
      table[28] = null
      table[29] = null
      table[30] = null
      table[31] = null
      table[32] = null
      table[33] = null
      table[34] = null
      table[35] = null
      table[36] = null
      table[37] = null
      table[38] = null
      table[39] = null
      table[40] = null
      table[41] = null
      table[42] = null
      table[43] = null
      table[44] = null
      table[45] = null
      table[46] = null
      table[47] = null
      table[48] = null
      table[49] = null
      table[50] = null
      table[51] = null
      table[52] = null
      table[53] = null
      table[54] = null
      table[55] = null
      table[56] = null
      table[57] = null
      table[58] = null
      table[59] = null
      table[60] = null
      table[61] = null
      table[62] = null
      table[63] = null
    size = 1
    modCount = 1
    NULL_KEY = class java.lang.Object@2d1565b4
    entrySet = null
    serialVersionUID = 8188218128353913216
    keySet = null
    values = null
  i_allImplementersMap = null
  i_descendantsMap = null
  isDetailEnabled = true
  seedData = class com.ibm.ws.anno.targets.internal.AnnotationTargetsImpl_PolicyData@424e6abd
    targets = class com.ibm.ws.anno.targets.internal.AnnotationTargetsImpl_Targets@1a6c0b94
    scanPolicy = class com.ibm.wsspi.anno.classsource.ClassSource_Aggregate$ScanPolicy@9a40801
    i_classNames = class java.util.IdentityHashMap@6e0416f3
      DEFAULT_CAPACITY = 32
      MINIMUM_CAPACITY = 4
      MAXIMUM_CAPACITY = 536870912
      table = class java.lang.Object[64]
      size = 13
      modCount = 13
      NULL_KEY = class java.lang.Object@2d1565b4
      entrySet = null
      serialVersionUID = 8188218128353913216
      keySet = null
      values = null
    packageAnnotationData = class com.ibm.ws.anno.util.internal.UtilImpl_BidirectionalMap@37594585
      tc = class com.ibm.websphere.ras.TraceComponent@485e5915
      CLASS_NAME = "com.ibm.ws.anno.util.internal.UtilImpl_BidirectionalMap"
      hashText = "UtilImpl_BidirectionalMap@1494823673(SEED packages with annotations : annotations, enabled='true')"
      factory = class com.ibm.ws.anno.util.internal.UtilImpl_Factory@152438fc
      holderTag = "SEED packages with annotations"
      heldTag = "annotations"
      holderInternMap = class com.ibm.ws.anno.util.internal.UtilImpl_InternMap@22787bbc
      heldInternMap = class com.ibm.ws.anno.util.internal.UtilImpl_InternMap@22787bbc
      isEnabled = true
      i_holderToHeldMap = class java.util.IdentityHashMap@75765288
      i_heldToHoldersMap = class java.util.IdentityHashMap@767eb83b
      serialVersionUID = -5120548021685902873
    classAnnotationData = class com.ibm.ws.anno.util.internal.UtilImpl_BidirectionalMap@76c51ad1
      tc = class com.ibm.websphere.ras.TraceComponent@485e5915
      CLASS_NAME = "com.ibm.ws.anno.util.internal.UtilImpl_BidirectionalMap"
      hashText = "UtilImpl_BidirectionalMap@1559721845(SEED class with annotations : annotations, enabled='true')"
      factory = class com.ibm.ws.anno.util.internal.UtilImpl_Factory@152438fc
      holderTag = "SEED class with annotations"
      heldTag = "annotations"
      holderInternMap = class com.ibm.ws.anno.util.internal.UtilImpl_InternMap@22787bbc
      heldInternMap = class com.ibm.ws.anno.util.internal.UtilImpl_InternMap@22787bbc
      isEnabled = true
      i_holderToHeldMap = class java.util.IdentityHashMap@16bd5d2e
      i_heldToHoldersMap = class java.util.IdentityHashMap@6f3bd7d
      serialVersionUID = -5120548021685902873
    fieldAnnotationData = class com.ibm.ws.anno.util.internal.UtilImpl_BidirectionalMap@2dd21a8
      tc = class com.ibm.websphere.ras.TraceComponent@485e5915
      CLASS_NAME = "com.ibm.ws.anno.util.internal.UtilImpl_BidirectionalMap"
      hashText = "UtilImpl_BidirectionalMap@101845265(SEED class with field annotations : annotations, enabled='true')"
      factory = class com.ibm.ws.anno.util.internal.UtilImpl_Factory@152438fc
      holderTag = "SEED class with field annotations"
      heldTag = "annotations"
      holderInternMap = class com.ibm.ws.anno.util.internal.UtilImpl_InternMap@22787bbc
      heldInternMap = class com.ibm.ws.anno.util.internal.UtilImpl_InternMap@22787bbc
      isEnabled = true
      i_holderToHeldMap = class java.util.IdentityHashMap@46452cc
      i_heldToHoldersMap = class java.util.IdentityHashMap@53a4c8ad
      serialVersionUID = -5120548021685902873
    methodAnnotationData = class com.ibm.ws.anno.util.internal.UtilImpl_BidirectionalMap@4c200c8e
      tc = class com.ibm.websphere.ras.TraceComponent@485e5915
      CLASS_NAME = "com.ibm.ws.anno.util.internal.UtilImpl_BidirectionalMap"
      hashText = "UtilImpl_BidirectionalMap@85323130(SEED class with method annotations : annotations, enabled='true')"
      factory = class com.ibm.ws.anno.util.internal.UtilImpl_Factory@152438fc
      holderTag = "SEED class with method annotations"
      heldTag = "annotations"
      holderInternMap = class com.ibm.ws.anno.util.internal.UtilImpl_InternMap@22787bbc
      heldInternMap = class com.ibm.ws.anno.util.internal.UtilImpl_InternMap@22787bbc
      isEnabled = true
      i_holderToHeldMap = class java.util.IdentityHashMap@2e8d5216
      i_heldToHoldersMap = class java.util.IdentityHashMap@424cab17
      serialVersionUID = -5120548021685902873
    serialVersionUID = -5030791898751345539
    $$$tc$$$ = class com.ibm.websphere.ras.TraceComponent@12c228c9
  partialData = class com.ibm.ws.anno.targets.internal.AnnotationTargetsImpl_PolicyData@83f759d
    targets = class com.ibm.ws.anno.targets.internal.AnnotationTargetsImpl_Targets@1a6c0b94
    scanPolicy = class com.ibm.wsspi.anno.classsource.ClassSource_Aggregate$ScanPolicy@406b83c2
      SEED = class com.ibm.wsspi.anno.classsource.ClassSource_Aggregate$ScanPolicy@9a40801
      PARTIAL = class com.ibm.wsspi.anno.classsource.ClassSource_Aggregate$ScanPolicy@406b83c2
      EXCLUDED = class com.ibm.wsspi.anno.classsource.ClassSource_Aggregate$ScanPolicy@574d7aed
      EXTERNAL = class com.ibm.wsspi.anno.classsource.ClassSource_Aggregate$ScanPolicy@1bd688ed
      value = 2
      ALL_EXCEPT_EXTERNAL = 7
      $VALUES = class com.ibm.wsspi.anno.classsource.ClassSource_Aggregate$ScanPolicy[4]
      $$$tc$$$ = class com.ibm.websphere.ras.TraceComponent@31b3dfae
      name = "PARTIAL"
      ordinal = 1
    i_classNames = class java.util.IdentityHashMap@9c9b767
      DEFAULT_CAPACITY = 32
      MINIMUM_CAPACITY = 4
      MAXIMUM_CAPACITY = 536870912
      table = class java.lang.Object[64]
      size = 0
      modCount = 0
      NULL_KEY = class java.lang.Object@2d1565b4
      entrySet = null
      serialVersionUID = 8188218128353913216
      keySet = null
      values = null
    packageAnnotationData = class com.ibm.ws.anno.util.internal.UtilImpl_BidirectionalMap@374d3d4
      tc = class com.ibm.websphere.ras.TraceComponent@485e5915
      CLASS_NAME = "com.ibm.ws.anno.util.internal.UtilImpl_BidirectionalMap"
      hashText = "UtilImpl_BidirectionalMap@353077723(PARTIAL packages with annotations : annotations, enabled='true')"
      factory = class com.ibm.ws.anno.util.internal.UtilImpl_Factory@152438fc
      holderTag = "PARTIAL packages with annotations"
      heldTag = "annotations"
      holderInternMap = class com.ibm.ws.anno.util.internal.UtilImpl_InternMap@22787bbc
      heldInternMap = class com.ibm.ws.anno.util.internal.UtilImpl_InternMap@22787bbc
      isEnabled = true
      i_holderToHeldMap = class java.util.IdentityHashMap@212e7237
      i_heldToHoldersMap = class java.util.IdentityHashMap@2d10cf1e
      serialVersionUID = -5120548021685902873
    classAnnotationData = class com.ibm.ws.anno.util.internal.UtilImpl_BidirectionalMap@6ccd161a
      tc = class com.ibm.websphere.ras.TraceComponent@485e5915
      CLASS_NAME = "com.ibm.ws.anno.util.internal.UtilImpl_BidirectionalMap"
      hashText = "UtilImpl_BidirectionalMap@1923094736(PARTIAL class with annotations : annotations, enabled='true')"
      factory = class com.ibm.ws.anno.util.internal.UtilImpl_Factory@152438fc
      holderTag = "PARTIAL class with annotations"
      heldTag = "annotations"
      holderInternMap = class com.ibm.ws.anno.util.internal.UtilImpl_InternMap@22787bbc
      heldInternMap = class com.ibm.ws.anno.util.internal.UtilImpl_InternMap@22787bbc
      isEnabled = true
      i_holderToHeldMap = class java.util.IdentityHashMap@3561fcee
      i_heldToHoldersMap = class java.util.IdentityHashMap@4b24f459
      serialVersionUID = -5120548021685902873
    fieldAnnotationData = class com.ibm.ws.anno.util.internal.UtilImpl_BidirectionalMap@70a4fdd2
      tc = class com.ibm.websphere.ras.TraceComponent@485e5915
      CLASS_NAME = "com.ibm.ws.anno.util.internal.UtilImpl_BidirectionalMap"
      hashText = "UtilImpl_BidirectionalMap@1684856084(PARTIAL class with field annotations : annotations, enabled='true')"
      factory = class com.ibm.ws.anno.util.internal.UtilImpl_Factory@152438fc
      holderTag = "PARTIAL class with field annotations"
      heldTag = "annotations"
      holderInternMap = class com.ibm.ws.anno.util.internal.UtilImpl_InternMap@22787bbc
      heldInternMap = class com.ibm.ws.anno.util.internal.UtilImpl_InternMap@22787bbc
      isEnabled = true
      i_holderToHeldMap = class java.util.IdentityHashMap@79792db9
      i_heldToHoldersMap = class java.util.IdentityHashMap@d41f751
      serialVersionUID = -5120548021685902873
    methodAnnotationData = class com.ibm.ws.anno.util.internal.UtilImpl_BidirectionalMap@34120e2e
      tc = class com.ibm.websphere.ras.TraceComponent@485e5915
      CLASS_NAME = "com.ibm.ws.anno.util.internal.UtilImpl_BidirectionalMap"
      hashText = "UtilImpl_BidirectionalMap@1312330462(PARTIAL class with method annotations : annotations, enabled='true')"
      factory = class com.ibm.ws.anno.util.internal.UtilImpl_Factory@152438fc
      holderTag = "PARTIAL class with method annotations"
      heldTag = "annotations"
      holderInternMap = class com.ibm.ws.anno.util.internal.UtilImpl_InternMap@22787bbc
      heldInternMap = class com.ibm.ws.anno.util.internal.UtilImpl_InternMap@22787bbc
      isEnabled = true
      i_holderToHeldMap = class java.util.IdentityHashMap@5747c655
      i_heldToHoldersMap = class java.util.IdentityHashMap@52d577ba
      serialVersionUID = -5120548021685902873
    serialVersionUID = -5030791898751345539
    $$$tc$$$ = class com.ibm.websphere.ras.TraceComponent@12c228c9
      strings[0] = "TraceComponent[com.ibm.ws.anno.targets.internal.AnnotationTargetsImpl_PolicyData,class com.ibm.ws.anno.targets.internal.AnnotationTargetsImpl_PolicyData,[com.ibm.ws.anno],com.ibm.ws.anno.resources.internal.AnnoMessages,null]"
  excludedData = class com.ibm.ws.anno.targets.internal.AnnotationTargetsImpl_PolicyData@6c14afff
    targets = class com.ibm.ws.anno.targets.internal.AnnotationTargetsImpl_Targets@1a6c0b94
    scanPolicy = class com.ibm.wsspi.anno.classsource.ClassSource_Aggregate$ScanPolicy@574d7aed
      SEED = class com.ibm.wsspi.anno.classsource.ClassSource_Aggregate$ScanPolicy@9a40801
      PARTIAL = class com.ibm.wsspi.anno.classsource.ClassSource_Aggregate$ScanPolicy@406b83c2
      EXCLUDED = class com.ibm.wsspi.anno.classsource.ClassSource_Aggregate$ScanPolicy@574d7aed
      EXTERNAL = class com.ibm.wsspi.anno.classsource.ClassSource_Aggregate$ScanPolicy@1bd688ed
      value = 4
      ALL_EXCEPT_EXTERNAL = 7
      $VALUES = class com.ibm.wsspi.anno.classsource.ClassSource_Aggregate$ScanPolicy[4]
      $$$tc$$$ = class com.ibm.websphere.ras.TraceComponent@31b3dfae
      name = "EXCLUDED"
      ordinal = 2
    i_classNames = class java.util.IdentityHashMap@6ed577b
      DEFAULT_CAPACITY = 32
      MINIMUM_CAPACITY = 4
      MAXIMUM_CAPACITY = 536870912
      table = class java.lang.Object[64]
      size = 0
      modCount = 0
      NULL_KEY = class java.lang.Object@2d1565b4
      entrySet = null
      serialVersionUID = 8188218128353913216
      keySet = null
      values = null
    packageAnnotationData = class com.ibm.ws.anno.util.internal.UtilImpl_BidirectionalMap@53aad7
      tc = class com.ibm.websphere.ras.TraceComponent@485e5915
      CLASS_NAME = "com.ibm.ws.anno.util.internal.UtilImpl_BidirectionalMap"
      hashText = "UtilImpl_BidirectionalMap@120885139(EXCLUDED packages with annotations : annotations, enabled='true')"
      factory = class com.ibm.ws.anno.util.internal.UtilImpl_Factory@152438fc
      holderTag = "EXCLUDED packages with annotations"
      heldTag = "annotations"
      holderInternMap = class com.ibm.ws.anno.util.internal.UtilImpl_InternMap@22787bbc
      heldInternMap = class com.ibm.ws.anno.util.internal.UtilImpl_InternMap@22787bbc
      isEnabled = true
      i_holderToHeldMap = class java.util.IdentityHashMap@7a12c1af
      i_heldToHoldersMap = class java.util.IdentityHashMap@f8c9bf2
      serialVersionUID = -5120548021685902873
    classAnnotationData = class com.ibm.ws.anno.util.internal.UtilImpl_BidirectionalMap@2db3379b
      tc = class com.ibm.websphere.ras.TraceComponent@485e5915
      CLASS_NAME = "com.ibm.ws.anno.util.internal.UtilImpl_BidirectionalMap"
      hashText = "UtilImpl_BidirectionalMap@1973449021(EXCLUDED class with annotations : annotations, enabled='true')"
      factory = class com.ibm.ws.anno.util.internal.UtilImpl_Factory@152438fc
      holderTag = "EXCLUDED class with annotations"
      heldTag = "annotations"
      holderInternMap = class com.ibm.ws.anno.util.internal.UtilImpl_InternMap@22787bbc
      heldInternMap = class com.ibm.ws.anno.util.internal.UtilImpl_InternMap@22787bbc
      isEnabled = true
      i_holderToHeldMap = class java.util.IdentityHashMap@66615981
      i_heldToHoldersMap = class java.util.IdentityHashMap@7e6b9f5d
      serialVersionUID = -5120548021685902873
    fieldAnnotationData = class com.ibm.ws.anno.util.internal.UtilImpl_BidirectionalMap@1195aad2
      tc = class com.ibm.websphere.ras.TraceComponent@485e5915
      CLASS_NAME = "com.ibm.ws.anno.util.internal.UtilImpl_BidirectionalMap"
      hashText = "UtilImpl_BidirectionalMap@1999017696(EXCLUDED class with field annotations : annotations, enabled='true')"
      factory = class com.ibm.ws.anno.util.internal.UtilImpl_Factory@152438fc
      holderTag = "EXCLUDED class with field annotations"
      heldTag = "annotations"
      holderInternMap = class com.ibm.ws.anno.util.internal.UtilImpl_InternMap@22787bbc
      heldInternMap = class com.ibm.ws.anno.util.internal.UtilImpl_InternMap@22787bbc
      isEnabled = true
      i_holderToHeldMap = class java.util.IdentityHashMap@7450ff2c
      i_heldToHoldersMap = class java.util.IdentityHashMap@1260c7ef
      serialVersionUID = -5120548021685902873
    methodAnnotationData = class com.ibm.ws.anno.util.internal.UtilImpl_BidirectionalMap@7daf7114
      tc = class com.ibm.websphere.ras.TraceComponent@485e5915
      CLASS_NAME = "com.ibm.ws.anno.util.internal.UtilImpl_BidirectionalMap"
      hashText = "UtilImpl_BidirectionalMap@2097300664(EXCLUDED class with method annotations : annotations, enabled='true')"
      factory = class com.ibm.ws.anno.util.internal.UtilImpl_Factory@152438fc
      holderTag = "EXCLUDED class with method annotations"
      heldTag = "annotations"
      holderInternMap = class com.ibm.ws.anno.util.internal.UtilImpl_InternMap@22787bbc
      heldInternMap = class com.ibm.ws.anno.util.internal.UtilImpl_InternMap@22787bbc
      isEnabled = true
      i_holderToHeldMap = class java.util.IdentityHashMap@687822f3
      i_heldToHoldersMap = class java.util.IdentityHashMap@3dd440a2
      serialVersionUID = -5120548021685902873
    serialVersionUID = -5030791898751345539
    $$$tc$$$ = class com.ibm.websphere.ras.TraceComponent@12c228c9
  externalData = class com.ibm.ws.anno.targets.internal.AnnotationTargetsImpl_PolicyData@22102c8
    targets = class com.ibm.ws.anno.targets.internal.AnnotationTargetsImpl_Targets@1a6c0b94
    scanPolicy = class com.ibm.wsspi.anno.classsource.ClassSource_Aggregate$ScanPolicy@1bd688ed
      SEED = class com.ibm.wsspi.anno.classsource.ClassSource_Aggregate$ScanPolicy@9a40801
      PARTIAL = class com.ibm.wsspi.anno.classsource.ClassSource_Aggregate$ScanPolicy@406b83c2
      EXCLUDED = class com.ibm.wsspi.anno.classsource.ClassSource_Aggregate$ScanPolicy@574d7aed
      EXTERNAL = class com.ibm.wsspi.anno.classsource.ClassSource_Aggregate$ScanPolicy@1bd688ed
      value = 8
      ALL_EXCEPT_EXTERNAL = 7
      $VALUES = class com.ibm.wsspi.anno.classsource.ClassSource_Aggregate$ScanPolicy[4]
      $$$tc$$$ = class com.ibm.websphere.ras.TraceComponent@31b3dfae
      name = "EXTERNAL"
      ordinal = 3
    i_classNames = class java.util.IdentityHashMap@2f01a0b3
      DEFAULT_CAPACITY = 32
      MINIMUM_CAPACITY = 4
      MAXIMUM_CAPACITY = 536870912
      table = class java.lang.Object[64]
      size = 0
      modCount = 0
      NULL_KEY = class java.lang.Object@2d1565b4
      entrySet = null
      serialVersionUID = 8188218128353913216
      keySet = null
      values = null
    packageAnnotationData = class com.ibm.ws.anno.util.internal.UtilImpl_BidirectionalMap@255d4691
      tc = class com.ibm.websphere.ras.TraceComponent@485e5915
      CLASS_NAME = "com.ibm.ws.anno.util.internal.UtilImpl_BidirectionalMap"
      hashText = "UtilImpl_BidirectionalMap@1592333468(EXTERNAL packages with annotations : annotations, enabled='true')"
      factory = class com.ibm.ws.anno.util.internal.UtilImpl_Factory@152438fc
      holderTag = "EXTERNAL packages with annotations"
      heldTag = "annotations"
      holderInternMap = class com.ibm.ws.anno.util.internal.UtilImpl_InternMap@22787bbc
      heldInternMap = class com.ibm.ws.anno.util.internal.UtilImpl_InternMap@22787bbc
      isEnabled = true
      i_holderToHeldMap = class java.util.IdentityHashMap@6892d53e
      i_heldToHoldersMap = class java.util.IdentityHashMap@7c59287c
      serialVersionUID = -5120548021685902873
    classAnnotationData = class com.ibm.ws.anno.util.internal.UtilImpl_BidirectionalMap@33f2f342
      tc = class com.ibm.websphere.ras.TraceComponent@485e5915
      CLASS_NAME = "com.ibm.ws.anno.util.internal.UtilImpl_BidirectionalMap"
      hashText = "UtilImpl_BidirectionalMap@674676709(EXTERNAL class with annotations : annotations, enabled='true')"
      factory = class com.ibm.ws.anno.util.internal.UtilImpl_Factory@152438fc
      holderTag = "EXTERNAL class with annotations"
      heldTag = "annotations"
      holderInternMap = class com.ibm.ws.anno.util.internal.UtilImpl_InternMap@22787bbc
      heldInternMap = class com.ibm.ws.anno.util.internal.UtilImpl_InternMap@22787bbc
      isEnabled = true
      i_holderToHeldMap = class java.util.IdentityHashMap@607f4574
      i_heldToHoldersMap = class java.util.IdentityHashMap@4f12204e
      serialVersionUID = -5120548021685902873
    fieldAnnotationData = class com.ibm.ws.anno.util.internal.UtilImpl_BidirectionalMap@1c4c9431
      tc = class com.ibm.websphere.ras.TraceComponent@485e5915
      CLASS_NAME = "com.ibm.ws.anno.util.internal.UtilImpl_BidirectionalMap"
      hashText = "UtilImpl_BidirectionalMap@1801764245(EXTERNAL class with field annotations : annotations, enabled='true')"
      factory = class com.ibm.ws.anno.util.internal.UtilImpl_Factory@152438fc
      holderTag = "EXTERNAL class with field annotations"
      heldTag = "annotations"
      holderInternMap = class com.ibm.ws.anno.util.internal.UtilImpl_InternMap@22787bbc
      heldInternMap = class com.ibm.ws.anno.util.internal.UtilImpl_InternMap@22787bbc
      isEnabled = true
      i_holderToHeldMap = class java.util.IdentityHashMap@6ea598e4
      i_heldToHoldersMap = class java.util.IdentityHashMap@6cdc111e
      serialVersionUID = -5120548021685902873
    methodAnnotationData = class com.ibm.ws.anno.util.internal.UtilImpl_BidirectionalMap@3eeabb33
      tc = class com.ibm.websphere.ras.TraceComponent@485e5915
      CLASS_NAME = "com.ibm.ws.anno.util.internal.UtilImpl_BidirectionalMap"
      hashText = "UtilImpl_BidirectionalMap@69993413(EXTERNAL class with method annotations : annotations, enabled='true')"
      factory = class com.ibm.ws.anno.util.internal.UtilImpl_Factory@152438fc
      holderTag = "EXTERNAL class with method annotations"
      heldTag = "annotations"
      holderInternMap = class com.ibm.ws.anno.util.internal.UtilImpl_InternMap@22787bbc
      heldInternMap = class com.ibm.ws.anno.util.internal.UtilImpl_InternMap@22787bbc
      isEnabled = true
      i_holderToHeldMap = class java.util.IdentityHashMap@470ff72
      i_heldToHoldersMap = class java.util.IdentityHashMap@3e4cf59e
      serialVersionUID = -5120548021685902873
    serialVersionUID = -5030791898751345539
    $$$tc$$$ = class com.ibm.websphere.ras.TraceComponent@12c228c9
  serialVersionUID = -3049218285772143434

Dump of objectArray[0]
Object type = java.lang.String
  String value = "WEB-INF/lib/javax.json-api-1.1.jar"

Dump of objectArray[1]
Object type = java.lang.String
  String value = "module-info"

Dump of objectArray[2]
Object type = com.ibm.ws.artifact.zip.internal.ZipFileEntry$1
  isClosed = false
  val$zfh = class com.ibm.ws.artifact.zip.cache.internal.ZipFileHandleImpl@56045bc7
    tc = class com.ibm.websphere.ras.TraceComponent@2a8664dd
      strings[0] = "TraceComponent[com.ibm.ws.artifact.zip.cache.internal.ZipFileHandleImpl,class com.ibm.ws.artifact.zip.cache.internal.ZipFileHandleImpl,[archive.artifact],,null]"
    path = "/Users/Jai/Library/Mobile Documents/com~apple~CloudDocs/Datos I/TEC Messenger/org.tec.datos1.messenger.webapi/WebContent/WEB-INF/lib/javax.json-api-1.1.jar"
    file = class java.io.File@530c8d8b
      fs = class java.io.UnixFileSystem@4ef6c019
      path = "/Users/Jai/Library/Mobile Documents/com~apple~CloudDocs/Datos I/TEC Messenger/org.tec.datos1.messenger.webapi/WebContent/WEB-INF/lib/javax.json-api-1.1.jar"
      status = class java.io.File$PathStatus@270a4e8a
      prefixLength = 1
      separatorChar = /
      separator = "/"
      pathSeparatorChar = :
      pathSeparator = ":"
      PATH_OFFSET = 16
      PREFIX_LENGTH_OFFSET = 12
      UNSAFE = class sun.misc.Unsafe@1e018db6
      serialVersionUID = 301077366599181567
      filePath = null
      $assertionsDisabled = true
    zipFile = class java.util.zip.ZipFile@11e5e808
      jzfile = 140703970977424
      name = "/Users/Jai/Library/Mobile Documents/com~apple~CloudDocs/Datos I/TEC Messenger/org.tec.datos1.messenger.webapi/WebContent/WEB-INF/lib/javax.json-api-1.1.jar"
      total = 44
      locsig = true
      closeRequested = false
      STORED = 0
      DEFLATED = 8
      OPEN_READ = 1
      OPEN_DELETE = 4
      usemmap = true
      ensuretrailingslash = true
      zc = class java.util.zip.ZipCoder@62184121
      streams = class java.util.WeakHashMap@6159a2f7
      inflaterCache = class java.util.ArrayDeque@15e47fe4
      JZENTRY_NAME = 0
      JZENTRY_EXTRA = 1
      JZENTRY_COMMENT = 2
    refs = 2
    MAX_CACHE_ENTRY_SIZE = 8192
    MAX_CACHE_ENTRIES = 16
    dataCache = class java.util.Collections$SynchronizedMap@7a6cd66d
      serialVersionUID = 1978198479659022715
      m = class com.ibm.ws.artifact.zip.cache.internal.CacheHashMap@449fa5b8
      mutex = class java.util.Collections$SynchronizedMap@7a6cd66d
      keySet = null
      entrySet = null
      values = null
    serialVersionUID = 4311869427952196216
  this$0 = class com.ibm.ws.artifact.zip.internal.ZipFileEntry@721537ca
    tc = class com.ibm.websphere.ras.TraceComponent@1e5d6e5e
      strings[0] = "TraceComponent[com.ibm.ws.artifact.zip.internal.ZipFileEntry,class com.ibm.ws.artifact.zip.internal.ZipFileEntry,[archive.artifact.zip],com.ibm.ws.artifact.zip.internal.resources.ZipArtifactMessages,null]"
    enclosingContainer = class com.ibm.ws.artifact.zip.internal.ZipFileContainer@48225feb
      tc = class com.ibm.websphere.ras.TraceComponent@192ccd7a
      containerFactoryHolder = class com.ibm.ws.artifact.zip.internal.ZipFileContainerFactory@52477a4f
      parent = class com.ibm.ws.artifact.loose.internal.LooseContainer@969f675
      thisInParent = class com.ibm.ws.artifact.loose.internal.LooseEntry@7ac2d1bc
      cacheLocks = class java.util.concurrent.ConcurrentHashMap@27da8fbb
      archiveFile = class java.io.File@840b1ab
      cacheDir = class java.io.File@1ab76a55
      zipFileHandle = class com.ibm.ws.artifact.zip.cache.internal.ZipFileHandleImpl@56045bc7
      isRoot = true
      allEntries = class java.util.TreeMap@2e152769
      fastModeLock = class com.ibm.ws.artifact.zip.internal.ZipFileContainer$FastModeLock@5cabfd28
      fastModeCount = 1
      artifactNotifier = class com.ibm.ws.artifact.zip.internal.ZipFileArtifactNotifier@30888830
      serialVersionUID = -6615880763070944999
    zipEntry = class java.util.zip.ZipEntry@f133ba4
      name = "module-info.class"
      xdostime = 1253225806
      mtime = null
      atime = null
      ctime = null
      crc = 249453486
      size = 267
      csize = 179
      method = 8
      flag = 2056
      extra = null
      comment = null
      STORED = 0
      DEFLATED = 8
      DOSTIME_BEFORE_1980 = 2162688
      UPPER_DOSTIME_BOUND = 4036608000000
    rootContainer = class com.ibm.ws.artifact.zip.internal.ZipFileContainer@48225feb
    allEntries = class java.util.TreeMap@2e152769
      comparator = class com.ibm.wsspi.kernel.service.utils.PathUtils$PathComparator@f100a8c
      root = class java.util.TreeMap$Entry@48b520a4
      size = 44
      modCount = 44
      entrySet = null
      navigableKeySet = null
      descendingMap = null
      UNBOUNDED = class java.lang.Object@25fdb34b
      RED = false
      BLACK = true
      serialVersionUID = 919286545866124006
      keySet = null
      values = null
    name = "module-info.class"
    path = "/module-info.class"
    archiveFile = class java.io.File@840b1ab
      fs = class java.io.UnixFileSystem@4ef6c019
      path = "/Users/Jai/Library/Mobile Documents/com~apple~CloudDocs/Datos I/TEC Messenger/org.tec.datos1.messenger.webapi/WebContent/WEB-INF/lib/javax.json-api-1.1.jar"
      status = class java.io.File$PathStatus@270a4e8a
      prefixLength = 1
      separatorChar = /
      separator = "/"
      pathSeparatorChar = :
      pathSeparator = ":"
      PATH_OFFSET = 16
      PREFIX_LENGTH_OFFSET = 12
      UNSAFE = class sun.misc.Unsafe@1e018db6
      serialVersionUID = 301077366599181567
      filePath = null
      $assertionsDisabled = true
    containerFactoryHolder = class com.ibm.ws.artifact.zip.internal.ZipFileContainerFactory@52477a4f
      tc = class com.ibm.websphere.ras.TraceComponent@5fb2af20
      containerFactory = class com.ibm.ws.artifact.internal.ArtifactContainerFactoryService@6a22dddf
      zipCachingService = class com.ibm.ws.artifact.zip.cache.internal.ZipCachingServiceImpl@12ac3e8a
      ctx = class org.eclipse.osgi.internal.framework.BundleContextImpl@32083bc2
      classLoadingConfiguration = class com.ibm.ws.classloading.configuration.GlobalClassloadingConfiguration@67274c4b
      serialVersionUID = -1724155493620242578
    serialVersionUID = 3109383957899493457
  serialVersionUID = 1660468942746005464
  $$$tc$$$ = class com.ibm.websphere.ras.TraceComponent@270245c0
    strings[0] = "TraceComponent[com.ibm.ws.artifact.zip.internal.ZipFileEntry$1,class com.ibm.ws.artifact.zip.internal.ZipFileEntry$1,[archive.artifact.zip],com.ibm.ws.artifact.zip.internal.resources.ZipArtifactMessages,null]"
  in = class java.util.zip.ZipFile$ZipFileInflaterInputStream@3fd4632f
    closeRequested = false
    eof = false
    zfin = class java.util.zip.ZipFile$ZipFileInputStream@422b314d
      zfisCloseRequested = true
      jzentry = 0
      pos = 179
      rem = 0
      size = 267
      this$0 = class java.util.zip.ZipFile@11e5e808
      MAX_SKIP_BUFFER_SIZE = 2048
    this$0 = class java.util.zip.ZipFile@11e5e808
    inf = class java.util.zip.Inflater@19370205
      zsRef = class java.util.zip.ZStreamRef@15df1f56
      buf = {85,78,75,14,-126,64,12,125,85,20,-63,31,8,59,111,96,2,-84,92,120,1,23,38,38,38,-98,96,-108,49,-127,0,99,64,-120,75,-49,-27,-62,3,120,40,-29,48,74,-60,54,105,95,95,-33,107,-6,124,-35,31,0,-106,112,116,-116,8,-26,94,-108,-7,-111,-81,-93,-124,19,-84,84,-124,101,-62,-67,40,59,9,63,102,21,35,-12,-73,-118,114,48,118,48,33,104,43,-113,51,23,83,23,-106,11,91,-57,-116,48,108,-103,8,70,109,-13,-29,66,100,13,62,-80,66,-98,54,107,124,13,62,-117,-55,111,8,-118,115,68,-80,-37,-60,37,-25,44,37,-52,-1,69,-63,70,-126,93,46,-86,40,-28,-7,13,32,52,-47,-111,89,-41,46,52,-39,23,-24,41,86,-66,46,85,-70,100,7,106,54,84,53,-65,30,-7,54,-16,6,0,0,0,0,0,0,0,0,0,0,0,0,0,0,0,0,0,0,0,0,0,0,0,0,0,0,0,0,0,0,0,0,0,0,0,0,0,0,0,0,0,0,0,0,0,0,0,0,0,0,0,0,0,0,0,0,0,0,0,0,0,0,0,0,0,0,0,0,0,0,0,0,0,0,0,0,0,0,0,0,0,0,0,0,0,0,0,0,0,0} /* array length = 269*/
      off = 179
      len = 0
      finished = true
      needDict = false
      bytesRead = 179
      bytesWritten = 267
      defaultBuf = {} /* array length = 0*/
      $assertionsDisabled = true
    buf = {85,78,75,14,-126,64,12,125,85,20,-63,31,8,59,111,96,2,-84,92,120,1,23,38,38,38,-98,96,-108,49,-127,0,99,64,-120,75,-49,-27,-62,3,120,40,-29,48,74,-60,54,105,95,95,-33,107,-6,124,-35,31,0,-106,112,116,-116,8,-26,94,-108,-7,-111,-81,-93,-124,19,-84,84,-124,101,-62,-67,40,59,9,63,102,21,35,-12,-73,-118,114,48,118,48,33,104,43,-113,51,23,83,23,-106,11,91,-57,-116,48,108,-103,8,70,109,-13,-29,66,100,13,62,-80,66,-98,54,107,124,13,62,-117,-55,111,8,-118,115,68,-80,-37,-60,37,-25,44,37,-52,-1,69,-63,70,-126,93,46,-86,40,-28,-7,13,32,52,-47,-111,89,-41,46,52,-39,23,-24,41,86,-66,46,85,-70,100,7,106,54,84,53,-65,30,-7,54,-16,6,0,0,0,0,0,0,0,0,0,0,0,0,0,0,0,0,0,0,0,0,0,0,0,0,0,0,0,0,0,0,0,0,0,0,0,0,0,0,0,0,0,0,0,0,0,0,0,0,0,0,0,0,0,0,0,0,0,0,0,0,0,0,0,0,0,0,0,0,0,0,0,0,0,0,0,0,0,0,0,0,0,0,0,0,0,0,0,0,0,0} /* array length = 269*/
    len = 179
    closed = false
    reachEOF = true
    usesDefaultInflater = false
    singleByteBuf = {0} /* array length = 1*/
    b = {0,0,0,0,0,0,0,0,0,0,0,0,0,0,0,0,0,0,0,0,0,0,0,0,0,0,0,0,0,0,0,0,0,0,0,0,0,0,0,0,0,0,0,0,0,0,0,0,0,0,0,0,0,0,0,0,0,0,0,0,0,0,0,0,0,0,0,0,0,0,0,0,0,0,0,0,0,0,0,0,0,0,0,0,0,0,0,0,0,0,0,0,0,0,0,0,0,0,0,0,0,0,0,0,0,0,0,0,0,0,0,0,0,0,0,0,0,0,0,0,0,0,0,0,0,0,0,0,0,0,0,0,0,0,0,0,0,0,0,0,0,0,0,0,0,0,0,0,0,0,0,0,0,0,0,0,0,0,0,0,0,0,0,0,0,0,0,0,0,0,0,0,0,0,0,0,0,0,0,0,0,0,0,0,0,0,0,0,0,0,0,0,0,0,0,0,0,0,0,0,0,0,0,0,0,0,0,0,0,0,0,0,0,0,0,0,0,0,0,0,0,0,0,0,0,0,0,0,0,0,0,0,0,0,0,0,0,0,0,0,0,0,0,0,0,0,0,0,0,0,0,0,0,0,0,0,0,0,0,0,0,0,0,0,0,0,0,0,0,0,0,0,0,0,0,0,0,0,0,0,0,0,0,0,0,0,0,0,0,0,0,0,0,0,0,0,0,0,0,0,0,0,0,0,0,0,0,0,0,0,0,0,0,0,0,0,0,0,0,0,0,0,0,0,0,0,0,0,0,0,0,0,0,0,0,0,0,0,0,0,0,0,0,0,0,0,0,0,0,0,0,0,0,0,0,0,0,0,0,0,0,0,0,0,0,0,0,0,0,0,0,0,0,0,0,0,0,0,0,0,0,0,0,0,0,0,0,0,0,0,0,0,0,0,0,0,0,0,0,0,0,0,0,0,0,0,0,0,0,0,0,0,0,0,0,0,0,0,0,0,0,0,0,0,0,0,0,0,0,0,0,0,0,0,0,0,0,0,0,0,0,0,0,0,0,0,0,0,0,0,0,0,0,0,0,0,0,0,0,0,0,0,0,0,0,0,0,0,0,0,0,0,0,0,0,0,0,0,0,0,0,0,0,0,0,0,0,0,0,0,0,0,0,0,0,0,0,0,0,0,0,0,0,0,0,0,0,0,0,0,0,0} /* array length = 512*/
    in = class java.util.zip.ZipFile$ZipFileInputStream@422b314d
    MAX_SKIP_BUFFER_SIZE = 2048
  MAX_SKIP_BUFFER_SIZE = 2048

Dump of objectArray[3]
Object type = com.ibm.wsspi.anno.classsource.ClassSource_Aggregate$ScanPolicy
  SEED = class com.ibm.wsspi.anno.classsource.ClassSource_Aggregate$ScanPolicy@9a40801
  PARTIAL = class com.ibm.wsspi.anno.classsource.ClassSource_Aggregate$ScanPolicy@406b83c2
    SEED = class com.ibm.wsspi.anno.classsource.ClassSource_Aggregate$ScanPolicy@9a40801
    PARTIAL = class com.ibm.wsspi.anno.classsource.ClassSource_Aggregate$ScanPolicy@406b83c2
    EXCLUDED = class com.ibm.wsspi.anno.classsource.ClassSource_Aggregate$ScanPolicy@574d7aed
    EXTERNAL = class com.ibm.wsspi.anno.classsource.ClassSource_Aggregate$ScanPolicy@1bd688ed
    value = 2
    ALL_EXCEPT_EXTERNAL = 7
    $VALUES = class com.ibm.wsspi.anno.classsource.ClassSource_Aggregate$ScanPolicy[4]
    $$$tc$$$ = class com.ibm.websphere.ras.TraceComponent@31b3dfae
    name = "PARTIAL"
    ordinal = 1
  EXCLUDED = class com.ibm.wsspi.anno.classsource.ClassSource_Aggregate$ScanPolicy@574d7aed
    SEED = class com.ibm.wsspi.anno.classsource.ClassSource_Aggregate$ScanPolicy@9a40801
    PARTIAL = class com.ibm.wsspi.anno.classsource.ClassSource_Aggregate$ScanPolicy@406b83c2
    EXCLUDED = class com.ibm.wsspi.anno.classsource.ClassSource_Aggregate$ScanPolicy@574d7aed
    EXTERNAL = class com.ibm.wsspi.anno.classsource.ClassSource_Aggregate$ScanPolicy@1bd688ed
    value = 4
    ALL_EXCEPT_EXTERNAL = 7
    $VALUES = class com.ibm.wsspi.anno.classsource.ClassSource_Aggregate$ScanPolicy[4]
    $$$tc$$$ = class com.ibm.websphere.ras.TraceComponent@31b3dfae
    name = "EXCLUDED"
    ordinal = 2
  EXTERNAL = class com.ibm.wsspi.anno.classsource.ClassSource_Aggregate$ScanPolicy@1bd688ed
    SEED = class com.ibm.wsspi.anno.classsource.ClassSource_Aggregate$ScanPolicy@9a40801
    PARTIAL = class com.ibm.wsspi.anno.classsource.ClassSource_Aggregate$ScanPolicy@406b83c2
    EXCLUDED = class com.ibm.wsspi.anno.classsource.ClassSource_Aggregate$ScanPolicy@574d7aed
    EXTERNAL = class com.ibm.wsspi.anno.classsource.ClassSource_Aggregate$ScanPolicy@1bd688ed
    value = 8
    ALL_EXCEPT_EXTERNAL = 7
    $VALUES = class com.ibm.wsspi.anno.classsource.ClassSource_Aggregate$ScanPolicy[4]
    $$$tc$$$ = class com.ibm.websphere.ras.TraceComponent@31b3dfae
    name = "EXTERNAL"
    ordinal = 3
  value = 1
  ALL_EXCEPT_EXTERNAL = 7
  $VALUES = class com.ibm.wsspi.anno.classsource.ClassSource_Aggregate$ScanPolicy[4]
    $VALUES[0] = class com.ibm.wsspi.anno.classsource.ClassSource_Aggregate$ScanPolicy@9a40801
    $VALUES[1] = class com.ibm.wsspi.anno.classsource.ClassSource_Aggregate$ScanPolicy@406b83c2
    $VALUES[2] = class com.ibm.wsspi.anno.classsource.ClassSource_Aggregate$ScanPolicy@574d7aed
    $VALUES[3] = class com.ibm.wsspi.anno.classsource.ClassSource_Aggregate$ScanPolicy@1bd688ed
  $$$tc$$$ = class com.ibm.websphere.ras.TraceComponent@31b3dfae
    strings[0] = "TraceComponent[com.ibm.wsspi.anno.classsource.ClassSource_Aggregate$ScanPolicy,class com.ibm.wsspi.anno.classsource.ClassSource_Aggregate$ScanPolicy,[com.ibm.ws.anno],com.ibm.ws.anno.resources.internal.AnnoMessages,null]"
  name = "SEED"
  ordinal = 0

