------Start of DE processing------ = [11/26/17 20:38:05:937 CST]
Exception = java.lang.NoClassDefFoundError
Source = com.ibm.ws.webcontainer.servlet.ServletWrapper.init
probeid = 181
Stack Dump = java.lang.NoClassDefFoundError: org/jvnet/mimepull/MIMEParsingException
	at java.lang.Class.getDeclaredMethods0(Native Method)
	at java.lang.Class.privateGetDeclaredMethods(Class.java:2701)
	at java.lang.Class.getDeclaredMethods(Class.java:1975)
	at org.glassfish.jersey.server.model.IntrospectionModeller$2.run(IntrospectionModeller.java:255)
	at java.security.AccessController.doPrivileged(Native Method)
	at org.glassfish.jersey.server.model.IntrospectionModeller.getAllDeclaredMethods(IntrospectionModeller.java:249)
	at org.glassfish.jersey.server.model.IntrospectionModeller.checkForNonPublicMethodIssues(IntrospectionModeller.java:174)
	at org.glassfish.jersey.server.model.IntrospectionModeller.doCreateResourceBuilder(IntrospectionModeller.java:121)
	at org.glassfish.jersey.server.model.IntrospectionModeller.access$000(IntrospectionModeller.java:82)
	at org.glassfish.jersey.server.model.IntrospectionModeller$1.call(IntrospectionModeller.java:114)
	at org.glassfish.jersey.server.model.IntrospectionModeller$1.call(IntrospectionModeller.java:111)
	at org.glassfish.jersey.internal.Errors.process(Errors.java:316)
	at org.glassfish.jersey.internal.Errors.process(Errors.java:298)
	at org.glassfish.jersey.internal.Errors.processWithException(Errors.java:256)
	at org.glassfish.jersey.server.model.IntrospectionModeller.createResourceBuilder(IntrospectionModeller.java:111)
	at org.glassfish.jersey.server.model.Resource.from(Resource.java:800)
	at org.glassfish.jersey.server.ResourceBagConfigurator.init(ResourceBagConfigurator.java:79)
	at org.glassfish.jersey.server.ApplicationHandler.initialize(ApplicationHandler.java:354)
	at org.glassfish.jersey.server.ApplicationHandler.lambda$initialize$1(ApplicationHandler.java:316)
	at org.glassfish.jersey.internal.Errors.process(Errors.java:316)
	at org.glassfish.jersey.internal.Errors.process(Errors.java:298)
	at org.glassfish.jersey.internal.Errors.processWithException(Errors.java:256)
	at org.glassfish.jersey.server.ApplicationHandler.initialize(ApplicationHandler.java:315)
	at org.glassfish.jersey.server.ApplicationHandler.<init>(ApplicationHandler.java:282)
	at org.glassfish.jersey.servlet.WebComponent.<init>(WebComponent.java:335)
	at org.glassfish.jersey.servlet.ServletContainer.init(ServletContainer.java:178)
	at org.glassfish.jersey.servlet.ServletContainer.init(ServletContainer.java:370)
	at javax.servlet.GenericServlet.init(GenericServlet.java:244)
	at com.ibm.ws.webcontainer.servlet.ServletWrapper.init(ServletWrapper.java:297)
	at com.ibm.ws.webcontainer.servlet.ServletWrapper.handleRequest(ServletWrapper.java:598)
	at com.ibm.ws.webcontainer.servlet.ServletWrapper.handleRequest(ServletWrapper.java:440)
	at com.ibm.ws.webcontainer.filter.WebAppFilterManager.invokeFilters(WebAppFilterManager.java:1138)
	at com.ibm.ws.webcontainer.webapp.WebApp.handleRequest(WebApp.java:4938)
	at com.ibm.ws.webcontainer.osgi.DynamicVirtualHost$2.handleRequest(DynamicVirtualHost.java:316)
	at com.ibm.ws.webcontainer.WebContainer.handleRequest(WebContainer.java:990)
	at com.ibm.ws.webcontainer.osgi.DynamicVirtualHost$2.run(DynamicVirtualHost.java:281)
	at com.ibm.ws.http.dispatcher.internal.channel.HttpDispatcherLink$TaskWrapper.run(HttpDispatcherLink.java:960)
	at com.ibm.ws.http.dispatcher.internal.channel.HttpDispatcherLink.wrapHandlerAndExecute(HttpDispatcherLink.java:362)
	at com.ibm.ws.http.dispatcher.internal.channel.HttpDispatcherLink.ready(HttpDispatcherLink.java:321)
	at com.ibm.ws.http.channel.internal.inbound.HttpInboundLink.handleDiscrimination(HttpInboundLink.java:499)
	at com.ibm.ws.http.channel.internal.inbound.HttpInboundLink.handleNewRequest(HttpInboundLink.java:433)
	at com.ibm.ws.http.channel.internal.inbound.HttpInboundLink.processRequest(HttpInboundLink.java:313)
	at com.ibm.ws.http.channel.internal.inbound.HttpInboundLink.ready(HttpInboundLink.java:284)
	at com.ibm.ws.tcpchannel.internal.NewConnectionInitialReadCallback.sendToDiscriminators(NewConnectionInitialReadCallback.java:165)
	at com.ibm.ws.tcpchannel.internal.NewConnectionInitialReadCallback.complete(NewConnectionInitialReadCallback.java:74)
	at com.ibm.ws.tcpchannel.internal.WorkQueueManager.requestComplete(WorkQueueManager.java:503)
	at com.ibm.ws.tcpchannel.internal.WorkQueueManager.attemptIO(WorkQueueManager.java:573)
	at com.ibm.ws.tcpchannel.internal.WorkQueueManager.workerRun(WorkQueueManager.java:928)
	at com.ibm.ws.tcpchannel.internal.WorkQueueManager$Worker.run(WorkQueueManager.java:1017)
	at java.util.concurrent.ThreadPoolExecutor.runWorker(ThreadPoolExecutor.java:1149)
	at java.util.concurrent.ThreadPoolExecutor$Worker.run(ThreadPoolExecutor.java:624)
	at java.lang.Thread.run(Thread.java:748)
Caused by: java.lang.ClassNotFoundException: org.jvnet.mimepull.MIMEParsingException
	at com.ibm.ws.classloading.internal.AppClassLoader.findClassCommonLibraryClassLoaders(AppClassLoader.java:504)
	at com.ibm.ws.classloading.internal.AppClassLoader.findClass(AppClassLoader.java:276)
	at java.lang.ClassLoader.loadClass(ClassLoader.java:424)
	at com.ibm.ws.classloading.internal.AppClassLoader.findOrDelegateLoadClass(AppClassLoader.java:482)
	at com.ibm.ws.classloading.internal.AppClassLoader.loadClass(AppClassLoader.java:443)
	at java.lang.ClassLoader.loadClass(ClassLoader.java:357)
	... 52 more

Dump of callerThis
Object type = com.ibm.ws.webcontainer.osgi.servlet.ServletWrapper
  serialVersionUID = 1
  _mo = class com.ibm.ws.cdi.impl.managedobject.CDIManagedObject@62001b1c
    tc = class com.ibm.websphere.ras.TraceComponent@29bd104f
      strings[0] = "TraceComponent[com.ibm.ws.cdi.impl.managedobject.CDIManagedObject,class com.ibm.ws.cdi.impl.managedobject.CDIManagedObject,[JCDI],com.ibm.ws.cdi.impl.resources.CDI,null]"
    managedObject = class org.glassfish.jersey.servlet.ServletContainer@1d2913b6
    creationalContext = class org.jboss.weld.context.CreationalContextImpl@27e1401d
      serialVersionUID = 7375854583908262422
      SERIALIZATION_PROXY = class org.jboss.weld.context.CreationalContextImpl$SerializationProxy@1a6bd152
      incompleteInstances = null
      contextual = null
      dependentInstances = class java.util.Collections$SynchronizedRandomAccessList@6a7961eb
      parentDependentInstances = class java.util.Collections$SynchronizedRandomAccessList@67bb9bde
      parentCreationalContext = null
      resourceReferences = null
      constructorInterceptionSuppressed = false
      aroundConstructCallbacks = null
      aroundConstructInterceptionContext = null
    injectionTarget = class org.jboss.weld.injection.producer.BeanInjectionTarget@71e16e60
      bean = null
      beanManager = class org.jboss.weld.manager.BeanManagerImpl@223cd06c
      type = class org.jboss.weld.annotated.slim.backed.BackedAnnotatedType@417bebe1
      injectionPoints = class java.util.Collections$UnmodifiableSet@29f6eb01
      instantiator = class org.jboss.weld.injection.producer.DefaultInstantiator@1a2fb4e
      injector = class org.jboss.weld.injection.producer.ResourceInjector@4559f4a6
      invoker = class org.jboss.weld.injection.producer.DefaultLifecycleCallbackInvoker@5be33b0f
    lifecycleManaged = true
    beanScope = null
    identity = "org.glassfish.jersey.servlet.ServletContainer@1d2913b6"
    serialVersionUID = -9126917678523682896
  serialVersionUID = -4479626085298397598
  notifyInvocationListeners = false
  UNINITIALIZED_STATE = -1
  AVAILABLE_STATE = 0
  UNAVAILABLE_STATE = 1
  UNAVAILABLE_PERMANENTLY_STATE = 2
  collabHelper = class com.ibm.ws.webcontainer.osgi.collaborator.CollaboratorHelperImpl@15b16057
    webAppInvCollabs = class java.util.Collections$UnmodifiableSet@5afbe8f2
      serialVersionUID = -9215047833775013803
      serialVersionUID = 1820017752578914078
      c = class java.util.concurrent.CopyOnWriteArraySet@2db67a3e
    securityDomainForApp = null
    logger = class com.ibm.ws.logging.internal.WsLogger@31a5f158
      tc = class com.ibm.websphere.ras.TraceComponent@4e22c596
      ivCachedResourceBundleName = null
      ivCachedResourceBundle = null
      ivComponent = null
      ivOrganization = null
      ivProduct = null
      ivMinimumLocalizationLevelIntValue = 625
      ivTC = class com.ibm.websphere.ras.TraceComponent@73d7d5b1
      loggerRegistrationComponent = class java.lang.ThreadLocal@60c03ce7
      emptyHandlers = class java.util.logging.Handler[0]
      offValue = 2147483647
      SYSTEM_LOGGER_RB_NAME = "sun.util.logging.resources.logging"
      SYSTEM_BUNDLE = class java.util.logging.Logger$LoggerBundle@7b2e70b5
      NO_RESOURCE_BUNDLE = class java.util.logging.Logger$LoggerBundle@257a2472
      manager = class com.ibm.ws.kernel.boot.logging.WsLogManager@1338e2ba
      name = "com.ibm.ws.webcontainer.collaborator"
      handlers = class java.util.concurrent.CopyOnWriteArrayList@626a041a
      loggerBundle = class java.util.logging.Logger$LoggerBundle@26cfb844
      useParentHandlers = true
      filter = null
      anonymous = false
      catalog = class com.ibm.ws.webcontainer.resources.Messages_es@30aeaca4
      catalogName = "com.ibm.ws.webcontainer.resources.Messages"
      catalogLocale = class java.util.Locale@5a8952c7
      treeLock = class java.lang.Object@5e6a8d8b
      parent = class com.ibm.ws.logging.internal.WsLogger@49506504
      kids = null
      levelObject = class java.util.logging.Level@4548ac6b
      levelValue = 800
      callersClassLoaderRef = class java.lang.ref.WeakReference@798e34f
      isSystemLogger = false
      GLOBAL_LOGGER_NAME = "global"
      global = class java.util.logging.Logger@15d2e301
      $assertionsDisabled = true
    staticDefaultSecurityCollaborator = class com.ibm.ws.webcontainer.collaborator.WebAppSecurityCollaborator@41905371
    logger = class com.ibm.ws.logging.internal.WsLogger@37b38c09
      tc = class com.ibm.websphere.ras.TraceComponent@4e22c596
      ivCachedResourceBundleName = null
      ivCachedResourceBundle = null
      ivComponent = null
      ivOrganization = null
      ivProduct = null
      ivMinimumLocalizationLevelIntValue = 625
      ivTC = class com.ibm.websphere.ras.TraceComponent@6d8fabd3
      loggerRegistrationComponent = class java.lang.ThreadLocal@60c03ce7
      emptyHandlers = class java.util.logging.Handler[0]
      offValue = 2147483647
      SYSTEM_LOGGER_RB_NAME = "sun.util.logging.resources.logging"
      SYSTEM_BUNDLE = class java.util.logging.Logger$LoggerBundle@7b2e70b5
      NO_RESOURCE_BUNDLE = class java.util.logging.Logger$LoggerBundle@257a2472
      manager = class com.ibm.ws.kernel.boot.logging.WsLogManager@1338e2ba
      name = "com.ibm.wsspi.webcontainer.collaborator"
      handlers = class java.util.concurrent.CopyOnWriteArrayList@386041cd
      loggerBundle = class java.util.logging.Logger$LoggerBundle@67c00184
      useParentHandlers = true
      filter = null
      anonymous = false
      catalog = class com.ibm.ws.webcontainer.resources.Messages_es@30aeaca4
      catalogName = "com.ibm.ws.webcontainer.resources.Messages"
      catalogLocale = class java.util.Locale@5a8952c7
      treeLock = class java.lang.Object@5e6a8d8b
      parent = class com.ibm.ws.logging.internal.WsLogger@abdc84b
      kids = null
      levelObject = class java.util.logging.Level@4548ac6b
      levelValue = 800
      callersClassLoaderRef = class java.lang.ref.WeakReference@30698ef8
      isSystemLogger = false
      GLOBAL_LOGGER_NAME = "global"
      global = class java.util.logging.Logger@15d2e301
      $assertionsDisabled = true
    CLASS_NAME = "com.ibm.wsspi.webcontainer.collaborator.CollaboratorHelper"
    webApp = class com.ibm.ws.webcontainer31.osgi.webapp.WebApp31@792be388
    securityCollaborator = class com.ibm.ws.webcontainer.security.WebAppSecurityCollaboratorImpl@29829496
      tc = class com.ibm.websphere.ras.TraceComponent@4a5249c6
      KEY_ID = "id"
      KEY_SERVICE_ID = "service.id"
      KEY_COMPONENT_NAME = "component.name"
      KEY_SECURITY_SERVICE = "securityService"
      KEY_TAI_SERVICE = "taiService"
      KEY_INTERCEPTOR_SERVICE = "interceptorService"
      KEY_JACC_SERVICE = "jaccService"
      JASPI_SERVICE_COMPONENT_NAME = "com.ibm.ws.security.jaspi"
      KEY_WEB_AUTHENTICATOR = "webAuthenticator"
      KEY_UNPROTECTED_RESOURCE_SERVICE = "unprotectedResourceService"
      DELEGATION_USERS_LIST = "DELEGATION_USERS_LIST"
      webAuthenticatorRef = class com.ibm.wsspi.kernel.service.utils.ConcurrentServiceReferenceMap@6ac572cd
      unprotectedResourceServiceRef = class com.ibm.wsspi.kernel.service.utils.ConcurrentServiceReferenceMap@72f3f60d
      taiServiceRef = class com.ibm.wsspi.kernel.service.utils.AtomicServiceReference@4c2f0370
      interceptorServiceRef = class com.ibm.wsspi.kernel.service.utils.ConcurrentServiceReferenceMap@4df5857a
      securityServiceRef = class com.ibm.wsspi.kernel.service.utils.AtomicServiceReference@c67c513
      jaccServiceRef = class com.ibm.wsspi.kernel.service.utils.AtomicServiceReference@61c9090c
      KEY_LOCATION_ADMIN = "locationAdmin"
      locationAdminRef = class com.ibm.wsspi.kernel.service.utils.AtomicServiceReference@55c9b2c6
      PERMIT_REPLY = class com.ibm.ws.webcontainer.security.internal.PermitReply@34f63350
      DENY_AUTHZ_FAILED = class com.ibm.ws.webcontainer.security.internal.DenyReply@60b3780
      AUTH_TYPE = "AUTH_TYPE"
      ALL_AUTHENTICATED_ROLE = "**"
      STARSTAR_ROLE = "_starstar_"
      globalConfig = class com.ibm.ws.webcontainer.security.internal.extended.WebAppSecurityConfigImplExtended@2fa3df24
      currentProps = class java.util.HashMap@37e40794
      authenticatorFactory = class com.ibm.ws.webcontainer.security.internal.extended.WebAuthenticatorFactoryImplExtended@328dde8b
      webAppSecConfig = class com.ibm.ws.webcontainer.security.internal.extended.WebAppSecurityConfigImplExtended@2fa3df24
      authenticateApi = class com.ibm.ws.webcontainer.security.extended.AuthenticateApiExtended@6d65586d
      postParameterHelper = class com.ibm.ws.webcontainer.security.PostParameterHelper@5c0ef01a
      collabUtils = class com.ibm.ws.security.collaborator.CollaboratorUtils@4bc184a8
      subjectHelper = class com.ibm.ws.security.authentication.utility.SubjectHelper@17e472dd
      subjectManager = class com.ibm.ws.security.context.SubjectManager@5005e67c
      httpsRedirectHandler = class com.ibm.ws.webcontainer.security.internal.HTTPSRedirectHandler@7ba04246
      auditManager = class com.ibm.websphere.security.audit.context.AuditManager@3c036d5e
      extraAuditData = class java.util.HashMap@8458299
      authenticatorProxy = class com.ibm.ws.webcontainer.security.extended.WebAuthenticatorProxyExtended@770cb3eb
      providerAuthenticatorProxy = class com.ibm.ws.webcontainer.security.extended.WebProviderAuthenticatorProxyExtended@ec77d3e
      unauthenticatedSubjectService = class com.ibm.ws.security.authentication.internal.UnauthenticatedSubjectServiceImpl@29898825
      wasch = class com.ibm.ws.webcontainer.security.WebAppSecurityCollaboratorImpl@29829496
      isJaspiEnabled = false
      savedSubject = null
      byPassedAuthRequest = true
      isActive = true
      threadLocal = class java.lang.ThreadLocal@dfc96c7
      serialVersionUID = -4833686237530004079
    nameSpaceCollaborator = class com.ibm.ws.webcontainer.osgi.collaborator.WebAppNameSpaceCollaboratorImpl@36d672ae
    transactionCollaborator = class com.ibm.ws.transaction.services.WebAppTransactionCollaboratorImpl@387c32d6
    connectionCollaborator = class com.ibm.ws.webcontainer.collaborator.ConnectionCollaborator@68291407
    allCollabEnum = class java.util.RegularEnumSet@6a4a410c
      serialVersionUID = 3411599620347842686
      elements = 511
      elementType = class java.lang.Class@3b8b2b9e
      universe = class com.ibm.wsspi.webcontainer.collaborator.CollaboratorInvocationEnum[9]
      ZERO_LENGTH_ENUM_ARRAY = class java.lang.Enum[0]
      MAX_ARRAY_SIZE = 2147483639
    servlet_23_or_greater = true
    DEFER_SERVLET_REQUEST_LISTENER_DESTROY_ON_ERROR = false
  nServicing = class java.util.concurrent.atomic.AtomicInteger@63020e45
    serialVersionUID = 6214790243416807050
    unsafe = class sun.misc.Unsafe@294d898b
      theUnsafe = class sun.misc.Unsafe@294d898b
      INVALID_FIELD_OFFSET = -1
      ARRAY_BOOLEAN_BASE_OFFSET = 16
      ARRAY_BYTE_BASE_OFFSET = 16
      ARRAY_SHORT_BASE_OFFSET = 16
      ARRAY_CHAR_BASE_OFFSET = 16
      ARRAY_INT_BASE_OFFSET = 16
      ARRAY_LONG_BASE_OFFSET = 16
      ARRAY_FLOAT_BASE_OFFSET = 16
      ARRAY_DOUBLE_BASE_OFFSET = 16
      ARRAY_OBJECT_BASE_OFFSET = 16
      ARRAY_BOOLEAN_INDEX_SCALE = 1
      ARRAY_BYTE_INDEX_SCALE = 1
      ARRAY_SHORT_INDEX_SCALE = 2
      ARRAY_CHAR_INDEX_SCALE = 2
      ARRAY_INT_INDEX_SCALE = 4
      ARRAY_LONG_INDEX_SCALE = 8
      ARRAY_FLOAT_INDEX_SCALE = 4
      ARRAY_DOUBLE_INDEX_SCALE = 8
      ARRAY_OBJECT_INDEX_SCALE = 4
      ADDRESS_SIZE = 8
    valueOffset = 12
    value = 0
    serialVersionUID = -8742448824652078965
  lastAccessTime = 1511750234576
  state = -1
  logger = class com.ibm.ws.logging.internal.WsLogger@5dd073c7
    tc = class com.ibm.websphere.ras.TraceComponent@4e22c596
      strings[0] = "TraceComponent[com.ibm.ws.logging.internal.WsLogger,class com.ibm.ws.logging.internal.WsLogger,[logging],com.ibm.ws.logging.internal.resources.LoggingMessages,null]"
    ivCachedResourceBundleName = null
    ivCachedResourceBundle = null
    ivComponent = null
    ivOrganization = null
    ivProduct = null
    ivMinimumLocalizationLevelIntValue = 625
    ivTC = class com.ibm.websphere.ras.TraceComponent@50545061
      strings[0] = "TraceComponent[com.ibm.ws.webcontainer.servlet,class com.ibm.wsspi.webcontainer.logging.LoggerFactory$1,[com.ibm.ws.webcontainer.servlet],null,null]"
    loggerRegistrationComponent = class java.lang.ThreadLocal@60c03ce7
      threadLocalHashCode = 661548054
      nextHashCode = class java.util.concurrent.atomic.AtomicInteger@1bca4504
      HASH_INCREMENT = 1640531527
    emptyHandlers = class java.util.logging.Handler[0]
    offValue = 2147483647
    SYSTEM_LOGGER_RB_NAME = "sun.util.logging.resources.logging"
    SYSTEM_BUNDLE = class java.util.logging.Logger$LoggerBundle@7b2e70b5
      resourceBundleName = "sun.util.logging.resources.logging"
      userBundle = null
    NO_RESOURCE_BUNDLE = class java.util.logging.Logger$LoggerBundle@257a2472
      resourceBundleName = null
      userBundle = null
    manager = class com.ibm.ws.kernel.boot.logging.WsLogManager@1338e2ba
      CLASS_NAME = "com.ibm.ws.kernel.boot.logging.WsLogManager"
      CONFIGURE_BY_SERVER_PROPERTY_NAME = "java.util.logging.configureByServer"
      CONFIGURE_BY_LOGGING_PROPERTIES_FILE = "java.util.logging.configureByLoggingPropertiesFile"
      configureByServer = true
      configureByLoggingProperties = false
      wsLogger = class java.lang.reflect.Constructor@59cba4fb
      resetEnabled = true
      manager = class com.ibm.ws.kernel.boot.logging.WsLogManager@1338e2ba
      props = class java.util.Properties@45539e9c
      defaultLevel = class java.util.logging.Level@4548ac6b
      listenerMap = class java.util.HashMap@7ae66a3e
      systemContext = class java.util.logging.LogManager$SystemLoggerContext@7e8ef5e5
      userContext = class java.util.logging.LogManager$LoggerContext@730d530d
      rootLogger = class java.util.logging.LogManager$RootLogger@2af3848e
      readPrimordialConfiguration = true
      initializedGlobalHandlers = true
      deathImminent = false
      initializedCalled = true
      initializationDone = true
      contextsMap = null
      loggerRefQueue = class java.lang.ref.ReferenceQueue@630dac74
      MAX_ITERATIONS = 400
      controlPermission = class java.util.logging.LoggingPermission@6aa55c2d
      loggingMXBean = null
      LOGGING_MXBEAN_NAME = "java.util.logging:type=Logging"
      $assertionsDisabled = true
    name = "com.ibm.ws.webcontainer.servlet"
    handlers = class java.util.concurrent.CopyOnWriteArrayList@727ed33e
      serialVersionUID = 8673264195747942595
      lock = class java.util.concurrent.locks.ReentrantLock@7c0ea2cc
      array = class java.lang.Object[0]
      UNSAFE = class sun.misc.Unsafe@294d898b
      lockOffset = 12
    loggerBundle = class java.util.logging.Logger$LoggerBundle@7a5dbe1c
      resourceBundleName = "com.ibm.ws.webcontainer.resources.Messages"
      userBundle = null
    useParentHandlers = true
    filter = null
    anonymous = false
    catalog = class com.ibm.ws.webcontainer.resources.Messages_es@ef05c91
      resources = class [Ljava.lang.Object;[332]
      lookup = class java.util.HashMap@3ac4cf34
      INITIAL_CACHE_SIZE = 32
      NONEXISTENT_BUNDLE = class java.util.ResourceBundle$1@783b3cb6
      cacheList = class java.util.concurrent.ConcurrentHashMap@5edea021
      referenceQueue = class java.lang.ref.ReferenceQueue@37fd91e7
      parent = class com.ibm.ws.webcontainer.resources.Messages@9ae6e0d
      locale = class java.util.Locale@220f37fe
      name = "com.ibm.ws.webcontainer.resources.Messages"
      expired = false
      cacheKey = class java.util.ResourceBundle$CacheKey@6fc5c484
      keySet = null
      providers = null
      $assertionsDisabled = true
    catalogName = "com.ibm.ws.webcontainer.resources.Messages"
    catalogLocale = class java.util.Locale@5a8952c7
      LOCALECACHE = class java.util.Locale$Cache@412b948f
      ENGLISH = class java.util.Locale@1edb906c
      FRENCH = class java.util.Locale@1de28f14
      GERMAN = class java.util.Locale@1891a954
      ITALIAN = class java.util.Locale@583d925
      JAPANESE = class java.util.Locale@47997109
      KOREAN = class java.util.Locale@4e0accc1
      CHINESE = class java.util.Locale@5bc4175d
      SIMPLIFIED_CHINESE = class java.util.Locale@4095a7f1
      TRADITIONAL_CHINESE = class java.util.Locale@4c0887d3
      FRANCE = class java.util.Locale@547c3657
      GERMANY = class java.util.Locale@2f79ad7a
      ITALY = class java.util.Locale@423e3d4b
      JAPAN = class java.util.Locale@4a801cc0
      KOREA = class java.util.Locale@7f7b4549
      CHINA = class java.util.Locale@4095a7f1
      PRC = class java.util.Locale@4095a7f1
      TAIWAN = class java.util.Locale@4c0887d3
      UK = class java.util.Locale@1d0b35a1
      US = class java.util.Locale@2e6c972e
      CANADA = class java.util.Locale@64c0e83f
      CANADA_FRENCH = class java.util.Locale@41b4a8e3
      ROOT = class java.util.Locale@63ce802a
      PRIVATE_USE_EXTENSION = x
      UNICODE_LOCALE_EXTENSION = u
      serialVersionUID = 9149081749638150636
      DISPLAY_LANGUAGE = 0
      DISPLAY_COUNTRY = 1
      DISPLAY_VARIANT = 2
      DISPLAY_SCRIPT = 3
      baseLocale = class sun.util.locale.BaseLocale@5d62b49
      localeExtensions = null
      hashCodeValue = 96770468
      defaultLocale = class java.util.Locale@5a8952c7
      defaultDisplayLocale = null
      defaultFormatLocale = class java.util.Locale@4f49193a
      languageTag = "es-ES"
      serialPersistentFields = class java.io.ObjectStreamField[6]
      isoLanguages = null
      isoCountries = null
      $assertionsDisabled = true
    treeLock = class java.lang.Object@5e6a8d8b
    parent = class com.ibm.ws.logging.internal.WsLogger@49506504
      tc = class com.ibm.websphere.ras.TraceComponent@4e22c596
      ivCachedResourceBundleName = "com.ibm.ws.webcontainer.resources.Messages"
      ivCachedResourceBundle = class com.ibm.ws.webcontainer.resources.Messages_es@ef05c91
      ivComponent = null
      ivOrganization = null
      ivProduct = null
      ivMinimumLocalizationLevelIntValue = 625
      ivTC = class com.ibm.websphere.ras.TraceComponent@5f3e6aef
      loggerRegistrationComponent = class java.lang.ThreadLocal@60c03ce7
      emptyHandlers = class java.util.logging.Handler[0]
      offValue = 2147483647
      SYSTEM_LOGGER_RB_NAME = "sun.util.logging.resources.logging"
      SYSTEM_BUNDLE = class java.util.logging.Logger$LoggerBundle@7b2e70b5
      NO_RESOURCE_BUNDLE = class java.util.logging.Logger$LoggerBundle@257a2472
      manager = class com.ibm.ws.kernel.boot.logging.WsLogManager@1338e2ba
      name = "com.ibm.ws.webcontainer"
      handlers = class java.util.concurrent.CopyOnWriteArrayList@48bcd72a
      loggerBundle = class java.util.logging.Logger$LoggerBundle@7c842117
      useParentHandlers = true
      filter = null
      anonymous = false
      catalog = class com.ibm.ws.webcontainer.resources.Messages_es@ef05c91
      catalogName = "com.ibm.ws.webcontainer.resources.Messages"
      catalogLocale = class java.util.Locale@5a8952c7
      treeLock = class java.lang.Object@5e6a8d8b
      parent = class java.util.logging.Logger@7b036774
      kids = class java.util.ArrayList@bd72d89
      levelObject = class java.util.logging.Level@4548ac6b
      levelValue = 800
      callersClassLoaderRef = class java.lang.ref.WeakReference@25fcbe5e
      isSystemLogger = false
      GLOBAL_LOGGER_NAME = "global"
      global = class java.util.logging.Logger@15d2e301
      $assertionsDisabled = true
    kids = null
    levelObject = class java.util.logging.Level@4548ac6b
      defaultBundle = "sun.util.logging.resources.logging"
      name = "INFO"
      value = 800
      resourceBundleName = "sun.util.logging.resources.logging"
      localizedLevelName = "INFORMACIÓN"
      cachedLocale = class java.util.Locale@5a8952c7
      OFF = class java.util.logging.Level@45740562
      SEVERE = class java.util.logging.Level@12a70234
      WARNING = class java.util.logging.Level@73f8ff04
      INFO = class java.util.logging.Level@4548ac6b
      CONFIG = class java.util.logging.Level@5513a5d8
      FINE = class java.util.logging.Level@30a9f50d
      FINER = class java.util.logging.Level@1ab5e78e
      FINEST = class java.util.logging.Level@5cfe2b52
      ALL = class java.util.logging.Level@2e812b03
      serialVersionUID = -8176160795706313070
    levelValue = 800
    callersClassLoaderRef = class java.lang.ref.WeakReference@55c7d16f
      referent = class org.eclipse.osgi.internal.loader.EquinoxClassLoader@7fb7f042
      queue = class java.lang.ref.ReferenceQueue$Null@17c3c59c
      next = null
      discovered = null
      lock = class java.lang.ref.Reference$Lock@1ac5708e
      pending = null
    isSystemLogger = false
    GLOBAL_LOGGER_NAME = "global"
    global = class java.util.logging.Logger@15d2e301
      emptyHandlers = class java.util.logging.Handler[0]
      offValue = 2147483647
      SYSTEM_LOGGER_RB_NAME = "sun.util.logging.resources.logging"
      SYSTEM_BUNDLE = class java.util.logging.Logger$LoggerBundle@7b2e70b5
      NO_RESOURCE_BUNDLE = class java.util.logging.Logger$LoggerBundle@257a2472
      manager = class com.ibm.ws.kernel.boot.logging.WsLogManager@1338e2ba
      name = "global"
      handlers = class java.util.concurrent.CopyOnWriteArrayList@51ba5823
      loggerBundle = class java.util.logging.Logger$LoggerBundle@257a2472
      useParentHandlers = true
      filter = null
      anonymous = false
      catalog = null
      catalogName = null
      catalogLocale = null
      treeLock = class java.lang.Object@5e6a8d8b
      parent = class java.util.logging.Logger@7b036774
      kids = null
      levelObject = null
      levelValue = 800
      callersClassLoaderRef = null
      isSystemLogger = true
      GLOBAL_LOGGER_NAME = "global"
      global = class java.util.logging.Logger@15d2e301
      $assertionsDisabled = true
    $assertionsDisabled = true
  CLASS_NAME = "com.ibm.ws.webcontainer.servlet.ServletWrapper"
  nls = class com.ibm.ejs.ras.TraceNLS@709c5cf9
    resolver = class com.ibm.ws.logging.internal.TraceNLSResolver@204a01fc
      tc = class com.ibm.websphere.ras.TraceComponent@cac736f
      DEBUG_TRACE_NLS_PROPERTY = "com.ibm.ejs.ras.debugTraceNLSResolver"
      debugTraceNLSResolver = false
      makeNoise = false
      nullKey = "null"
      svNullBundleName = "Resource Bundle name is null, key = {0}"
      svBundleNotLoaded = "Unable to load ResourceBundle {0}"
      svNullKeyMessage = "Null key passed while using ResourceBundle {0}"
      svMalformedMessage = "No message text associated with key {0} in bundle {1}"
    finder = null
    ivBundleName = "com.ibm.ws.webcontainer.resources.Messages"
    caller = class java.lang.Class@770b5d51
      ANNOTATION = 8192
      ENUM = 16384
      SYNTHETIC = 4096
      cachedConstructor = null
      newInstanceCallerCache = null
      name = null
      allPermDomain = class java.security.ProtectionDomain@1570cbc0
      useCaches = true
      reflectionData = class java.lang.ref.SoftReference@59c09b38
      classRedefinedCount = 0
      genericInfo = null
      serialVersionUID = 3206093459760846163
      serialPersistentFields = class java.io.ObjectStreamField[0]
      reflectionFactory = class sun.reflect.ReflectionFactory@670f74fb
      initted = true
      enumConstants = null
      enumConstantDirectory = null
      annotationData = class java.lang.Class$AnnotationData@56152264
      annotationType = null
      classValueMap = null
  servletConfig = class com.ibm.ws.webcontainer.servlet.ServletConfig@6e313965
    logger = class com.ibm.ws.logging.internal.WsLogger@5dd073c7
    CLASS_NAME = "com.ibm.ws.webcontainer.servlet.ServletConfig"
    nls = class com.ibm.ejs.ras.TraceNLS@25f2e009
      resolver = class com.ibm.ws.logging.internal.TraceNLSResolver@204a01fc
      finder = null
      ivBundleName = "com.ibm.ws.webcontainer.resources.Messages"
      caller = class java.lang.Class@1e983c2c
    liberty_nls = class com.ibm.ejs.ras.TraceNLS@6663bb0e
      resolver = class com.ibm.ws.logging.internal.TraceNLSResolver@204a01fc
      finder = null
      ivBundleName = "com.ibm.ws.webcontainer.resources.LShimMessages"
      caller = class java.lang.Class@1e983c2c
    enabled = true
    servletName = "RESTful Jersey Servlet"
    className = "org.glassfish.jersey.servlet.ServletContainer"
    mappings = class java.util.ArrayList@7b38db44
      serialVersionUID = 8683452581122892189
      DEFAULT_CAPACITY = 10
      EMPTY_ELEMENTDATA = class java.lang.Object[0]
      DEFAULTCAPACITY_EMPTY_ELEMENTDATA = class java.lang.Object[0]
      elementData = class java.lang.Object[10]
      size = 1
      MAX_ARRAY_SIZE = 2147483639
      modCount = 1
      MAX_ARRAY_SIZE = 2147483639
    startUpWeight = null
    DEFAULT_STARTUP = -1
    isCachingEnabled = true
    isStatisticsEnabled = true
    isInternal = false
    metaData = class com.ibm.ws.webcontainer.osgi.metadata.WebComponentMetaDataImpl@249ef153
      j2eeName = class com.ibm.ws.container.service.metadata.internal.J2EENameImpl@4e19879d
      webModuleMetaData = class com.ibm.ws.webcontainer.osgi.metadata.WebModuleMetaDataImpl@2d798f08
      mBeanServiceReg = null
      tc = class com.ibm.websphere.ras.TraceComponent@35f41a23
      NUM_STATIC_SLOTS = 4
      ID_UNINITIALIZED = -1
      id = 2
      metaDataInterface = class java.lang.Class@2dcd33fc
      staticSlots = class java.lang.Object[4]
      dynamicSlots = null
    singleThreadModelServlet = false
    isJsp = false
    webAppConfig = class com.ibm.ws.webcontainer.osgi.webapp.WebAppConfiguration@7aae2ba0
    servletWrapper = class com.ibm.ws.webcontainer.osgi.servlet.ServletWrapper@36d5e8cb
    servletClass = null
    servlet = null
    addedToLoadOnStartup = true
    previousWeight = null
    multipartConfig = null
    multipartConfigBaseLocation = null
    runAsRole = null
    servletSecurityElement = null
    declareRolesAnnotation = null
    logger = class com.ibm.ws.logging.internal.WsLogger@5dd073c7
    CLASS_NAME = "com.ibm.ws.webcontainer.servlet.TargetConfig"
    initParams = class java.util.HashMap@6d1ecd7f
      serialVersionUID = 362498820763181265
      DEFAULT_INITIAL_CAPACITY = 16
      MAXIMUM_CAPACITY = 1073741824
      DEFAULT_LOAD_FACTOR = 0.75
      TREEIFY_THRESHOLD = 8
      UNTREEIFY_THRESHOLD = 6
      MIN_TREEIFY_CAPACITY = 64
      table = class java.util.HashMap$Node[16]
      entrySet = null
      size = 2
      modCount = 2
      threshold = 12
      loadFactor = 0.75
      keySet = class java.util.HashMap$KeySet@6b32a919
      values = null
    fileName = null
    displayName = "org.tec.datos1.messenger.webapi"
    name = "RESTful Jersey Servlet"
    description = "RESTful Jersey"
    smallIcon = null
    largeIcon = null
    context = class com.ibm.ws.webcontainer31.facade.ServletContextFacade31@2df5f314
    className = null
    asyncSupported = false
    _id = "ServletGeneratedId1"
    _attributes = null
    serialVersionUID = 7511545662945734886
    $$$tc$$$ = class com.ibm.websphere.ras.TraceComponent@3547aa55
      strings[0] = "TraceComponent[com.ibm.ws.container.BaseConfiguration,class com.ibm.ws.container.BaseConfiguration,[],null,null]"
  context = class com.ibm.ws.webcontainer31.osgi.webapp.WebApp31@792be388
    tc = class com.ibm.websphere.ras.TraceComponent@68cd8fe4
      strings[0] = "TraceComponent[com.ibm.ws.webcontainer31.osgi.webapp.WebApp31,class com.ibm.ws.webcontainer31.osgi.webapp.WebApp31,[webcontainer],com.ibm.ws.webcontainer31.resources.Messages,null]"
    CLASS_NAME = "com.ibm.ws.webcontainer31.osgi.webapp.WebApp31"
    servlet31NLS = class com.ibm.ejs.ras.TraceNLS@192ccd31
      resolver = class com.ibm.ws.logging.internal.TraceNLSResolver@204a01fc
      finder = null
      ivBundleName = "com.ibm.ws.webcontainer31.resources.Messages"
      caller = class java.lang.Class@77ba8708
    validListenerClasses = class java.lang.Class[7]
      validListenerClasses[0] = class java.lang.Class@368fe80d
      validListenerClasses[1] = class java.lang.Class@3cc66833
      validListenerClasses[2] = class java.lang.Class@3987991f
      validListenerClasses[3] = class java.lang.Class@60d70f18
      validListenerClasses[4] = class java.lang.Class@61f0eef8
      validListenerClasses[5] = class java.lang.Class@70769784
      validListenerClasses[6] = class java.lang.Class@22066220
    wsocServHandler = class com.ibm.ws.wsoc.external.WsocHandlerImpl@2e35229a
      tc = class com.ibm.websphere.ras.TraceComponent@232ae355
      noMoreAddsCalled = true
      serialVersionUID = -2067291126638824067
    tc = class com.ibm.websphere.ras.TraceComponent@4e6f0a41
      strings[0] = "TraceComponent[com.ibm.ws.webcontainer.osgi.webapp.WebApp,class com.ibm.ws.webcontainer.osgi.webapp.WebApp,[webcontainer],com.ibm.ws.webcontainer.resources.LShimMessages,null]"
    CLASS_NAME = "com.ibm.ws.webcontainer.osgi.webapp.WebApp"
    metaDataService = class com.ibm.ws.container.service.metadata.internal.MetaDataServiceImpl@43616336
      applicationMetaDataManager = class com.ibm.ws.container.service.metadata.internal.ApplicationMetaDataManager@782dbf6f
      moduleMetaDataManager = class com.ibm.ws.container.service.metadata.internal.ModuleMetaDataManager@18755fd9
      componentMetaDataManager = class com.ibm.ws.container.service.metadata.internal.ComponentMetaDataManager@2afc923b
      methodMetaDataManager = class com.ibm.ws.container.service.metadata.internal.MethodMetaDataManager@6ab2c774
      appModuleNameToModuleContainer = class java.util.concurrent.ConcurrentHashMap@7ff1cb8a
      jeeNameToComponentMetaData = class java.util.concurrent.ConcurrentHashMap@4d48d83a
      deferredMetaDataFactories = class com.ibm.wsspi.kernel.service.utils.ConcurrentServiceReferenceSet@36bf6e2
      deferredMetaDataInitializers = class com.ibm.wsspi.kernel.service.utils.ConcurrentServiceReferenceMap@7f9e189c
      serialVersionUID = -2494605732980966097
      $$$tc$$$ = class com.ibm.websphere.ras.TraceComponent@7f2b1ca7
    namespacePopulated = false
    referenceContext = class com.ibm.ws.injectionengine.osgi.internal.OSGiReferenceContextImpl@440e4a7c
      scopeData = class com.ibm.ws.injectionengine.osgi.internal.OSGiInjectionScopeData@21b686ac
      serialVersionUID = 521511923892134915
      $$$tc$$$ = class com.ibm.websphere.ras.TraceComponent@76b8fa5e
      CLASS_NAME = "com.ibm.ws.injectionengine.ReferenceContextImpl"
      tc = class com.ibm.websphere.ras.TraceComponent@75559b29
      ivInjectionEngine = class com.ibm.ws.injectionengine.osgi.internal.OSGiInjectionEngineImpl@336ee3a2
      ivProviders = class java.util.ArrayList@7717dafc
      ivComponentJavaContext = null
      ivComponentNameSpace = null
      ivJavaColonCompEnvMap = class java.util.LinkedHashMap@5909c22c
      ivEjbContext10 = class java.util.Properties@6b13929
      ivResourceRefConfigList = class com.ibm.ws.resource.internal.ResourceRefConfigListImpl@5ffb3183
      isAlreadyProcessed = true
      ivProcessFailure = null
      ivInjectionTargetMap = class java.util.concurrent.ConcurrentHashMap@1672c0ba
      svInjTarMapCacheSize = 256
      ivDeclaredInjectionTargets = class java.util.HashMap@17d78fa
      ivProcessedInjectionClasses = class java.util.HashSet@e8a718d
      ivProcessedInjectionBindings = class java.util.ArrayList@87b3ef6
      ivAnyProcessDynamic = false
      ivCheckAppConfig = false
    j2eeNameFactory = class com.ibm.ws.container.service.metadata.internal.J2EENameFactoryImpl@7d88e779
      serialVersionUID = 3486344295038028821
      $$$tc$$$ = class com.ibm.websphere.ras.TraceComponent@41aa17a1
    moduleLoader = class com.ibm.ws.classloading.internal.AppClassLoader@2ccbae44
      tc = class com.ibm.websphere.ras.TraceComponent@496f1964
      PARENT_FIRST_SEARCH_ORDER = class java.util.Collections$UnmodifiableRandomAccessList@784d36d9
      CLASS_LOADING_TRACE_PREFIX = "com.ibm.ws.class.load."
      DEFAULT_PACKAGE = "default.package"
      perPackageClassLoadingTraceComponents = class java.util.concurrent.ConcurrentHashMap@3573d02
      config = class com.ibm.ws.classloading.internal.ClassLoaderConfigurationImpl@3d7159fd
      privateLibraries = null
      delegateLoaders = class com.ibm.ws.classloading.internal.util.CompositeIterable@1dc72cf9
      nativeLibraryFiles = class java.util.ArrayList@cad2a66
      transformers = class java.util.ArrayList@3628a9dc
      apiAccess = class com.ibm.ws.classloading.internal.GatewayClassLoader@e0e70b
      generator = class com.ibm.ws.classloading.internal.ClassGeneratorManager@a72b337
      protectionDomains = class java.util.concurrent.ConcurrentHashMap@121b055
      parent = class com.ibm.ws.classloading.internal.GatewayClassLoader@e0e70b
      serialVersionUID = 952643806680066297
      tc = class com.ibm.websphere.ras.TraceComponent@394628ff
      EMPTY_URL_ARRAY = class java.net.URL[0]
      smartClassPath = class com.ibm.ws.classloading.internal.ContainerClassLoader$SmartClassPathImpl@40be14a4
      nativeLibraryContainers = class java.util.ArrayList@332b2326
      redefiner = class com.ibm.ws.classloading.internal.util.ClassRedefiner@36584596
      mapCreationQueue = class java.util.concurrent.Executors$FinalizableDelegatedExecutorService@3f849e0e
      serialVersionUID = 7249739282446266343
      serialVersionUID = -7411549862368381758
      $$$tc$$$ = class com.ibm.websphere.ras.TraceComponent@6ccaade3
      serialVersionUID = -4868702105808481416
      $$$tc$$$ = class com.ibm.websphere.ras.TraceComponent@3bbfec5c
      serialVersionUID = 2596921220292114344
      $$$tc$$$ = class com.ibm.websphere.ras.TraceComponent@1cdab298
      initialized = true
      pdcache = class java.util.HashMap@5a32227
      debug = null
      parent = class com.ibm.ws.classloading.internal.GatewayClassLoader@e0e70b
      parallelLockMap = null
      package2certs = class java.util.Hashtable@6ffb03a6
      nocerts = class java.security.cert.Certificate[0]
      classes = class java.util.Vector@749494b9
      defaultDomain = class java.security.ProtectionDomain@1317116
      domains = class java.util.HashSet@1d9fd90d
      packages = class java.util.HashMap@2ace0f2b
      scl = class sun.misc.Launcher$AppClassLoader@18b4aac2
      sclSet = true
      loadedLibraryNames = class java.util.Vector@216929a
      systemNativeLibraries = class java.util.Vector@1d6fc9d9
      nativeLibraries = class java.util.Vector@7a2f7797
      nativeLibraryContext = class java.util.Stack@67166684
      usr_paths = class java.lang.String[6]
      sys_paths = class java.lang.String[1]
      assertionLock = class com.ibm.ws.classloading.internal.AppClassLoader@2ccbae44
      defaultAssertionStatus = false
      packageAssertionStatus = null
      classAssertionStatus = null
    webAppConfig = class com.ibm.ws.webcontainer.osgi.webapp.WebAppConfiguration@7aae2ba0
      webModuleMetaData = class com.ibm.ws.webcontainer.osgi.metadata.WebModuleMetaDataImpl@2d798f08
      webComponentMetaData = class com.ibm.ws.webcontainer.osgi.metadata.WebComponentMetaDataImpl@56c4a705
      dVirtualHost = class com.ibm.ws.webcontainer.osgi.DynamicVirtualHost@3b54505d
      orderedLibPaths = class java.util.Collections$UnmodifiableRandomAccessList@64d49dbd
      bundleHeaders = null
      cdiEnabled = true
      CLASS_NAME = "com.ibm.ws.webcontainer.webapp.WebAppConfiguration"
      logger = class com.ibm.ws.logging.internal.WsLogger@7e514e1c
      tc = class com.ibm.websphere.ras.TraceComponent@375b4d6c
      nls = class com.ibm.ejs.ras.TraceNLS@7433bb5
      version = 30
      contextRoot = "/webapi"
      sessionTimeout = 0
      moduleSessionTimeoutSet = false
      moduleSessionTrackingModeSet = false
      sessionCookieConfig = class com.ibm.ws.session.SessionCookieConfigImpl@6af4137f
      hasProgrammaticCookieConfig = false
      sessionDefaultTrackingModeSet = class java.util.RegularEnumSet@19fb6dab
      sessionManagerConfig = class com.ibm.ws.session.SessionManagerConfig@62c22518
      displayName = "org.tec.datos1.messenger.webapi"
      description = null
      reloadInterval = 0
      distributable = false
      denyUncoveredHttpMethods = false
      reloadingEnabled = false
      serveServletsByClassnameEnabled = false
      defaultErrorPage = null
      additionalClassPath = null
      fileServingEnabled = null
      directoryBrowsingEnabled = false
      autoRequestEncoding = false
      autoResponseEncoding = false
      autoLoadFilters = false
      requestListeners = null
      requestAttributeListeners = null
      sessionListeners = null
      localeMap = null
      moduleName = "org.tec.datos1.messenger.webapi"
      j2eeModuleName = "org.tec.datos1.messenger.webapi.war"
      moduleId = null
      isSyncToThreadEnabled = false
      encodeDispatchedRequestURI = false
      isSystemApp = false
      ardEnabled = false
      ardDispatchType = null
      listeners = class java.util.ArrayList@7c422466
      welcomeFileList = class java.util.ArrayList@36e7af7a
      servletMappings = class java.util.HashMap@74331a38
      lastIndexBeforeDeclaredFilters = 0
      filterMappings = class java.util.ArrayList@7aa0b43
      servletInfo = class java.util.HashMap@6aa66ec4
      filterInfo = class java.util.HashMap@61b19095
      mimeMappings = class java.util.HashMap@d3fa441
      mimeFilters = null
      isMimeFilteringEnabled = false
      theWebGroup = null
      jspAttributes = class java.util.HashMap@5a1846b6
      fileServingAttributes = class java.util.HashMap@311c37f
      invokerAttributes = class java.util.HashMap@6ec9ceb0
      contextParams = class java.util.HashMap@1e246284
      virtualHost = "default_host"
      exceptionErrorPages = class java.util.HashMap@611ba00
      codeErrorPages = class java.util.HashMap@b968b86
      tagLibList = null
      precompileJsps = false
      webApp = class com.ibm.ws.webcontainer31.osgi.webapp.WebApp31@792be388
      virtualHostList = class java.util.Collections$EmptyList@2b8a680a
      appStartupWeight = 0
      moduleStartupWeight = 0
      metaDataComplete = false
      classesToScan = class java.util.ArrayList@16871fbd
      uriFilterMappingInfos = null
      servletFilterMappingInfos = null
      dynamicServletRegistrationMap = null
      applicationName = "org.tec.datos1.messenger.webapi"
      libBinPathList = class java.util.ArrayList@1dcd66d7
      webXmlDefinedListeners = class java.util.HashSet@22380453
      allRefs = class java.util.EnumMap@5a8ae226
      allRefBindings = class java.util.EnumMap@74de743d
      envEntryValues = class java.util.HashMap@2d34faf
      resourceRefConfigList = null
      disallowAllFileServingProp = "false"
      disallowServeServletsByClassnameProp = "true"
      disableStaticMappingCache = false
      jspCachedLocations = class java.util.HashMap@60abc93a
      primedSTSHeader = "NoValue"
      enablemultireadofpostdata = false
      _id = "WebAppGeneratedId1"
      _attributes = null
      serialVersionUID = 7511545662945734886
      $$$tc$$$ = class com.ibm.websphere.ras.TraceComponent@3547aa55
    extensionProcessingDisabled = false
    managedObjectService = class com.ibm.ws.cdi.impl.managedobject.CDIManagedObjectService@1d346510
      cdiServiceRef = class com.ibm.wsspi.kernel.service.utils.AtomicServiceReference@66f4666e
      defaultMOSRef = class com.ibm.wsspi.kernel.service.utils.AtomicServiceReference@198ae620
      cdiRuntime = class com.ibm.ws.cdi.liberty.CDIRuntimeImpl@2c36eb08
      serialVersionUID = -2697988188171262037
      $$$tc$$$ = class com.ibm.websphere.ras.TraceComponent@7314f268
    GenPluginCfgMB = null
    internalServletMetaData = interface com.ibm.wsspi.webcontainer.metadata.WebComponentMetaData[2]
      internalServletMetaData[0] = null
      internalServletMetaData[1] = null
    loginProcessor = null
    logoutProcessor = null
    collabHelper = class com.ibm.ws.webcontainer.osgi.collaborator.CollaboratorHelperImpl@15b16057
    envObject = class com.ibm.ws.util.WSThreadLocal@2c9ffd07
      tc = class com.ibm.ejs.ras.TraceComponent@7c96d4a8
      count = 8
      index = 3
      SUSPECTED_MISUSAGE_THRESHOLD = 200
      threadLocalHashCode = 749823255
      nextHashCode = class java.util.concurrent.atomic.AtomicInteger@1bca4504
      HASH_INCREMENT = 1640531527
    orderedLibPaths = class java.util.Collections$UnmodifiableRandomAccessList@64d49dbd
      serialVersionUID = -2542308836966382001
      serialVersionUID = -283967356065247728
      list = class java.util.ArrayList@a049684
      serialVersionUID = 1820017752578914078
      c = class java.util.ArrayList@a049684
    perm = class com.ibm.websphere.security.WebSphereRuntimePermission@53fc058
      serialVersionUID = -3306242789188168337
      $$$tc$$$ = class com.ibm.websphere.ras.TraceComponent@1ec70860
      serialVersionUID = 6279438298436773498
      wildcard = false
      path = "accessServletContext"
      exitVM = false
      serialVersionUID = -5636570222231596674
      name = "accessServletContext"
    WELCOME_FILE_LIST = "com.ibm.ws.webcontainer.config.WelcomeFileList"
    DIR_BROWSING_MAPPING = "__dirBrowsing__1511750227674"
    FILTER_PROXY_MAPPING = "/__filterProxy__1511750227674"
    logger = class com.ibm.ws.logging.internal.WsLogger@7e514e1c
      tc = class com.ibm.websphere.ras.TraceComponent@4e22c596
      ivCachedResourceBundleName = null
      ivCachedResourceBundle = null
      ivComponent = null
      ivOrganization = null
      ivProduct = null
      ivMinimumLocalizationLevelIntValue = 625
      ivTC = class com.ibm.websphere.ras.TraceComponent@593c4d64
      loggerRegistrationComponent = class java.lang.ThreadLocal@60c03ce7
      emptyHandlers = class java.util.logging.Handler[0]
      offValue = 2147483647
      SYSTEM_LOGGER_RB_NAME = "sun.util.logging.resources.logging"
      SYSTEM_BUNDLE = class java.util.logging.Logger$LoggerBundle@7b2e70b5
      NO_RESOURCE_BUNDLE = class java.util.logging.Logger$LoggerBundle@257a2472
      manager = class com.ibm.ws.kernel.boot.logging.WsLogManager@1338e2ba
      name = "com.ibm.ws.webcontainer.webapp"
      handlers = class java.util.concurrent.CopyOnWriteArrayList@1f54dd28
      loggerBundle = class java.util.logging.Logger$LoggerBundle@7f741b75
      useParentHandlers = true
      filter = null
      anonymous = false
      catalog = class com.ibm.ws.webcontainer.resources.Messages_es@ef05c91
      catalogName = "com.ibm.ws.webcontainer.resources.Messages"
      catalogLocale = class java.util.Locale@5a8952c7
      treeLock = class java.lang.Object@5e6a8d8b
      parent = class com.ibm.ws.logging.internal.WsLogger@49506504
      kids = null
      levelObject = class java.util.logging.Level@4548ac6b
      levelValue = 800
      callersClassLoaderRef = class java.lang.ref.WeakReference@534a1e15
      isSystemLogger = false
      GLOBAL_LOGGER_NAME = "global"
      global = class java.util.logging.Logger@15d2e301
      $assertionsDisabled = true
    CLASS_NAME = "com.ibm.ws.webcontainer.webapp.WebApp"
    loader = class com.ibm.ws.classloading.internal.ThreadContextClassLoader@cf5c4de
    facade = class com.ibm.ws.webcontainer31.facade.ServletContextFacade31@2df5f314
      context = class com.ibm.ws.webcontainer31.osgi.webapp.WebApp31@792be388
    features = class java.util.ArrayList@6d8caa62
      serialVersionUID = 8683452581122892189
      DEFAULT_CAPACITY = 10
      EMPTY_ELEMENTDATA = class java.lang.Object[0]
      DEFAULTCAPACITY_EMPTY_ELEMENTDATA = class java.lang.Object[0]
      elementData = class java.lang.Object[0]
      size = 0
      MAX_ARRAY_SIZE = 2147483639
      modCount = 0
      MAX_ARRAY_SIZE = 2147483639
    applicationName = "org.tec.datos1.messenger.webapi"
    config = class com.ibm.ws.webcontainer.osgi.webapp.WebAppConfiguration@7aae2ba0
    securityEnabledForApp = true
    webExtensionProcessor = class com.ibm.ws.webcontainer.osgi.extension.WebExtensionProcessor@16ca8a8b
      webApp = class com.ibm.ws.webcontainer31.osgi.webapp.WebApp31@792be388
      extensionContext = class com.ibm.ws.webcontainer31.osgi.webapp.WebApp31@792be388
    production = true
    isServlet23 = true
    contextPath = "/webapi"
    internalServletList = class [Ljava.lang.String;[2]
      internalServletList[0] = class java.lang.String[2]
      internalServletList[1] = class java.lang.String[2]
    BY_NAME_ONLY = "/_1511750227675_/"
    filterManager = class com.ibm.ws.webcontainer.osgi.filter.WebAppFilterManagerImpl@607025e4
      _filterWrappers = class java.util.Hashtable@585b72f4
      chainCache = class java.util.Collections$SynchronizedMap@c622c6d
      forwardChainCache = class java.util.Collections$SynchronizedMap@6d93afd0
      includeChainCache = class java.util.Collections$SynchronizedMap@1f48cc76
      errorChainCache = class java.util.Collections$SynchronizedMap@1c87d1b9
      _filtersDefined = false
      FMI_MAPPING_SINGLE_SLASH = 0
      FMI_MAPPING_PATH_MATCH = 1
      FMI_MAPPING_EXTENSION_MATCH = 2
      FMI_MAPPING_EXACT_MATCH = 3
      logger = class com.ibm.ws.logging.internal.WsLogger@11b9700
      CLASS_NAME = "com.ibm.ws.webcontainer.filter.WebAppFilterManager"
      nls = class com.ibm.ejs.ras.TraceNLS@710645dc
      webAppConfig = class com.ibm.ws.webcontainer.osgi.webapp.WebAppConfiguration@7aae2ba0
      webApp = class com.ibm.ws.webcontainer31.osgi.webapp.WebApp31@792be388
      collabHelper = class com.ibm.ws.webcontainer.osgi.collaborator.CollaboratorHelperImpl@15b16057
      webAppNameSpaceCollab = class com.ibm.ws.webcontainer.osgi.collaborator.WebAppNameSpaceCollaboratorImpl@36d672ae
      secCollab = class com.ibm.ws.webcontainer.security.WebAppSecurityCollaboratorImpl@29829496
      sessionSecurityIntegrationEnabled = true
      assumeFilterSuccessOnSecurityError = false
      useOriginalRequestState = false
      _evtSource = class com.ibm.ws.webcontainer.webapp.WebAppEventSource@1d3262c0
      defaultComponentMetaData = class com.ibm.ws.webcontainer.osgi.metadata.WebComponentMetaDataImpl@56c4a705
      DEFER_SERVLET_REQUEST_LISTENER_DESTROY_ON_ERROR = false
    documentRoot = null
    SERVLET_API_VERSION = "Servlet 2.5"
    disableServletAuditLogging = -1
    serverInfo = "IBM WebSphere Liberty/${liberty.service.version}"
    sessionCtx = class com.ibm.ws.webcontainer31.session.impl.HttpSessionContext31Impl@68274c32
      methodClassName = "HttpSessionContextImpl"
      _smc = class com.ibm.ws.session.SessionManagerConfig@62c22518
      sessionStoreService = null
      _sap = class com.ibm.ws.session.SessionApplicationParameters@4e99887f
      _coreHttpSessionManager = class com.ibm.ws.session.SessionManager@5853170b
      _coreHttpAppSessionManager = null
      _sam = class com.ibm.ws.webcontainer.session.impl.SessionAffinityManagerImpl@38a0285b
      isSIPApplication = false
      sessionAttributeListener = false
      sessionListener = true
      mHttpSessionAttributeListeners = class java.util.ArrayList@1908fc62
      mHttpSessionListeners = class java.util.ArrayList@1b50554c
      mHttpSessionIdListeners = class java.util.ArrayList@5b7be262
      mHttpSessionAttributeListenersJ2eeNames = class java.util.ArrayList@6220fba6
      mHttpSessionListenersJ2eeNames = class java.util.ArrayList@3c95e06c
      mHttpSessionIdListenersJ2eeNames = class java.util.ArrayList@25763887
      mLocalHost = null
      _refCount = 1
      currentThreadSacHashtable = null
      methodClassName = "SessionContext"
      ANONYMOUS_USER = "anonymous"
      wasHttpSessionObserver = class com.ibm.ws.session.WasHttpSessionObserver@219ab6b9
      wasHttpSessionAttributeObserver = null
      _invalidator = class com.ibm.ws.session.SessionInvalidatorWithThreadPool@448284e7
      _storer = class com.ibm.ws.session.EOSSessionStorer@57078a9b
      wasHttpAppSessionObserver = null
      mHttpAppSessionListeners = null
      cmvcInfo = "CMVC Version 1.9 6/24/07 11:12:24"
      _loggedVersion = true
      CREATE_CORE_SESSION_MANAGER = 0
      GET_REQUESTED_SESSION_ID = 1
      GET_IHTTP_SESSION = 2
      SESSION_PRE_INVOKE = 3
      SESSION_POST_INVOKE = 4
      STOP = 5
      STOP_LISTENERS = 6
      IS_VALID = 7
      ENCODE_URL = 8
      SHOULD_ENCODE_URL = 9
      IS_PROTOCOL_SWITCH = 10
      GET_LOCAL_HOST = 11
      ADD_HTTP_SESSION_ATTRIBUTE_LISTENER = 12
      ADD_HTTP_SESSION_LISTENER = 13
      GET_SESSION_AFFINITY_CONTEXT = 14
      CHECK_SECURITY = 15
      INVALIDATE = 16
      CHECK_SESSSIONID_IS_RIGHT_LENGTH = 17
      LOCK_SESSION = 18
      UNLOCK_SESSION = 19
      ADD_HTTP_SESSION_ID_LISTENER = 20
      methodNames = class java.lang.String[21]
    eventSource = class com.ibm.ws.webcontainer.webapp.WebAppEventSource@1d3262c0
    nls = class com.ibm.ejs.ras.TraceNLS@2a7b1d6f
      resolver = class com.ibm.ws.logging.internal.TraceNLSResolver@204a01fc
      finder = null
      ivBundleName = "com.ibm.ws.webcontainer.resources.Messages"
      caller = class java.lang.Class@50ffb0bb
    liberty_nls = class com.ibm.ejs.ras.TraceNLS@3041afd7
      resolver = class com.ibm.ws.logging.internal.TraceNLSResolver@204a01fc
      finder = null
      ivBundleName = "com.ibm.ws.webcontainer.resources.LShimMessages"
      caller = class java.lang.Class@50ffb0bb
    error_nls = class com.ibm.ejs.ras.TraceNLS@51ffe33e
      resolver = class com.ibm.ws.logging.internal.TraceNLSResolver@204a01fc
      finder = null
      ivBundleName = "com.ibm.ws.webcontainer.resources.ErrorPage"
      caller = class java.lang.Class@50ffb0bb
    sessionListeners = class java.util.ArrayList@36b73ef
      serialVersionUID = 8683452581122892189
      DEFAULT_CAPACITY = 10
      EMPTY_ELEMENTDATA = class java.lang.Object[0]
      DEFAULTCAPACITY_EMPTY_ELEMENTDATA = class java.lang.Object[0]
      elementData = class java.lang.Object[10]
      size = 3
      MAX_ARRAY_SIZE = 2147483639
      modCount = 4
      MAX_ARRAY_SIZE = 2147483639
    sessionIdListeners = class java.util.ArrayList@71099688
      serialVersionUID = 8683452581122892189
      DEFAULT_CAPACITY = 10
      EMPTY_ELEMENTDATA = class java.lang.Object[0]
      DEFAULTCAPACITY_EMPTY_ELEMENTDATA = class java.lang.Object[0]
      elementData = class java.lang.Object[0]
      size = 0
      MAX_ARRAY_SIZE = 2147483639
      modCount = 0
      MAX_ARRAY_SIZE = 2147483639
    sessionAttrListeners = class java.util.ArrayList@4c8bb069
      serialVersionUID = 8683452581122892189
      DEFAULT_CAPACITY = 10
      EMPTY_ELEMENTDATA = class java.lang.Object[0]
      DEFAULTCAPACITY_EMPTY_ELEMENTDATA = class java.lang.Object[0]
      elementData = class java.lang.Object[0]
      size = 0
      MAX_ARRAY_SIZE = 2147483639
      modCount = 1
      MAX_ARRAY_SIZE = 2147483639
    addedSessionListeners = class java.util.ArrayList@62c35cd5
      serialVersionUID = 8683452581122892189
      DEFAULT_CAPACITY = 10
      EMPTY_ELEMENTDATA = class java.lang.Object[0]
      DEFAULTCAPACITY_EMPTY_ELEMENTDATA = class java.lang.Object[0]
      elementData = class java.lang.Object[0]
      size = 0
      MAX_ARRAY_SIZE = 2147483639
      modCount = 0
      MAX_ARRAY_SIZE = 2147483639
    addedSessionAttrListeners = class java.util.ArrayList@3aefaf69
      serialVersionUID = 8683452581122892189
      DEFAULT_CAPACITY = 10
      EMPTY_ELEMENTDATA = class java.lang.Object[0]
      DEFAULTCAPACITY_EMPTY_ELEMENTDATA = class java.lang.Object[0]
      elementData = class java.lang.Object[0]
      size = 0
      MAX_ARRAY_SIZE = 2147483639
      modCount = 0
      MAX_ARRAY_SIZE = 2147483639
    servletContextListeners = class java.util.ArrayList@76fd36a
      serialVersionUID = 8683452581122892189
      DEFAULT_CAPACITY = 10
      EMPTY_ELEMENTDATA = class java.lang.Object[0]
      DEFAULTCAPACITY_EMPTY_ELEMENTDATA = class java.lang.Object[0]
      elementData = class java.lang.Object[10]
      size = 5
      MAX_ARRAY_SIZE = 2147483639
      modCount = 6
      MAX_ARRAY_SIZE = 2147483639
    servletContextLAttrListeners = class java.util.ArrayList@16f63316
      serialVersionUID = 8683452581122892189
      DEFAULT_CAPACITY = 10
      EMPTY_ELEMENTDATA = class java.lang.Object[0]
      DEFAULTCAPACITY_EMPTY_ELEMENTDATA = class java.lang.Object[0]
      elementData = class java.lang.Object[0]
      size = 0
      MAX_ARRAY_SIZE = 2147483639
      modCount = 1
      MAX_ARRAY_SIZE = 2147483639
    servletRequestListeners = class java.util.ArrayList@6eabe0e9
      serialVersionUID = 8683452581122892189
      DEFAULT_CAPACITY = 10
      EMPTY_ELEMENTDATA = class java.lang.Object[0]
      DEFAULTCAPACITY_EMPTY_ELEMENTDATA = class java.lang.Object[0]
      elementData = class java.lang.Object[10]
      size = 2
      MAX_ARRAY_SIZE = 2147483639
      modCount = 3
      MAX_ARRAY_SIZE = 2147483639
    servletRequestLAttrListeners = class java.util.ArrayList@29f89eb2
      serialVersionUID = 8683452581122892189
      DEFAULT_CAPACITY = 10
      EMPTY_ELEMENTDATA = class java.lang.Object[0]
      DEFAULTCAPACITY_EMPTY_ELEMENTDATA = class java.lang.Object[0]
      elementData = class java.lang.Object[0]
      size = 0
      MAX_ARRAY_SIZE = 2147483639
      modCount = 1
      MAX_ARRAY_SIZE = 2147483639
    prependSlashToResource = false
    destroyed = false
    webAppNameSpaceCollab = class com.ibm.ws.webcontainer.osgi.collaborator.WebAppNameSpaceCollaboratorImpl@36d672ae
    txCollab = class com.ibm.ws.transaction.services.WebAppTransactionCollaboratorImpl@387c32d6
    sessionActivationListeners = class java.util.ArrayList@50f5fc64
      serialVersionUID = 8683452581122892189
      DEFAULT_CAPACITY = 10
      EMPTY_ELEMENTDATA = class java.lang.Object[0]
      DEFAULTCAPACITY_EMPTY_ELEMENTDATA = class java.lang.Object[0]
      elementData = class java.lang.Object[0]
      size = 0
      MAX_ARRAY_SIZE = 2147483639
      modCount = 1
      MAX_ARRAY_SIZE = 2147483639
    sessionBindingListeners = class java.util.ArrayList@773c1bef
      serialVersionUID = 8683452581122892189
      DEFAULT_CAPACITY = 10
      EMPTY_ELEMENTDATA = class java.lang.Object[0]
      DEFAULTCAPACITY_EMPTY_ELEMENTDATA = class java.lang.Object[0]
      elementData = class java.lang.Object[0]
      size = 0
      MAX_ARRAY_SIZE = 2147483639
      modCount = 1
      MAX_ARRAY_SIZE = 2147483639
    scratchdir = null
    jspClassLoaderLimit = 0
    jspClassLoaderExclusionList = null
    jspClassLoadersMap = null
    jspClassLoaderLimitTrackIF = false
    defaultExtProc = null
    directoryBrowsingServlet = null
    cdiContexts = class java.util.concurrent.ConcurrentHashMap@46a10149
      serialVersionUID = 7249069246763182397
      MAXIMUM_CAPACITY = 1073741824
      DEFAULT_CAPACITY = 16
      MAX_ARRAY_SIZE = 2147483639
      DEFAULT_CONCURRENCY_LEVEL = 16
      LOAD_FACTOR = 0.75
      TREEIFY_THRESHOLD = 8
      UNTREEIFY_THRESHOLD = 6
      MIN_TREEIFY_CAPACITY = 64
      MIN_TRANSFER_STRIDE = 16
      RESIZE_STAMP_BITS = 16
      MAX_RESIZERS = 65535
      RESIZE_STAMP_SHIFT = 16
      MOVED = -1
      TREEBIN = -2
      RESERVED = -3
      HASH_BITS = 2147483647
      NCPU = 4
      serialPersistentFields = class java.io.ObjectStreamField[3]
      table = null
      nextTable = null
      baseCount = 0
      sizeCtl = 0
      transferIndex = 0
      cellsBusy = 0
      counterCells = null
      keySet = null
      values = null
      entrySet = null
      U = class sun.misc.Unsafe@294d898b
      SIZECTL = 20
      TRANSFERINDEX = 32
      BASECOUNT = 24
      CELLSBUSY = 36
      CELLVALUE = 144
      ABASE = 16
      ASHIFT = 2
      keySet = null
      values = null
    moduleConfig = class com.ibm.ws.webcontainer.osgi.container.DeployedModule@2bc11a21
      tc = class com.ibm.websphere.ras.TraceComponent@45a6f5ff
      loader = class com.ibm.ws.classloading.internal.ThreadContextClassLoader@cf5c4de
      webApp = class com.ibm.ws.webcontainer31.osgi.webapp.WebApp31@792be388
      webAppConfig = class com.ibm.ws.webcontainer.osgi.webapp.WebAppConfiguration@7aae2ba0
      contextRootAdded = null
      properContextRoot = "/webapi"
      mappingContextRoot = "/webapi/*"
      serialVersionUID = -2104814060051592457
      $$$tc$$$ = class com.ibm.websphere.ras.TraceComponent@4da58f35
    extensionFactories = class java.util.ArrayList@5428c5e1
      serialVersionUID = 8683452581122892189
      DEFAULT_CAPACITY = 10
      EMPTY_ELEMENTDATA = class java.lang.Object[0]
      DEFAULTCAPACITY_EMPTY_ELEMENTDATA = class java.lang.Object[0]
      elementData = class java.lang.Object[10]
      size = 4
      MAX_ARRAY_SIZE = 2147483639
      modCount = 9
      MAX_ARRAY_SIZE = 2147483639
    initialized = true
    lock = class com.ibm.ws.webcontainer.webapp.WebApp$1@43dc4fe8
      this$0 = class com.ibm.ws.webcontainer31.osgi.webapp.WebApp31@792be388
    afterServletContextCreated = false
    redirectContextRoot = false
    errorExceptionTypeFirst = false
    initFilterBeforeServletInit = false
    sortedServletConfigs = class java.util.ArrayList@db9a593
      serialVersionUID = 8683452581122892189
      DEFAULT_CAPACITY = 10
      EMPTY_ELEMENTDATA = class java.lang.Object[0]
      DEFAULTCAPACITY_EMPTY_ELEMENTDATA = class java.lang.Object[0]
      elementData = class java.lang.Object[10]
      size = 1
      MAX_ARRAY_SIZE = 2147483639
      modCount = 1
      MAX_ARRAY_SIZE = 2147483639
    effectiveMajorVersion = 3
    effectiveMinorVersion = 0
    canAddServletContextListener = true
    withinContextInitOfProgAddListener = false
    lastProgAddListenerInitialized = "com.ibm.ws.cache.CacheServiceImpl"
    webInfLibClassloader = null
    metaInfCache = class com.ibm.ws.webcontainer.webapp.WebApp$2@2e0ab617
      this$0 = class com.ibm.ws.webcontainer31.osgi.webapp.WebApp31@792be388
      serialVersionUID = 3801124242820219131
      head = null
      tail = null
      accessOrder = true
      serialVersionUID = 362498820763181265
      DEFAULT_INITIAL_CAPACITY = 16
      MAXIMUM_CAPACITY = 1073741824
      DEFAULT_LOAD_FACTOR = 0.75
      TREEIFY_THRESHOLD = 8
      UNTREEIFY_THRESHOLD = 6
      MIN_TREEIFY_CAPACITY = 64
      table = null
      entrySet = null
      size = 0
      modCount = 0
      threshold = 32
      loadFactor = 1.0
      keySet = null
      values = null
    useMetaInfCache = true
    SUN_CONFIGURE_LISTENER_CLASSNAME = "com.sun.faces.config.ConfigureListener"
    MYFACES_LIFECYCLE_LISTENER_CLASSNAME = "org.apache.myfaces.webapp.StartupServletContextListener"
    JSF_IMPL_ENABLED_PARAM = "com.ibm.ws.jsf.JSF_IMPL_ENABLED"
    JSF_IMPL_ENABLED_CUSTOM = "Custom"
    JSF_IMPL_ENABLED_NONE = "None"
    staticDocRoot = class com.ibm.ws.webcontainer.util.DocumentRootUtils@3c1f79fa
      logger = class com.ibm.ws.logging.internal.WsLogger@4ecac4af
      CLASS_NAME = "com.ibm.ws.webcontainer.util.DocumentRootUtils"
      useContentLength = false
      matchedFile = null
      matchedZipFile = null
      matchedEntry = null
      matchedURL = null
      edrRoot = null
      pfedrRoot = null
      ctxt = class com.ibm.ws.webcontainer31.osgi.webapp.WebApp31@792be388
      baseDir = null
      edr = null
      pfedr = null
      metaInfRes = null
      searchpfEDR = false
      searchEDR = false
      searchMetaInfRes = true
      matchFromEDR = false
      matchFromMetaInfRes = false
      matchIsADirectory = false
      appConfig = class com.ibm.ws.webcontainer.osgi.webapp.WebAppConfiguration@7aae2ba0
      attributeType = "staticFile"
      STATIC_FILE = "staticFile"
      JSP = "jsp"
      PFEDR = "preFragmentExtendedDocumentRoot"
      EDR = "extendedDocumentRoot"
    jspDocRoot = class com.ibm.ws.webcontainer.util.DocumentRootUtils@1d1dd29e
      logger = class com.ibm.ws.logging.internal.WsLogger@4ecac4af
      CLASS_NAME = "com.ibm.ws.webcontainer.util.DocumentRootUtils"
      useContentLength = false
      matchedFile = null
      matchedZipFile = null
      matchedEntry = null
      matchedURL = null
      edrRoot = null
      pfedrRoot = null
      ctxt = class com.ibm.ws.webcontainer31.osgi.webapp.WebApp31@792be388
      baseDir = null
      edr = null
      pfedr = null
      metaInfRes = null
      searchpfEDR = false
      searchEDR = false
      searchMetaInfRes = true
      matchFromEDR = false
      matchFromMetaInfRes = false
      matchIsADirectory = false
      appConfig = class com.ibm.ws.webcontainer.osgi.webapp.WebAppConfiguration@7aae2ba0
      attributeType = "jsp"
      STATIC_FILE = "staticFile"
      JSP = "jsp"
      PFEDR = "preFragmentExtendedDocumentRoot"
      EDR = "extendedDocumentRoot"
    container = class com.ibm.ws.adaptable.module.internal.AdaptableContainerImpl@90aaf70
      root = class com.ibm.ws.adaptable.module.internal.AdaptableContainerImpl@90aaf70
      rootOverlay = class com.ibm.ws.artifact.overlay.internal.DirectoryBasedOverlayContainerImpl@5e98c642
      factoryHolder = class com.ibm.ws.adaptable.module.internal.AdaptableModuleFactoryImpl@18c34f34
      delegate = class com.ibm.ws.artifact.overlay.internal.DirectoryBasedOverlayContainerImpl@5e98c642
      notifier = class com.ibm.ws.adaptable.module.internal.NotifierImpl@721ba79d
      serialVersionUID = -5621513278641113667
      $$$tc$$$ = class com.ibm.websphere.ras.TraceComponent@11d4881f
    metaInfResourceFinder = class com.ibm.ws.webcontainer.util.MetaInfResourceFinder@5dc86993
      jarResourceContainers = class java.util.ArrayList@490ff4a4
      container = class com.ibm.ws.adaptable.module.internal.AdaptableContainerImpl@90aaf70
    postConstructMethods = class com.ibm.ws.webcontainer.webapp.WebApp$AnnotatedMethods@2609c633
      annotationClass = class java.lang.Class@229dcf63
      noOpClassNames = class java.util.HashSet@5feba493
      annotatedMethodNames = class java.util.concurrent.ConcurrentHashMap@2473b91
      EMPTY_METHODS = class java.lang.reflect.Method[0]
    preDestroyMethods = class com.ibm.ws.webcontainer.webapp.WebApp$AnnotatedMethods@611eaba1
      annotationClass = class java.lang.Class@27a689fc
      noOpClassNames = class java.util.HashSet@57c27550
      annotatedMethodNames = class java.util.concurrent.ConcurrentHashMap@124c2880
      EMPTY_METHODS = class java.lang.reflect.Method[0]
    upgraded = false
    OBJ_EMPTY = class java.lang.Object[0]
    CLASS_EMPTY = class java.lang.Class[0]
    DEFAULT_JSP_EXTENSIONS = class java.util.ArrayList@12e40c3e
      serialVersionUID = 8683452581122892189
      DEFAULT_CAPACITY = 10
      EMPTY_ELEMENTDATA = class java.lang.Object[0]
      DEFAULTCAPACITY_EMPTY_ELEMENTDATA = class java.lang.Object[0]
      elementData = class java.lang.Object[10]
      size = 4
      MAX_ARRAY_SIZE = 2147483639
      modCount = 4
      MAX_ARRAY_SIZE = 2147483639
    DEFER_SERVLET_REQUEST_LISTENER_DESTROY_ON_ERROR = false
    DO_ACCEPT_PARTIAL = true
    DO_NOT_ACCEPT_PARTIAL = false
    DO_ACCEPT_EXCLUDED = true
    DO_NOT_ACCEPT_EXCLUDED = false
    commands = class java.util.ArrayList@642e0cf2
      serialVersionUID = 8683452581122892189
      DEFAULT_CAPACITY = 10
      EMPTY_ELEMENTDATA = class java.lang.Object[0]
      DEFAULTCAPACITY_EMPTY_ELEMENTDATA = class java.lang.Object[0]
      elementData = class java.lang.Object[3]
      size = 0
      MAX_ARRAY_SIZE = 2147483639
      modCount = 0
      MAX_ARRAY_SIZE = 2147483639
    requestMapper = class com.ibm.wsspi.webcontainer.util.URIMapper@70f9e075
      matcher = class com.ibm.wsspi.webcontainer.util.URIMatcher@383887a6
    parent = class com.ibm.ws.webcontainer.osgi.webapp.WebGroup@424e87a8
      tc = class com.ibm.websphere.ras.TraceComponent@166d4752
      logger = class com.ibm.ws.logging.internal.WsLogger@7e514e1c
      CLASS_NAME = "com.ibm.ws.webcontainer.webapp.WebGroup"
      sessUrlRewritePrefix = ";jsessionid="
      qMark = "?"
      config = class com.ibm.ws.webcontainer.osgi.webapp.WebGroupConfiguration@e873331
      webApp = class com.ibm.ws.webcontainer31.osgi.webapp.WebApp31@792be388
      commands = class java.util.ArrayList@2c112644
      requestMapper = null
      parent = class com.ibm.ws.webcontainer.osgi.DynamicVirtualHost@3b54505d
      name = "/webapi/*"
      isAlive = true
      subElements = class java.util.HashMap@41c5418b
      attributes = null
      config = null
      serialVersionUID = -8271459000149267764
      $$$tc$$$ = class com.ibm.websphere.ras.TraceComponent@6dced1bc
    name = "org.tec.datos1.messenger.webapi"
    isAlive = true
    subElements = null
    attributes = class java.util.concurrent.ConcurrentHashMap@294a0056
      serialVersionUID = 7249069246763182397
      MAXIMUM_CAPACITY = 1073741824
      DEFAULT_CAPACITY = 16
      MAX_ARRAY_SIZE = 2147483639
      DEFAULT_CONCURRENCY_LEVEL = 16
      LOAD_FACTOR = 0.75
      TREEIFY_THRESHOLD = 8
      UNTREEIFY_THRESHOLD = 6
      MIN_TREEIFY_CAPACITY = 64
      MIN_TRANSFER_STRIDE = 16
      RESIZE_STAMP_BITS = 16
      MAX_RESIZERS = 65535
      RESIZE_STAMP_SHIFT = 16
      MOVED = -1
      TREEBIN = -2
      RESERVED = -3
      HASH_BITS = 2147483647
      NCPU = 4
      serialPersistentFields = class java.io.ObjectStreamField[3]
      table = class java.util.concurrent.ConcurrentHashMap$Node[32]
      nextTable = null
      baseCount = 20
      sizeCtl = 24
      transferIndex = 0
      cellsBusy = 0
      counterCells = null
      keySet = null
      values = null
      entrySet = class java.util.concurrent.ConcurrentHashMap$EntrySetView@238e1a1
      U = class sun.misc.Unsafe@294d898b
      SIZECTL = 20
      TRANSFERINDEX = 32
      BASECOUNT = 24
      CELLSBUSY = 36
      CELLVALUE = 144
      ABASE = 16
      ASHIFT = 2
      keySet = null
      values = null
    config = null
    serialVersionUID = -8271459000149267764
    $$$tc$$$ = class com.ibm.websphere.ras.TraceComponent@6dced1bc
      strings[0] = "TraceComponent[com.ibm.ws.container.AbstractContainer,class com.ibm.ws.container.AbstractContainer,[],null,null]"
  target = class org.glassfish.jersey.servlet.ServletContainer@1d2913b6
    serialVersionUID = 3932047066686065219
    LOGGER = class org.glassfish.jersey.internal.util.ExtendedLogger@66a83aa2
      logger = class com.ibm.ws.logging.internal.WsLogger@4287ceb6
      debugLevel = class java.util.logging.Level@5cfe2b52
    filterConfig = null
    webComponent = null
    resourceConfig = null
    staticContentPattern = null
    filterContextPath = null
    filterUrlMappings = null
    containerListener = null
    METHOD_DELETE = "DELETE"
    METHOD_HEAD = "HEAD"
    METHOD_GET = "GET"
    METHOD_OPTIONS = "OPTIONS"
    METHOD_POST = "POST"
    METHOD_PUT = "PUT"
    METHOD_TRACE = "TRACE"
    HEADER_IFMODSINCE = "If-Modified-Since"
    HEADER_LASTMOD = "Last-Modified"
    LSTRING_FILE = "javax.servlet.http.LocalStrings"
    lStrings = class java.util.PropertyResourceBundle@8c5c0d0
      lookup = class java.util.HashMap@cb769d3
      INITIAL_CACHE_SIZE = 32
      NONEXISTENT_BUNDLE = class java.util.ResourceBundle$1@783b3cb6
      cacheList = class java.util.concurrent.ConcurrentHashMap@5edea021
      referenceQueue = class java.lang.ref.ReferenceQueue@37fd91e7
      parent = class java.util.PropertyResourceBundle@46cb1c7b
      locale = class java.util.Locale@220f37fe
      name = "javax.servlet.http.LocalStrings"
      expired = false
      cacheKey = class java.util.ResourceBundle$CacheKey@3e3b37e8
      keySet = null
      providers = null
      $assertionsDisabled = true
    LSTRING_FILE = "javax.servlet.LocalStrings"
    lStrings = class java.util.PropertyResourceBundle@39057f3a
    config = class com.ibm.ws.webcontainer.servlet.ServletConfig@6e313965
  cacheWrappers = null
  targetLoader = class com.ibm.ws.classloading.internal.ThreadContextClassLoader@cf5c4de
    tc = class com.ibm.websphere.ras.TraceComponent@6d6ecccc
      strings[0] = "TraceComponent[com.ibm.ws.classloading.internal.ThreadContextClassLoader,class com.ibm.ws.classloading.internal.ThreadContextClassLoader,[ClassLoadingService],com.ibm.ws.classloading.internal.resources.ClassLoadingServiceMessages,null]"
    bundle = class java.util.concurrent.atomic.AtomicReference@4c7839f3
      serialVersionUID = -1848883965231344442
      unsafe = class sun.misc.Unsafe@294d898b
      valueOffset = 12
      value = class org.eclipse.osgi.internal.framework.EquinoxBundle@357d6a47
    key = "WebModule:org.tec.datos1.messenger.webapi#org.tec.datos1.messenger.webapi.war"
    refCount = class java.util.concurrent.atomic.AtomicInteger@80ac3f4
      serialVersionUID = 6214790243416807050
      unsafe = class sun.misc.Unsafe@294d898b
      valueOffset = 12
      value = 3
      serialVersionUID = -8742448824652078965
    appLoader = class com.ibm.ws.classloading.internal.AppClassLoader@2ccbae44
    clSvc = class com.ibm.ws.classloading.internal.ClassLoadingServiceImpl@2b84febf
      tc = class com.ibm.websphere.ras.TraceComponent@7228050d
      leakDetectionMap = class java.util.HashMap@4ada4a9d
      TCCL_LOCK_WAIT = 15000
      REFERENCE_GENERATORS = "generators"
      bundleContext = class org.eclipse.osgi.internal.framework.BundleContextImpl@7d8a9cdb
      aclStore = class com.ibm.ws.classloading.internal.util.CanonicalStore@f02e771
      tcclStore = class com.ibm.ws.classloading.internal.util.CanonicalStore@d4f153e
      tcclStoreLock = class java.util.concurrent.locks.ReentrantLock@366f2cb5
      digraph = class org.eclipse.equinox.internal.region.StandardRegionDigraph@2e790647
      redefiner = class com.ibm.ws.classloading.internal.util.ClassRedefiner@36584596
      listener = class com.ibm.ws.classloading.internal.ClassLoadingServiceImpl$1@434b5086
      classloaders = class java.util.Collections$SynchronizedMap@c0ed6de
      resourceProviders = class com.ibm.ws.classloading.internal.CompositeResourceProvider@6a23a226
      rememberedBundles = class java.util.concurrent.ConcurrentHashMap@1e232e01
      collectedBundles = class java.lang.ref.ReferenceQueue@7f58223
      generatorRefs = class com.ibm.wsspi.kernel.service.utils.ConcurrentServiceReferenceSet@7d371c25
      generatorManager = class com.ibm.ws.classloading.internal.ClassGeneratorManager@a72b337
      metaInfServicesProviders = class java.util.concurrent.ConcurrentHashMap@d26c75e
      metaInfServicesRefs = class com.ibm.wsspi.kernel.service.utils.ConcurrentServiceReferenceMap@2669b843
      protectionDomainMap = class java.util.HashMap@637a4e9f
      metadataIdentifierService = class com.ibm.ws.container.service.metadata.internal.MetaDataServiceImpl@43616336
      serialVersionUID = 4744076773827852552
    serialVersionUID = 846416563800781557
    followOnClassLoaders = class java.util.ArrayList@9980489
      serialVersionUID = 8683452581122892189
      DEFAULT_CAPACITY = 10
      EMPTY_ELEMENTDATA = class java.lang.Object[0]
      DEFAULTCAPACITY_EMPTY_ELEMENTDATA = class java.lang.Object[0]
      elementData = class java.lang.Object[10]
      size = 1
      MAX_ARRAY_SIZE = 2147483639
      modCount = 1
      MAX_ARRAY_SIZE = 2147483639
    serialVersionUID = -5107316606107305512
    $$$tc$$$ = class com.ibm.websphere.ras.TraceComponent@55595b02
      strings[0] = "TraceComponent[com.ibm.ws.classloading.internal.UnifiedClassLoader,class com.ibm.ws.classloading.internal.UnifiedClassLoader,[ClassLoadingService],com.ibm.ws.classloading.internal.resources.ClassLoadingServiceMessages,null]"
    serialVersionUID = -4868702105808481416
    $$$tc$$$ = class com.ibm.websphere.ras.TraceComponent@3bbfec5c
      strings[0] = "TraceComponent[com.ibm.ws.classloading.internal.LibertyLoader,class com.ibm.ws.classloading.internal.LibertyLoader,[ClassLoadingService],com.ibm.ws.classloading.internal.resources.ClassLoadingServiceMessages,null]"
    serialVersionUID = 2596921220292114344
    $$$tc$$$ = class com.ibm.websphere.ras.TraceComponent@1cdab298
      strings[0] = "TraceComponent[com.ibm.ws.classloading.LibertyClassLoader,class com.ibm.ws.classloading.LibertyClassLoader,[ClassLoadingService],com.ibm.ws.classloading.internal.resources.ClassLoadingServiceMessages,null]"
    initialized = true
    pdcache = class java.util.HashMap@4f0acf2e
      serialVersionUID = 362498820763181265
      DEFAULT_INITIAL_CAPACITY = 16
      MAXIMUM_CAPACITY = 1073741824
      DEFAULT_LOAD_FACTOR = 0.75
      TREEIFY_THRESHOLD = 8
      UNTREEIFY_THRESHOLD = 6
      MIN_TREEIFY_CAPACITY = 64
      table = null
      entrySet = null
      size = 0
      modCount = 0
      threshold = 16
      loadFactor = 0.75
      keySet = null
      values = null
    debug = null
    parent = class com.ibm.ws.classloading.internal.GatewayClassLoader@7fb295f
      config = class com.ibm.ws.classloading.internal.GatewayConfigurationImpl@14c9b809
      wiringMonitor = class com.ibm.ws.classloading.internal.GatewayClassLoader$1@1cd285ca
      bundle = class org.eclipse.osgi.internal.framework.EquinoxBundle@357d6a47
      wiring = class org.eclipse.osgi.container.ModuleWiring@763652c2
      bundleLoader = class org.eclipse.osgi.internal.loader.EquinoxClassLoader@302e1d9f
      resourceProviders = class com.ibm.ws.classloading.internal.CompositeResourceProvider@6a23a226
      serialVersionUID = -4256474098847905153
      $$$tc$$$ = class com.ibm.websphere.ras.TraceComponent@3dbee99a
      parent = class sun.misc.Launcher$AppClassLoader@18b4aac2
      parallelLockMap = null
      package2certs = class java.util.Hashtable@697ee263
      nocerts = class java.security.cert.Certificate[0]
      classes = class java.util.Vector@618ac653
      defaultDomain = class java.security.ProtectionDomain@25ee28e2
      domains = class java.util.HashSet@656c1b25
      packages = class java.util.HashMap@7b9f9011
      scl = class sun.misc.Launcher$AppClassLoader@18b4aac2
      sclSet = true
      loadedLibraryNames = class java.util.Vector@216929a
      systemNativeLibraries = class java.util.Vector@1d6fc9d9
      nativeLibraries = class java.util.Vector@4c10796f
      nativeLibraryContext = class java.util.Stack@67166684
      usr_paths = class java.lang.String[6]
      sys_paths = class java.lang.String[1]
      assertionLock = class com.ibm.ws.classloading.internal.GatewayClassLoader@7fb295f
      defaultAssertionStatus = false
      packageAssertionStatus = null
      classAssertionStatus = null
    parallelLockMap = null
    package2certs = class java.util.Hashtable@67f360a
      table = class java.util.Hashtable$Entry[11]
      count = 0
      threshold = 8
      loadFactor = 0.75
      modCount = 0
      serialVersionUID = 1421746759512286392
      MAX_ARRAY_SIZE = 2147483639
      keySet = null
      entrySet = null
      values = null
      KEYS = 0
      VALUES = 1
      ENTRIES = 2
    nocerts = class java.security.cert.Certificate[0]
    classes = class java.util.Vector@4af9f7f3
      elementData = class java.lang.Object[10]
      elementCount = 0
      capacityIncrement = 0
      serialVersionUID = -2767605614048989439
      MAX_ARRAY_SIZE = 2147483639
      modCount = 0
      MAX_ARRAY_SIZE = 2147483639
    defaultDomain = class java.security.ProtectionDomain@618fdd3c
      codesource = class java.security.CodeSource@5448721c
      classloader = class com.ibm.ws.classloading.internal.ThreadContextClassLoader@cf5c4de
      principals = interface java.security.Principal[0]
      permissions = null
      hasAllPerm = false
      staticPermissions = false
      key = class java.security.ProtectionDomain$Key@65b8391b
      debug = null
    domains = class java.util.HashSet@78e51d9c
      serialVersionUID = -5024744406713321676
      map = class java.util.HashMap@6fd89f8
      PRESENT = class java.lang.Object@3217182f
      MAX_ARRAY_SIZE = 2147483639
    packages = class java.util.HashMap@755bbec
      serialVersionUID = 362498820763181265
      DEFAULT_INITIAL_CAPACITY = 16
      MAXIMUM_CAPACITY = 1073741824
      DEFAULT_LOAD_FACTOR = 0.75
      TREEIFY_THRESHOLD = 8
      UNTREEIFY_THRESHOLD = 6
      MIN_TREEIFY_CAPACITY = 64
      table = null
      entrySet = null
      size = 0
      modCount = 0
      threshold = 0
      loadFactor = 0.75
      keySet = null
      values = null
    scl = class sun.misc.Launcher$AppClassLoader@18b4aac2
      ucp = class sun.misc.URLClassPath@6e5a5d47
      $assertionsDisabled = true
      ucp = class sun.misc.URLClassPath@6e5a5d47
      acc = class java.security.AccessControlContext@4fede1f
      closeables = class java.util.WeakHashMap@47a114b
      initialized = true
      pdcache = class java.util.HashMap@1bee0ab
      debug = null
      parent = class sun.misc.Launcher$ExtClassLoader@3f4540ef
      parallelLockMap = class java.util.concurrent.ConcurrentHashMap@3db225be
      package2certs = class java.util.concurrent.ConcurrentHashMap@4fce0a31
      nocerts = class java.security.cert.Certificate[0]
      classes = class java.util.Vector@1beabaca
      defaultDomain = class java.security.ProtectionDomain@6d27aaa4
      domains = class java.util.Collections$SynchronizedSet@4114fd6b
      packages = class java.util.HashMap@7eb4e8fa
      scl = class sun.misc.Launcher$AppClassLoader@18b4aac2
      sclSet = true
      loadedLibraryNames = class java.util.Vector@216929a
      systemNativeLibraries = class java.util.Vector@1d6fc9d9
      nativeLibraries = class java.util.Vector@3046310c
      nativeLibraryContext = class java.util.Stack@67166684
      usr_paths = class java.lang.String[6]
      sys_paths = class java.lang.String[1]
      assertionLock = class java.lang.Object@60e4df2a
      defaultAssertionStatus = false
      packageAssertionStatus = null
      classAssertionStatus = null
    sclSet = true
    loadedLibraryNames = class java.util.Vector@216929a
      elementData = class java.lang.Object[10]
      elementCount = 6
      capacityIncrement = 0
      serialVersionUID = -2767605614048989439
      MAX_ARRAY_SIZE = 2147483639
      modCount = 6
      MAX_ARRAY_SIZE = 2147483639
    systemNativeLibraries = class java.util.Vector@1d6fc9d9
      elementData = class java.lang.Object[10]
      elementCount = 5
      capacityIncrement = 0
      serialVersionUID = -2767605614048989439
      MAX_ARRAY_SIZE = 2147483639
      modCount = 5
      MAX_ARRAY_SIZE = 2147483639
    nativeLibraries = class java.util.Vector@4d363e15
      elementData = class java.lang.Object[10]
      elementCount = 0
      capacityIncrement = 0
      serialVersionUID = -2767605614048989439
      MAX_ARRAY_SIZE = 2147483639
      modCount = 0
      MAX_ARRAY_SIZE = 2147483639
    nativeLibraryContext = class java.util.Stack@67166684
      serialVersionUID = 1224463164541339165
      elementData = class java.lang.Object[10]
      elementCount = 0
      capacityIncrement = 0
      serialVersionUID = -2767605614048989439
      MAX_ARRAY_SIZE = 2147483639
      modCount = 12
      MAX_ARRAY_SIZE = 2147483639
    usr_paths = class java.lang.String[6]
      usr_paths[0] = "/Users/Jai/Library/Java/Extensions"
      usr_paths[1] = "/Library/Java/Extensions"
      usr_paths[2] = "/Network/Library/Java/Extensions"
      usr_paths[3] = "/System/Library/Java/Extensions"
      usr_paths[4] = "/usr/lib/java"
      usr_paths[5] = "."
    sys_paths = class java.lang.String[1]
      sys_paths[0] = "/Library/Java/JavaVirtualMachines/jdk1.8.0_144.jdk/Contents/Home/jre/lib"
    assertionLock = class com.ibm.ws.classloading.internal.ThreadContextClassLoader@cf5c4de
    defaultAssertionStatus = false
    packageAssertionStatus = null
    classAssertionStatus = null
  evtSource = class com.ibm.ws.webcontainer.webapp.WebAppEventSource@1d3262c0
    _invocationListeners = class com.ibm.ws.webcontainer.util.EventListeners@5e9f1535
      EMPTY_LISTENERS = interface java.util.EventListener[0]
      logger = class com.ibm.ws.logging.internal.WsLogger@4ecac4af
      CLASS_NAME = "com.ibm.ws.webcontainer.util.EventListeners"
      listeners = interface java.util.EventListener[0]
    _servletListeners = class com.ibm.ws.webcontainer.util.EventListeners@684b6c24
      EMPTY_LISTENERS = interface java.util.EventListener[0]
      logger = class com.ibm.ws.logging.internal.WsLogger@4ecac4af
      CLASS_NAME = "com.ibm.ws.webcontainer.util.EventListeners"
      listeners = interface java.util.EventListener[0]
    _errorListeners = class com.ibm.ws.webcontainer.util.EventListeners@703db10e
      EMPTY_LISTENERS = interface java.util.EventListener[0]
      logger = class com.ibm.ws.logging.internal.WsLogger@4ecac4af
      CLASS_NAME = "com.ibm.ws.webcontainer.util.EventListeners"
      listeners = interface java.util.EventListener[0]
    _applicationListeners = class com.ibm.ws.webcontainer.util.EventListeners@f32c416
      EMPTY_LISTENERS = interface java.util.EventListener[0]
      logger = class com.ibm.ws.logging.internal.WsLogger@4ecac4af
      CLASS_NAME = "com.ibm.ws.webcontainer.util.EventListeners"
      listeners = interface java.util.EventListener[0]
    _filterInvocationListeners = class com.ibm.ws.webcontainer.util.EventListeners@29224e78
      EMPTY_LISTENERS = interface java.util.EventListener[0]
      logger = class com.ibm.ws.logging.internal.WsLogger@4ecac4af
      CLASS_NAME = "com.ibm.ws.webcontainer.util.EventListeners"
      listeners = interface java.util.EventListener[0]
    _filterListeners = class com.ibm.ws.webcontainer.util.EventListeners@1abb2d34
      EMPTY_LISTENERS = interface java.util.EventListener[0]
      logger = class com.ibm.ws.logging.internal.WsLogger@4ecac4af
      CLASS_NAME = "com.ibm.ws.webcontainer.util.EventListeners"
      listeners = interface java.util.EventListener[0]
    _filterErrorListeners = class com.ibm.ws.webcontainer.util.EventListeners@7134aac
      EMPTY_LISTENERS = interface java.util.EventListener[0]
      logger = class com.ibm.ws.logging.internal.WsLogger@4ecac4af
      CLASS_NAME = "com.ibm.ws.webcontainer.util.EventListeners"
      listeners = interface java.util.EventListener[0]
  event = class com.ibm.websphere.servlet.event.ServletEvent@432264ea
    serialVersionUID = 3906650803920713522
    _servletName = "RESTful Jersey Servlet"
    _servletClassName = "org.glassfish.jersey.servlet.ServletContainer"
    $$$tc$$$ = class com.ibm.websphere.ras.TraceComponent@40f077c0
      strings[0] = "TraceComponent[com.ibm.websphere.servlet.event.ServletEvent,class com.ibm.websphere.servlet.event.ServletEvent,[],null,null]"
    serialVersionUID = 3546927969739289392
    _context = class com.ibm.ws.webcontainer31.facade.ServletContextFacade31@2df5f314
    _servletNames = class com.ibm.ws.webcontainer.util.EmptyEnumeration@1c357ec9
      serialVersionUID = 3546642126931963953
      _instance = class com.ibm.ws.webcontainer.util.EmptyEnumeration@1c357ec9
    $$$tc$$$ = class com.ibm.websphere.ras.TraceComponent@1ad34af7
      strings[0] = "TraceComponent[com.ibm.websphere.servlet.event.ApplicationEvent,class com.ibm.websphere.servlet.event.ApplicationEvent,[],null,null]"
    serialVersionUID = 5516075349620653480
    source = class com.ibm.ws.webcontainer.osgi.servlet.ServletWrapper@36d5e8cb
  unavailableMessage = null
  unavailableUntil = -1
  isSTM = false
  internalServlet = false
  webAppInvocationCollaborators = null
  platformHelper = class com.ibm.ws.webcontainer.PlatformHelper@51cb83e3
  webAppNameSpaceCollab = class com.ibm.ws.webcontainer.osgi.collaborator.WebAppNameSpaceCollaboratorImpl@36d672ae
    cmdai = class com.ibm.ws.threadContext.ComponentMetaDataAccessorImpl@79fdc46a
      tc = class com.ibm.websphere.ras.TraceComponent@3ce51e5
      cmdai = class com.ibm.ws.threadContext.ComponentMetaDataAccessorImpl@79fdc46a
      threadContext = class com.ibm.ws.threadContext.ThreadContextImpl@a5c0a58
      defaultCMD = null
  txCollab = class com.ibm.ws.transaction.services.WebAppTransactionCollaboratorImpl@387c32d6
    tc = class com.ibm.websphere.ras.TraceComponent@863a275
      strings[0] = "TraceComponent[com.ibm.ws.transaction.services.WebAppTransactionCollaboratorImpl,class com.ibm.ws.transaction.services.WebAppTransactionCollaboratorImpl,[transaction],com.ibm.ws.transaction.services.TransactionMessages,null]"
    ltCurrentRef = class com.ibm.wsspi.kernel.service.utils.AtomicServiceReference@4fe86be8
      referenceName = "ltCurrent"
      tuple = class java.util.concurrent.atomic.AtomicReference@69c5a1a6
      serialVersionUID = 2226592364007985000
      $$$tc$$$ = class com.ibm.websphere.ras.TraceComponent@7994840b
    tranMgrRef = class com.ibm.wsspi.kernel.service.utils.AtomicServiceReference@789c87ea
      referenceName = "tranMgr"
      tuple = class java.util.concurrent.atomic.AtomicReference@3f0748df
      serialVersionUID = 2226592364007985000
      $$$tc$$$ = class com.ibm.websphere.ras.TraceComponent@7994840b
    userTranRef = class com.ibm.wsspi.kernel.service.utils.AtomicServiceReference@247cba95
      referenceName = "userTran"
      tuple = class java.util.concurrent.atomic.AtomicReference@1980ff88
      serialVersionUID = 2226592364007985000
      $$$tc$$$ = class com.ibm.websphere.ras.TraceComponent@7994840b
    uowCallbackRef = class com.ibm.wsspi.kernel.service.utils.AtomicServiceReference@9e3a032
      referenceName = "uowCallback"
      tuple = class java.util.concurrent.atomic.AtomicReference@531d18b2
      serialVersionUID = 2226592364007985000
      $$$tc$$$ = class com.ibm.websphere.ras.TraceComponent@7994840b
    serialVersionUID = -8319003162899973281
  connCollab = class com.ibm.ws.webcontainer.collaborator.ConnectionCollaborator@68291407
  suppressServletExceptionLogging = false
  throwExceptionEnum = class java.util.RegularEnumSet@6570467a
    serialVersionUID = 3411599620347842686
    elements = 256
    elementType = class java.lang.Class@3b8b2b9e
      ANNOTATION = 8192
      ENUM = 16384
      SYNTHETIC = 4096
      cachedConstructor = null
      newInstanceCallerCache = null
      name = "com.ibm.wsspi.webcontainer.collaborator.CollaboratorInvocationEnum"
      allPermDomain = class java.security.ProtectionDomain@1570cbc0
      useCaches = true
      reflectionData = class java.lang.ref.SoftReference@377a6b4f
      classRedefinedCount = 0
      genericInfo = null
      serialVersionUID = 3206093459760846163
      serialPersistentFields = class java.io.ObjectStreamField[0]
      reflectionFactory = class sun.reflect.ReflectionFactory@670f74fb
      initted = true
      enumConstants = class com.ibm.wsspi.webcontainer.collaborator.CollaboratorInvocationEnum[9]
      enumConstantDirectory = null
      annotationData = null
      annotationType = null
      classValueMap = null
    universe = class com.ibm.wsspi.webcontainer.collaborator.CollaboratorInvocationEnum[9]
      universe[0] = class com.ibm.wsspi.webcontainer.collaborator.CollaboratorInvocationEnum@3cc6fd09
      universe[1] = class com.ibm.wsspi.webcontainer.collaborator.CollaboratorInvocationEnum@e3e745f
      universe[2] = class com.ibm.wsspi.webcontainer.collaborator.CollaboratorInvocationEnum@55e8e044
      universe[3] = class com.ibm.wsspi.webcontainer.collaborator.CollaboratorInvocationEnum@152ae32d
      universe[4] = class com.ibm.wsspi.webcontainer.collaborator.CollaboratorInvocationEnum@1e8f6a34
      universe[5] = class com.ibm.wsspi.webcontainer.collaborator.CollaboratorInvocationEnum@63ee7936
      universe[6] = class com.ibm.wsspi.webcontainer.collaborator.CollaboratorInvocationEnum@71964fcf
      universe[7] = class com.ibm.wsspi.webcontainer.collaborator.CollaboratorInvocationEnum@3367f95b
      universe[8] = class com.ibm.wsspi.webcontainer.collaborator.CollaboratorInvocationEnum@56dcfbc9
    ZERO_LENGTH_ENUM_ARRAY = class java.lang.Enum[0]
    MAX_ARRAY_SIZE = 2147483639
  discernUnavailableServlet = false
  reInitServletonInitUnavailableException = true
  destroyServletonServiceUnavailableException = false
  servlet23 = true
  PARAMS_HEAD_TRACE = class java.lang.Class[2]
    PARAMS_HEAD_TRACE[0] = class java.lang.Class@7a1dc925
      ANNOTATION = 8192
      ENUM = 16384
      SYNTHETIC = 4096
      cachedConstructor = null
      newInstanceCallerCache = null
      name = "javax.servlet.http.HttpServletRequest"
      allPermDomain = class java.security.ProtectionDomain@1570cbc0
      useCaches = true
      reflectionData = class java.lang.ref.SoftReference@34dd258a
      classRedefinedCount = 0
      genericInfo = class sun.reflect.generics.repository.ClassRepository@7df6b470
      serialVersionUID = 3206093459760846163
      serialPersistentFields = class java.io.ObjectStreamField[0]
      reflectionFactory = class sun.reflect.ReflectionFactory@670f74fb
      initted = true
      enumConstants = null
      enumConstantDirectory = null
      annotationData = null
      annotationType = null
      classValueMap = null
    PARAMS_HEAD_TRACE[1] = class java.lang.Class@81f79fb
      ANNOTATION = 8192
      ENUM = 16384
      SYNTHETIC = 4096
      cachedConstructor = null
      newInstanceCallerCache = null
      name = "javax.servlet.http.HttpServletResponse"
      allPermDomain = class java.security.ProtectionDomain@1570cbc0
      useCaches = true
      reflectionData = null
      classRedefinedCount = 0
      genericInfo = null
      serialVersionUID = 3206093459760846163
      serialPersistentFields = class java.io.ObjectStreamField[0]
      reflectionFactory = class sun.reflect.ReflectionFactory@670f74fb
      initted = true
      enumConstants = null
      enumConstantDirectory = null
      annotationData = null
      annotationType = null
      classValueMap = null
  defaultHeadMethodInUse = false
  defaultTraceMethodInUse = false
  checkedForDefaultMethods = null
  defaultTraceRequestBehavior = false
  defaultHeadRequestBehavior = false
  useOriginalRequestState = false
  warningStatusSet = false
  LSTRING_FILE = "javax.servlet.LocalStrings"
  lStrings = class java.util.PropertyResourceBundle@39057f3a
    lookup = class java.util.HashMap@5f6170d2
      serialVersionUID = 362498820763181265
      DEFAULT_INITIAL_CAPACITY = 16
      MAXIMUM_CAPACITY = 1073741824
      DEFAULT_LOAD_FACTOR = 0.75
      TREEIFY_THRESHOLD = 8
      UNTREEIFY_THRESHOLD = 6
      MIN_TREEIFY_CAPACITY = 64
      table = class java.util.HashMap$Node[8]
      entrySet = null
      size = 4
      modCount = 4
      threshold = 6
      loadFactor = 0.75
      keySet = null
      values = null
    INITIAL_CACHE_SIZE = 32
    NONEXISTENT_BUNDLE = class java.util.ResourceBundle$1@783b3cb6
      INITIAL_CACHE_SIZE = 32
      NONEXISTENT_BUNDLE = class java.util.ResourceBundle$1@783b3cb6
      cacheList = class java.util.concurrent.ConcurrentHashMap@5edea021
      referenceQueue = class java.lang.ref.ReferenceQueue@37fd91e7
      parent = null
      locale = null
      name = null
      expired = false
      cacheKey = class java.util.ResourceBundle$CacheKey@434944e
      keySet = null
      providers = null
      $assertionsDisabled = true
    cacheList = class java.util.concurrent.ConcurrentHashMap@5edea021
      serialVersionUID = 7249069246763182397
      MAXIMUM_CAPACITY = 1073741824
      DEFAULT_CAPACITY = 16
      MAX_ARRAY_SIZE = 2147483639
      DEFAULT_CONCURRENCY_LEVEL = 16
      LOAD_FACTOR = 0.75
      TREEIFY_THRESHOLD = 8
      UNTREEIFY_THRESHOLD = 6
      MIN_TREEIFY_CAPACITY = 64
      MIN_TRANSFER_STRIDE = 16
      RESIZE_STAMP_BITS = 16
      MAX_RESIZERS = 65535
      RESIZE_STAMP_SHIFT = 16
      MOVED = -1
      TREEBIN = -2
      RESERVED = -3
      HASH_BITS = 2147483647
      NCPU = 4
      serialPersistentFields = class java.io.ObjectStreamField[3]
      table = class java.util.concurrent.ConcurrentHashMap$Node[256]
      nextTable = null
      baseCount = 141
      sizeCtl = 192
      transferIndex = 0
      cellsBusy = 0
      counterCells = null
      keySet = null
      values = null
      entrySet = null
      U = class sun.misc.Unsafe@294d898b
      SIZECTL = 20
      TRANSFERINDEX = 32
      BASECOUNT = 24
      CELLSBUSY = 36
      CELLVALUE = 144
      ABASE = 16
      ASHIFT = 2
      keySet = null
      values = null
    referenceQueue = class java.lang.ref.ReferenceQueue@37fd91e7
      NULL = class java.lang.ref.ReferenceQueue$Null@17c3c59c
      ENQUEUED = class java.lang.ref.ReferenceQueue$Null@4c28a05d
      lock = class java.lang.ref.ReferenceQueue$Lock@2bcb4a47
      head = null
      queueLength = 0
      $assertionsDisabled = true
    parent = null
    locale = class java.util.Locale@63ce802a
      LOCALECACHE = class java.util.Locale$Cache@412b948f
      ENGLISH = class java.util.Locale@1edb906c
      FRENCH = class java.util.Locale@1de28f14
      GERMAN = class java.util.Locale@1891a954
      ITALIAN = class java.util.Locale@583d925
      JAPANESE = class java.util.Locale@47997109
      KOREAN = class java.util.Locale@4e0accc1
      CHINESE = class java.util.Locale@5bc4175d
      SIMPLIFIED_CHINESE = class java.util.Locale@4095a7f1
      TRADITIONAL_CHINESE = class java.util.Locale@4c0887d3
      FRANCE = class java.util.Locale@547c3657
      GERMANY = class java.util.Locale@2f79ad7a
      ITALY = class java.util.Locale@423e3d4b
      JAPAN = class java.util.Locale@4a801cc0
      KOREA = class java.util.Locale@7f7b4549
      CHINA = class java.util.Locale@4095a7f1
      PRC = class java.util.Locale@4095a7f1
      TAIWAN = class java.util.Locale@4c0887d3
      UK = class java.util.Locale@1d0b35a1
      US = class java.util.Locale@2e6c972e
      CANADA = class java.util.Locale@64c0e83f
      CANADA_FRENCH = class java.util.Locale@41b4a8e3
      ROOT = class java.util.Locale@63ce802a
      PRIVATE_USE_EXTENSION = x
      UNICODE_LOCALE_EXTENSION = u
      serialVersionUID = 9149081749638150636
      DISPLAY_LANGUAGE = 0
      DISPLAY_COUNTRY = 1
      DISPLAY_VARIANT = 2
      DISPLAY_SCRIPT = 3
      baseLocale = class sun.util.locale.BaseLocale@6f48805
      localeExtensions = null
      hashCodeValue = 0
      defaultLocale = class java.util.Locale@5a8952c7
      defaultDisplayLocale = null
      defaultFormatLocale = class java.util.Locale@4f49193a
      languageTag = null
      serialPersistentFields = class java.io.ObjectStreamField[6]
      isoLanguages = null
      isoCountries = null
      $assertionsDisabled = true
    name = "javax.servlet.LocalStrings"
    expired = false
    cacheKey = class java.util.ResourceBundle$CacheKey@4231de69
      name = "javax.servlet.LocalStrings"
      locale = class java.util.Locale@63ce802a
      loaderRef = class java.util.ResourceBundle$LoaderReference@540b194
      format = "java.properties"
      loadTime = 0
      expirationTime = -2
      cause = null
      hashCodeCache = -1644833391
    keySet = null
    providers = null
    $assertionsDisabled = true
  config = null

