------Start of DE processing------ = [11/26/17 20:15:24:332 CST]
Exception = java.lang.NoClassDefFoundError
Source = com.ibm.ws.webcontainer.servlet.ServletWrapper.init
probeid = 181
Stack Dump = java.lang.NoClassDefFoundError: org/jvnet/mimepull/MIMEParsingException
	at java.lang.Class.getDeclaredMethods0(Native Method)
	at java.lang.Class.privateGetDeclaredMethods(Class.java:2701)
	at java.lang.Class.getDeclaredMethods(Class.java:1975)
	at org.glassfish.jersey.server.model.IntrospectionModeller$2.run(IntrospectionModeller.java:255)
	at java.security.AccessController.doPrivileged(Native Method)
	at org.glassfish.jersey.server.model.IntrospectionModeller.getAllDeclaredMethods(IntrospectionModeller.java:249)
	at org.glassfish.jersey.server.model.IntrospectionModeller.checkForNonPublicMethodIssues(IntrospectionModeller.java:174)
	at org.glassfish.jersey.server.model.IntrospectionModeller.doCreateResourceBuilder(IntrospectionModeller.java:121)
	at org.glassfish.jersey.server.model.IntrospectionModeller.access$000(IntrospectionModeller.java:82)
	at org.glassfish.jersey.server.model.IntrospectionModeller$1.call(IntrospectionModeller.java:114)
	at org.glassfish.jersey.server.model.IntrospectionModeller$1.call(IntrospectionModeller.java:111)
	at org.glassfish.jersey.internal.Errors.process(Errors.java:316)
	at org.glassfish.jersey.internal.Errors.process(Errors.java:298)
	at org.glassfish.jersey.internal.Errors.processWithException(Errors.java:256)
	at org.glassfish.jersey.server.model.IntrospectionModeller.createResourceBuilder(IntrospectionModeller.java:111)
	at org.glassfish.jersey.server.model.Resource.from(Resource.java:800)
	at org.glassfish.jersey.server.ResourceBagConfigurator.init(ResourceBagConfigurator.java:79)
	at org.glassfish.jersey.server.ApplicationHandler.initialize(ApplicationHandler.java:354)
	at org.glassfish.jersey.server.ApplicationHandler.lambda$initialize$1(ApplicationHandler.java:316)
	at org.glassfish.jersey.internal.Errors.process(Errors.java:316)
	at org.glassfish.jersey.internal.Errors.process(Errors.java:298)
	at org.glassfish.jersey.internal.Errors.processWithException(Errors.java:256)
	at org.glassfish.jersey.server.ApplicationHandler.initialize(ApplicationHandler.java:315)
	at org.glassfish.jersey.server.ApplicationHandler.<init>(ApplicationHandler.java:282)
	at org.glassfish.jersey.servlet.WebComponent.<init>(WebComponent.java:335)
	at org.glassfish.jersey.servlet.ServletContainer.init(ServletContainer.java:178)
	at org.glassfish.jersey.servlet.ServletContainer.init(ServletContainer.java:370)
	at javax.servlet.GenericServlet.init(GenericServlet.java:244)
	at com.ibm.ws.webcontainer.servlet.ServletWrapper.init(ServletWrapper.java:297)
	at com.ibm.ws.webcontainer.servlet.ServletWrapper.handleRequest(ServletWrapper.java:598)
	at com.ibm.ws.webcontainer.servlet.ServletWrapper.handleRequest(ServletWrapper.java:440)
	at com.ibm.ws.webcontainer.filter.WebAppFilterManager.invokeFilters(WebAppFilterManager.java:1138)
	at com.ibm.ws.webcontainer.webapp.WebApp.handleRequest(WebApp.java:4938)
	at com.ibm.ws.webcontainer.osgi.DynamicVirtualHost$2.handleRequest(DynamicVirtualHost.java:316)
	at com.ibm.ws.webcontainer.WebContainer.handleRequest(WebContainer.java:990)
	at com.ibm.ws.webcontainer.osgi.DynamicVirtualHost$2.run(DynamicVirtualHost.java:281)
	at com.ibm.ws.http.dispatcher.internal.channel.HttpDispatcherLink$TaskWrapper.run(HttpDispatcherLink.java:960)
	at com.ibm.ws.http.dispatcher.internal.channel.HttpDispatcherLink.wrapHandlerAndExecute(HttpDispatcherLink.java:362)
	at com.ibm.ws.http.dispatcher.internal.channel.HttpDispatcherLink.ready(HttpDispatcherLink.java:321)
	at com.ibm.ws.http.channel.internal.inbound.HttpInboundLink.handleDiscrimination(HttpInboundLink.java:499)
	at com.ibm.ws.http.channel.internal.inbound.HttpInboundLink.handleNewRequest(HttpInboundLink.java:433)
	at com.ibm.ws.http.channel.internal.inbound.HttpInboundLink.processRequest(HttpInboundLink.java:313)
	at com.ibm.ws.http.channel.internal.inbound.HttpInboundLink.ready(HttpInboundLink.java:284)
	at com.ibm.ws.tcpchannel.internal.NewConnectionInitialReadCallback.sendToDiscriminators(NewConnectionInitialReadCallback.java:165)
	at com.ibm.ws.tcpchannel.internal.NewConnectionInitialReadCallback.complete(NewConnectionInitialReadCallback.java:74)
	at com.ibm.ws.tcpchannel.internal.WorkQueueManager.requestComplete(WorkQueueManager.java:503)
	at com.ibm.ws.tcpchannel.internal.WorkQueueManager.attemptIO(WorkQueueManager.java:573)
	at com.ibm.ws.tcpchannel.internal.WorkQueueManager.workerRun(WorkQueueManager.java:928)
	at com.ibm.ws.tcpchannel.internal.WorkQueueManager$Worker.run(WorkQueueManager.java:1017)
	at java.util.concurrent.ThreadPoolExecutor.runWorker(ThreadPoolExecutor.java:1149)
	at java.util.concurrent.ThreadPoolExecutor$Worker.run(ThreadPoolExecutor.java:624)
	at java.lang.Thread.run(Thread.java:748)
Caused by: java.lang.ClassNotFoundException: org.jvnet.mimepull.MIMEParsingException
	at com.ibm.ws.classloading.internal.AppClassLoader.findClassCommonLibraryClassLoaders(AppClassLoader.java:504)
	at com.ibm.ws.classloading.internal.AppClassLoader.findClass(AppClassLoader.java:276)
	at java.lang.ClassLoader.loadClass(ClassLoader.java:424)
	at com.ibm.ws.classloading.internal.AppClassLoader.findOrDelegateLoadClass(AppClassLoader.java:482)
	at com.ibm.ws.classloading.internal.AppClassLoader.loadClass(AppClassLoader.java:443)
	at java.lang.ClassLoader.loadClass(ClassLoader.java:357)
	... 52 more

Dump of callerThis
Object type = com.ibm.ws.webcontainer.osgi.servlet.ServletWrapper
  serialVersionUID = 1
  _mo = class com.ibm.ws.cdi.impl.managedobject.CDIManagedObject@71059ef7
    tc = class com.ibm.websphere.ras.TraceComponent@4adc839e
      strings[0] = "TraceComponent[com.ibm.ws.cdi.impl.managedobject.CDIManagedObject,class com.ibm.ws.cdi.impl.managedobject.CDIManagedObject,[JCDI],com.ibm.ws.cdi.impl.resources.CDI,null]"
    managedObject = class org.glassfish.jersey.servlet.ServletContainer@6f9a8c82
    creationalContext = class org.jboss.weld.context.CreationalContextImpl@72ffbc5a
      serialVersionUID = 7375854583908262422
      SERIALIZATION_PROXY = class org.jboss.weld.context.CreationalContextImpl$SerializationProxy@5b2095bf
      incompleteInstances = null
      contextual = null
      dependentInstances = class java.util.Collections$SynchronizedRandomAccessList@89ef880
      parentDependentInstances = class java.util.Collections$SynchronizedRandomAccessList@5a45f74f
      parentCreationalContext = null
      resourceReferences = null
      constructorInterceptionSuppressed = false
      aroundConstructCallbacks = null
      aroundConstructInterceptionContext = null
    injectionTarget = class org.jboss.weld.injection.producer.BeanInjectionTarget@4e9bc108
      bean = null
      beanManager = class org.jboss.weld.manager.BeanManagerImpl@6e01995c
      type = class org.jboss.weld.annotated.slim.backed.BackedAnnotatedType@3bd43c7e
      injectionPoints = class java.util.Collections$UnmodifiableSet@10e80e36
      instantiator = class org.jboss.weld.injection.producer.DefaultInstantiator@763cce21
      injector = class org.jboss.weld.injection.producer.ResourceInjector@149572c3
      invoker = class org.jboss.weld.injection.producer.DefaultLifecycleCallbackInvoker@e388be3
    lifecycleManaged = true
    beanScope = null
    identity = "org.glassfish.jersey.servlet.ServletContainer@6f9a8c82"
    serialVersionUID = -9126917678523682896
  serialVersionUID = -4479626085298397598
  notifyInvocationListeners = false
  UNINITIALIZED_STATE = -1
  AVAILABLE_STATE = 0
  UNAVAILABLE_STATE = 1
  UNAVAILABLE_PERMANENTLY_STATE = 2
  collabHelper = class com.ibm.ws.webcontainer.osgi.collaborator.CollaboratorHelperImpl@92c55cb
    webAppInvCollabs = class java.util.Collections$UnmodifiableSet@30dc9c74
      serialVersionUID = -9215047833775013803
      serialVersionUID = 1820017752578914078
      c = class java.util.concurrent.CopyOnWriteArraySet@4f401b7b
    securityDomainForApp = null
    logger = class com.ibm.ws.logging.internal.WsLogger@68f15c6d
      tc = class com.ibm.websphere.ras.TraceComponent@28003976
      ivCachedResourceBundleName = null
      ivCachedResourceBundle = null
      ivComponent = null
      ivOrganization = null
      ivProduct = null
      ivMinimumLocalizationLevelIntValue = 625
      ivTC = class com.ibm.websphere.ras.TraceComponent@3b58149f
      loggerRegistrationComponent = class java.lang.ThreadLocal@155af89f
      emptyHandlers = class java.util.logging.Handler[0]
      offValue = 2147483647
      SYSTEM_LOGGER_RB_NAME = "sun.util.logging.resources.logging"
      SYSTEM_BUNDLE = class java.util.logging.Logger$LoggerBundle@4986edc6
      NO_RESOURCE_BUNDLE = class java.util.logging.Logger$LoggerBundle@7964e2b8
      manager = class com.ibm.ws.kernel.boot.logging.WsLogManager@220be918
      name = "com.ibm.ws.webcontainer.collaborator"
      handlers = class java.util.concurrent.CopyOnWriteArrayList@106155b6
      loggerBundle = class java.util.logging.Logger$LoggerBundle@1eb0fc10
      useParentHandlers = true
      filter = null
      anonymous = false
      catalog = class com.ibm.ws.webcontainer.resources.Messages_es@1d215392
      catalogName = "com.ibm.ws.webcontainer.resources.Messages"
      catalogLocale = class java.util.Locale@3d5078a9
      treeLock = class java.lang.Object@66c2f596
      parent = class com.ibm.ws.logging.internal.WsLogger@72410cfb
      kids = null
      levelObject = class java.util.logging.Level@424b1a04
      levelValue = 800
      callersClassLoaderRef = class java.lang.ref.WeakReference@20dc230f
      isSystemLogger = false
      GLOBAL_LOGGER_NAME = "global"
      global = class java.util.logging.Logger@6da2dfd1
      $assertionsDisabled = true
    staticDefaultSecurityCollaborator = class com.ibm.ws.webcontainer.collaborator.WebAppSecurityCollaborator@662fcd5f
    logger = class com.ibm.ws.logging.internal.WsLogger@62bd94b6
      tc = class com.ibm.websphere.ras.TraceComponent@28003976
      ivCachedResourceBundleName = null
      ivCachedResourceBundle = null
      ivComponent = null
      ivOrganization = null
      ivProduct = null
      ivMinimumLocalizationLevelIntValue = 625
      ivTC = class com.ibm.websphere.ras.TraceComponent@68124063
      loggerRegistrationComponent = class java.lang.ThreadLocal@155af89f
      emptyHandlers = class java.util.logging.Handler[0]
      offValue = 2147483647
      SYSTEM_LOGGER_RB_NAME = "sun.util.logging.resources.logging"
      SYSTEM_BUNDLE = class java.util.logging.Logger$LoggerBundle@4986edc6
      NO_RESOURCE_BUNDLE = class java.util.logging.Logger$LoggerBundle@7964e2b8
      manager = class com.ibm.ws.kernel.boot.logging.WsLogManager@220be918
      name = "com.ibm.wsspi.webcontainer.collaborator"
      handlers = class java.util.concurrent.CopyOnWriteArrayList@5071a4a4
      loggerBundle = class java.util.logging.Logger$LoggerBundle@153575e7
      useParentHandlers = true
      filter = null
      anonymous = false
      catalog = class com.ibm.ws.webcontainer.resources.Messages_es@1d215392
      catalogName = "com.ibm.ws.webcontainer.resources.Messages"
      catalogLocale = class java.util.Locale@3d5078a9
      treeLock = class java.lang.Object@66c2f596
      parent = class com.ibm.ws.logging.internal.WsLogger@397fe314
      kids = null
      levelObject = class java.util.logging.Level@424b1a04
      levelValue = 800
      callersClassLoaderRef = class java.lang.ref.WeakReference@64f6241b
      isSystemLogger = false
      GLOBAL_LOGGER_NAME = "global"
      global = class java.util.logging.Logger@6da2dfd1
      $assertionsDisabled = true
    CLASS_NAME = "com.ibm.wsspi.webcontainer.collaborator.CollaboratorHelper"
    webApp = class com.ibm.ws.webcontainer31.osgi.webapp.WebApp31@35eab250
    securityCollaborator = class com.ibm.ws.webcontainer.security.WebAppSecurityCollaboratorImpl@4daeb8
      tc = class com.ibm.websphere.ras.TraceComponent@4ad5e30b
      KEY_ID = "id"
      KEY_SERVICE_ID = "service.id"
      KEY_COMPONENT_NAME = "component.name"
      KEY_SECURITY_SERVICE = "securityService"
      KEY_TAI_SERVICE = "taiService"
      KEY_INTERCEPTOR_SERVICE = "interceptorService"
      KEY_JACC_SERVICE = "jaccService"
      JASPI_SERVICE_COMPONENT_NAME = "com.ibm.ws.security.jaspi"
      KEY_WEB_AUTHENTICATOR = "webAuthenticator"
      KEY_UNPROTECTED_RESOURCE_SERVICE = "unprotectedResourceService"
      DELEGATION_USERS_LIST = "DELEGATION_USERS_LIST"
      webAuthenticatorRef = class com.ibm.wsspi.kernel.service.utils.ConcurrentServiceReferenceMap@7de0c28f
      unprotectedResourceServiceRef = class com.ibm.wsspi.kernel.service.utils.ConcurrentServiceReferenceMap@6e9e0813
      taiServiceRef = class com.ibm.wsspi.kernel.service.utils.AtomicServiceReference@15855368
      interceptorServiceRef = class com.ibm.wsspi.kernel.service.utils.ConcurrentServiceReferenceMap@4ce4df80
      securityServiceRef = class com.ibm.wsspi.kernel.service.utils.AtomicServiceReference@37eb9829
      jaccServiceRef = class com.ibm.wsspi.kernel.service.utils.AtomicServiceReference@292bc057
      KEY_LOCATION_ADMIN = "locationAdmin"
      locationAdminRef = class com.ibm.wsspi.kernel.service.utils.AtomicServiceReference@168ad809
      PERMIT_REPLY = class com.ibm.ws.webcontainer.security.internal.PermitReply@7cf81d87
      DENY_AUTHZ_FAILED = class com.ibm.ws.webcontainer.security.internal.DenyReply@1739e8e1
      AUTH_TYPE = "AUTH_TYPE"
      ALL_AUTHENTICATED_ROLE = "**"
      STARSTAR_ROLE = "_starstar_"
      globalConfig = class com.ibm.ws.webcontainer.security.internal.extended.WebAppSecurityConfigImplExtended@60e7ab29
      currentProps = class java.util.HashMap@20ed7dac
      authenticatorFactory = class com.ibm.ws.webcontainer.security.internal.extended.WebAuthenticatorFactoryImplExtended@1c454813
      webAppSecConfig = class com.ibm.ws.webcontainer.security.internal.extended.WebAppSecurityConfigImplExtended@60e7ab29
      authenticateApi = class com.ibm.ws.webcontainer.security.extended.AuthenticateApiExtended@4463c59a
      postParameterHelper = class com.ibm.ws.webcontainer.security.PostParameterHelper@198080dc
      collabUtils = class com.ibm.ws.security.collaborator.CollaboratorUtils@52cb8e5d
      subjectHelper = class com.ibm.ws.security.authentication.utility.SubjectHelper@647841c7
      subjectManager = class com.ibm.ws.security.context.SubjectManager@3eed17c7
      httpsRedirectHandler = class com.ibm.ws.webcontainer.security.internal.HTTPSRedirectHandler@23f6e6a6
      auditManager = class com.ibm.websphere.security.audit.context.AuditManager@2dc13de3
      extraAuditData = class java.util.HashMap@b1127e5
      authenticatorProxy = class com.ibm.ws.webcontainer.security.extended.WebAuthenticatorProxyExtended@5d945a6f
      providerAuthenticatorProxy = class com.ibm.ws.webcontainer.security.extended.WebProviderAuthenticatorProxyExtended@49c354ad
      unauthenticatedSubjectService = class com.ibm.ws.security.authentication.internal.UnauthenticatedSubjectServiceImpl@6d495653
      wasch = class com.ibm.ws.webcontainer.security.WebAppSecurityCollaboratorImpl@4daeb8
      isJaspiEnabled = false
      savedSubject = null
      byPassedAuthRequest = true
      isActive = true
      threadLocal = class java.lang.ThreadLocal@6fe56a10
      serialVersionUID = -4833686237530004079
    nameSpaceCollaborator = class com.ibm.ws.webcontainer.osgi.collaborator.WebAppNameSpaceCollaboratorImpl@feb702e
    transactionCollaborator = class com.ibm.ws.transaction.services.WebAppTransactionCollaboratorImpl@2ac5a756
    connectionCollaborator = class com.ibm.ws.webcontainer.collaborator.ConnectionCollaborator@437d2272
    allCollabEnum = class java.util.RegularEnumSet@1890dedb
      serialVersionUID = 3411599620347842686
      elements = 511
      elementType = class java.lang.Class@7644f419
      universe = class com.ibm.wsspi.webcontainer.collaborator.CollaboratorInvocationEnum[9]
      ZERO_LENGTH_ENUM_ARRAY = class java.lang.Enum[0]
      MAX_ARRAY_SIZE = 2147483639
    servlet_23_or_greater = true
    DEFER_SERVLET_REQUEST_LISTENER_DESTROY_ON_ERROR = false
  nServicing = class java.util.concurrent.atomic.AtomicInteger@706abc3c
    serialVersionUID = 6214790243416807050
    unsafe = class sun.misc.Unsafe@f6fa3f2
      theUnsafe = class sun.misc.Unsafe@f6fa3f2
      INVALID_FIELD_OFFSET = -1
      ARRAY_BOOLEAN_BASE_OFFSET = 16
      ARRAY_BYTE_BASE_OFFSET = 16
      ARRAY_SHORT_BASE_OFFSET = 16
      ARRAY_CHAR_BASE_OFFSET = 16
      ARRAY_INT_BASE_OFFSET = 16
      ARRAY_LONG_BASE_OFFSET = 16
      ARRAY_FLOAT_BASE_OFFSET = 16
      ARRAY_DOUBLE_BASE_OFFSET = 16
      ARRAY_OBJECT_BASE_OFFSET = 16
      ARRAY_BOOLEAN_INDEX_SCALE = 1
      ARRAY_BYTE_INDEX_SCALE = 1
      ARRAY_SHORT_INDEX_SCALE = 2
      ARRAY_CHAR_INDEX_SCALE = 2
      ARRAY_INT_INDEX_SCALE = 4
      ARRAY_LONG_INDEX_SCALE = 8
      ARRAY_FLOAT_INDEX_SCALE = 4
      ARRAY_DOUBLE_INDEX_SCALE = 8
      ARRAY_OBJECT_INDEX_SCALE = 4
      ADDRESS_SIZE = 8
    valueOffset = 12
    value = 0
    serialVersionUID = -8742448824652078965
  lastAccessTime = 1511748896461
  state = -1
  logger = class com.ibm.ws.logging.internal.WsLogger@b35dda4
    tc = class com.ibm.websphere.ras.TraceComponent@28003976
      strings[0] = "TraceComponent[com.ibm.ws.logging.internal.WsLogger,class com.ibm.ws.logging.internal.WsLogger,[logging],com.ibm.ws.logging.internal.resources.LoggingMessages,null]"
    ivCachedResourceBundleName = null
    ivCachedResourceBundle = null
    ivComponent = null
    ivOrganization = null
    ivProduct = null
    ivMinimumLocalizationLevelIntValue = 625
    ivTC = class com.ibm.websphere.ras.TraceComponent@56f9fda8
      strings[0] = "TraceComponent[com.ibm.ws.webcontainer.servlet,class com.ibm.wsspi.webcontainer.logging.LoggerFactory$1,[com.ibm.ws.webcontainer.servlet],null,null]"
    loggerRegistrationComponent = class java.lang.ThreadLocal@155af89f
      threadLocalHashCode = 661548054
      nextHashCode = class java.util.concurrent.atomic.AtomicInteger@10eb0c0
      HASH_INCREMENT = 1640531527
    emptyHandlers = class java.util.logging.Handler[0]
    offValue = 2147483647
    SYSTEM_LOGGER_RB_NAME = "sun.util.logging.resources.logging"
    SYSTEM_BUNDLE = class java.util.logging.Logger$LoggerBundle@4986edc6
      resourceBundleName = "sun.util.logging.resources.logging"
      userBundle = null
    NO_RESOURCE_BUNDLE = class java.util.logging.Logger$LoggerBundle@7964e2b8
      resourceBundleName = null
      userBundle = null
    manager = class com.ibm.ws.kernel.boot.logging.WsLogManager@220be918
      CLASS_NAME = "com.ibm.ws.kernel.boot.logging.WsLogManager"
      CONFIGURE_BY_SERVER_PROPERTY_NAME = "java.util.logging.configureByServer"
      CONFIGURE_BY_LOGGING_PROPERTIES_FILE = "java.util.logging.configureByLoggingPropertiesFile"
      configureByServer = true
      configureByLoggingProperties = false
      wsLogger = class java.lang.reflect.Constructor@1a9c3a5a
      resetEnabled = true
      manager = class com.ibm.ws.kernel.boot.logging.WsLogManager@220be918
      props = class java.util.Properties@560fb6c9
      defaultLevel = class java.util.logging.Level@424b1a04
      listenerMap = class java.util.HashMap@209cfa18
      systemContext = class java.util.logging.LogManager$SystemLoggerContext@5ba94abb
      userContext = class java.util.logging.LogManager$LoggerContext@6be8b945
      rootLogger = class java.util.logging.LogManager$RootLogger@407af30f
      readPrimordialConfiguration = true
      initializedGlobalHandlers = true
      deathImminent = false
      initializedCalled = true
      initializationDone = true
      contextsMap = null
      loggerRefQueue = class java.lang.ref.ReferenceQueue@7718d22
      MAX_ITERATIONS = 400
      controlPermission = class java.util.logging.LoggingPermission@161ce3e5
      loggingMXBean = null
      LOGGING_MXBEAN_NAME = "java.util.logging:type=Logging"
      $assertionsDisabled = true
    name = "com.ibm.ws.webcontainer.servlet"
    handlers = class java.util.concurrent.CopyOnWriteArrayList@60d763c6
      serialVersionUID = 8673264195747942595
      lock = class java.util.concurrent.locks.ReentrantLock@5eda8c40
      array = class java.lang.Object[0]
      UNSAFE = class sun.misc.Unsafe@f6fa3f2
      lockOffset = 12
    loggerBundle = class java.util.logging.Logger$LoggerBundle@1ec14ac7
      resourceBundleName = "com.ibm.ws.webcontainer.resources.Messages"
      userBundle = null
    useParentHandlers = true
    filter = null
    anonymous = false
    catalog = class com.ibm.ws.webcontainer.resources.Messages_es@40ee1a85
      resources = class [Ljava.lang.Object;[332]
      lookup = class java.util.HashMap@5631fba5
      INITIAL_CACHE_SIZE = 32
      NONEXISTENT_BUNDLE = class java.util.ResourceBundle$1@1a7c245a
      cacheList = class java.util.concurrent.ConcurrentHashMap@4a56402c
      referenceQueue = class java.lang.ref.ReferenceQueue@19b5785a
      parent = class com.ibm.ws.webcontainer.resources.Messages@4f4ac06f
      locale = class java.util.Locale@10edfb6b
      name = "com.ibm.ws.webcontainer.resources.Messages"
      expired = false
      cacheKey = class java.util.ResourceBundle$CacheKey@6035fe1b
      keySet = null
      providers = null
      $assertionsDisabled = true
    catalogName = "com.ibm.ws.webcontainer.resources.Messages"
    catalogLocale = class java.util.Locale@3d5078a9
      LOCALECACHE = class java.util.Locale$Cache@27ed5474
      ENGLISH = class java.util.Locale@6a50fb7a
      FRENCH = class java.util.Locale@611384b5
      GERMAN = class java.util.Locale@3cc803d4
      ITALIAN = class java.util.Locale@714bbecd
      JAPANESE = class java.util.Locale@1cad00b5
      KOREAN = class java.util.Locale@616609b9
      CHINESE = class java.util.Locale@1dcc70e2
      SIMPLIFIED_CHINESE = class java.util.Locale@31dd1840
      TRADITIONAL_CHINESE = class java.util.Locale@45810e66
      FRANCE = class java.util.Locale@14fbecae
      GERMANY = class java.util.Locale@6acec5b3
      ITALY = class java.util.Locale@3388cfb2
      JAPAN = class java.util.Locale@7e37059b
      KOREA = class java.util.Locale@3562086f
      CHINA = class java.util.Locale@31dd1840
      PRC = class java.util.Locale@31dd1840
      TAIWAN = class java.util.Locale@45810e66
      UK = class java.util.Locale@299da02d
      US = class java.util.Locale@5c1d1ff3
      CANADA = class java.util.Locale@1ac0c236
      CANADA_FRENCH = class java.util.Locale@3f449071
      ROOT = class java.util.Locale@449125c9
      PRIVATE_USE_EXTENSION = x
      UNICODE_LOCALE_EXTENSION = u
      serialVersionUID = 9149081749638150636
      DISPLAY_LANGUAGE = 0
      DISPLAY_COUNTRY = 1
      DISPLAY_VARIANT = 2
      DISPLAY_SCRIPT = 3
      baseLocale = class sun.util.locale.BaseLocale@5875f204
      localeExtensions = null
      hashCodeValue = 96770468
      defaultLocale = class java.util.Locale@3d5078a9
      defaultDisplayLocale = null
      defaultFormatLocale = class java.util.Locale@4f4aa97b
      languageTag = "es-ES"
      serialPersistentFields = class java.io.ObjectStreamField[6]
      isoLanguages = null
      isoCountries = null
      $assertionsDisabled = true
    treeLock = class java.lang.Object@66c2f596
    parent = class com.ibm.ws.logging.internal.WsLogger@72410cfb
      tc = class com.ibm.websphere.ras.TraceComponent@28003976
      ivCachedResourceBundleName = "com.ibm.ws.webcontainer.resources.Messages"
      ivCachedResourceBundle = class com.ibm.ws.webcontainer.resources.Messages_es@40ee1a85
      ivComponent = null
      ivOrganization = null
      ivProduct = null
      ivMinimumLocalizationLevelIntValue = 625
      ivTC = class com.ibm.websphere.ras.TraceComponent@25456721
      loggerRegistrationComponent = class java.lang.ThreadLocal@155af89f
      emptyHandlers = class java.util.logging.Handler[0]
      offValue = 2147483647
      SYSTEM_LOGGER_RB_NAME = "sun.util.logging.resources.logging"
      SYSTEM_BUNDLE = class java.util.logging.Logger$LoggerBundle@4986edc6
      NO_RESOURCE_BUNDLE = class java.util.logging.Logger$LoggerBundle@7964e2b8
      manager = class com.ibm.ws.kernel.boot.logging.WsLogManager@220be918
      name = "com.ibm.ws.webcontainer"
      handlers = class java.util.concurrent.CopyOnWriteArrayList@35a77976
      loggerBundle = class java.util.logging.Logger$LoggerBundle@268526e3
      useParentHandlers = true
      filter = null
      anonymous = false
      catalog = class com.ibm.ws.webcontainer.resources.Messages_es@40ee1a85
      catalogName = "com.ibm.ws.webcontainer.resources.Messages"
      catalogLocale = class java.util.Locale@3d5078a9
      treeLock = class java.lang.Object@66c2f596
      parent = class java.util.logging.Logger@6315d97b
      kids = class java.util.ArrayList@2b2f5fdd
      levelObject = class java.util.logging.Level@424b1a04
      levelValue = 800
      callersClassLoaderRef = class java.lang.ref.WeakReference@254def07
      isSystemLogger = false
      GLOBAL_LOGGER_NAME = "global"
      global = class java.util.logging.Logger@6da2dfd1
      $assertionsDisabled = true
    kids = null
    levelObject = class java.util.logging.Level@424b1a04
      defaultBundle = "sun.util.logging.resources.logging"
      name = "INFO"
      value = 800
      resourceBundleName = "sun.util.logging.resources.logging"
      localizedLevelName = "INFORMACIÓN"
      cachedLocale = class java.util.Locale@3d5078a9
      OFF = class java.util.logging.Level@756e9c70
      SEVERE = class java.util.logging.Level@66facd3f
      WARNING = class java.util.logging.Level@79d09a39
      INFO = class java.util.logging.Level@424b1a04
      CONFIG = class java.util.logging.Level@8948238
      FINE = class java.util.logging.Level@9181246
      FINER = class java.util.logging.Level@393bb56f
      FINEST = class java.util.logging.Level@2f653c74
      ALL = class java.util.logging.Level@44c7f123
      serialVersionUID = -8176160795706313070
    levelValue = 800
    callersClassLoaderRef = class java.lang.ref.WeakReference@7ce0a7d4
      referent = class org.eclipse.osgi.internal.loader.EquinoxClassLoader@7ff0d7bd
      queue = class java.lang.ref.ReferenceQueue$Null@7ddf13be
      next = null
      discovered = null
      lock = class java.lang.ref.Reference$Lock@6d4a21ae
      pending = null
    isSystemLogger = false
    GLOBAL_LOGGER_NAME = "global"
    global = class java.util.logging.Logger@6da2dfd1
      emptyHandlers = class java.util.logging.Handler[0]
      offValue = 2147483647
      SYSTEM_LOGGER_RB_NAME = "sun.util.logging.resources.logging"
      SYSTEM_BUNDLE = class java.util.logging.Logger$LoggerBundle@4986edc6
      NO_RESOURCE_BUNDLE = class java.util.logging.Logger$LoggerBundle@7964e2b8
      manager = class com.ibm.ws.kernel.boot.logging.WsLogManager@220be918
      name = "global"
      handlers = class java.util.concurrent.CopyOnWriteArrayList@4189db3f
      loggerBundle = class java.util.logging.Logger$LoggerBundle@7964e2b8
      useParentHandlers = true
      filter = null
      anonymous = false
      catalog = null
      catalogName = null
      catalogLocale = null
      treeLock = class java.lang.Object@66c2f596
      parent = class java.util.logging.LogManager$RootLogger@407af30f
      kids = null
      levelObject = null
      levelValue = 800
      callersClassLoaderRef = null
      isSystemLogger = true
      GLOBAL_LOGGER_NAME = "global"
      global = class java.util.logging.Logger@6da2dfd1
      $assertionsDisabled = true
    $assertionsDisabled = true
  CLASS_NAME = "com.ibm.ws.webcontainer.servlet.ServletWrapper"
  nls = class com.ibm.ejs.ras.TraceNLS@43225813
    resolver = class com.ibm.ws.logging.internal.TraceNLSResolver@6597b1f6
      tc = class com.ibm.websphere.ras.TraceComponent@cac736f
      DEBUG_TRACE_NLS_PROPERTY = "com.ibm.ejs.ras.debugTraceNLSResolver"
      debugTraceNLSResolver = false
      makeNoise = false
      nullKey = "null"
      svNullBundleName = "Resource Bundle name is null, key = {0}"
      svBundleNotLoaded = "Unable to load ResourceBundle {0}"
      svNullKeyMessage = "Null key passed while using ResourceBundle {0}"
      svMalformedMessage = "No message text associated with key {0} in bundle {1}"
    finder = null
    ivBundleName = "com.ibm.ws.webcontainer.resources.Messages"
    caller = class java.lang.Class@54039b9a
      ANNOTATION = 8192
      ENUM = 16384
      SYNTHETIC = 4096
      cachedConstructor = null
      newInstanceCallerCache = null
      name = null
      allPermDomain = class java.security.ProtectionDomain@61961c28
      useCaches = true
      reflectionData = class java.lang.ref.SoftReference@5c99fc55
      classRedefinedCount = 0
      genericInfo = null
      serialVersionUID = 3206093459760846163
      serialPersistentFields = class java.io.ObjectStreamField[0]
      reflectionFactory = class sun.reflect.ReflectionFactory@55c1eb9b
      initted = true
      enumConstants = null
      enumConstantDirectory = null
      annotationData = class java.lang.Class$AnnotationData@42f984de
      annotationType = null
      classValueMap = null
  servletConfig = class com.ibm.ws.webcontainer.servlet.ServletConfig@28cbdfb1
    logger = class com.ibm.ws.logging.internal.WsLogger@b35dda4
    CLASS_NAME = "com.ibm.ws.webcontainer.servlet.ServletConfig"
    nls = class com.ibm.ejs.ras.TraceNLS@755e301e
      resolver = class com.ibm.ws.logging.internal.TraceNLSResolver@6597b1f6
      finder = null
      ivBundleName = "com.ibm.ws.webcontainer.resources.Messages"
      caller = class java.lang.Class@471bf70f
    liberty_nls = class com.ibm.ejs.ras.TraceNLS@382cfc11
      resolver = class com.ibm.ws.logging.internal.TraceNLSResolver@6597b1f6
      finder = null
      ivBundleName = "com.ibm.ws.webcontainer.resources.LShimMessages"
      caller = class java.lang.Class@471bf70f
    enabled = true
    servletName = "RESTful Jersey Servlet"
    className = "org.glassfish.jersey.servlet.ServletContainer"
    mappings = class java.util.ArrayList@233c5fce
      serialVersionUID = 8683452581122892189
      DEFAULT_CAPACITY = 10
      EMPTY_ELEMENTDATA = class java.lang.Object[0]
      DEFAULTCAPACITY_EMPTY_ELEMENTDATA = class java.lang.Object[0]
      elementData = class java.lang.Object[10]
      size = 1
      MAX_ARRAY_SIZE = 2147483639
      modCount = 1
      MAX_ARRAY_SIZE = 2147483639
    startUpWeight = null
    DEFAULT_STARTUP = -1
    isCachingEnabled = true
    isStatisticsEnabled = true
    isInternal = false
    metaData = class com.ibm.ws.webcontainer.osgi.metadata.WebComponentMetaDataImpl@3b876729
      j2eeName = class com.ibm.ws.container.service.metadata.internal.J2EENameImpl@d6360fe
      webModuleMetaData = class com.ibm.ws.webcontainer.osgi.metadata.WebModuleMetaDataImpl@7f5918cf
      mBeanServiceReg = null
      tc = class com.ibm.websphere.ras.TraceComponent@37591e1b
      NUM_STATIC_SLOTS = 4
      ID_UNINITIALIZED = -1
      id = 2
      metaDataInterface = class java.lang.Class@5798a937
      staticSlots = class java.lang.Object[4]
      dynamicSlots = null
    singleThreadModelServlet = false
    isJsp = false
    webAppConfig = class com.ibm.ws.webcontainer.osgi.webapp.WebAppConfiguration@3f5d6e87
      webModuleMetaData = class com.ibm.ws.webcontainer.osgi.metadata.WebModuleMetaDataImpl@7f5918cf
      webComponentMetaData = class com.ibm.ws.webcontainer.osgi.metadata.WebComponentMetaDataImpl@7dff1941
      dVirtualHost = class com.ibm.ws.webcontainer.osgi.DynamicVirtualHost@65f86d17
      orderedLibPaths = class java.util.Collections$UnmodifiableRandomAccessList@5ab0be93
      bundleHeaders = null
      cdiEnabled = true
      CLASS_NAME = "com.ibm.ws.webcontainer.webapp.WebAppConfiguration"
      logger = class com.ibm.ws.logging.internal.WsLogger@60b56ad5
      tc = class com.ibm.websphere.ras.TraceComponent@e78dc4b
      nls = class com.ibm.ejs.ras.TraceNLS@6bcfcbb1
      version = 30
      contextRoot = "/webapi"
      sessionTimeout = 0
      moduleSessionTimeoutSet = false
      moduleSessionTrackingModeSet = false
      sessionCookieConfig = class com.ibm.ws.session.SessionCookieConfigImpl@56dfde2
      hasProgrammaticCookieConfig = false
      sessionDefaultTrackingModeSet = class java.util.RegularEnumSet@333ec3f8
      sessionManagerConfig = class com.ibm.ws.session.SessionManagerConfig@3f506001
      displayName = "org.tec.datos1.messenger.webapi"
      description = null
      reloadInterval = 0
      distributable = false
      denyUncoveredHttpMethods = false
      reloadingEnabled = false
      serveServletsByClassnameEnabled = false
      defaultErrorPage = null
      additionalClassPath = null
      fileServingEnabled = null
      directoryBrowsingEnabled = false
      autoRequestEncoding = false
      autoResponseEncoding = false
      autoLoadFilters = false
      requestListeners = null
      requestAttributeListeners = null
      sessionListeners = null
      localeMap = null
      moduleName = "org.tec.datos1.messenger.webapi"
      j2eeModuleName = "org.tec.datos1.messenger.webapi.war"
      moduleId = null
      isSyncToThreadEnabled = false
      encodeDispatchedRequestURI = false
      isSystemApp = false
      ardEnabled = false
      ardDispatchType = null
      listeners = class java.util.ArrayList@240103be
      welcomeFileList = class java.util.ArrayList@3106c6cc
      servletMappings = class java.util.HashMap@5b6eafe3
      lastIndexBeforeDeclaredFilters = 0
      filterMappings = class java.util.ArrayList@1e8a9675
      servletInfo = class java.util.HashMap@323a7ae9
      filterInfo = class java.util.HashMap@350dfac4
      mimeMappings = class java.util.HashMap@1bb24a31
      mimeFilters = null
      isMimeFilteringEnabled = false
      theWebGroup = null
      jspAttributes = class java.util.HashMap@51c14e0c
      fileServingAttributes = class java.util.HashMap@304d9bef
      invokerAttributes = class java.util.HashMap@6a4c9cf8
      contextParams = class java.util.HashMap@6326a042
      virtualHost = "default_host"
      exceptionErrorPages = class java.util.HashMap@38cc3304
      codeErrorPages = class java.util.HashMap@64024511
      tagLibList = null
      precompileJsps = false
      webApp = class com.ibm.ws.webcontainer31.osgi.webapp.WebApp31@35eab250
      virtualHostList = class java.util.Collections$EmptyList@6a27be35
      appStartupWeight = 0
      moduleStartupWeight = 0
      metaDataComplete = false
      classesToScan = class java.util.ArrayList@3c553783
      uriFilterMappingInfos = null
      servletFilterMappingInfos = null
      dynamicServletRegistrationMap = null
      applicationName = "org.tec.datos1.messenger.webapi"
      libBinPathList = class java.util.ArrayList@6558671e
      webXmlDefinedListeners = class java.util.HashSet@13049c69
      allRefs = class java.util.EnumMap@44054e2a
      allRefBindings = class java.util.EnumMap@51f98006
      envEntryValues = class java.util.HashMap@77bf7db0
      resourceRefConfigList = null
      disallowAllFileServingProp = "false"
      disallowServeServletsByClassnameProp = "true"
      disableStaticMappingCache = false
      jspCachedLocations = class java.util.HashMap@40ef40fa
      primedSTSHeader = "NoValue"
      enablemultireadofpostdata = false
      _id = "WebAppGeneratedId1"
      _attributes = null
      serialVersionUID = 7511545662945734886
      $$$tc$$$ = class com.ibm.websphere.ras.TraceComponent@5e75f9a1
    servletWrapper = class com.ibm.ws.webcontainer.osgi.servlet.ServletWrapper@f38e93a
    servletClass = null
    servlet = null
    addedToLoadOnStartup = true
    previousWeight = null
    multipartConfig = null
    multipartConfigBaseLocation = null
    runAsRole = null
    servletSecurityElement = null
    declareRolesAnnotation = null
    logger = class com.ibm.ws.logging.internal.WsLogger@b35dda4
    CLASS_NAME = "com.ibm.ws.webcontainer.servlet.TargetConfig"
    initParams = class java.util.HashMap@214d30f1
      serialVersionUID = 362498820763181265
      DEFAULT_INITIAL_CAPACITY = 16
      MAXIMUM_CAPACITY = 1073741824
      DEFAULT_LOAD_FACTOR = 0.75
      TREEIFY_THRESHOLD = 8
      UNTREEIFY_THRESHOLD = 6
      MIN_TREEIFY_CAPACITY = 64
      table = class java.util.HashMap$Node[16]
      entrySet = null
      size = 2
      modCount = 2
      threshold = 12
      loadFactor = 0.75
      keySet = class java.util.HashMap$KeySet@3663d7c1
      values = null
    fileName = null
    displayName = "org.tec.datos1.messenger.webapi"
    name = "RESTful Jersey Servlet"
    description = "RESTful Jersey"
    smallIcon = null
    largeIcon = null
    context = class com.ibm.ws.webcontainer31.facade.ServletContextFacade31@44e229bd
    className = null
    asyncSupported = false
    _id = "ServletGeneratedId1"
    _attributes = null
    serialVersionUID = 7511545662945734886
    $$$tc$$$ = class com.ibm.websphere.ras.TraceComponent@5e75f9a1
      strings[0] = "TraceComponent[com.ibm.ws.container.BaseConfiguration,class com.ibm.ws.container.BaseConfiguration,[],null,null]"
  context = class com.ibm.ws.webcontainer31.osgi.webapp.WebApp31@35eab250
    tc = class com.ibm.websphere.ras.TraceComponent@5206ae4
      strings[0] = "TraceComponent[com.ibm.ws.webcontainer31.osgi.webapp.WebApp31,class com.ibm.ws.webcontainer31.osgi.webapp.WebApp31,[webcontainer],com.ibm.ws.webcontainer31.resources.Messages,null]"
    CLASS_NAME = "com.ibm.ws.webcontainer31.osgi.webapp.WebApp31"
    servlet31NLS = class com.ibm.ejs.ras.TraceNLS@750ece21
      resolver = class com.ibm.ws.logging.internal.TraceNLSResolver@6597b1f6
      finder = null
      ivBundleName = "com.ibm.ws.webcontainer31.resources.Messages"
      caller = class java.lang.Class@63e9dce4
    validListenerClasses = class java.lang.Class[7]
      validListenerClasses[0] = class java.lang.Class@52159931
      validListenerClasses[1] = class java.lang.Class@5844bd85
      validListenerClasses[2] = class java.lang.Class@2f40be63
      validListenerClasses[3] = class java.lang.Class@5cfd5bbd
      validListenerClasses[4] = class java.lang.Class@19d62885
      validListenerClasses[5] = class java.lang.Class@56a19222
      validListenerClasses[6] = class java.lang.Class@6c34718c
    wsocServHandler = class com.ibm.ws.wsoc.external.WsocHandlerImpl@2b5ce122
      tc = class com.ibm.websphere.ras.TraceComponent@23b42670
      noMoreAddsCalled = true
      serialVersionUID = -2067291126638824067
    tc = class com.ibm.websphere.ras.TraceComponent@79ead434
      strings[0] = "TraceComponent[com.ibm.ws.webcontainer.osgi.webapp.WebApp,class com.ibm.ws.webcontainer.osgi.webapp.WebApp,[webcontainer],com.ibm.ws.webcontainer.resources.LShimMessages,null]"
    CLASS_NAME = "com.ibm.ws.webcontainer.osgi.webapp.WebApp"
    metaDataService = class com.ibm.ws.container.service.metadata.internal.MetaDataServiceImpl@1441d7d2
      applicationMetaDataManager = class com.ibm.ws.container.service.metadata.internal.ApplicationMetaDataManager@4e2c2d95
      moduleMetaDataManager = class com.ibm.ws.container.service.metadata.internal.ModuleMetaDataManager@71904df9
      componentMetaDataManager = class com.ibm.ws.container.service.metadata.internal.ComponentMetaDataManager@3bbda7bb
      methodMetaDataManager = class com.ibm.ws.container.service.metadata.internal.MethodMetaDataManager@68f271bd
      appModuleNameToModuleContainer = class java.util.concurrent.ConcurrentHashMap@479da9b3
      jeeNameToComponentMetaData = class java.util.concurrent.ConcurrentHashMap@3411cb3c
      deferredMetaDataFactories = class com.ibm.wsspi.kernel.service.utils.ConcurrentServiceReferenceSet@62c7227a
      deferredMetaDataInitializers = class com.ibm.wsspi.kernel.service.utils.ConcurrentServiceReferenceMap@19c3d806
      serialVersionUID = -2494605732980966097
      $$$tc$$$ = class com.ibm.websphere.ras.TraceComponent@73359736
    namespacePopulated = false
    referenceContext = class com.ibm.ws.injectionengine.osgi.internal.OSGiReferenceContextImpl@394c1b26
      scopeData = class com.ibm.ws.injectionengine.osgi.internal.OSGiInjectionScopeData@47521968
      serialVersionUID = 521511923892134915
      $$$tc$$$ = class com.ibm.websphere.ras.TraceComponent@5bf00b13
      CLASS_NAME = "com.ibm.ws.injectionengine.ReferenceContextImpl"
      tc = class com.ibm.websphere.ras.TraceComponent@5b1c243a
      ivInjectionEngine = class com.ibm.ws.injectionengine.osgi.internal.OSGiInjectionEngineImpl@425421d6
      ivProviders = class java.util.ArrayList@6e9e4d4
      ivComponentJavaContext = null
      ivComponentNameSpace = null
      ivJavaColonCompEnvMap = class java.util.LinkedHashMap@277a20d
      ivEjbContext10 = class java.util.Properties@59c14045
      ivResourceRefConfigList = class com.ibm.ws.resource.internal.ResourceRefConfigListImpl@4d5212b
      isAlreadyProcessed = true
      ivProcessFailure = null
      ivInjectionTargetMap = class java.util.concurrent.ConcurrentHashMap@4dd3ba21
      svInjTarMapCacheSize = 256
      ivDeclaredInjectionTargets = class java.util.HashMap@728b1e5c
      ivProcessedInjectionClasses = class java.util.HashSet@211bbb20
      ivProcessedInjectionBindings = class java.util.ArrayList@cea1a51
      ivAnyProcessDynamic = false
      ivCheckAppConfig = false
    j2eeNameFactory = class com.ibm.ws.container.service.metadata.internal.J2EENameFactoryImpl@3706cd5
      serialVersionUID = 3486344295038028821
      $$$tc$$$ = class com.ibm.websphere.ras.TraceComponent@20a3f3da
    moduleLoader = class com.ibm.ws.classloading.internal.AppClassLoader@40eaf702
    webAppConfig = class com.ibm.ws.webcontainer.osgi.webapp.WebAppConfiguration@3f5d6e87
    extensionProcessingDisabled = false
    managedObjectService = class com.ibm.ws.cdi.impl.managedobject.CDIManagedObjectService@4fe9d868
      cdiServiceRef = class com.ibm.wsspi.kernel.service.utils.AtomicServiceReference@3f3f111b
      defaultMOSRef = class com.ibm.wsspi.kernel.service.utils.AtomicServiceReference@38deaecb
      cdiRuntime = class com.ibm.ws.cdi.liberty.CDIRuntimeImpl@1a29e9c2
      serialVersionUID = -2697988188171262037
      $$$tc$$$ = class com.ibm.websphere.ras.TraceComponent@59755bd8
    GenPluginCfgMB = null
    internalServletMetaData = interface com.ibm.wsspi.webcontainer.metadata.WebComponentMetaData[2]
      internalServletMetaData[0] = null
      internalServletMetaData[1] = null
    loginProcessor = null
    logoutProcessor = null
    collabHelper = class com.ibm.ws.webcontainer.osgi.collaborator.CollaboratorHelperImpl@92c55cb
    envObject = class com.ibm.ws.util.WSThreadLocal@1f33fc91
      tc = class com.ibm.ejs.ras.TraceComponent@68af54aa
      count = 8
      index = 3
      SUSPECTED_MISUSAGE_THRESHOLD = 200
      threadLocalHashCode = 749823255
      nextHashCode = class java.util.concurrent.atomic.AtomicInteger@10eb0c0
      HASH_INCREMENT = 1640531527
    orderedLibPaths = class java.util.Collections$UnmodifiableRandomAccessList@5ab0be93
      serialVersionUID = -2542308836966382001
      serialVersionUID = -283967356065247728
      list = class java.util.ArrayList@1d5bb5f2
      serialVersionUID = 1820017752578914078
      c = class java.util.ArrayList@1d5bb5f2
    perm = class com.ibm.websphere.security.WebSphereRuntimePermission@437afee9
      serialVersionUID = -3306242789188168337
      $$$tc$$$ = class com.ibm.websphere.ras.TraceComponent@3289c7fa
      serialVersionUID = 6279438298436773498
      wildcard = false
      path = "accessServletContext"
      exitVM = false
      serialVersionUID = -5636570222231596674
      name = "accessServletContext"
    WELCOME_FILE_LIST = "com.ibm.ws.webcontainer.config.WelcomeFileList"
    DIR_BROWSING_MAPPING = "__dirBrowsing__1511748888869"
    FILTER_PROXY_MAPPING = "/__filterProxy__1511748888869"
    logger = class com.ibm.ws.logging.internal.WsLogger@60b56ad5
      tc = class com.ibm.websphere.ras.TraceComponent@28003976
      ivCachedResourceBundleName = null
      ivCachedResourceBundle = null
      ivComponent = null
      ivOrganization = null
      ivProduct = null
      ivMinimumLocalizationLevelIntValue = 625
      ivTC = class com.ibm.websphere.ras.TraceComponent@5e4935af
      loggerRegistrationComponent = class java.lang.ThreadLocal@155af89f
      emptyHandlers = class java.util.logging.Handler[0]
      offValue = 2147483647
      SYSTEM_LOGGER_RB_NAME = "sun.util.logging.resources.logging"
      SYSTEM_BUNDLE = class java.util.logging.Logger$LoggerBundle@4986edc6
      NO_RESOURCE_BUNDLE = class java.util.logging.Logger$LoggerBundle@7964e2b8
      manager = class com.ibm.ws.kernel.boot.logging.WsLogManager@220be918
      name = "com.ibm.ws.webcontainer.webapp"
      handlers = class java.util.concurrent.CopyOnWriteArrayList@735c5a43
      loggerBundle = class java.util.logging.Logger$LoggerBundle@1604f315
      useParentHandlers = true
      filter = null
      anonymous = false
      catalog = class com.ibm.ws.webcontainer.resources.Messages_es@40ee1a85
      catalogName = "com.ibm.ws.webcontainer.resources.Messages"
      catalogLocale = class java.util.Locale@3d5078a9
      treeLock = class java.lang.Object@66c2f596
      parent = class com.ibm.ws.logging.internal.WsLogger@72410cfb
      kids = null
      levelObject = class java.util.logging.Level@424b1a04
      levelValue = 800
      callersClassLoaderRef = class java.lang.ref.WeakReference@3bd0f57b
      isSystemLogger = false
      GLOBAL_LOGGER_NAME = "global"
      global = class java.util.logging.Logger@6da2dfd1
      $assertionsDisabled = true
    CLASS_NAME = "com.ibm.ws.webcontainer.webapp.WebApp"
    loader = class com.ibm.ws.classloading.internal.ThreadContextClassLoader@aeba438
    facade = class com.ibm.ws.webcontainer31.facade.ServletContextFacade31@44e229bd
    features = class java.util.ArrayList@60e2d526
      serialVersionUID = 8683452581122892189
      DEFAULT_CAPACITY = 10
      EMPTY_ELEMENTDATA = class java.lang.Object[0]
      DEFAULTCAPACITY_EMPTY_ELEMENTDATA = class java.lang.Object[0]
      elementData = class java.lang.Object[0]
      size = 0
      MAX_ARRAY_SIZE = 2147483639
      modCount = 0
      MAX_ARRAY_SIZE = 2147483639
    applicationName = "org.tec.datos1.messenger.webapi"
    config = class com.ibm.ws.webcontainer.osgi.webapp.WebAppConfiguration@3f5d6e87
    securityEnabledForApp = true
    webExtensionProcessor = class com.ibm.ws.webcontainer.osgi.extension.WebExtensionProcessor@3f79bb8f
      webApp = class com.ibm.ws.webcontainer31.osgi.webapp.WebApp31@35eab250
      extensionContext = class com.ibm.ws.webcontainer31.osgi.webapp.WebApp31@35eab250
    production = true
    isServlet23 = true
    contextPath = "/webapi"
    internalServletList = class [Ljava.lang.String;[2]
      internalServletList[0] = class java.lang.String[2]
      internalServletList[1] = class java.lang.String[2]
    BY_NAME_ONLY = "/_1511748888870_/"
    filterManager = class com.ibm.ws.webcontainer.osgi.filter.WebAppFilterManagerImpl@60c8b344
      _filterWrappers = class java.util.Hashtable@71c1564d
      chainCache = class java.util.Collections$SynchronizedMap@4c6af8a
      forwardChainCache = class java.util.Collections$SynchronizedMap@229ffb16
      includeChainCache = class java.util.Collections$SynchronizedMap@48cd4892
      errorChainCache = class java.util.Collections$SynchronizedMap@33c50cf8
      _filtersDefined = false
      FMI_MAPPING_SINGLE_SLASH = 0
      FMI_MAPPING_PATH_MATCH = 1
      FMI_MAPPING_EXTENSION_MATCH = 2
      FMI_MAPPING_EXACT_MATCH = 3
      logger = class com.ibm.ws.logging.internal.WsLogger@24e4ff5
      CLASS_NAME = "com.ibm.ws.webcontainer.filter.WebAppFilterManager"
      nls = class com.ibm.ejs.ras.TraceNLS@5f5443e1
      webAppConfig = class com.ibm.ws.webcontainer.osgi.webapp.WebAppConfiguration@3f5d6e87
      webApp = class com.ibm.ws.webcontainer31.osgi.webapp.WebApp31@35eab250
      collabHelper = class com.ibm.ws.webcontainer.osgi.collaborator.CollaboratorHelperImpl@92c55cb
      webAppNameSpaceCollab = class com.ibm.ws.webcontainer.osgi.collaborator.WebAppNameSpaceCollaboratorImpl@feb702e
      secCollab = class com.ibm.ws.webcontainer.security.WebAppSecurityCollaboratorImpl@4daeb8
      sessionSecurityIntegrationEnabled = true
      assumeFilterSuccessOnSecurityError = false
      useOriginalRequestState = false
      _evtSource = class com.ibm.ws.webcontainer.webapp.WebAppEventSource@de50dc8
      defaultComponentMetaData = class com.ibm.ws.webcontainer.osgi.metadata.WebComponentMetaDataImpl@7dff1941
      DEFER_SERVLET_REQUEST_LISTENER_DESTROY_ON_ERROR = false
    documentRoot = null
    SERVLET_API_VERSION = "Servlet 2.5"
    disableServletAuditLogging = -1
    serverInfo = "IBM WebSphere Liberty/${liberty.service.version}"
    sessionCtx = class com.ibm.ws.webcontainer31.session.impl.HttpSessionContext31Impl@16f5119e
      methodClassName = "HttpSessionContextImpl"
      _smc = class com.ibm.ws.session.SessionManagerConfig@3f506001
      sessionStoreService = null
      _sap = class com.ibm.ws.session.SessionApplicationParameters@194e2c8e
      _coreHttpSessionManager = class com.ibm.ws.session.SessionManager@275b5cc0
      _coreHttpAppSessionManager = null
      _sam = class com.ibm.ws.webcontainer.session.impl.SessionAffinityManagerImpl@1ac38300
      isSIPApplication = false
      sessionAttributeListener = false
      sessionListener = true
      mHttpSessionAttributeListeners = class java.util.ArrayList@26afa831
      mHttpSessionListeners = class java.util.ArrayList@4eedca36
      mHttpSessionIdListeners = class java.util.ArrayList@332d3277
      mHttpSessionAttributeListenersJ2eeNames = class java.util.ArrayList@35707c91
      mHttpSessionListenersJ2eeNames = class java.util.ArrayList@6e45b42e
      mHttpSessionIdListenersJ2eeNames = class java.util.ArrayList@4e596faa
      mLocalHost = null
      _refCount = 1
      currentThreadSacHashtable = null
      methodClassName = "SessionContext"
      ANONYMOUS_USER = "anonymous"
      wasHttpSessionObserver = class com.ibm.ws.session.WasHttpSessionObserver@143d529c
      wasHttpSessionAttributeObserver = null
      _invalidator = class com.ibm.ws.session.SessionInvalidatorWithThreadPool@221f207e
      _storer = class com.ibm.ws.session.EOSSessionStorer@613804d7
      wasHttpAppSessionObserver = null
      mHttpAppSessionListeners = null
      cmvcInfo = "CMVC Version 1.9 6/24/07 11:12:24"
      _loggedVersion = true
      CREATE_CORE_SESSION_MANAGER = 0
      GET_REQUESTED_SESSION_ID = 1
      GET_IHTTP_SESSION = 2
      SESSION_PRE_INVOKE = 3
      SESSION_POST_INVOKE = 4
      STOP = 5
      STOP_LISTENERS = 6
      IS_VALID = 7
      ENCODE_URL = 8
      SHOULD_ENCODE_URL = 9
      IS_PROTOCOL_SWITCH = 10
      GET_LOCAL_HOST = 11
      ADD_HTTP_SESSION_ATTRIBUTE_LISTENER = 12
      ADD_HTTP_SESSION_LISTENER = 13
      GET_SESSION_AFFINITY_CONTEXT = 14
      CHECK_SECURITY = 15
      INVALIDATE = 16
      CHECK_SESSSIONID_IS_RIGHT_LENGTH = 17
      LOCK_SESSION = 18
      UNLOCK_SESSION = 19
      ADD_HTTP_SESSION_ID_LISTENER = 20
      methodNames = class java.lang.String[21]
    eventSource = class com.ibm.ws.webcontainer.webapp.WebAppEventSource@de50dc8
    nls = class com.ibm.ejs.ras.TraceNLS@6422750c
      resolver = class com.ibm.ws.logging.internal.TraceNLSResolver@6597b1f6
      finder = null
      ivBundleName = "com.ibm.ws.webcontainer.resources.Messages"
      caller = class java.lang.Class@345f4bf6
    liberty_nls = class com.ibm.ejs.ras.TraceNLS@4bd4cfd8
      resolver = class com.ibm.ws.logging.internal.TraceNLSResolver@6597b1f6
      finder = null
      ivBundleName = "com.ibm.ws.webcontainer.resources.LShimMessages"
      caller = class java.lang.Class@345f4bf6
    error_nls = class com.ibm.ejs.ras.TraceNLS@6ea30775
      resolver = class com.ibm.ws.logging.internal.TraceNLSResolver@6597b1f6
      finder = null
      ivBundleName = "com.ibm.ws.webcontainer.resources.ErrorPage"
      caller = class java.lang.Class@345f4bf6
    sessionListeners = class java.util.ArrayList@506492de
      serialVersionUID = 8683452581122892189
      DEFAULT_CAPACITY = 10
      EMPTY_ELEMENTDATA = class java.lang.Object[0]
      DEFAULTCAPACITY_EMPTY_ELEMENTDATA = class java.lang.Object[0]
      elementData = class java.lang.Object[10]
      size = 3
      MAX_ARRAY_SIZE = 2147483639
      modCount = 4
      MAX_ARRAY_SIZE = 2147483639
    sessionIdListeners = class java.util.ArrayList@279917cb
      serialVersionUID = 8683452581122892189
      DEFAULT_CAPACITY = 10
      EMPTY_ELEMENTDATA = class java.lang.Object[0]
      DEFAULTCAPACITY_EMPTY_ELEMENTDATA = class java.lang.Object[0]
      elementData = class java.lang.Object[0]
      size = 0
      MAX_ARRAY_SIZE = 2147483639
      modCount = 0
      MAX_ARRAY_SIZE = 2147483639
    sessionAttrListeners = class java.util.ArrayList@4adea6ef
      serialVersionUID = 8683452581122892189
      DEFAULT_CAPACITY = 10
      EMPTY_ELEMENTDATA = class java.lang.Object[0]
      DEFAULTCAPACITY_EMPTY_ELEMENTDATA = class java.lang.Object[0]
      elementData = class java.lang.Object[0]
      size = 0
      MAX_ARRAY_SIZE = 2147483639
      modCount = 1
      MAX_ARRAY_SIZE = 2147483639
    addedSessionListeners = class java.util.ArrayList@3c30986e
      serialVersionUID = 8683452581122892189
      DEFAULT_CAPACITY = 10
      EMPTY_ELEMENTDATA = class java.lang.Object[0]
      DEFAULTCAPACITY_EMPTY_ELEMENTDATA = class java.lang.Object[0]
      elementData = class java.lang.Object[0]
      size = 0
      MAX_ARRAY_SIZE = 2147483639
      modCount = 0
      MAX_ARRAY_SIZE = 2147483639
    addedSessionAttrListeners = class java.util.ArrayList@48360f54
      serialVersionUID = 8683452581122892189
      DEFAULT_CAPACITY = 10
      EMPTY_ELEMENTDATA = class java.lang.Object[0]
      DEFAULTCAPACITY_EMPTY_ELEMENTDATA = class java.lang.Object[0]
      elementData = class java.lang.Object[0]
      size = 0
      MAX_ARRAY_SIZE = 2147483639
      modCount = 0
      MAX_ARRAY_SIZE = 2147483639
    servletContextListeners = class java.util.ArrayList@277e7ed6
      serialVersionUID = 8683452581122892189
      DEFAULT_CAPACITY = 10
      EMPTY_ELEMENTDATA = class java.lang.Object[0]
      DEFAULTCAPACITY_EMPTY_ELEMENTDATA = class java.lang.Object[0]
      elementData = class java.lang.Object[10]
      size = 5
      MAX_ARRAY_SIZE = 2147483639
      modCount = 6
      MAX_ARRAY_SIZE = 2147483639
    servletContextLAttrListeners = class java.util.ArrayList@18285d08
      serialVersionUID = 8683452581122892189
      DEFAULT_CAPACITY = 10
      EMPTY_ELEMENTDATA = class java.lang.Object[0]
      DEFAULTCAPACITY_EMPTY_ELEMENTDATA = class java.lang.Object[0]
      elementData = class java.lang.Object[0]
      size = 0
      MAX_ARRAY_SIZE = 2147483639
      modCount = 1
      MAX_ARRAY_SIZE = 2147483639
    servletRequestListeners = class java.util.ArrayList@2063458b
      serialVersionUID = 8683452581122892189
      DEFAULT_CAPACITY = 10
      EMPTY_ELEMENTDATA = class java.lang.Object[0]
      DEFAULTCAPACITY_EMPTY_ELEMENTDATA = class java.lang.Object[0]
      elementData = class java.lang.Object[10]
      size = 2
      MAX_ARRAY_SIZE = 2147483639
      modCount = 3
      MAX_ARRAY_SIZE = 2147483639
    servletRequestLAttrListeners = class java.util.ArrayList@5857b27c
      serialVersionUID = 8683452581122892189
      DEFAULT_CAPACITY = 10
      EMPTY_ELEMENTDATA = class java.lang.Object[0]
      DEFAULTCAPACITY_EMPTY_ELEMENTDATA = class java.lang.Object[0]
      elementData = class java.lang.Object[0]
      size = 0
      MAX_ARRAY_SIZE = 2147483639
      modCount = 1
      MAX_ARRAY_SIZE = 2147483639
    prependSlashToResource = false
    destroyed = false
    webAppNameSpaceCollab = class com.ibm.ws.webcontainer.osgi.collaborator.WebAppNameSpaceCollaboratorImpl@feb702e
    txCollab = class com.ibm.ws.transaction.services.WebAppTransactionCollaboratorImpl@2ac5a756
    sessionActivationListeners = class java.util.ArrayList@c8bef6e
      serialVersionUID = 8683452581122892189
      DEFAULT_CAPACITY = 10
      EMPTY_ELEMENTDATA = class java.lang.Object[0]
      DEFAULTCAPACITY_EMPTY_ELEMENTDATA = class java.lang.Object[0]
      elementData = class java.lang.Object[0]
      size = 0
      MAX_ARRAY_SIZE = 2147483639
      modCount = 1
      MAX_ARRAY_SIZE = 2147483639
    sessionBindingListeners = class java.util.ArrayList@561123ea
      serialVersionUID = 8683452581122892189
      DEFAULT_CAPACITY = 10
      EMPTY_ELEMENTDATA = class java.lang.Object[0]
      DEFAULTCAPACITY_EMPTY_ELEMENTDATA = class java.lang.Object[0]
      elementData = class java.lang.Object[0]
      size = 0
      MAX_ARRAY_SIZE = 2147483639
      modCount = 1
      MAX_ARRAY_SIZE = 2147483639
    scratchdir = null
    jspClassLoaderLimit = 0
    jspClassLoaderExclusionList = null
    jspClassLoadersMap = null
    jspClassLoaderLimitTrackIF = false
    defaultExtProc = null
    directoryBrowsingServlet = null
    cdiContexts = class java.util.concurrent.ConcurrentHashMap@6ce46bbe
      serialVersionUID = 7249069246763182397
      MAXIMUM_CAPACITY = 1073741824
      DEFAULT_CAPACITY = 16
      MAX_ARRAY_SIZE = 2147483639
      DEFAULT_CONCURRENCY_LEVEL = 16
      LOAD_FACTOR = 0.75
      TREEIFY_THRESHOLD = 8
      UNTREEIFY_THRESHOLD = 6
      MIN_TREEIFY_CAPACITY = 64
      MIN_TRANSFER_STRIDE = 16
      RESIZE_STAMP_BITS = 16
      MAX_RESIZERS = 65535
      RESIZE_STAMP_SHIFT = 16
      MOVED = -1
      TREEBIN = -2
      RESERVED = -3
      HASH_BITS = 2147483647
      NCPU = 4
      serialPersistentFields = class java.io.ObjectStreamField[3]
      table = null
      nextTable = null
      baseCount = 0
      sizeCtl = 0
      transferIndex = 0
      cellsBusy = 0
      counterCells = null
      keySet = null
      values = null
      entrySet = null
      U = class sun.misc.Unsafe@f6fa3f2
      SIZECTL = 20
      TRANSFERINDEX = 32
      BASECOUNT = 24
      CELLSBUSY = 36
      CELLVALUE = 144
      ABASE = 16
      ASHIFT = 2
      keySet = null
      values = null
    moduleConfig = class com.ibm.ws.webcontainer.osgi.container.DeployedModule@945f00c
      tc = class com.ibm.websphere.ras.TraceComponent@51ae490d
      loader = class com.ibm.ws.classloading.internal.ThreadContextClassLoader@aeba438
      webApp = class com.ibm.ws.webcontainer31.osgi.webapp.WebApp31@35eab250
      webAppConfig = class com.ibm.ws.webcontainer.osgi.webapp.WebAppConfiguration@3f5d6e87
      contextRootAdded = null
      properContextRoot = "/webapi"
      mappingContextRoot = "/webapi/*"
      serialVersionUID = -2104814060051592457
      $$$tc$$$ = class com.ibm.websphere.ras.TraceComponent@4308c46
    extensionFactories = class java.util.ArrayList@5a669ed5
      serialVersionUID = 8683452581122892189
      DEFAULT_CAPACITY = 10
      EMPTY_ELEMENTDATA = class java.lang.Object[0]
      DEFAULTCAPACITY_EMPTY_ELEMENTDATA = class java.lang.Object[0]
      elementData = class java.lang.Object[10]
      size = 4
      MAX_ARRAY_SIZE = 2147483639
      modCount = 9
      MAX_ARRAY_SIZE = 2147483639
    initialized = true
    lock = class com.ibm.ws.webcontainer.webapp.WebApp$1@537f800
      this$0 = class com.ibm.ws.webcontainer31.osgi.webapp.WebApp31@35eab250
    afterServletContextCreated = false
    redirectContextRoot = false
    errorExceptionTypeFirst = false
    initFilterBeforeServletInit = false
    sortedServletConfigs = class java.util.ArrayList@4ac1ca83
      serialVersionUID = 8683452581122892189
      DEFAULT_CAPACITY = 10
      EMPTY_ELEMENTDATA = class java.lang.Object[0]
      DEFAULTCAPACITY_EMPTY_ELEMENTDATA = class java.lang.Object[0]
      elementData = class java.lang.Object[10]
      size = 1
      MAX_ARRAY_SIZE = 2147483639
      modCount = 1
      MAX_ARRAY_SIZE = 2147483639
    effectiveMajorVersion = 3
    effectiveMinorVersion = 0
    canAddServletContextListener = true
    withinContextInitOfProgAddListener = false
    lastProgAddListenerInitialized = "com.ibm.ws.cache.CacheServiceImpl"
    webInfLibClassloader = null
    metaInfCache = class com.ibm.ws.webcontainer.webapp.WebApp$2@6c228647
      this$0 = class com.ibm.ws.webcontainer31.osgi.webapp.WebApp31@35eab250
      serialVersionUID = 3801124242820219131
      head = null
      tail = null
      accessOrder = true
      serialVersionUID = 362498820763181265
      DEFAULT_INITIAL_CAPACITY = 16
      MAXIMUM_CAPACITY = 1073741824
      DEFAULT_LOAD_FACTOR = 0.75
      TREEIFY_THRESHOLD = 8
      UNTREEIFY_THRESHOLD = 6
      MIN_TREEIFY_CAPACITY = 64
      table = null
      entrySet = null
      size = 0
      modCount = 0
      threshold = 32
      loadFactor = 1.0
      keySet = null
      values = null
    useMetaInfCache = true
    SUN_CONFIGURE_LISTENER_CLASSNAME = "com.sun.faces.config.ConfigureListener"
    MYFACES_LIFECYCLE_LISTENER_CLASSNAME = "org.apache.myfaces.webapp.StartupServletContextListener"
    JSF_IMPL_ENABLED_PARAM = "com.ibm.ws.jsf.JSF_IMPL_ENABLED"
    JSF_IMPL_ENABLED_CUSTOM = "Custom"
    JSF_IMPL_ENABLED_NONE = "None"
    staticDocRoot = class com.ibm.ws.webcontainer.util.DocumentRootUtils@25c3d20
      logger = class com.ibm.ws.logging.internal.WsLogger@731f707b
      CLASS_NAME = "com.ibm.ws.webcontainer.util.DocumentRootUtils"
      useContentLength = false
      matchedFile = null
      matchedZipFile = null
      matchedEntry = null
      matchedURL = null
      edrRoot = null
      pfedrRoot = null
      ctxt = class com.ibm.ws.webcontainer31.osgi.webapp.WebApp31@35eab250
      baseDir = null
      edr = null
      pfedr = null
      metaInfRes = null
      searchpfEDR = false
      searchEDR = false
      searchMetaInfRes = true
      matchFromEDR = false
      matchFromMetaInfRes = false
      matchIsADirectory = false
      appConfig = class com.ibm.ws.webcontainer.osgi.webapp.WebAppConfiguration@3f5d6e87
      attributeType = "staticFile"
      STATIC_FILE = "staticFile"
      JSP = "jsp"
      PFEDR = "preFragmentExtendedDocumentRoot"
      EDR = "extendedDocumentRoot"
    jspDocRoot = class com.ibm.ws.webcontainer.util.DocumentRootUtils@38913293
      logger = class com.ibm.ws.logging.internal.WsLogger@731f707b
      CLASS_NAME = "com.ibm.ws.webcontainer.util.DocumentRootUtils"
      useContentLength = false
      matchedFile = null
      matchedZipFile = null
      matchedEntry = null
      matchedURL = null
      edrRoot = null
      pfedrRoot = null
      ctxt = class com.ibm.ws.webcontainer31.osgi.webapp.WebApp31@35eab250
      baseDir = null
      edr = null
      pfedr = null
      metaInfRes = null
      searchpfEDR = false
      searchEDR = false
      searchMetaInfRes = true
      matchFromEDR = false
      matchFromMetaInfRes = false
      matchIsADirectory = false
      appConfig = class com.ibm.ws.webcontainer.osgi.webapp.WebAppConfiguration@3f5d6e87
      attributeType = "jsp"
      STATIC_FILE = "staticFile"
      JSP = "jsp"
      PFEDR = "preFragmentExtendedDocumentRoot"
      EDR = "extendedDocumentRoot"
    container = class com.ibm.ws.adaptable.module.internal.AdaptableContainerImpl@55309382
      root = class com.ibm.ws.adaptable.module.internal.AdaptableContainerImpl@55309382
      rootOverlay = class com.ibm.ws.artifact.overlay.internal.DirectoryBasedOverlayContainerImpl@4647a52c
      factoryHolder = class com.ibm.ws.adaptable.module.internal.AdaptableModuleFactoryImpl@35f288d6
      delegate = class com.ibm.ws.artifact.overlay.internal.DirectoryBasedOverlayContainerImpl@4647a52c
      notifier = class com.ibm.ws.adaptable.module.internal.NotifierImpl@54a2ae72
      serialVersionUID = -5621513278641113667
      $$$tc$$$ = class com.ibm.websphere.ras.TraceComponent@644c55be
    metaInfResourceFinder = class com.ibm.ws.webcontainer.util.MetaInfResourceFinder@7cc072d0
      jarResourceContainers = class java.util.ArrayList@4df88a34
      container = class com.ibm.ws.adaptable.module.internal.AdaptableContainerImpl@55309382
    postConstructMethods = class com.ibm.ws.webcontainer.webapp.WebApp$AnnotatedMethods@428c3b1
      annotationClass = class java.lang.Class@5d49613
      noOpClassNames = class java.util.HashSet@3be0b647
      annotatedMethodNames = class java.util.concurrent.ConcurrentHashMap@3097ad6
      EMPTY_METHODS = class java.lang.reflect.Method[0]
    preDestroyMethods = class com.ibm.ws.webcontainer.webapp.WebApp$AnnotatedMethods@677e4b29
      annotationClass = class java.lang.Class@2721ff27
      noOpClassNames = class java.util.HashSet@21ad8bb8
      annotatedMethodNames = class java.util.concurrent.ConcurrentHashMap@4559d22f
      EMPTY_METHODS = class java.lang.reflect.Method[0]
    upgraded = false
    OBJ_EMPTY = class java.lang.Object[0]
    CLASS_EMPTY = class java.lang.Class[0]
    DEFAULT_JSP_EXTENSIONS = class java.util.ArrayList@56caf8ff
      serialVersionUID = 8683452581122892189
      DEFAULT_CAPACITY = 10
      EMPTY_ELEMENTDATA = class java.lang.Object[0]
      DEFAULTCAPACITY_EMPTY_ELEMENTDATA = class java.lang.Object[0]
      elementData = class java.lang.Object[10]
      size = 4
      MAX_ARRAY_SIZE = 2147483639
      modCount = 4
      MAX_ARRAY_SIZE = 2147483639
    DEFER_SERVLET_REQUEST_LISTENER_DESTROY_ON_ERROR = false
    DO_ACCEPT_PARTIAL = true
    DO_NOT_ACCEPT_PARTIAL = false
    DO_ACCEPT_EXCLUDED = true
    DO_NOT_ACCEPT_EXCLUDED = false
    commands = class java.util.ArrayList@6b143dd2
      serialVersionUID = 8683452581122892189
      DEFAULT_CAPACITY = 10
      EMPTY_ELEMENTDATA = class java.lang.Object[0]
      DEFAULTCAPACITY_EMPTY_ELEMENTDATA = class java.lang.Object[0]
      elementData = class java.lang.Object[3]
      size = 0
      MAX_ARRAY_SIZE = 2147483639
      modCount = 0
      MAX_ARRAY_SIZE = 2147483639
    requestMapper = class com.ibm.wsspi.webcontainer.util.URIMapper@7e26049a
      matcher = class com.ibm.wsspi.webcontainer.util.URIMatcher@2f0d9ebf
    parent = class com.ibm.ws.webcontainer.osgi.webapp.WebGroup@7f2a16a1
      tc = class com.ibm.websphere.ras.TraceComponent@73731d22
      logger = class com.ibm.ws.logging.internal.WsLogger@60b56ad5
      CLASS_NAME = "com.ibm.ws.webcontainer.webapp.WebGroup"
      sessUrlRewritePrefix = ";jsessionid="
      qMark = "?"
      config = class com.ibm.ws.webcontainer.osgi.webapp.WebGroupConfiguration@21b93ebd
      webApp = class com.ibm.ws.webcontainer31.osgi.webapp.WebApp31@35eab250
      commands = class java.util.ArrayList@748bb4b1
      requestMapper = null
      parent = class com.ibm.ws.webcontainer.osgi.DynamicVirtualHost@65f86d17
      name = "/webapi/*"
      isAlive = true
      subElements = class java.util.HashMap@3fd9557a
      attributes = null
      config = null
      serialVersionUID = -8271459000149267764
      $$$tc$$$ = class com.ibm.websphere.ras.TraceComponent@4df40492
    name = "org.tec.datos1.messenger.webapi"
    isAlive = true
    subElements = null
    attributes = class java.util.concurrent.ConcurrentHashMap@6faf2c0
      serialVersionUID = 7249069246763182397
      MAXIMUM_CAPACITY = 1073741824
      DEFAULT_CAPACITY = 16
      MAX_ARRAY_SIZE = 2147483639
      DEFAULT_CONCURRENCY_LEVEL = 16
      LOAD_FACTOR = 0.75
      TREEIFY_THRESHOLD = 8
      UNTREEIFY_THRESHOLD = 6
      MIN_TREEIFY_CAPACITY = 64
      MIN_TRANSFER_STRIDE = 16
      RESIZE_STAMP_BITS = 16
      MAX_RESIZERS = 65535
      RESIZE_STAMP_SHIFT = 16
      MOVED = -1
      TREEBIN = -2
      RESERVED = -3
      HASH_BITS = 2147483647
      NCPU = 4
      serialPersistentFields = class java.io.ObjectStreamField[3]
      table = class java.util.concurrent.ConcurrentHashMap$Node[32]
      nextTable = null
      baseCount = 20
      sizeCtl = 24
      transferIndex = 0
      cellsBusy = 0
      counterCells = null
      keySet = null
      values = null
      entrySet = class java.util.concurrent.ConcurrentHashMap$EntrySetView@68cdbfc4
      U = class sun.misc.Unsafe@f6fa3f2
      SIZECTL = 20
      TRANSFERINDEX = 32
      BASECOUNT = 24
      CELLSBUSY = 36
      CELLVALUE = 144
      ABASE = 16
      ASHIFT = 2
      keySet = null
      values = null
    config = null
    serialVersionUID = -8271459000149267764
    $$$tc$$$ = class com.ibm.websphere.ras.TraceComponent@4df40492
      strings[0] = "TraceComponent[com.ibm.ws.container.AbstractContainer,class com.ibm.ws.container.AbstractContainer,[],null,null]"
  target = class org.glassfish.jersey.servlet.ServletContainer@6f9a8c82
    serialVersionUID = 3932047066686065219
    LOGGER = class org.glassfish.jersey.internal.util.ExtendedLogger@5f223a3a
      logger = class com.ibm.ws.logging.internal.WsLogger@381042f2
      debugLevel = class java.util.logging.Level@2f653c74
    filterConfig = null
    webComponent = null
    resourceConfig = null
    staticContentPattern = null
    filterContextPath = null
    filterUrlMappings = null
    containerListener = null
    METHOD_DELETE = "DELETE"
    METHOD_HEAD = "HEAD"
    METHOD_GET = "GET"
    METHOD_OPTIONS = "OPTIONS"
    METHOD_POST = "POST"
    METHOD_PUT = "PUT"
    METHOD_TRACE = "TRACE"
    HEADER_IFMODSINCE = "If-Modified-Since"
    HEADER_LASTMOD = "Last-Modified"
    LSTRING_FILE = "javax.servlet.http.LocalStrings"
    lStrings = class java.util.PropertyResourceBundle@69972db4
      lookup = class java.util.HashMap@37a4889c
      INITIAL_CACHE_SIZE = 32
      NONEXISTENT_BUNDLE = class java.util.ResourceBundle$1@1a7c245a
      cacheList = class java.util.concurrent.ConcurrentHashMap@4a56402c
      referenceQueue = class java.lang.ref.ReferenceQueue@19b5785a
      parent = class java.util.PropertyResourceBundle@7c4ef763
      locale = class java.util.Locale@10edfb6b
      name = "javax.servlet.http.LocalStrings"
      expired = false
      cacheKey = class java.util.ResourceBundle$CacheKey@e282cc3
      keySet = null
      providers = null
      $assertionsDisabled = true
    LSTRING_FILE = "javax.servlet.LocalStrings"
    lStrings = class java.util.PropertyResourceBundle@314688fe
    config = class com.ibm.ws.webcontainer.servlet.ServletConfig@28cbdfb1
  cacheWrappers = null
  targetLoader = class com.ibm.ws.classloading.internal.ThreadContextClassLoader@aeba438
    tc = class com.ibm.websphere.ras.TraceComponent@5c87d0b6
      strings[0] = "TraceComponent[com.ibm.ws.classloading.internal.ThreadContextClassLoader,class com.ibm.ws.classloading.internal.ThreadContextClassLoader,[ClassLoadingService],com.ibm.ws.classloading.internal.resources.ClassLoadingServiceMessages,null]"
    bundle = class java.util.concurrent.atomic.AtomicReference@165bd12c
      serialVersionUID = -1848883965231344442
      unsafe = class sun.misc.Unsafe@f6fa3f2
      valueOffset = 12
      value = class org.eclipse.osgi.internal.framework.EquinoxBundle@900f853
    key = "WebModule:org.tec.datos1.messenger.webapi#org.tec.datos1.messenger.webapi.war"
    refCount = class java.util.concurrent.atomic.AtomicInteger@5af8b29e
      serialVersionUID = 6214790243416807050
      unsafe = class sun.misc.Unsafe@f6fa3f2
      valueOffset = 12
      value = 3
      serialVersionUID = -8742448824652078965
    appLoader = class com.ibm.ws.classloading.internal.AppClassLoader@40eaf702
      tc = class com.ibm.websphere.ras.TraceComponent@41a570ee
      PARENT_FIRST_SEARCH_ORDER = class java.util.Collections$UnmodifiableRandomAccessList@3f4fc784
      CLASS_LOADING_TRACE_PREFIX = "com.ibm.ws.class.load."
      DEFAULT_PACKAGE = "default.package"
      perPackageClassLoadingTraceComponents = class java.util.concurrent.ConcurrentHashMap@51da807
      config = class com.ibm.ws.classloading.internal.ClassLoaderConfigurationImpl@27961dd
      privateLibraries = null
      delegateLoaders = class com.ibm.ws.classloading.internal.util.CompositeIterable@3a25339f
      nativeLibraryFiles = class java.util.ArrayList@7b97b0b8
      transformers = class java.util.ArrayList@1322725d
      apiAccess = class com.ibm.ws.classloading.internal.GatewayClassLoader@120459e7
      generator = class com.ibm.ws.classloading.internal.ClassGeneratorManager@66a3b2c8
      protectionDomains = class java.util.concurrent.ConcurrentHashMap@5a9c9e6d
      parent = class com.ibm.ws.classloading.internal.GatewayClassLoader@120459e7
      serialVersionUID = 952643806680066297
      tc = class com.ibm.websphere.ras.TraceComponent@20a41ebe
      EMPTY_URL_ARRAY = class java.net.URL[0]
      smartClassPath = class com.ibm.ws.classloading.internal.ContainerClassLoader$SmartClassPathImpl@f629c94
      nativeLibraryContainers = class java.util.ArrayList@f52b7bf
      redefiner = class com.ibm.ws.classloading.internal.util.ClassRedefiner@e4961d4
      mapCreationQueue = class java.util.concurrent.Executors$FinalizableDelegatedExecutorService@31833fce
      serialVersionUID = 7249739282446266343
      serialVersionUID = -7411549862368381758
      $$$tc$$$ = class com.ibm.websphere.ras.TraceComponent@61c8105b
      serialVersionUID = -4868702105808481416
      $$$tc$$$ = class com.ibm.websphere.ras.TraceComponent@1be18acf
      serialVersionUID = 2596921220292114344
      $$$tc$$$ = class com.ibm.websphere.ras.TraceComponent@8e8e61e
      initialized = true
      pdcache = class java.util.HashMap@54edb065
      debug = null
      parent = class com.ibm.ws.classloading.internal.GatewayClassLoader@120459e7
      parallelLockMap = null
      package2certs = class java.util.Hashtable@4e181a08
      nocerts = class java.security.cert.Certificate[0]
      classes = class java.util.Vector@664d214a
      defaultDomain = class java.security.ProtectionDomain@29eb5fbb
      domains = class java.util.HashSet@10bcbc7b
      packages = class java.util.HashMap@1efa3c3e
      scl = class sun.misc.Launcher$AppClassLoader@18b4aac2
      sclSet = true
      loadedLibraryNames = class java.util.Vector@315815f2
      systemNativeLibraries = class java.util.Vector@707287a1
      nativeLibraries = class java.util.Vector@11b209da
      nativeLibraryContext = class java.util.Stack@293df185
      usr_paths = class java.lang.String[6]
      sys_paths = class java.lang.String[1]
      assertionLock = class com.ibm.ws.classloading.internal.AppClassLoader@40eaf702
      defaultAssertionStatus = false
      packageAssertionStatus = null
      classAssertionStatus = null
    clSvc = class com.ibm.ws.classloading.internal.ClassLoadingServiceImpl@55ead8f7
      tc = class com.ibm.websphere.ras.TraceComponent@68372a76
      leakDetectionMap = class java.util.HashMap@24f6bc27
      TCCL_LOCK_WAIT = 15000
      REFERENCE_GENERATORS = "generators"
      bundleContext = class org.eclipse.osgi.internal.framework.BundleContextImpl@49cbc863
      aclStore = class com.ibm.ws.classloading.internal.util.CanonicalStore@55846097
      tcclStore = class com.ibm.ws.classloading.internal.util.CanonicalStore@6fb9af07
      tcclStoreLock = class java.util.concurrent.locks.ReentrantLock@6939a818
      digraph = class org.eclipse.equinox.internal.region.StandardRegionDigraph@783f269c
      redefiner = class com.ibm.ws.classloading.internal.util.ClassRedefiner@e4961d4
      listener = class com.ibm.ws.classloading.internal.ClassLoadingServiceImpl$1@2caa368d
      classloaders = class java.util.Collections$SynchronizedMap@8f72268
      resourceProviders = class com.ibm.ws.classloading.internal.CompositeResourceProvider@9fdee2c
      rememberedBundles = class java.util.concurrent.ConcurrentHashMap@4cff6906
      collectedBundles = class java.lang.ref.ReferenceQueue@319c204a
      generatorRefs = class com.ibm.wsspi.kernel.service.utils.ConcurrentServiceReferenceSet@c9a073
      generatorManager = class com.ibm.ws.classloading.internal.ClassGeneratorManager@66a3b2c8
      metaInfServicesProviders = class java.util.concurrent.ConcurrentHashMap@51a35043
      metaInfServicesRefs = class com.ibm.wsspi.kernel.service.utils.ConcurrentServiceReferenceMap@1eda44d
      protectionDomainMap = class java.util.HashMap@4cea563b
      metadataIdentifierService = class com.ibm.ws.container.service.metadata.internal.MetaDataServiceImpl@1441d7d2
      serialVersionUID = 4744076773827852552
    serialVersionUID = 846416563800781557
    followOnClassLoaders = class java.util.ArrayList@d73bbe3
      serialVersionUID = 8683452581122892189
      DEFAULT_CAPACITY = 10
      EMPTY_ELEMENTDATA = class java.lang.Object[0]
      DEFAULTCAPACITY_EMPTY_ELEMENTDATA = class java.lang.Object[0]
      elementData = class java.lang.Object[10]
      size = 1
      MAX_ARRAY_SIZE = 2147483639
      modCount = 1
      MAX_ARRAY_SIZE = 2147483639
    serialVersionUID = -5107316606107305512
    $$$tc$$$ = class com.ibm.websphere.ras.TraceComponent@50ba889
      strings[0] = "TraceComponent[com.ibm.ws.classloading.internal.UnifiedClassLoader,class com.ibm.ws.classloading.internal.UnifiedClassLoader,[ClassLoadingService],com.ibm.ws.classloading.internal.resources.ClassLoadingServiceMessages,null]"
    serialVersionUID = -4868702105808481416
    $$$tc$$$ = class com.ibm.websphere.ras.TraceComponent@1be18acf
      strings[0] = "TraceComponent[com.ibm.ws.classloading.internal.LibertyLoader,class com.ibm.ws.classloading.internal.LibertyLoader,[ClassLoadingService],com.ibm.ws.classloading.internal.resources.ClassLoadingServiceMessages,null]"
    serialVersionUID = 2596921220292114344
    $$$tc$$$ = class com.ibm.websphere.ras.TraceComponent@8e8e61e
      strings[0] = "TraceComponent[com.ibm.ws.classloading.LibertyClassLoader,class com.ibm.ws.classloading.LibertyClassLoader,[ClassLoadingService],com.ibm.ws.classloading.internal.resources.ClassLoadingServiceMessages,null]"
    initialized = true
    pdcache = class java.util.HashMap@1aca6e78
      serialVersionUID = 362498820763181265
      DEFAULT_INITIAL_CAPACITY = 16
      MAXIMUM_CAPACITY = 1073741824
      DEFAULT_LOAD_FACTOR = 0.75
      TREEIFY_THRESHOLD = 8
      UNTREEIFY_THRESHOLD = 6
      MIN_TREEIFY_CAPACITY = 64
      table = null
      entrySet = null
      size = 0
      modCount = 0
      threshold = 16
      loadFactor = 0.75
      keySet = null
      values = null
    debug = null
    parent = class com.ibm.ws.classloading.internal.GatewayClassLoader@13f60ddc
      config = class com.ibm.ws.classloading.internal.GatewayConfigurationImpl@266d4c03
      wiringMonitor = class com.ibm.ws.classloading.internal.GatewayClassLoader$1@66598919
      bundle = class org.eclipse.osgi.internal.framework.EquinoxBundle@900f853
      wiring = class org.eclipse.osgi.container.ModuleWiring@5da14203
      bundleLoader = class org.eclipse.osgi.internal.loader.EquinoxClassLoader@559b080d
      resourceProviders = class com.ibm.ws.classloading.internal.CompositeResourceProvider@9fdee2c
      serialVersionUID = -4256474098847905153
      $$$tc$$$ = class com.ibm.websphere.ras.TraceComponent@1d603a7d
      parent = class sun.misc.Launcher$AppClassLoader@18b4aac2
      parallelLockMap = null
      package2certs = class java.util.Hashtable@195a5be9
      nocerts = class java.security.cert.Certificate[0]
      classes = class java.util.Vector@33e1189a
      defaultDomain = class java.security.ProtectionDomain@6407f5bf
      domains = class java.util.HashSet@69514252
      packages = class java.util.HashMap@229fc982
      scl = class sun.misc.Launcher$AppClassLoader@18b4aac2
      sclSet = true
      loadedLibraryNames = class java.util.Vector@315815f2
      systemNativeLibraries = class java.util.Vector@707287a1
      nativeLibraries = class java.util.Vector@19813083
      nativeLibraryContext = class java.util.Stack@293df185
      usr_paths = class java.lang.String[6]
      sys_paths = class java.lang.String[1]
      assertionLock = class com.ibm.ws.classloading.internal.GatewayClassLoader@13f60ddc
      defaultAssertionStatus = false
      packageAssertionStatus = null
      classAssertionStatus = null
    parallelLockMap = null
    package2certs = class java.util.Hashtable@af67261
      table = class java.util.Hashtable$Entry[11]
      count = 0
      threshold = 8
      loadFactor = 0.75
      modCount = 0
      serialVersionUID = 1421746759512286392
      MAX_ARRAY_SIZE = 2147483639
      keySet = null
      entrySet = null
      values = null
      KEYS = 0
      VALUES = 1
      ENTRIES = 2
    nocerts = class java.security.cert.Certificate[0]
    classes = class java.util.Vector@1c44cbb2
      elementData = class java.lang.Object[10]
      elementCount = 0
      capacityIncrement = 0
      serialVersionUID = -2767605614048989439
      MAX_ARRAY_SIZE = 2147483639
      modCount = 0
      MAX_ARRAY_SIZE = 2147483639
    defaultDomain = class java.security.ProtectionDomain@7bd75797
      codesource = class java.security.CodeSource@cea96cf
      classloader = class com.ibm.ws.classloading.internal.ThreadContextClassLoader@aeba438
      principals = interface java.security.Principal[0]
      permissions = null
      hasAllPerm = false
      staticPermissions = false
      key = class java.security.ProtectionDomain$Key@289d9391
      debug = null
    domains = class java.util.HashSet@32a75f3b
      serialVersionUID = -5024744406713321676
      map = class java.util.HashMap@684b3208
      PRESENT = class java.lang.Object@2e6331c8
      MAX_ARRAY_SIZE = 2147483639
    packages = class java.util.HashMap@b7b4674
      serialVersionUID = 362498820763181265
      DEFAULT_INITIAL_CAPACITY = 16
      MAXIMUM_CAPACITY = 1073741824
      DEFAULT_LOAD_FACTOR = 0.75
      TREEIFY_THRESHOLD = 8
      UNTREEIFY_THRESHOLD = 6
      MIN_TREEIFY_CAPACITY = 64
      table = null
      entrySet = null
      size = 0
      modCount = 0
      threshold = 0
      loadFactor = 0.75
      keySet = null
      values = null
    scl = class sun.misc.Launcher$AppClassLoader@18b4aac2
      ucp = class sun.misc.URLClassPath@60b66165
      $assertionsDisabled = true
      ucp = class sun.misc.URLClassPath@60b66165
      acc = class java.security.AccessControlContext@4c98d43d
      closeables = class java.util.WeakHashMap@261ae1a2
      initialized = true
      pdcache = class java.util.HashMap@29c5967d
      debug = null
      parent = class sun.misc.Launcher$ExtClassLoader@57f3ba41
      parallelLockMap = class java.util.concurrent.ConcurrentHashMap@7a2b7769
      package2certs = class java.util.concurrent.ConcurrentHashMap@70986d2d
      nocerts = class java.security.cert.Certificate[0]
      classes = class java.util.Vector@17e856d
      defaultDomain = class java.security.ProtectionDomain@48d9d41
      domains = class java.util.Collections$SynchronizedSet@25bc3286
      packages = class java.util.HashMap@16fed219
      scl = class sun.misc.Launcher$AppClassLoader@18b4aac2
      sclSet = true
      loadedLibraryNames = class java.util.Vector@315815f2
      systemNativeLibraries = class java.util.Vector@707287a1
      nativeLibraries = class java.util.Vector@63de6846
      nativeLibraryContext = class java.util.Stack@293df185
      usr_paths = class java.lang.String[6]
      sys_paths = class java.lang.String[1]
      assertionLock = class java.lang.Object@bd196e9
      defaultAssertionStatus = false
      packageAssertionStatus = null
      classAssertionStatus = null
    sclSet = true
    loadedLibraryNames = class java.util.Vector@315815f2
      elementData = class java.lang.Object[10]
      elementCount = 6
      capacityIncrement = 0
      serialVersionUID = -2767605614048989439
      MAX_ARRAY_SIZE = 2147483639
      modCount = 6
      MAX_ARRAY_SIZE = 2147483639
    systemNativeLibraries = class java.util.Vector@707287a1
      elementData = class java.lang.Object[10]
      elementCount = 5
      capacityIncrement = 0
      serialVersionUID = -2767605614048989439
      MAX_ARRAY_SIZE = 2147483639
      modCount = 5
      MAX_ARRAY_SIZE = 2147483639
    nativeLibraries = class java.util.Vector@78244013
      elementData = class java.lang.Object[10]
      elementCount = 0
      capacityIncrement = 0
      serialVersionUID = -2767605614048989439
      MAX_ARRAY_SIZE = 2147483639
      modCount = 0
      MAX_ARRAY_SIZE = 2147483639
    nativeLibraryContext = class java.util.Stack@293df185
      serialVersionUID = 1224463164541339165
      elementData = class java.lang.Object[10]
      elementCount = 0
      capacityIncrement = 0
      serialVersionUID = -2767605614048989439
      MAX_ARRAY_SIZE = 2147483639
      modCount = 12
      MAX_ARRAY_SIZE = 2147483639
    usr_paths = class java.lang.String[6]
      usr_paths[0] = "/Users/Jai/Library/Java/Extensions"
      usr_paths[1] = "/Library/Java/Extensions"
      usr_paths[2] = "/Network/Library/Java/Extensions"
      usr_paths[3] = "/System/Library/Java/Extensions"
      usr_paths[4] = "/usr/lib/java"
      usr_paths[5] = "."
    sys_paths = class java.lang.String[1]
      sys_paths[0] = "/Library/Java/JavaVirtualMachines/jdk1.8.0_144.jdk/Contents/Home/jre/lib"
    assertionLock = class com.ibm.ws.classloading.internal.ThreadContextClassLoader@aeba438
    defaultAssertionStatus = false
    packageAssertionStatus = null
    classAssertionStatus = null
  evtSource = class com.ibm.ws.webcontainer.webapp.WebAppEventSource@de50dc8
    _invocationListeners = class com.ibm.ws.webcontainer.util.EventListeners@145b9c97
      EMPTY_LISTENERS = interface java.util.EventListener[0]
      logger = class com.ibm.ws.logging.internal.WsLogger@731f707b
      CLASS_NAME = "com.ibm.ws.webcontainer.util.EventListeners"
      listeners = interface java.util.EventListener[0]
    _servletListeners = class com.ibm.ws.webcontainer.util.EventListeners@790ed8ca
      EMPTY_LISTENERS = interface java.util.EventListener[0]
      logger = class com.ibm.ws.logging.internal.WsLogger@731f707b
      CLASS_NAME = "com.ibm.ws.webcontainer.util.EventListeners"
      listeners = interface java.util.EventListener[0]
    _errorListeners = class com.ibm.ws.webcontainer.util.EventListeners@6776a736
      EMPTY_LISTENERS = interface java.util.EventListener[0]
      logger = class com.ibm.ws.logging.internal.WsLogger@731f707b
      CLASS_NAME = "com.ibm.ws.webcontainer.util.EventListeners"
      listeners = interface java.util.EventListener[0]
    _applicationListeners = class com.ibm.ws.webcontainer.util.EventListeners@1056bf47
      EMPTY_LISTENERS = interface java.util.EventListener[0]
      logger = class com.ibm.ws.logging.internal.WsLogger@731f707b
      CLASS_NAME = "com.ibm.ws.webcontainer.util.EventListeners"
      listeners = interface java.util.EventListener[0]
    _filterInvocationListeners = class com.ibm.ws.webcontainer.util.EventListeners@58a126fe
      EMPTY_LISTENERS = interface java.util.EventListener[0]
      logger = class com.ibm.ws.logging.internal.WsLogger@731f707b
      CLASS_NAME = "com.ibm.ws.webcontainer.util.EventListeners"
      listeners = interface java.util.EventListener[0]
    _filterListeners = class com.ibm.ws.webcontainer.util.EventListeners@57e66da8
      EMPTY_LISTENERS = interface java.util.EventListener[0]
      logger = class com.ibm.ws.logging.internal.WsLogger@731f707b
      CLASS_NAME = "com.ibm.ws.webcontainer.util.EventListeners"
      listeners = interface java.util.EventListener[0]
    _filterErrorListeners = class com.ibm.ws.webcontainer.util.EventListeners@5fb2f75
      EMPTY_LISTENERS = interface java.util.EventListener[0]
      logger = class com.ibm.ws.logging.internal.WsLogger@731f707b
      CLASS_NAME = "com.ibm.ws.webcontainer.util.EventListeners"
      listeners = interface java.util.EventListener[0]
  event = class com.ibm.websphere.servlet.event.ServletEvent@2818392d
    serialVersionUID = 3906650803920713522
    _servletName = "RESTful Jersey Servlet"
    _servletClassName = "org.glassfish.jersey.servlet.ServletContainer"
    $$$tc$$$ = class com.ibm.websphere.ras.TraceComponent@37e17863
      strings[0] = "TraceComponent[com.ibm.websphere.servlet.event.ServletEvent,class com.ibm.websphere.servlet.event.ServletEvent,[],null,null]"
    serialVersionUID = 3546927969739289392
    _context = class com.ibm.ws.webcontainer31.facade.ServletContextFacade31@44e229bd
      context = class com.ibm.ws.webcontainer31.osgi.webapp.WebApp31@35eab250
    _servletNames = class com.ibm.ws.webcontainer.util.EmptyEnumeration@573c37f5
      serialVersionUID = 3546642126931963953
      _instance = class com.ibm.ws.webcontainer.util.EmptyEnumeration@573c37f5
    $$$tc$$$ = class com.ibm.websphere.ras.TraceComponent@67ec820d
      strings[0] = "TraceComponent[com.ibm.websphere.servlet.event.ApplicationEvent,class com.ibm.websphere.servlet.event.ApplicationEvent,[],null,null]"
    serialVersionUID = 5516075349620653480
    source = class com.ibm.ws.webcontainer.osgi.servlet.ServletWrapper@f38e93a
  unavailableMessage = null
  unavailableUntil = -1
  isSTM = false
  internalServlet = false
  webAppInvocationCollaborators = null
  platformHelper = class com.ibm.ws.webcontainer.PlatformHelper@79ab0efd
  webAppNameSpaceCollab = class com.ibm.ws.webcontainer.osgi.collaborator.WebAppNameSpaceCollaboratorImpl@feb702e
    cmdai = class com.ibm.ws.threadContext.ComponentMetaDataAccessorImpl@79e0e140
      tc = class com.ibm.websphere.ras.TraceComponent@1c89eb09
      cmdai = class com.ibm.ws.threadContext.ComponentMetaDataAccessorImpl@79e0e140
      threadContext = class com.ibm.ws.threadContext.ThreadContextImpl@6b54346d
      defaultCMD = null
  txCollab = class com.ibm.ws.transaction.services.WebAppTransactionCollaboratorImpl@2ac5a756
    tc = class com.ibm.websphere.ras.TraceComponent@26539af4
      strings[0] = "TraceComponent[com.ibm.ws.transaction.services.WebAppTransactionCollaboratorImpl,class com.ibm.ws.transaction.services.WebAppTransactionCollaboratorImpl,[transaction],com.ibm.ws.transaction.services.TransactionMessages,null]"
    ltCurrentRef = class com.ibm.wsspi.kernel.service.utils.AtomicServiceReference@666ea6b5
      referenceName = "ltCurrent"
      tuple = class java.util.concurrent.atomic.AtomicReference@2ef532d3
      serialVersionUID = 2226592364007985000
      $$$tc$$$ = class com.ibm.websphere.ras.TraceComponent@2115cab3
    tranMgrRef = class com.ibm.wsspi.kernel.service.utils.AtomicServiceReference@2099c224
      referenceName = "tranMgr"
      tuple = class java.util.concurrent.atomic.AtomicReference@7f88940
      serialVersionUID = 2226592364007985000
      $$$tc$$$ = class com.ibm.websphere.ras.TraceComponent@2115cab3
    userTranRef = class com.ibm.wsspi.kernel.service.utils.AtomicServiceReference@2490f5dc
      referenceName = "userTran"
      tuple = class java.util.concurrent.atomic.AtomicReference@1980d6b7
      serialVersionUID = 2226592364007985000
      $$$tc$$$ = class com.ibm.websphere.ras.TraceComponent@2115cab3
    uowCallbackRef = class com.ibm.wsspi.kernel.service.utils.AtomicServiceReference@1a51238f
      referenceName = "uowCallback"
      tuple = class java.util.concurrent.atomic.AtomicReference@33916ebb
      serialVersionUID = 2226592364007985000
      $$$tc$$$ = class com.ibm.websphere.ras.TraceComponent@2115cab3
    serialVersionUID = -8319003162899973281
  connCollab = class com.ibm.ws.webcontainer.collaborator.ConnectionCollaborator@437d2272
  suppressServletExceptionLogging = false
  throwExceptionEnum = class java.util.RegularEnumSet@62001006
    serialVersionUID = 3411599620347842686
    elements = 256
    elementType = class java.lang.Class@7644f419
      ANNOTATION = 8192
      ENUM = 16384
      SYNTHETIC = 4096
      cachedConstructor = null
      newInstanceCallerCache = null
      name = "com.ibm.wsspi.webcontainer.collaborator.CollaboratorInvocationEnum"
      allPermDomain = class java.security.ProtectionDomain@61961c28
      useCaches = true
      reflectionData = class java.lang.ref.SoftReference@48dbd6cf
      classRedefinedCount = 0
      genericInfo = null
      serialVersionUID = 3206093459760846163
      serialPersistentFields = class java.io.ObjectStreamField[0]
      reflectionFactory = class sun.reflect.ReflectionFactory@55c1eb9b
      initted = true
      enumConstants = class com.ibm.wsspi.webcontainer.collaborator.CollaboratorInvocationEnum[9]
      enumConstantDirectory = null
      annotationData = null
      annotationType = null
      classValueMap = null
    universe = class com.ibm.wsspi.webcontainer.collaborator.CollaboratorInvocationEnum[9]
      universe[0] = class com.ibm.wsspi.webcontainer.collaborator.CollaboratorInvocationEnum@1f72b30f
      universe[1] = class com.ibm.wsspi.webcontainer.collaborator.CollaboratorInvocationEnum@73f9dc45
      universe[2] = class com.ibm.wsspi.webcontainer.collaborator.CollaboratorInvocationEnum@9ff511
      universe[3] = class com.ibm.wsspi.webcontainer.collaborator.CollaboratorInvocationEnum@39e0bdd4
      universe[4] = class com.ibm.wsspi.webcontainer.collaborator.CollaboratorInvocationEnum@33809b2c
      universe[5] = class com.ibm.wsspi.webcontainer.collaborator.CollaboratorInvocationEnum@ea662ed
      universe[6] = class com.ibm.wsspi.webcontainer.collaborator.CollaboratorInvocationEnum@716e3955
      universe[7] = class com.ibm.wsspi.webcontainer.collaborator.CollaboratorInvocationEnum@4d5c24b1
      universe[8] = class com.ibm.wsspi.webcontainer.collaborator.CollaboratorInvocationEnum@7ab28fcd
    ZERO_LENGTH_ENUM_ARRAY = class java.lang.Enum[0]
    MAX_ARRAY_SIZE = 2147483639
  discernUnavailableServlet = false
  reInitServletonInitUnavailableException = true
  destroyServletonServiceUnavailableException = false
  servlet23 = true
  PARAMS_HEAD_TRACE = class java.lang.Class[2]
    PARAMS_HEAD_TRACE[0] = class java.lang.Class@47de1049
      ANNOTATION = 8192
      ENUM = 16384
      SYNTHETIC = 4096
      cachedConstructor = null
      newInstanceCallerCache = null
      name = "javax.servlet.http.HttpServletRequest"
      allPermDomain = class java.security.ProtectionDomain@61961c28
      useCaches = true
      reflectionData = class java.lang.ref.SoftReference@7cb0aa0c
      classRedefinedCount = 0
      genericInfo = class sun.reflect.generics.repository.ClassRepository@dc6a2f7
      serialVersionUID = 3206093459760846163
      serialPersistentFields = class java.io.ObjectStreamField[0]
      reflectionFactory = class sun.reflect.ReflectionFactory@55c1eb9b
      initted = true
      enumConstants = null
      enumConstantDirectory = null
      annotationData = null
      annotationType = null
      classValueMap = null
    PARAMS_HEAD_TRACE[1] = class java.lang.Class@697d26fb
      ANNOTATION = 8192
      ENUM = 16384
      SYNTHETIC = 4096
      cachedConstructor = null
      newInstanceCallerCache = null
      name = "javax.servlet.http.HttpServletResponse"
      allPermDomain = class java.security.ProtectionDomain@61961c28
      useCaches = true
      reflectionData = null
      classRedefinedCount = 0
      genericInfo = null
      serialVersionUID = 3206093459760846163
      serialPersistentFields = class java.io.ObjectStreamField[0]
      reflectionFactory = class sun.reflect.ReflectionFactory@55c1eb9b
      initted = true
      enumConstants = null
      enumConstantDirectory = null
      annotationData = null
      annotationType = null
      classValueMap = null
  defaultHeadMethodInUse = false
  defaultTraceMethodInUse = false
  checkedForDefaultMethods = null
  defaultTraceRequestBehavior = false
  defaultHeadRequestBehavior = false
  useOriginalRequestState = false
  warningStatusSet = false
  LSTRING_FILE = "javax.servlet.LocalStrings"
  lStrings = class java.util.PropertyResourceBundle@314688fe
    lookup = class java.util.HashMap@54c12712
      serialVersionUID = 362498820763181265
      DEFAULT_INITIAL_CAPACITY = 16
      MAXIMUM_CAPACITY = 1073741824
      DEFAULT_LOAD_FACTOR = 0.75
      TREEIFY_THRESHOLD = 8
      UNTREEIFY_THRESHOLD = 6
      MIN_TREEIFY_CAPACITY = 64
      table = class java.util.HashMap$Node[8]
      entrySet = null
      size = 4
      modCount = 4
      threshold = 6
      loadFactor = 0.75
      keySet = null
      values = null
    INITIAL_CACHE_SIZE = 32
    NONEXISTENT_BUNDLE = class java.util.ResourceBundle$1@1a7c245a
      INITIAL_CACHE_SIZE = 32
      NONEXISTENT_BUNDLE = class java.util.ResourceBundle$1@1a7c245a
      cacheList = class java.util.concurrent.ConcurrentHashMap@4a56402c
      referenceQueue = class java.lang.ref.ReferenceQueue@19b5785a
      parent = null
      locale = null
      name = null
      expired = false
      cacheKey = class java.util.ResourceBundle$CacheKey@69ec3bc9
      keySet = null
      providers = null
      $assertionsDisabled = true
    cacheList = class java.util.concurrent.ConcurrentHashMap@4a56402c
      serialVersionUID = 7249069246763182397
      MAXIMUM_CAPACITY = 1073741824
      DEFAULT_CAPACITY = 16
      MAX_ARRAY_SIZE = 2147483639
      DEFAULT_CONCURRENCY_LEVEL = 16
      LOAD_FACTOR = 0.75
      TREEIFY_THRESHOLD = 8
      UNTREEIFY_THRESHOLD = 6
      MIN_TREEIFY_CAPACITY = 64
      MIN_TRANSFER_STRIDE = 16
      RESIZE_STAMP_BITS = 16
      MAX_RESIZERS = 65535
      RESIZE_STAMP_SHIFT = 16
      MOVED = -1
      TREEBIN = -2
      RESERVED = -3
      HASH_BITS = 2147483647
      NCPU = 4
      serialPersistentFields = class java.io.ObjectStreamField[3]
      table = class java.util.concurrent.ConcurrentHashMap$Node[256]
      nextTable = null
      baseCount = 144
      sizeCtl = 192
      transferIndex = 0
      cellsBusy = 0
      counterCells = null
      keySet = null
      values = null
      entrySet = null
      U = class sun.misc.Unsafe@f6fa3f2
      SIZECTL = 20
      TRANSFERINDEX = 32
      BASECOUNT = 24
      CELLSBUSY = 36
      CELLVALUE = 144
      ABASE = 16
      ASHIFT = 2
      keySet = null
      values = null
    referenceQueue = class java.lang.ref.ReferenceQueue@19b5785a
      NULL = class java.lang.ref.ReferenceQueue$Null@7ddf13be
      ENQUEUED = class java.lang.ref.ReferenceQueue$Null@58a97898
      lock = class java.lang.ref.ReferenceQueue$Lock@59d4568e
      head = null
      queueLength = 0
      $assertionsDisabled = true
    parent = null
    locale = class java.util.Locale@449125c9
      LOCALECACHE = class java.util.Locale$Cache@27ed5474
      ENGLISH = class java.util.Locale@6a50fb7a
      FRENCH = class java.util.Locale@611384b5
      GERMAN = class java.util.Locale@3cc803d4
      ITALIAN = class java.util.Locale@714bbecd
      JAPANESE = class java.util.Locale@1cad00b5
      KOREAN = class java.util.Locale@616609b9
      CHINESE = class java.util.Locale@1dcc70e2
      SIMPLIFIED_CHINESE = class java.util.Locale@31dd1840
      TRADITIONAL_CHINESE = class java.util.Locale@45810e66
      FRANCE = class java.util.Locale@14fbecae
      GERMANY = class java.util.Locale@6acec5b3
      ITALY = class java.util.Locale@3388cfb2
      JAPAN = class java.util.Locale@7e37059b
      KOREA = class java.util.Locale@3562086f
      CHINA = class java.util.Locale@31dd1840
      PRC = class java.util.Locale@31dd1840
      TAIWAN = class java.util.Locale@45810e66
      UK = class java.util.Locale@299da02d
      US = class java.util.Locale@5c1d1ff3
      CANADA = class java.util.Locale@1ac0c236
      CANADA_FRENCH = class java.util.Locale@3f449071
      ROOT = class java.util.Locale@449125c9
      PRIVATE_USE_EXTENSION = x
      UNICODE_LOCALE_EXTENSION = u
      serialVersionUID = 9149081749638150636
      DISPLAY_LANGUAGE = 0
      DISPLAY_COUNTRY = 1
      DISPLAY_VARIANT = 2
      DISPLAY_SCRIPT = 3
      baseLocale = class sun.util.locale.BaseLocale@7b9cd37c
      localeExtensions = null
      hashCodeValue = 0
      defaultLocale = class java.util.Locale@3d5078a9
      defaultDisplayLocale = null
      defaultFormatLocale = class java.util.Locale@4f4aa97b
      languageTag = null
      serialPersistentFields = class java.io.ObjectStreamField[6]
      isoLanguages = null
      isoCountries = null
      $assertionsDisabled = true
    name = "javax.servlet.LocalStrings"
    expired = false
    cacheKey = class java.util.ResourceBundle$CacheKey@3fb487f5
      name = "javax.servlet.LocalStrings"
      locale = class java.util.Locale@449125c9
      loaderRef = class java.util.ResourceBundle$LoaderReference@4b8e3e53
      format = "java.properties"
      loadTime = 0
      expirationTime = -2
      cause = null
      hashCodeCache = -491981344
    keySet = null
    providers = null
    $assertionsDisabled = true
  config = null

