------Start of DE processing------ = [24/11/17 08:53:10:395 CST]
Exception = java.lang.NullPointerException
Source = com.ibm.ws.runtime.update.internal.RuntimeUpdateManagerImpl$3
probeid = 362
Stack Dump = java.lang.NullPointerException
	at com.ibm.ws.webcontainer.osgi.WebContainerListener.serverStopping(WebContainerListener.java:275)
	at com.ibm.ws.runtime.update.internal.RuntimeUpdateManagerImpl$3.run(RuntimeUpdateManagerImpl.java:358)
	at java.util.concurrent.ThreadPoolExecutor.runWorker(Unknown Source)
	at java.util.concurrent.ThreadPoolExecutor$Worker.run(Unknown Source)
	at java.lang.Thread.run(Unknown Source)

Dump of callerThis
Object type = com.ibm.ws.runtime.update.internal.RuntimeUpdateManagerImpl$3
  val$listeners = class java.util.concurrent.ConcurrentLinkedQueue@3d8f6bd4
    serialVersionUID = 196745693267521676
    head = class java.util.concurrent.ConcurrentLinkedQueue$Node@31be3738
      item = null
      next = class java.util.concurrent.ConcurrentLinkedQueue$Node@6d734d5a
      UNSAFE = class sun.misc.Unsafe@59610911
      itemOffset = 12
      nextOffset = 16
    tail = class java.util.concurrent.ConcurrentLinkedQueue$Node@3235148c
      item = class java.lang.Thread@617b7dd0
      next = class java.util.concurrent.ConcurrentLinkedQueue$Node@507529fe
      UNSAFE = class sun.misc.Unsafe@59610911
      itemOffset = 12
      nextOffset = 16
    UNSAFE = class sun.misc.Unsafe@59610911
      theUnsafe = class sun.misc.Unsafe@59610911
      INVALID_FIELD_OFFSET = -1
      ARRAY_BOOLEAN_BASE_OFFSET = 16
      ARRAY_BYTE_BASE_OFFSET = 16
      ARRAY_SHORT_BASE_OFFSET = 16
      ARRAY_CHAR_BASE_OFFSET = 16
      ARRAY_INT_BASE_OFFSET = 16
      ARRAY_LONG_BASE_OFFSET = 16
      ARRAY_FLOAT_BASE_OFFSET = 16
      ARRAY_DOUBLE_BASE_OFFSET = 16
      ARRAY_OBJECT_BASE_OFFSET = 16
      ARRAY_BOOLEAN_INDEX_SCALE = 1
      ARRAY_BYTE_INDEX_SCALE = 1
      ARRAY_SHORT_INDEX_SCALE = 2
      ARRAY_CHAR_INDEX_SCALE = 2
      ARRAY_INT_INDEX_SCALE = 4
      ARRAY_LONG_INDEX_SCALE = 8
      ARRAY_FLOAT_INDEX_SCALE = 4
      ARRAY_DOUBLE_INDEX_SCALE = 8
      ARRAY_OBJECT_INDEX_SCALE = 4
      ADDRESS_SIZE = 8
    headOffset = 12
    tailOffset = 16
    MAX_ARRAY_SIZE = 2147483639
  val$listener = class com.ibm.ws.webcontainer.osgi.WebContainerListener@f1b0edd
    tc = class com.ibm.websphere.ras.TraceComponent@32fd21db
      strings[0] = "TraceComponent[com.ibm.ws.webcontainer.osgi.WebContainerListener,class com.ibm.ws.webcontainer.osgi.WebContainerListener,[webcontainer],com.ibm.ws.webcontainer.resources.LShimMessages,null]"
    jeeNameFactory = class com.ibm.ws.container.service.metadata.internal.J2EENameFactoryImpl@724a5f30
      serialVersionUID = 3486344295038028821
      $$$tc$$$ = class com.ibm.websphere.ras.TraceComponent@76a45b4d
    webModulesInStartingApps = class java.util.concurrent.ConcurrentHashMap@34dd4b66
      serialVersionUID = 7249069246763182397
      MAXIMUM_CAPACITY = 1073741824
      DEFAULT_CAPACITY = 16
      MAX_ARRAY_SIZE = 2147483639
      DEFAULT_CONCURRENCY_LEVEL = 16
      LOAD_FACTOR = 0.75
      TREEIFY_THRESHOLD = 8
      UNTREEIFY_THRESHOLD = 6
      MIN_TREEIFY_CAPACITY = 64
      MIN_TRANSFER_STRIDE = 16
      RESIZE_STAMP_BITS = 16
      MAX_RESIZERS = 65535
      RESIZE_STAMP_SHIFT = 16
      MOVED = -1
      TREEBIN = -2
      RESERVED = -3
      HASH_BITS = 2147483647
      NCPU = 4
      serialPersistentFields = class java.io.ObjectStreamField[3]
      table = null
      nextTable = null
      baseCount = 0
      sizeCtl = 0
      transferIndex = 0
      cellsBusy = 0
      counterCells = null
      keySet = null
      values = null
      entrySet = null
      U = class sun.misc.Unsafe@59610911
      SIZECTL = 20
      TRANSFERINDEX = 32
      BASECOUNT = 24
      CELLSBUSY = 36
      CELLVALUE = 144
      ABASE = 16
      ASHIFT = 2
      keySet = null
      values = null
    webModulesInStartedApps = class java.util.concurrent.ConcurrentHashMap@63e7c6c6
      serialVersionUID = 7249069246763182397
      MAXIMUM_CAPACITY = 1073741824
      DEFAULT_CAPACITY = 16
      MAX_ARRAY_SIZE = 2147483639
      DEFAULT_CONCURRENCY_LEVEL = 16
      LOAD_FACTOR = 0.75
      TREEIFY_THRESHOLD = 8
      UNTREEIFY_THRESHOLD = 6
      MIN_TREEIFY_CAPACITY = 64
      MIN_TRANSFER_STRIDE = 16
      RESIZE_STAMP_BITS = 16
      MAX_RESIZERS = 65535
      RESIZE_STAMP_SHIFT = 16
      MOVED = -1
      TREEBIN = -2
      RESERVED = -3
      HASH_BITS = 2147483647
      NCPU = 4
      serialPersistentFields = class java.io.ObjectStreamField[3]
      table = null
      nextTable = null
      baseCount = 0
      sizeCtl = 0
      transferIndex = 0
      cellsBusy = 0
      counterCells = null
      keySet = null
      values = null
      entrySet = null
      U = class sun.misc.Unsafe@59610911
      SIZECTL = 20
      TRANSFERINDEX = 32
      BASECOUNT = 24
      CELLSBUSY = 36
      CELLVALUE = 144
      ABASE = 16
      ASHIFT = 2
      keySet = null
      values = null
    webModulesInStartingApps_lock = class com.ibm.ws.webcontainer.osgi.WebContainerListener$1@15c157b3
      this$0 = class com.ibm.ws.webcontainer.osgi.WebContainerListener@f1b0edd
  this$0 = class com.ibm.ws.runtime.update.internal.RuntimeUpdateManagerImpl@13eedc4
    tc = class com.ibm.websphere.ras.TraceComponent@33bf919f
      strings[0] = "TraceComponent[com.ibm.ws.runtime.update.internal.RuntimeUpdateManagerImpl,class com.ibm.ws.runtime.update.internal.RuntimeUpdateManagerImpl,[runtime.update],com.ibm.ws.runtime.update.internal.resources.Messages,null]"
    futureMonitor = class com.ibm.ws.threading.internal.FutureMonitorImpl@355239e4
      _monitor = class java.util.concurrent.ConcurrentLinkedQueue@503ceb0a
      _executor = class com.ibm.ws.threading.internal.ScheduledExecutorImpl@338047f6
      _threadRunning = class java.util.concurrent.atomic.AtomicBoolean@2cc3811
      _thread = class com.ibm.ws.threading.internal.FutureMonitorImpl$1@5628b8a4
      serialVersionUID = 2765238413969174390
      $$$tc$$$ = class com.ibm.websphere.ras.TraceComponent@8f98333
    normalServerStop = class java.util.concurrent.atomic.AtomicBoolean@6b0ac253
      serialVersionUID = 4654671469794556979
      unsafe = class sun.misc.Unsafe@59610911
      valueOffset = 12
      value = 1
    updateListeners = class java.util.HashSet@3686f802
      serialVersionUID = -5024744406713321676
      map = class java.util.HashMap@7f566fa8
      PRESENT = class java.lang.Object@2e2ed8d2
      MAX_ARRAY_SIZE = 2147483639
    notifications = class java.util.HashMap@29e55dae
      serialVersionUID = 362498820763181265
      DEFAULT_INITIAL_CAPACITY = 16
      MAXIMUM_CAPACITY = 1073741824
      DEFAULT_LOAD_FACTOR = 0.75
      TREEIFY_THRESHOLD = 8
      UNTREEIFY_THRESHOLD = 6
      MIN_TREEIFY_CAPACITY = 64
      table = class java.util.HashMap$Node[16]
      entrySet = class java.util.HashMap$EntrySet@6d23976e
      size = 3
      modCount = 8
      threshold = 12
      loadFactor = 0.75
      keySet = null
      values = class java.util.HashMap$Values@34aa4435
    bundleCtx = class org.eclipse.osgi.internal.framework.BundleContextImpl@4691311c
      findHookName = "org.osgi.framework.hooks.bundle.FindHook"
      valid = true
      bundle = class org.eclipse.osgi.internal.framework.EquinoxBundle@57b808d3
      container = class org.eclipse.osgi.internal.framework.EquinoxContainer@e85f556
      debug = class org.eclipse.osgi.internal.debug.Debug@7fec9b0f
      servicesInUse = class java.util.HashMap@1981f32b
      activator = null
      contextLock = class java.lang.Object@7c13f992
    cleanupListener = class com.ibm.ws.runtime.update.internal.RuntimeUpdateManagerImpl$1@ddccc6f
      this$0 = class com.ibm.ws.runtime.update.internal.RuntimeUpdateManagerImpl@13eedc4
      serialVersionUID = -1247721544084393241
      $$$tc$$$ = class com.ibm.websphere.ras.TraceComponent@4cdf612a
    locationService = class com.ibm.ws.kernel.service.location.internal.WsLocationAdminImpl@30798fdd
      tc = class com.ibm.websphere.ras.TraceComponent@6db76e5a
      LOC_INTERNAL_LIB_DIR = "wlp.lib.dir"
      LOC_AREA_NAME_APPS = "shared/apps/"
      LOC_AREA_NAME_CONFIG = "shared/config/"
      LOC_AREA_NAME_RESC = "shared/resources/"
      LOC_AREA_NAME_STATE = "logs/state/"
      LOC_AREA_NAME_SERVERS = "servers/"
      LOC_AREA_NAME_CLIENTS = "clients/"
      LOC_AREA_NAME_WORKING = "workarea/"
      LOC_AREA_NAME_EXTENSION = "extension/"
      instance = class com.ibm.ws.kernel.service.location.internal.WsLocationAdminImpl@30798fdd
      installRoot = class com.ibm.ws.kernel.service.location.internal.SymbolicRootResource@51b536f5
      installParentRoot = class com.ibm.ws.kernel.service.location.internal.SymbolicRootResource@1dd23844
      userRoot = class com.ibm.ws.kernel.service.location.internal.SymbolicRootResource@45e29b64
      usrExtensionRoot = class com.ibm.ws.kernel.service.location.internal.SymbolicRootResource@291652db
      serverConfigDir = class com.ibm.ws.kernel.service.location.internal.SymbolicRootResource@51eccb92
      serverOutputDir = class com.ibm.ws.kernel.service.location.internal.SymbolicRootResource@51eccb92
      bootstrapLib = class com.ibm.ws.kernel.service.location.internal.LocalFileResource@5d70d9f3
      serverWorkarea = class com.ibm.ws.kernel.service.location.internal.LocalFileResource@c985082
      serverState = class com.ibm.ws.kernel.service.location.internal.LocalFileResource@17834b40
      sharedAppsRoot = class com.ibm.ws.kernel.service.location.internal.SymbolicRootResource@2084a279
      sharedConfigRoot = class com.ibm.ws.kernel.service.location.internal.SymbolicRootResource@7be048db
      sharedResourceRoot = class com.ibm.ws.kernel.service.location.internal.SymbolicRootResource@35b21b65
      tmpRoot = class com.ibm.ws.kernel.service.location.internal.SymbolicRootResource@38668fd8
      serverName = "WebServer"
      resourcePaths = class java.util.ArrayList@3d7475c7
      resourceGroups = class java.util.HashMap@44ab5422
      commonRoot = class com.ibm.ws.kernel.service.location.internal.VirtualRootResource@616716e1
      serialVersionUID = 7766352982799267432
    serialVersionUID = 8528977989724669243
  serialVersionUID = -3618464269570709744
  $$$tc$$$ = class com.ibm.websphere.ras.TraceComponent@75e8a330
    strings[0] = "TraceComponent[com.ibm.ws.runtime.update.internal.RuntimeUpdateManagerImpl$3,class com.ibm.ws.runtime.update.internal.RuntimeUpdateManagerImpl$3,[runtime.update],com.ibm.ws.runtime.update.internal.resources.Messages,null]"

