------Start of DE processing------ = [11/26/17 20:15:24:486 CST]
Exception = javax.servlet.ServletException
Source = com.ibm.ws.webcontainer.filter.WebAppFilterManager.invokeFilters
probeid = 1064
Stack Dump = javax.servlet.ServletException: SRVE0207E: No se ha detectado la excepción de inicialización creada por el servlet
	at com.ibm.ws.webcontainer.servlet.ServletWrapper.init(ServletWrapper.java:366)
	at com.ibm.ws.webcontainer.servlet.ServletWrapper.handleRequest(ServletWrapper.java:598)
	at com.ibm.ws.webcontainer.servlet.ServletWrapper.handleRequest(ServletWrapper.java:440)
	at com.ibm.ws.webcontainer.filter.WebAppFilterManager.invokeFilters(WebAppFilterManager.java:1138)
	at com.ibm.ws.webcontainer.webapp.WebApp.handleRequest(WebApp.java:4938)
	at com.ibm.ws.webcontainer.osgi.DynamicVirtualHost$2.handleRequest(DynamicVirtualHost.java:316)
	at com.ibm.ws.webcontainer.WebContainer.handleRequest(WebContainer.java:990)
	at com.ibm.ws.webcontainer.osgi.DynamicVirtualHost$2.run(DynamicVirtualHost.java:281)
	at com.ibm.ws.http.dispatcher.internal.channel.HttpDispatcherLink$TaskWrapper.run(HttpDispatcherLink.java:960)
	at com.ibm.ws.http.dispatcher.internal.channel.HttpDispatcherLink.wrapHandlerAndExecute(HttpDispatcherLink.java:362)
	at com.ibm.ws.http.dispatcher.internal.channel.HttpDispatcherLink.ready(HttpDispatcherLink.java:321)
	at com.ibm.ws.http.channel.internal.inbound.HttpInboundLink.handleDiscrimination(HttpInboundLink.java:499)
	at com.ibm.ws.http.channel.internal.inbound.HttpInboundLink.handleNewRequest(HttpInboundLink.java:433)
	at com.ibm.ws.http.channel.internal.inbound.HttpInboundLink.processRequest(HttpInboundLink.java:313)
	at com.ibm.ws.http.channel.internal.inbound.HttpInboundLink.ready(HttpInboundLink.java:284)
	at com.ibm.ws.tcpchannel.internal.NewConnectionInitialReadCallback.sendToDiscriminators(NewConnectionInitialReadCallback.java:165)
	at com.ibm.ws.tcpchannel.internal.NewConnectionInitialReadCallback.complete(NewConnectionInitialReadCallback.java:74)
	at com.ibm.ws.tcpchannel.internal.WorkQueueManager.requestComplete(WorkQueueManager.java:503)
	at com.ibm.ws.tcpchannel.internal.WorkQueueManager.attemptIO(WorkQueueManager.java:573)
	at com.ibm.ws.tcpchannel.internal.WorkQueueManager.workerRun(WorkQueueManager.java:928)
	at com.ibm.ws.tcpchannel.internal.WorkQueueManager$Worker.run(WorkQueueManager.java:1017)
	at java.util.concurrent.ThreadPoolExecutor.runWorker(ThreadPoolExecutor.java:1149)
	at java.util.concurrent.ThreadPoolExecutor$Worker.run(ThreadPoolExecutor.java:624)
	at java.lang.Thread.run(Thread.java:748)
Caused by: java.lang.NoClassDefFoundError: org/jvnet/mimepull/MIMEParsingException
	at java.lang.Class.getDeclaredMethods0(Native Method)
	at java.lang.Class.privateGetDeclaredMethods(Class.java:2701)
	at java.lang.Class.getDeclaredMethods(Class.java:1975)
	at org.glassfish.jersey.server.model.IntrospectionModeller$2.run(IntrospectionModeller.java:255)
	at java.security.AccessController.doPrivileged(Native Method)
	at org.glassfish.jersey.server.model.IntrospectionModeller.getAllDeclaredMethods(IntrospectionModeller.java:249)
	at org.glassfish.jersey.server.model.IntrospectionModeller.checkForNonPublicMethodIssues(IntrospectionModeller.java:174)
	at org.glassfish.jersey.server.model.IntrospectionModeller.doCreateResourceBuilder(IntrospectionModeller.java:121)
	at org.glassfish.jersey.server.model.IntrospectionModeller.access$000(IntrospectionModeller.java:82)
	at org.glassfish.jersey.server.model.IntrospectionModeller$1.call(IntrospectionModeller.java:114)
	at org.glassfish.jersey.server.model.IntrospectionModeller$1.call(IntrospectionModeller.java:111)
	at org.glassfish.jersey.internal.Errors.process(Errors.java:316)
	at org.glassfish.jersey.internal.Errors.process(Errors.java:298)
	at org.glassfish.jersey.internal.Errors.processWithException(Errors.java:256)
	at org.glassfish.jersey.server.model.IntrospectionModeller.createResourceBuilder(IntrospectionModeller.java:111)
	at org.glassfish.jersey.server.model.Resource.from(Resource.java:800)
	at org.glassfish.jersey.server.ResourceBagConfigurator.init(ResourceBagConfigurator.java:79)
	at org.glassfish.jersey.server.ApplicationHandler.initialize(ApplicationHandler.java:354)
	at org.glassfish.jersey.server.ApplicationHandler.lambda$initialize$1(ApplicationHandler.java:316)
	at org.glassfish.jersey.internal.Errors.process(Errors.java:316)
	at org.glassfish.jersey.internal.Errors.process(Errors.java:298)
	at org.glassfish.jersey.internal.Errors.processWithException(Errors.java:256)
	at org.glassfish.jersey.server.ApplicationHandler.initialize(ApplicationHandler.java:315)
	at org.glassfish.jersey.server.ApplicationHandler.<init>(ApplicationHandler.java:282)
	at org.glassfish.jersey.servlet.WebComponent.<init>(WebComponent.java:335)
	at org.glassfish.jersey.servlet.ServletContainer.init(ServletContainer.java:178)
	at org.glassfish.jersey.servlet.ServletContainer.init(ServletContainer.java:370)
	at javax.servlet.GenericServlet.init(GenericServlet.java:244)
	at com.ibm.ws.webcontainer.servlet.ServletWrapper.init(ServletWrapper.java:297)
	... 23 more
Caused by: java.lang.ClassNotFoundException: org.jvnet.mimepull.MIMEParsingException
	at com.ibm.ws.classloading.internal.AppClassLoader.findClassCommonLibraryClassLoaders(AppClassLoader.java:504)
	at com.ibm.ws.classloading.internal.AppClassLoader.findClass(AppClassLoader.java:276)
	at java.lang.ClassLoader.loadClass(ClassLoader.java:424)
	at com.ibm.ws.classloading.internal.AppClassLoader.findOrDelegateLoadClass(AppClassLoader.java:482)
	at com.ibm.ws.classloading.internal.AppClassLoader.loadClass(AppClassLoader.java:443)
	at java.lang.ClassLoader.loadClass(ClassLoader.java:357)
	... 52 more

Dump of callerThis
null
