------Start of DE processing------ = [11/26/17 20:17:53:977 CST]
Exception = java.lang.IllegalArgumentException
Source = com.ibm.ws.anno.targets.internal.AnnotationTargetsImpl_Targets
probeid = 529
Stack Dump = java.lang.IllegalArgumentException
	at org.objectweb.asm.ClassReader.<init>(Unknown Source)
	at org.objectweb.asm.ClassReader.<init>(Unknown Source)
	at org.objectweb.asm.ClassReader.<init>(Unknown Source)
	at com.ibm.ws.anno.targets.internal.AnnotationTargetsImpl_Targets.scanClass(AnnotationTargetsImpl_Targets.java:495)
	at com.ibm.ws.anno.targets.internal.AnnotationTargetsImpl_Streamer.process(AnnotationTargetsImpl_Streamer.java:88)
	at com.ibm.ws.anno.classsource.internal.ClassSourceImpl_MappedContainer.process(ClassSourceImpl_MappedContainer.java:351)
	at com.ibm.ws.anno.classsource.internal.ClassSourceImpl_MappedContainer.scanClasses(ClassSourceImpl_MappedContainer.java:283)
	at com.ibm.ws.anno.classsource.internal.ClassSourceImpl_MappedContainer.scanClasses(ClassSourceImpl_MappedContainer.java:128)
	at com.ibm.ws.anno.classsource.internal.ClassSourceImpl_Aggregate.scanClasses(ClassSourceImpl_Aggregate.java:369)
	at com.ibm.ws.anno.targets.internal.AnnotationTargetsImpl_Scanner.scanClasses(AnnotationTargetsImpl_Scanner.java:254)
	at com.ibm.ws.anno.targets.internal.AnnotationTargetsImpl_Scanner.scanDirect(AnnotationTargetsImpl_Scanner.java:216)
	at com.ibm.ws.anno.targets.internal.AnnotationTargetsImpl_Targets.doScanDirectClasses(AnnotationTargetsImpl_Targets.java:379)
	at com.ibm.ws.anno.targets.internal.AnnotationTargetsImpl_Targets.scanDirectClasses(AnnotationTargetsImpl_Targets.java:348)
	at com.ibm.ws.anno.targets.internal.AnnotationTargetsImpl_Targets.selectAnnotatedTargets(AnnotationTargetsImpl_Targets.java:1746)
	at com.ibm.ws.anno.targets.internal.AnnotationTargetsImpl_Targets.getAnnotatedClasses(AnnotationTargetsImpl_Targets.java:913)
	at com.ibm.ws.anno.targets.internal.AnnotationTargetsImpl_Targets.getAnnotatedClasses(AnnotationTargetsImpl_Targets.java:983)
	at com.ibm.ws.container.service.annotations.internal.WebAnnotationsImpl$FragmentAnnotationsImpl.selectAnnotatedClasses(WebAnnotationsImpl.java:453)
	at com.ibm.ws.webcontainer.osgi.container.config.WebAppConfiguratorHelper.configureFromAnnotations(WebAppConfiguratorHelper.java:778)
	at com.ibm.ws.webcontainer.osgi.container.config.WebAppConfigurator.configure(WebAppConfigurator.java:414)
	at com.ibm.ws.webcontainer.osgi.container.config.WebAppConfigurationAdapter.adapt(WebAppConfigurationAdapter.java:115)
	at com.ibm.ws.webcontainer.osgi.container.config.WebAppConfigurationAdapter.adapt(WebAppConfigurationAdapter.java:43)
	at com.ibm.ws.adaptable.module.internal.AdapterFactoryServiceImpl.adapt(AdapterFactoryServiceImpl.java:192)
	at com.ibm.ws.adaptable.module.internal.AdaptableContainerImpl.adapt(AdaptableContainerImpl.java:170)
	at com.ibm.ws.webcontainer.osgi.WebContainer.createModuleMetaData(WebContainer.java:820)
	at com.ibm.ws.app.manager.module.internal.ModuleHandlerBase.createModuleMetaData(ModuleHandlerBase.java:63)
	at com.ibm.ws.app.manager.module.internal.SimpleDeployedAppInfoBase$ModuleContainerInfoBase.createModuleMetaData(SimpleDeployedAppInfoBase.java:168)
	at com.ibm.ws.app.manager.module.internal.DeployedAppInfoBase.preDeployApp(DeployedAppInfoBase.java:363)
	at com.ibm.ws.app.manager.module.internal.DeployedAppInfoBase.deployApp(DeployedAppInfoBase.java:402)
	at com.ibm.ws.app.manager.war.internal.WARApplicationHandlerImpl.install(WARApplicationHandlerImpl.java:65)
	at com.ibm.ws.app.manager.internal.statemachine.StartAction.execute(StartAction.java:140)
	at com.ibm.ws.app.manager.internal.statemachine.ApplicationStateMachineImpl.enterState(ApplicationStateMachineImpl.java:1258)
	at com.ibm.ws.app.manager.internal.statemachine.ApplicationStateMachineImpl.run(ApplicationStateMachineImpl.java:873)
	at java.util.concurrent.ThreadPoolExecutor.runWorker(ThreadPoolExecutor.java:1149)
	at java.util.concurrent.ThreadPoolExecutor$Worker.run(ThreadPoolExecutor.java:624)
	at java.lang.Thread.run(Thread.java:748)

Dump of callerThis
Object type = com.ibm.ws.anno.targets.internal.AnnotationTargetsImpl_Targets
  tc = class com.ibm.websphere.ras.TraceComponent@5ef94162
    strings[0] = "TraceComponent[com.ibm.ws.anno.targets.internal.AnnotationTargetsImpl_Targets,class com.ibm.ws.anno.targets.internal.AnnotationTargetsImpl_Targets,[com.ibm.ws.anno],com.ibm.ws.anno.resources.internal.AnnoMessages,null]"
  CLASS_NAME = "com.ibm.ws.anno.targets.internal.AnnotationTargetsImpl_Targets"
  hashText = "AnnotationTargetsImpl_Targets@1232967232"
  factory = class com.ibm.ws.anno.targets.internal.AnnotationTargetsImpl_Factory@3e4fd467
    tc = class com.ibm.websphere.ras.TraceComponent@28881b24
      strings[0] = "TraceComponent[com.ibm.ws.anno.targets.internal.AnnotationTargetsImpl_Factory,class com.ibm.ws.anno.targets.internal.AnnotationTargetsImpl_Factory,[com.ibm.ws.anno],com.ibm.ws.anno.resources.internal.AnnoMessages,null]"
    CLASS_NAME = "com.ibm.ws.anno.targets.internal.AnnotationTargetsImpl_Factory"
    hashText = "AnnotationTargetsImpl_Factory@67718163"
    utilFactory = class com.ibm.ws.anno.util.internal.UtilImpl_Factory@54818d27
    serialVersionUID = 1959719964121563663
  classSourceInternMap = class com.ibm.ws.anno.util.internal.UtilImpl_InternMap@43437ec2
    tc = class com.ibm.websphere.ras.TraceComponent@1b56d74e
      strings[0] = "TraceComponent[com.ibm.ws.anno.util.internal.UtilImpl_InternMap,class com.ibm.ws.anno.util.internal.UtilImpl_InternMap,[com.ibm.ws.anno],com.ibm.ws.anno.resources.internal.AnnoMessages,null]"
    CLASS_NAME = "com.ibm.ws.anno.util.internal.UtilImpl_InternMap"
    hashText = "UtilImpl_InternMap@137657068(class sources)"
    DEFAULT_LOG_THRESHHOLD = 4096
    logThreshHold = 4096
    factory = class com.ibm.ws.anno.util.internal.UtilImpl_Factory@54818d27
      tc = class com.ibm.websphere.ras.TraceComponent@74bb9c3
      CLASS_NAME = "com.ibm.ws.anno.util.internal.UtilImpl_Factory"
      hashText = "UtilImpl_Factory@1997746277"
      serialVersionUID = -7802370278509421821
    valueType = class com.ibm.wsspi.anno.util.Util_InternMap$ValueType@a407ff2
      VT_CLASS_RESOURCE = class com.ibm.wsspi.anno.util.Util_InternMap$ValueType@6dc490ed
      VT_CLASS_REFERENCE = class com.ibm.wsspi.anno.util.Util_InternMap$ValueType@4be79354
      VT_CLASS_NAME = class com.ibm.wsspi.anno.util.Util_InternMap$ValueType@5daecd7
      VT_FIELD_NAME = class com.ibm.wsspi.anno.util.Util_InternMap$ValueType@61be73b9
      VT_METHOD_NAME = class com.ibm.wsspi.anno.util.Util_InternMap$ValueType@659dd26
      VT_OTHER = class com.ibm.wsspi.anno.util.Util_InternMap$ValueType@a407ff2
      $VALUES = class com.ibm.wsspi.anno.util.Util_InternMap$ValueType[6]
      $$$tc$$$ = class com.ibm.websphere.ras.TraceComponent@3efa2ca3
      name = "VT_OTHER"
      ordinal = 5
    checkValues = false
    name = "class sources"
    internMap = class java.util.HashMap@7f7f5e38
      serialVersionUID = 362498820763181265
      DEFAULT_INITIAL_CAPACITY = 16
      MAXIMUM_CAPACITY = 1073741824
      DEFAULT_LOAD_FACTOR = 0.75
      TREEIFY_THRESHOLD = 8
      UNTREEIFY_THRESHOLD = 6
      MIN_TREEIFY_CAPACITY = 64
      table = class java.util.HashMap$Node[16]
      entrySet = null
      size = 2
      modCount = 2
      threshold = 12
      loadFactor = 0.75
      keySet = null
      values = null
    lastReportedLength = 0
    totalLength = 49
    serialVersionUID = -5461277679491511795
  rootClassSource = class com.ibm.ws.anno.classsource.internal.ClassSourceImpl_Aggregate@53a4ab9
    CLASS_NAME = "com.ibm.ws.anno.classsource.internal.ClassSourceImpl_Aggregate"
    tc = class com.ibm.websphere.ras.TraceComponent@2a4644a2
      strings[0] = "TraceComponent[com.ibm.ws.anno.classsource.internal.ClassSourceImpl_Aggregate,class com.ibm.ws.anno.classsource.internal.ClassSourceImpl_Aggregate,[com.ibm.ws.anno],com.ibm.ws.anno.resources.internal.AnnoMessages,null]"
    openCount = 2
    successfulOpens = class java.util.ArrayList@38e923bc
      serialVersionUID = 8683452581122892189
      DEFAULT_CAPACITY = 10
      EMPTY_ELEMENTDATA = class java.lang.Object[0]
      DEFAULTCAPACITY_EMPTY_ELEMENTDATA = class java.lang.Object[0]
      elementData = class java.lang.Object[49]
      size = 38
      MAX_ARRAY_SIZE = 2147483639
      modCount = 38
      MAX_ARRAY_SIZE = 2147483639
    failedOpens = class java.util.HashSet@56d308aa
      serialVersionUID = -5024744406713321676
      map = class java.util.HashMap@463fe718
      PRESENT = class java.lang.Object@5df426dc
      MAX_ARRAY_SIZE = 2147483639
    classSources = class java.util.ArrayList@1db7ef68
      serialVersionUID = 8683452581122892189
      DEFAULT_CAPACITY = 10
      EMPTY_ELEMENTDATA = class java.lang.Object[0]
      DEFAULTCAPACITY_EMPTY_ELEMENTDATA = class java.lang.Object[0]
      elementData = class java.lang.Object[49]
      size = 38
      MAX_ARRAY_SIZE = 2147483639
      modCount = 38
      MAX_ARRAY_SIZE = 2147483639
    classSourceNames = class java.util.HashMap@37f92efa
      serialVersionUID = 362498820763181265
      DEFAULT_INITIAL_CAPACITY = 16
      MAXIMUM_CAPACITY = 1073741824
      DEFAULT_LOAD_FACTOR = 0.75
      TREEIFY_THRESHOLD = 8
      UNTREEIFY_THRESHOLD = 6
      MIN_TREEIFY_CAPACITY = 64
      table = class java.util.HashMap$Node[64]
      entrySet = null
      size = 38
      modCount = 38
      threshold = 48
      loadFactor = 0.75
      keySet = null
      values = null
    seedClassSources = class java.util.HashSet@467c0f7a
      serialVersionUID = -5024744406713321676
      map = class java.util.HashMap@5fa0785c
      PRESENT = class java.lang.Object@5df426dc
      MAX_ARRAY_SIZE = 2147483639
    partialClassSources = class java.util.HashSet@824d947
      serialVersionUID = -5024744406713321676
      map = class java.util.HashMap@598eeaa2
      PRESENT = class java.lang.Object@5df426dc
      MAX_ARRAY_SIZE = 2147483639
    excludedClassSources = class java.util.HashSet@2a4abb84
      serialVersionUID = -5024744406713321676
      map = class java.util.HashMap@382606df
      PRESENT = class java.lang.Object@5df426dc
      MAX_ARRAY_SIZE = 2147483639
    externalClassSources = class java.util.HashSet@54badec9
      serialVersionUID = -5024744406713321676
      map = class java.util.HashMap@418b9379
      PRESENT = class java.lang.Object@5df426dc
      MAX_ARRAY_SIZE = 2147483639
    totalLookups = 0
    repeatLookups = 0
    i_lookupCounts = class java.util.IdentityHashMap@729b1cfb
      DEFAULT_CAPACITY = 32
      MINIMUM_CAPACITY = 4
      MAXIMUM_CAPACITY = 536870912
      table = class java.lang.Object[64]
      size = 0
      modCount = 0
      NULL_KEY = class java.lang.Object@3b912da
      entrySet = null
      serialVersionUID = 8188218128353913216
      keySet = null
      values = null
    i_globalResults = class java.util.IdentityHashMap@5c5b0d0e
      DEFAULT_CAPACITY = 32
      MINIMUM_CAPACITY = 4
      MAXIMUM_CAPACITY = 536870912
      table = class java.lang.Object[64]
      size = 0
      modCount = 0
      NULL_KEY = class java.lang.Object@3b912da
      entrySet = null
      serialVersionUID = 8188218128353913216
      keySet = null
      values = null
    i_failedLookups = class java.util.IdentityHashMap@23321b9a
      DEFAULT_CAPACITY = 32
      MINIMUM_CAPACITY = 4
      MAXIMUM_CAPACITY = 536870912
      table = class java.lang.Object[64]
      size = 0
      modCount = 0
      NULL_KEY = class java.lang.Object@3b912da
      entrySet = null
      serialVersionUID = 8188218128353913216
      keySet = null
      values = null
    i_firstSuccesses = class java.util.IdentityHashMap@217cc5a3
      DEFAULT_CAPACITY = 32
      MINIMUM_CAPACITY = 4
      MAXIMUM_CAPACITY = 536870912
      table = class java.lang.Object[64]
      size = 0
      modCount = 0
      NULL_KEY = class java.lang.Object@3b912da
      entrySet = null
      serialVersionUID = 8188218128353913216
      keySet = null
      values = null
    serialVersionUID = -8573589362925818400
    tc = class com.ibm.websphere.ras.TraceComponent@1a87740
      strings[0] = "TraceComponent[com.ibm.ws.anno.classsource.internal.ClassSourceImpl,class com.ibm.ws.anno.classsource.internal.ClassSourceImpl,[com.ibm.ws.anno],com.ibm.ws.anno.resources.internal.AnnoMessages,null]"
    CLASS_NAME = "com.ibm.ws.anno.classsource.internal.ClassSourceImpl"
    hashText = "ClassSourceImpl_Aggregate@306658796(org.tec.datos1.messenger.webapi org.tec.datos1.messenger.webapi)"
    factory = class com.ibm.ws.anno.classsource.internal.ClassSourceImpl_Factory@f1d36a5
      CLASS_NAME = "com.ibm.ws.anno.classsource.internal.ClassSourceImpl_Factory"
      tc = class com.ibm.websphere.ras.TraceComponent@184a3199
      hashText = "ClassSourceImpl_Factory@2105371756"
      utilFactory = class com.ibm.ws.anno.util.internal.UtilImpl_Factory@54818d27
      serialVersionUID = 1139799791871911911
    name = "org.tec.datos1.messenger.webapi org.tec.datos1.messenger.webapi"
    canonicalName = "org.tec.datos1.messenger.webapi org.tec.datos1.messenger.webapi"
    parentSource = null
    internMap = class com.ibm.ws.anno.util.internal.UtilImpl_InternMap@3c401217
      tc = class com.ibm.websphere.ras.TraceComponent@1b56d74e
      CLASS_NAME = "com.ibm.ws.anno.util.internal.UtilImpl_InternMap"
      hashText = "UtilImpl_InternMap@1948680115(classes and packages)"
      DEFAULT_LOG_THRESHHOLD = 4096
      logThreshHold = 4096
      factory = class com.ibm.ws.anno.util.internal.UtilImpl_Factory@54818d27
      valueType = class com.ibm.wsspi.anno.util.Util_InternMap$ValueType@5daecd7
      checkValues = false
      name = "classes and packages"
      internMap = class java.util.HashMap@16295c97
      lastReportedLength = 0
      totalLength = 606
      serialVersionUID = -5461277679491511795
    scanCounts = class com.ibm.ws.anno.classsource.internal.ClassSourceImpl_ScanCounts@7bd689e1
      results = {10,4,0,6,0,0,4,0,0,4} /* array length = 10*/
      serialVersionUID = -8917709647280336091
      $$$tc$$$ = class com.ibm.websphere.ras.TraceComponent@4ff68d5b
    resourceExclusionCount = 0
    classExclusionCount = 0
    classInclusionCount = 0
    serialVersionUID = 283037046212447331
  directClassSourceCount = 37
  haveScannedDirectClasses = true
  externalClassSourceCount = 1
  haveScannedReferencedClasses = false
  classInternMap = class com.ibm.ws.anno.util.internal.UtilImpl_InternMap@21c8be09
    tc = class com.ibm.websphere.ras.TraceComponent@1b56d74e
    CLASS_NAME = "com.ibm.ws.anno.util.internal.UtilImpl_InternMap"
    hashText = "UtilImpl_InternMap@852935334(classes and package names)"
    DEFAULT_LOG_THRESHHOLD = 4096
    logThreshHold = 4096
    factory = class com.ibm.ws.anno.util.internal.UtilImpl_Factory@54818d27
    valueType = class com.ibm.wsspi.anno.util.Util_InternMap$ValueType@5daecd7
      VT_CLASS_RESOURCE = class com.ibm.wsspi.anno.util.Util_InternMap$ValueType@6dc490ed
      VT_CLASS_REFERENCE = class com.ibm.wsspi.anno.util.Util_InternMap$ValueType@4be79354
      VT_CLASS_NAME = class com.ibm.wsspi.anno.util.Util_InternMap$ValueType@5daecd7
      VT_FIELD_NAME = class com.ibm.wsspi.anno.util.Util_InternMap$ValueType@61be73b9
      VT_METHOD_NAME = class com.ibm.wsspi.anno.util.Util_InternMap$ValueType@659dd26
      VT_OTHER = class com.ibm.wsspi.anno.util.Util_InternMap$ValueType@a407ff2
      $VALUES = class com.ibm.wsspi.anno.util.Util_InternMap$ValueType[6]
      $$$tc$$$ = class com.ibm.websphere.ras.TraceComponent@3efa2ca3
      name = "VT_CLASS_NAME"
      ordinal = 2
    checkValues = false
    name = "classes and package names"
    internMap = class java.util.HashMap@5d6aa1fe
      serialVersionUID = 362498820763181265
      DEFAULT_INITIAL_CAPACITY = 16
      MAXIMUM_CAPACITY = 1073741824
      DEFAULT_LOAD_FACTOR = 0.75
      TREEIFY_THRESHOLD = 8
      UNTREEIFY_THRESHOLD = 6
      MIN_TREEIFY_CAPACITY = 64
      table = class java.util.HashMap$Node[32]
      entrySet = null
      size = 22
      modCount = 22
      threshold = 24
      loadFactor = 0.75
      keySet = null
      values = null
    lastReportedLength = 0
    totalLength = 760
    serialVersionUID = -5461277679491511795
  visitor = class com.ibm.ws.anno.targets.internal.AnnotationTargetsVisitor@6f183dea
    tc = class com.ibm.websphere.ras.TraceComponent@15738966
      strings[0] = "TraceComponent[com.ibm.ws.anno.targets.internal.AnnotationTargetsVisitor,class com.ibm.ws.anno.targets.internal.AnnotationTargetsVisitor,[com.ibm.ws.anno],com.ibm.ws.anno.resources.internal.AnnoMessages,null]"
    CLASS_NAME = "com.ibm.ws.anno.targets.internal.AnnotationTargetsVisitor"
    PACKAGE_INFO_CLASS_NAME = "package-info"
    hashText = "AnnotationTargetsVisitor@673938636"
    annotationTargets = class com.ibm.ws.anno.targets.internal.AnnotationTargetsImpl_Targets@7b9935ed
    isDetailEnabled = true
    i_classSourceName = "WEB-INF/lib/javax.json-api-1.1.jar"
    scanPolicy = class com.ibm.wsspi.anno.classsource.ClassSource_Aggregate$ScanPolicy@4c6e98f4
      SEED = class com.ibm.wsspi.anno.classsource.ClassSource_Aggregate$ScanPolicy@4c6e98f4
      PARTIAL = class com.ibm.wsspi.anno.classsource.ClassSource_Aggregate$ScanPolicy@4527321f
      EXCLUDED = class com.ibm.wsspi.anno.classsource.ClassSource_Aggregate$ScanPolicy@5ac52710
      EXTERNAL = class com.ibm.wsspi.anno.classsource.ClassSource_Aggregate$ScanPolicy@54aaf7d1
      value = 1
      ALL_EXCEPT_EXTERNAL = 7
      $VALUES = class com.ibm.wsspi.anno.classsource.ClassSource_Aggregate$ScanPolicy[4]
      $$$tc$$$ = class com.ibm.websphere.ras.TraceComponent@1c55b484
      name = "SEED"
      ordinal = 0
    scanPolicyIsExternal = false
    externalName = "module-info"
    isClass = true
    i_className = "org.tec.datos1.messenger.webapi.resources.ImageHandler"
    VISIT_ENDED_DETAIL = class com.ibm.ws.anno.targets.internal.AnnotationTargetsVisitor$VisitEnded@61fdec9f
      serialVersionUID = 1
      endCase = class com.ibm.ws.anno.targets.internal.AnnotationTargetsVisitor$VisitEndCase@6c05694
      $$$tc$$$ = class com.ibm.websphere.ras.TraceComponent@75f63016
      serialVersionUID = -7034897190745766939
      serialVersionUID = -3387516993124229948
      serialVersionUID = -3042686055658047285
      detailMessage = null
      UNASSIGNED_STACK = class java.lang.StackTraceElement[0]
      cause = class com.ibm.ws.anno.targets.internal.AnnotationTargetsVisitor$VisitEnded@61fdec9f
      stackTrace = class java.lang.StackTraceElement[0]
      SUPPRESSED_SENTINEL = class java.util.Collections$UnmodifiableRandomAccessList@27c0ceff
      suppressedExceptions = class java.util.Collections$UnmodifiableRandomAccessList@27c0ceff
      NULL_CAUSE_MESSAGE = "Cannot suppress a null exception."
      SELF_SUPPRESSION_MESSAGE = "Self-suppression not permitted"
      CAUSE_CAPTION = "Caused by: "
      SUPPRESSED_CAPTION = "Suppressed: "
      EMPTY_THROWABLE_ARRAY = class java.lang.Throwable[0]
      $assertionsDisabled = true
    VISIT_ENDED_DUPLICATE_CLASS = class com.ibm.ws.anno.targets.internal.AnnotationTargetsVisitor$VisitEnded@d11f64c
      serialVersionUID = 1
      endCase = class com.ibm.ws.anno.targets.internal.AnnotationTargetsVisitor$VisitEndCase@5a5812ec
      $$$tc$$$ = class com.ibm.websphere.ras.TraceComponent@75f63016
      serialVersionUID = -7034897190745766939
      serialVersionUID = -3387516993124229948
      serialVersionUID = -3042686055658047285
      detailMessage = null
      UNASSIGNED_STACK = class java.lang.StackTraceElement[0]
      cause = class com.ibm.ws.anno.targets.internal.AnnotationTargetsVisitor$VisitEnded@d11f64c
      stackTrace = class java.lang.StackTraceElement[0]
      SUPPRESSED_SENTINEL = class java.util.Collections$UnmodifiableRandomAccessList@27c0ceff
      suppressedExceptions = class java.util.Collections$UnmodifiableRandomAccessList@27c0ceff
      NULL_CAUSE_MESSAGE = "Cannot suppress a null exception."
      SELF_SUPPRESSION_MESSAGE = "Self-suppression not permitted"
      CAUSE_CAPTION = "Caused by: "
      SUPPRESSED_CAPTION = "Suppressed: "
      EMPTY_THROWABLE_ARRAY = class java.lang.Throwable[0]
      $assertionsDisabled = true
    VISIT_ENDED_CLASS_MISMATCH = class com.ibm.ws.anno.targets.internal.AnnotationTargetsVisitor$VisitEnded@27c3279e
      serialVersionUID = 1
      endCase = class com.ibm.ws.anno.targets.internal.AnnotationTargetsVisitor$VisitEndCase@6d3f3c83
      $$$tc$$$ = class com.ibm.websphere.ras.TraceComponent@75f63016
      serialVersionUID = -7034897190745766939
      serialVersionUID = -3387516993124229948
      serialVersionUID = -3042686055658047285
      detailMessage = null
      UNASSIGNED_STACK = class java.lang.StackTraceElement[0]
      cause = class com.ibm.ws.anno.targets.internal.AnnotationTargetsVisitor$VisitEnded@27c3279e
      stackTrace = class java.lang.StackTraceElement[0]
      SUPPRESSED_SENTINEL = class java.util.Collections$UnmodifiableRandomAccessList@27c0ceff
      suppressedExceptions = class java.util.Collections$UnmodifiableRandomAccessList@27c0ceff
      NULL_CAUSE_MESSAGE = "Cannot suppress a null exception."
      SELF_SUPPRESSION_MESSAGE = "Self-suppression not permitted"
      CAUSE_CAPTION = "Caused by: "
      SUPPRESSED_CAPTION = "Suppressed: "
      EMPTY_THROWABLE_ARRAY = class java.lang.Throwable[0]
      $assertionsDisabled = true
    VISIT_ENDED_DUPLICATE_PACKAGE = class com.ibm.ws.anno.targets.internal.AnnotationTargetsVisitor$VisitEnded@1fd2a2aa
      serialVersionUID = 1
      endCase = class com.ibm.ws.anno.targets.internal.AnnotationTargetsVisitor$VisitEndCase@5bb2b74c
      $$$tc$$$ = class com.ibm.websphere.ras.TraceComponent@75f63016
      serialVersionUID = -7034897190745766939
      serialVersionUID = -3387516993124229948
      serialVersionUID = -3042686055658047285
      detailMessage = null
      UNASSIGNED_STACK = class java.lang.StackTraceElement[0]
      cause = class com.ibm.ws.anno.targets.internal.AnnotationTargetsVisitor$VisitEnded@1fd2a2aa
      stackTrace = class java.lang.StackTraceElement[0]
      SUPPRESSED_SENTINEL = class java.util.Collections$UnmodifiableRandomAccessList@27c0ceff
      suppressedExceptions = class java.util.Collections$UnmodifiableRandomAccessList@27c0ceff
      NULL_CAUSE_MESSAGE = "Cannot suppress a null exception."
      SELF_SUPPRESSION_MESSAGE = "Self-suppression not permitted"
      CAUSE_CAPTION = "Caused by: "
      SUPPRESSED_CAPTION = "Suppressed: "
      EMPTY_THROWABLE_ARRAY = class java.lang.Throwable[0]
      $assertionsDisabled = true
    VISIT_ENDED_PACKAGE_MISMATCH = class com.ibm.ws.anno.targets.internal.AnnotationTargetsVisitor$VisitEnded@11c52cdb
      serialVersionUID = 1
      endCase = class com.ibm.ws.anno.targets.internal.AnnotationTargetsVisitor$VisitEndCase@2694fd01
      $$$tc$$$ = class com.ibm.websphere.ras.TraceComponent@75f63016
      serialVersionUID = -7034897190745766939
      serialVersionUID = -3387516993124229948
      serialVersionUID = -3042686055658047285
      detailMessage = null
      UNASSIGNED_STACK = class java.lang.StackTraceElement[0]
      cause = class com.ibm.ws.anno.targets.internal.AnnotationTargetsVisitor$VisitEnded@11c52cdb
      stackTrace = class java.lang.StackTraceElement[0]
      SUPPRESSED_SENTINEL = class java.util.Collections$UnmodifiableRandomAccessList@27c0ceff
      suppressedExceptions = class java.util.Collections$UnmodifiableRandomAccessList@27c0ceff
      NULL_CAUSE_MESSAGE = "Cannot suppress a null exception."
      SELF_SUPPRESSION_MESSAGE = "Self-suppression not permitted"
      CAUSE_CAPTION = "Caused by: "
      SUPPRESSED_CAPTION = "Suppressed: "
      EMPTY_THROWABLE_ARRAY = class java.lang.Throwable[0]
      $assertionsDisabled = true
    fieldVisitor = class com.ibm.ws.anno.targets.internal.AnnotationTargetsVisitor$AnnoFieldVisitor@13e40b39
      this$0 = class com.ibm.ws.anno.targets.internal.AnnotationTargetsVisitor@6f183dea
      serialVersionUID = 6818029444933258753
      $$$tc$$$ = class com.ibm.websphere.ras.TraceComponent@299432cf
      api = 327680
      fv = null
    methodVisitor = class com.ibm.ws.anno.targets.internal.AnnotationTargetsVisitor$AnnoMethodVisitor@2da5210c
      this$0 = class com.ibm.ws.anno.targets.internal.AnnotationTargetsVisitor@6f183dea
      serialVersionUID = 2334231598451759950
      $$$tc$$$ = class com.ibm.websphere.ras.TraceComponent@76c714f0
      api = 327680
      mv = null
    serialVersionUID = -3785108644137834388
    api = 327680
    cv = null
  i_unresolvedPackageNames = class java.util.IdentityHashMap@2fb42082
    DEFAULT_CAPACITY = 32
    MINIMUM_CAPACITY = 4
    MAXIMUM_CAPACITY = 536870912
    table = class java.lang.Object[64]
      table[0] = null
      table[1] = null
      table[2] = null
      table[3] = null
      table[4] = null
      table[5] = null
      table[6] = null
      table[7] = null
      table[8] = null
      table[9] = null
      table[10] = null
      table[11] = null
      table[12] = null
      table[13] = null
      table[14] = null
      table[15] = null
      table[16] = null
      table[17] = null
      table[18] = null
      table[19] = null
      table[20] = null
      table[21] = null
      table[22] = null
      table[23] = null
      table[24] = null
      table[25] = null
      table[26] = null
      table[27] = null
      table[28] = null
      table[29] = null
      table[30] = null
      table[31] = null
      table[32] = null
      table[33] = null
      table[34] = null
      table[35] = null
      table[36] = null
      table[37] = null
      table[38] = null
      table[39] = null
      table[40] = null
      table[41] = null
      table[42] = null
      table[43] = null
      table[44] = null
      table[45] = null
      table[46] = null
      table[47] = null
      table[48] = null
      table[49] = null
      table[50] = null
      table[51] = null
      table[52] = null
      table[53] = null
      table[54] = null
      table[55] = null
      table[56] = null
      table[57] = null
      table[58] = null
      table[59] = null
      table[60] = null
      table[61] = null
      table[62] = null
      table[63] = null
    size = 0
    modCount = 0
    NULL_KEY = class java.lang.Object@3b912da
    entrySet = null
    serialVersionUID = 8188218128353913216
    keySet = null
    values = null
  i_scannedClassNames = class java.util.IdentityHashMap@77d9eed8
    DEFAULT_CAPACITY = 32
    MINIMUM_CAPACITY = 4
    MAXIMUM_CAPACITY = 536870912
    table = class java.lang.Object[64]
      table[0] = "org.tec.datos1.messenger.webapi.resources.MessageHandler"
      table[1] = "org.tec.datos1.messenger.webapi.resources.MessageHandler"
      table[2] = "org.tec.datos1.messenger.estructures.NodoGrafo"
      table[3] = "org.tec.datos1.messenger.estructures.NodoGrafo"
      table[4] = null
      table[5] = null
      table[6] = null
      table[7] = null
      table[8] = "org.tec.datos1.messenger.webapi.resources.ImageHandler"
      table[9] = "org.tec.datos1.messenger.webapi.resources.ImageHandler"
      table[10] = null
      table[11] = null
      table[12] = "org.tec.datos1.messenger.estructures.Network"
      table[13] = "org.tec.datos1.messenger.estructures.Network"
      table[14] = "org.tec.datos1.messenger.estructures.Vertex"
      table[15] = "org.tec.datos1.messenger.estructures.Vertex"
      table[16] = "org.tec.datos1.messenger.webapi.resources.Auth"
      table[17] = "org.tec.datos1.messenger.webapi.resources.Auth"
      table[18] = "org.tec.datos1.messenger.estructures.Arco"
      table[19] = "org.tec.datos1.messenger.estructures.Arco"
      table[20] = "org.tec.datos1.messenger.estructures.Graph"
      table[21] = "org.tec.datos1.messenger.estructures.Graph"
      table[22] = null
      table[23] = null
      table[24] = null
      table[25] = null
      table[26] = "org.tec.datos1.messenger.estructures.Edge"
      table[27] = "org.tec.datos1.messenger.estructures.Edge"
      table[28] = "org.tec.datos1.messenger.webapi.dto.User"
      table[29] = "org.tec.datos1.messenger.webapi.dto.User"
      table[30] = "org.tec.datos1.messenger.webapi.resources.MultiFileHandler"
      table[31] = "org.tec.datos1.messenger.webapi.resources.MultiFileHandler"
      table[32] = null
      table[33] = null
      table[34] = null
      table[35] = null
      table[36] = null
      table[37] = null
      table[38] = null
      table[39] = null
      table[40] = null
      table[41] = null
      table[42] = null
      table[43] = null
      table[44] = null
      table[45] = null
      table[46] = null
      table[47] = null
      table[48] = "org.tec.datos1.messenger.estructures.Cola"
      table[49] = "org.tec.datos1.messenger.estructures.Cola"
      table[50] = null
      table[51] = null
      table[52] = null
      table[53] = null
      table[54] = null
      table[55] = null
      table[56] = "org.tec.datos1.messenger.webapi.dto.Message"
      table[57] = "org.tec.datos1.messenger.webapi.dto.Message"
      table[58] = null
      table[59] = null
      table[60] = null
      table[61] = null
      table[62] = null
      table[63] = null
    size = 13
    modCount = 13
    NULL_KEY = class java.lang.Object@3b912da
    entrySet = null
    serialVersionUID = 8188218128353913216
    keySet = null
    values = null
  i_referencedClassNames = class java.util.IdentityHashMap@13852edc
    DEFAULT_CAPACITY = 32
    MINIMUM_CAPACITY = 4
    MAXIMUM_CAPACITY = 536870912
    table = class java.lang.Object[64]
      table[0] = "javax.ws.rs.Consumes"
      table[1] = "javax.ws.rs.Consumes"
      table[2] = null
      table[3] = null
      table[4] = "javax.ws.rs.Path"
      table[5] = "javax.ws.rs.Path"
      table[6] = null
      table[7] = null
      table[8] = null
      table[9] = null
      table[10] = null
      table[11] = null
      table[12] = "javax.ws.rs.Produces"
      table[13] = "javax.ws.rs.Produces"
      table[14] = "java.lang.Object"
      table[15] = "java.lang.Object"
      table[16] = null
      table[17] = null
      table[18] = null
      table[19] = null
      table[20] = null
      table[21] = null
      table[22] = "javax.ws.rs.GET"
      table[23] = "javax.ws.rs.GET"
      table[24] = null
      table[25] = null
      table[26] = null
      table[27] = null
      table[28] = null
      table[29] = null
      table[30] = null
      table[31] = null
      table[32] = null
      table[33] = null
      table[34] = null
      table[35] = null
      table[36] = null
      table[37] = null
      table[38] = null
      table[39] = null
      table[40] = "java.lang.Comparable"
      table[41] = "java.lang.Comparable"
      table[42] = null
      table[43] = null
      table[44] = null
      table[45] = null
      table[46] = "javax.ws.rs.core.Context"
      table[47] = "javax.ws.rs.core.Context"
      table[48] = null
      table[49] = null
      table[50] = null
      table[51] = null
      table[52] = null
      table[53] = null
      table[54] = null
      table[55] = null
      table[56] = "javax.ws.rs.DELETE"
      table[57] = "javax.ws.rs.DELETE"
      table[58] = "javax.ws.rs.POST"
      table[59] = "javax.ws.rs.POST"
      table[60] = null
      table[61] = null
      table[62] = null
      table[63] = null
    size = 9
    modCount = 11
    NULL_KEY = class java.lang.Object@3b912da
    entrySet = null
    serialVersionUID = 8188218128353913216
    keySet = null
    values = null
  i_unresolvedClassNames = class java.util.IdentityHashMap@3d5cb62b
    DEFAULT_CAPACITY = 32
    MINIMUM_CAPACITY = 4
    MAXIMUM_CAPACITY = 536870912
    table = class java.lang.Object[64]
      table[0] = null
      table[1] = null
      table[2] = null
      table[3] = null
      table[4] = null
      table[5] = null
      table[6] = null
      table[7] = null
      table[8] = null
      table[9] = null
      table[10] = null
      table[11] = null
      table[12] = null
      table[13] = null
      table[14] = null
      table[15] = null
      table[16] = null
      table[17] = null
      table[18] = null
      table[19] = null
      table[20] = null
      table[21] = null
      table[22] = null
      table[23] = null
      table[24] = null
      table[25] = null
      table[26] = null
      table[27] = null
      table[28] = null
      table[29] = null
      table[30] = null
      table[31] = null
      table[32] = null
      table[33] = null
      table[34] = null
      table[35] = null
      table[36] = null
      table[37] = null
      table[38] = null
      table[39] = null
      table[40] = null
      table[41] = null
      table[42] = null
      table[43] = null
      table[44] = null
      table[45] = null
      table[46] = null
      table[47] = null
      table[48] = null
      table[49] = null
      table[50] = null
      table[51] = null
      table[52] = null
      table[53] = null
      table[54] = null
      table[55] = null
      table[56] = null
      table[57] = null
      table[58] = null
      table[59] = null
      table[60] = null
      table[61] = null
      table[62] = null
      table[63] = null
    size = 0
    modCount = 0
    NULL_KEY = class java.lang.Object@3b912da
    entrySet = null
    serialVersionUID = 8188218128353913216
    keySet = null
    values = null
  classSourceClassData = class com.ibm.ws.anno.util.internal.UtilImpl_BidirectionalMap@33e23132
    tc = class com.ibm.websphere.ras.TraceComponent@2893274b
      strings[0] = "TraceComponent[com.ibm.ws.anno.util.internal.UtilImpl_BidirectionalMap,class com.ibm.ws.anno.util.internal.UtilImpl_BidirectionalMap,[com.ibm.ws.anno],com.ibm.ws.anno.resources.internal.AnnoMessages,null]"
    CLASS_NAME = "com.ibm.ws.anno.util.internal.UtilImpl_BidirectionalMap"
    hashText = "UtilImpl_BidirectionalMap@56347567(class source : class, enabled='true')"
    factory = class com.ibm.ws.anno.util.internal.UtilImpl_Factory@54818d27
    holderTag = "class source"
    heldTag = "class"
    holderInternMap = class com.ibm.ws.anno.util.internal.UtilImpl_InternMap@43437ec2
    heldInternMap = class com.ibm.ws.anno.util.internal.UtilImpl_InternMap@21c8be09
    isEnabled = true
    i_holderToHeldMap = class java.util.IdentityHashMap@251d03f
      DEFAULT_CAPACITY = 32
      MINIMUM_CAPACITY = 4
      MAXIMUM_CAPACITY = 536870912
      table = class java.lang.Object[64]
      size = 1
      modCount = 1
      NULL_KEY = class java.lang.Object@3b912da
      entrySet = null
      serialVersionUID = 8188218128353913216
      keySet = null
      values = null
    i_heldToHoldersMap = class java.util.IdentityHashMap@1d815a77
      DEFAULT_CAPACITY = 32
      MINIMUM_CAPACITY = 4
      MAXIMUM_CAPACITY = 536870912
      table = class java.lang.Object[64]
      size = 13
      modCount = 13
      NULL_KEY = class java.lang.Object@3b912da
      entrySet = null
      serialVersionUID = 8188218128353913216
      keySet = null
      values = null
    serialVersionUID = -5120548021685902873
  i_superclassNameMap = class java.util.IdentityHashMap@bf5b6b8
    DEFAULT_CAPACITY = 32
    MINIMUM_CAPACITY = 4
    MAXIMUM_CAPACITY = 536870912
    table = class java.lang.Object[64]
      table[0] = "org.tec.datos1.messenger.webapi.resources.MessageHandler"
      table[1] = "java.lang.Object"
      table[2] = "org.tec.datos1.messenger.estructures.NodoGrafo"
      table[3] = "java.lang.Object"
      table[4] = null
      table[5] = null
      table[6] = null
      table[7] = null
      table[8] = "org.tec.datos1.messenger.webapi.resources.ImageHandler"
      table[9] = "java.lang.Object"
      table[10] = null
      table[11] = null
      table[12] = "org.tec.datos1.messenger.estructures.Network"
      table[13] = "org.tec.datos1.messenger.estructures.Graph"
      table[14] = "org.tec.datos1.messenger.estructures.Vertex"
      table[15] = "java.lang.Object"
      table[16] = "org.tec.datos1.messenger.webapi.resources.Auth"
      table[17] = "java.lang.Object"
      table[18] = "org.tec.datos1.messenger.estructures.Arco"
      table[19] = "java.lang.Object"
      table[20] = "org.tec.datos1.messenger.estructures.Graph"
      table[21] = "java.lang.Object"
      table[22] = null
      table[23] = null
      table[24] = null
      table[25] = null
      table[26] = "org.tec.datos1.messenger.estructures.Edge"
      table[27] = "java.lang.Object"
      table[28] = "org.tec.datos1.messenger.webapi.dto.User"
      table[29] = "java.lang.Object"
      table[30] = "org.tec.datos1.messenger.webapi.resources.MultiFileHandler"
      table[31] = "java.lang.Object"
      table[32] = null
      table[33] = null
      table[34] = null
      table[35] = null
      table[36] = null
      table[37] = null
      table[38] = null
      table[39] = null
      table[40] = null
      table[41] = null
      table[42] = null
      table[43] = null
      table[44] = null
      table[45] = null
      table[46] = null
      table[47] = null
      table[48] = "org.tec.datos1.messenger.estructures.Cola"
      table[49] = "java.lang.Object"
      table[50] = null
      table[51] = null
      table[52] = null
      table[53] = null
      table[54] = null
      table[55] = null
      table[56] = "org.tec.datos1.messenger.webapi.dto.Message"
      table[57] = "java.lang.Object"
      table[58] = null
      table[59] = null
      table[60] = null
      table[61] = null
      table[62] = null
      table[63] = null
    size = 13
    modCount = 13
    NULL_KEY = class java.lang.Object@3b912da
    entrySet = null
    serialVersionUID = 8188218128353913216
    keySet = null
    values = null
  i_interfaceNameMap = class java.util.IdentityHashMap@313c9ad4
    DEFAULT_CAPACITY = 32
    MINIMUM_CAPACITY = 4
    MAXIMUM_CAPACITY = 536870912
    table = class java.lang.Object[64]
      table[0] = null
      table[1] = null
      table[2] = null
      table[3] = null
      table[4] = null
      table[5] = null
      table[6] = null
      table[7] = null
      table[8] = null
      table[9] = null
      table[10] = null
      table[11] = null
      table[12] = null
      table[13] = null
      table[14] = null
      table[15] = null
      table[16] = null
      table[17] = null
      table[18] = null
      table[19] = null
      table[20] = null
      table[21] = null
      table[22] = null
      table[23] = null
      table[24] = null
      table[25] = null
      table[26] = "org.tec.datos1.messenger.webapi.dto.User"
      table[27] = class java.lang.String[1]
      table[28] = null
      table[29] = null
      table[30] = null
      table[31] = null
      table[32] = null
      table[33] = null
      table[34] = null
      table[35] = null
      table[36] = null
      table[37] = null
      table[38] = null
      table[39] = null
      table[40] = null
      table[41] = null
      table[42] = null
      table[43] = null
      table[44] = null
      table[45] = null
      table[46] = null
      table[47] = null
      table[48] = null
      table[49] = null
      table[50] = null
      table[51] = null
      table[52] = null
      table[53] = null
      table[54] = null
      table[55] = null
      table[56] = null
      table[57] = null
      table[58] = null
      table[59] = null
      table[60] = null
      table[61] = null
      table[62] = null
      table[63] = null
    size = 1
    modCount = 1
    NULL_KEY = class java.lang.Object@3b912da
    entrySet = null
    serialVersionUID = 8188218128353913216
    keySet = null
    values = null
  i_allImplementersMap = null
  i_descendantsMap = null
  isDetailEnabled = true
  seedData = class com.ibm.ws.anno.targets.internal.AnnotationTargetsImpl_PolicyData@69098f36
    targets = class com.ibm.ws.anno.targets.internal.AnnotationTargetsImpl_Targets@7b9935ed
    scanPolicy = class com.ibm.wsspi.anno.classsource.ClassSource_Aggregate$ScanPolicy@4c6e98f4
    i_classNames = class java.util.IdentityHashMap@4fd4251f
      DEFAULT_CAPACITY = 32
      MINIMUM_CAPACITY = 4
      MAXIMUM_CAPACITY = 536870912
      table = class java.lang.Object[64]
      size = 13
      modCount = 13
      NULL_KEY = class java.lang.Object@3b912da
      entrySet = null
      serialVersionUID = 8188218128353913216
      keySet = null
      values = null
    packageAnnotationData = class com.ibm.ws.anno.util.internal.UtilImpl_BidirectionalMap@4ab38c15
      tc = class com.ibm.websphere.ras.TraceComponent@2893274b
      CLASS_NAME = "com.ibm.ws.anno.util.internal.UtilImpl_BidirectionalMap"
      hashText = "UtilImpl_BidirectionalMap@1314911348(SEED packages with annotations : annotations, enabled='true')"
      factory = class com.ibm.ws.anno.util.internal.UtilImpl_Factory@54818d27
      holderTag = "SEED packages with annotations"
      heldTag = "annotations"
      holderInternMap = class com.ibm.ws.anno.util.internal.UtilImpl_InternMap@21c8be09
      heldInternMap = class com.ibm.ws.anno.util.internal.UtilImpl_InternMap@21c8be09
      isEnabled = true
      i_holderToHeldMap = class java.util.IdentityHashMap@53c5f89
      i_heldToHoldersMap = class java.util.IdentityHashMap@7e99825e
      serialVersionUID = -5120548021685902873
    classAnnotationData = class com.ibm.ws.anno.util.internal.UtilImpl_BidirectionalMap@f728efa
      tc = class com.ibm.websphere.ras.TraceComponent@2893274b
      CLASS_NAME = "com.ibm.ws.anno.util.internal.UtilImpl_BidirectionalMap"
      hashText = "UtilImpl_BidirectionalMap@2032376876(SEED class with annotations : annotations, enabled='true')"
      factory = class com.ibm.ws.anno.util.internal.UtilImpl_Factory@54818d27
      holderTag = "SEED class with annotations"
      heldTag = "annotations"
      holderInternMap = class com.ibm.ws.anno.util.internal.UtilImpl_InternMap@21c8be09
      heldInternMap = class com.ibm.ws.anno.util.internal.UtilImpl_InternMap@21c8be09
      isEnabled = true
      i_holderToHeldMap = class java.util.IdentityHashMap@268a512c
      i_heldToHoldersMap = class java.util.IdentityHashMap@346727c2
      serialVersionUID = -5120548021685902873
    fieldAnnotationData = class com.ibm.ws.anno.util.internal.UtilImpl_BidirectionalMap@19f8a86
      tc = class com.ibm.websphere.ras.TraceComponent@2893274b
      CLASS_NAME = "com.ibm.ws.anno.util.internal.UtilImpl_BidirectionalMap"
      hashText = "UtilImpl_BidirectionalMap@1072856462(SEED class with field annotations : annotations, enabled='true')"
      factory = class com.ibm.ws.anno.util.internal.UtilImpl_Factory@54818d27
      holderTag = "SEED class with field annotations"
      heldTag = "annotations"
      holderInternMap = class com.ibm.ws.anno.util.internal.UtilImpl_InternMap@21c8be09
      heldInternMap = class com.ibm.ws.anno.util.internal.UtilImpl_InternMap@21c8be09
      isEnabled = true
      i_holderToHeldMap = class java.util.IdentityHashMap@3620b8f6
      i_heldToHoldersMap = class java.util.IdentityHashMap@4703f5ce
      serialVersionUID = -5120548021685902873
    methodAnnotationData = class com.ibm.ws.anno.util.internal.UtilImpl_BidirectionalMap@6f8dbb77
      tc = class com.ibm.websphere.ras.TraceComponent@2893274b
      CLASS_NAME = "com.ibm.ws.anno.util.internal.UtilImpl_BidirectionalMap"
      hashText = "UtilImpl_BidirectionalMap@249521531(SEED class with method annotations : annotations, enabled='true')"
      factory = class com.ibm.ws.anno.util.internal.UtilImpl_Factory@54818d27
      holderTag = "SEED class with method annotations"
      heldTag = "annotations"
      holderInternMap = class com.ibm.ws.anno.util.internal.UtilImpl_InternMap@21c8be09
      heldInternMap = class com.ibm.ws.anno.util.internal.UtilImpl_InternMap@21c8be09
      isEnabled = true
      i_holderToHeldMap = class java.util.IdentityHashMap@5b9084ac
      i_heldToHoldersMap = class java.util.IdentityHashMap@4102dfcb
      serialVersionUID = -5120548021685902873
    serialVersionUID = -5030791898751345539
    $$$tc$$$ = class com.ibm.websphere.ras.TraceComponent@13044308
  partialData = class com.ibm.ws.anno.targets.internal.AnnotationTargetsImpl_PolicyData@4b404884
    targets = class com.ibm.ws.anno.targets.internal.AnnotationTargetsImpl_Targets@7b9935ed
    scanPolicy = class com.ibm.wsspi.anno.classsource.ClassSource_Aggregate$ScanPolicy@4527321f
      SEED = class com.ibm.wsspi.anno.classsource.ClassSource_Aggregate$ScanPolicy@4c6e98f4
      PARTIAL = class com.ibm.wsspi.anno.classsource.ClassSource_Aggregate$ScanPolicy@4527321f
      EXCLUDED = class com.ibm.wsspi.anno.classsource.ClassSource_Aggregate$ScanPolicy@5ac52710
      EXTERNAL = class com.ibm.wsspi.anno.classsource.ClassSource_Aggregate$ScanPolicy@54aaf7d1
      value = 2
      ALL_EXCEPT_EXTERNAL = 7
      $VALUES = class com.ibm.wsspi.anno.classsource.ClassSource_Aggregate$ScanPolicy[4]
      $$$tc$$$ = class com.ibm.websphere.ras.TraceComponent@1c55b484
      name = "PARTIAL"
      ordinal = 1
    i_classNames = class java.util.IdentityHashMap@794b5006
      DEFAULT_CAPACITY = 32
      MINIMUM_CAPACITY = 4
      MAXIMUM_CAPACITY = 536870912
      table = class java.lang.Object[64]
      size = 0
      modCount = 0
      NULL_KEY = class java.lang.Object@3b912da
      entrySet = null
      serialVersionUID = 8188218128353913216
      keySet = null
      values = null
    packageAnnotationData = class com.ibm.ws.anno.util.internal.UtilImpl_BidirectionalMap@361d474f
      tc = class com.ibm.websphere.ras.TraceComponent@2893274b
      CLASS_NAME = "com.ibm.ws.anno.util.internal.UtilImpl_BidirectionalMap"
      hashText = "UtilImpl_BidirectionalMap@1066585216(PARTIAL packages with annotations : annotations, enabled='true')"
      factory = class com.ibm.ws.anno.util.internal.UtilImpl_Factory@54818d27
      holderTag = "PARTIAL packages with annotations"
      heldTag = "annotations"
      holderInternMap = class com.ibm.ws.anno.util.internal.UtilImpl_InternMap@21c8be09
      heldInternMap = class com.ibm.ws.anno.util.internal.UtilImpl_InternMap@21c8be09
      isEnabled = true
      i_holderToHeldMap = class java.util.IdentityHashMap@5aedc826
      i_heldToHoldersMap = class java.util.IdentityHashMap@1407e276
      serialVersionUID = -5120548021685902873
    classAnnotationData = class com.ibm.ws.anno.util.internal.UtilImpl_BidirectionalMap@591df68d
      tc = class com.ibm.websphere.ras.TraceComponent@2893274b
      CLASS_NAME = "com.ibm.ws.anno.util.internal.UtilImpl_BidirectionalMap"
      hashText = "UtilImpl_BidirectionalMap@1521870242(PARTIAL class with annotations : annotations, enabled='true')"
      factory = class com.ibm.ws.anno.util.internal.UtilImpl_Factory@54818d27
      holderTag = "PARTIAL class with annotations"
      heldTag = "annotations"
      holderInternMap = class com.ibm.ws.anno.util.internal.UtilImpl_InternMap@21c8be09
      heldInternMap = class com.ibm.ws.anno.util.internal.UtilImpl_InternMap@21c8be09
      isEnabled = true
      i_holderToHeldMap = class java.util.IdentityHashMap@38d92175
      i_heldToHoldersMap = class java.util.IdentityHashMap@2a68be6c
      serialVersionUID = -5120548021685902873
    fieldAnnotationData = class com.ibm.ws.anno.util.internal.UtilImpl_BidirectionalMap@2556907b
      tc = class com.ibm.websphere.ras.TraceComponent@2893274b
      CLASS_NAME = "com.ibm.ws.anno.util.internal.UtilImpl_BidirectionalMap"
      hashText = "UtilImpl_BidirectionalMap@1980235127(PARTIAL class with field annotations : annotations, enabled='true')"
      factory = class com.ibm.ws.anno.util.internal.UtilImpl_Factory@54818d27
      holderTag = "PARTIAL class with field annotations"
      heldTag = "annotations"
      holderInternMap = class com.ibm.ws.anno.util.internal.UtilImpl_InternMap@21c8be09
      heldInternMap = class com.ibm.ws.anno.util.internal.UtilImpl_InternMap@21c8be09
      isEnabled = true
      i_holderToHeldMap = class java.util.IdentityHashMap@467fccdb
      i_heldToHoldersMap = class java.util.IdentityHashMap@6135857c
      serialVersionUID = -5120548021685902873
    methodAnnotationData = class com.ibm.ws.anno.util.internal.UtilImpl_BidirectionalMap@6be3fb7
      tc = class com.ibm.websphere.ras.TraceComponent@2893274b
      CLASS_NAME = "com.ibm.ws.anno.util.internal.UtilImpl_BidirectionalMap"
      hashText = "UtilImpl_BidirectionalMap@50768497(PARTIAL class with method annotations : annotations, enabled='true')"
      factory = class com.ibm.ws.anno.util.internal.UtilImpl_Factory@54818d27
      holderTag = "PARTIAL class with method annotations"
      heldTag = "annotations"
      holderInternMap = class com.ibm.ws.anno.util.internal.UtilImpl_InternMap@21c8be09
      heldInternMap = class com.ibm.ws.anno.util.internal.UtilImpl_InternMap@21c8be09
      isEnabled = true
      i_holderToHeldMap = class java.util.IdentityHashMap@6859db8a
      i_heldToHoldersMap = class java.util.IdentityHashMap@1467d29b
      serialVersionUID = -5120548021685902873
    serialVersionUID = -5030791898751345539
    $$$tc$$$ = class com.ibm.websphere.ras.TraceComponent@13044308
      strings[0] = "TraceComponent[com.ibm.ws.anno.targets.internal.AnnotationTargetsImpl_PolicyData,class com.ibm.ws.anno.targets.internal.AnnotationTargetsImpl_PolicyData,[com.ibm.ws.anno],com.ibm.ws.anno.resources.internal.AnnoMessages,null]"
  excludedData = class com.ibm.ws.anno.targets.internal.AnnotationTargetsImpl_PolicyData@6d267722
    targets = class com.ibm.ws.anno.targets.internal.AnnotationTargetsImpl_Targets@7b9935ed
    scanPolicy = class com.ibm.wsspi.anno.classsource.ClassSource_Aggregate$ScanPolicy@5ac52710
      SEED = class com.ibm.wsspi.anno.classsource.ClassSource_Aggregate$ScanPolicy@4c6e98f4
      PARTIAL = class com.ibm.wsspi.anno.classsource.ClassSource_Aggregate$ScanPolicy@4527321f
      EXCLUDED = class com.ibm.wsspi.anno.classsource.ClassSource_Aggregate$ScanPolicy@5ac52710
      EXTERNAL = class com.ibm.wsspi.anno.classsource.ClassSource_Aggregate$ScanPolicy@54aaf7d1
      value = 4
      ALL_EXCEPT_EXTERNAL = 7
      $VALUES = class com.ibm.wsspi.anno.classsource.ClassSource_Aggregate$ScanPolicy[4]
      $$$tc$$$ = class com.ibm.websphere.ras.TraceComponent@1c55b484
      name = "EXCLUDED"
      ordinal = 2
    i_classNames = class java.util.IdentityHashMap@6c5a1b5b
      DEFAULT_CAPACITY = 32
      MINIMUM_CAPACITY = 4
      MAXIMUM_CAPACITY = 536870912
      table = class java.lang.Object[64]
      size = 0
      modCount = 0
      NULL_KEY = class java.lang.Object@3b912da
      entrySet = null
      serialVersionUID = 8188218128353913216
      keySet = null
      values = null
    packageAnnotationData = class com.ibm.ws.anno.util.internal.UtilImpl_BidirectionalMap@7d1e8be3
      tc = class com.ibm.websphere.ras.TraceComponent@2893274b
      CLASS_NAME = "com.ibm.ws.anno.util.internal.UtilImpl_BidirectionalMap"
      hashText = "UtilImpl_BidirectionalMap@718901341(EXCLUDED packages with annotations : annotations, enabled='true')"
      factory = class com.ibm.ws.anno.util.internal.UtilImpl_Factory@54818d27
      holderTag = "EXCLUDED packages with annotations"
      heldTag = "annotations"
      holderInternMap = class com.ibm.ws.anno.util.internal.UtilImpl_InternMap@21c8be09
      heldInternMap = class com.ibm.ws.anno.util.internal.UtilImpl_InternMap@21c8be09
      isEnabled = true
      i_holderToHeldMap = class java.util.IdentityHashMap@f441870
      i_heldToHoldersMap = class java.util.IdentityHashMap@36fa29a7
      serialVersionUID = -5120548021685902873
    classAnnotationData = class com.ibm.ws.anno.util.internal.UtilImpl_BidirectionalMap@aaa5070
      tc = class com.ibm.websphere.ras.TraceComponent@2893274b
      CLASS_NAME = "com.ibm.ws.anno.util.internal.UtilImpl_BidirectionalMap"
      hashText = "UtilImpl_BidirectionalMap@1605695569(EXCLUDED class with annotations : annotations, enabled='true')"
      factory = class com.ibm.ws.anno.util.internal.UtilImpl_Factory@54818d27
      holderTag = "EXCLUDED class with annotations"
      heldTag = "annotations"
      holderInternMap = class com.ibm.ws.anno.util.internal.UtilImpl_InternMap@21c8be09
      heldInternMap = class com.ibm.ws.anno.util.internal.UtilImpl_InternMap@21c8be09
      isEnabled = true
      i_holderToHeldMap = class java.util.IdentityHashMap@5a9a939a
      i_heldToHoldersMap = class java.util.IdentityHashMap@60ba1ba
      serialVersionUID = -5120548021685902873
    fieldAnnotationData = class com.ibm.ws.anno.util.internal.UtilImpl_BidirectionalMap@79240b92
      tc = class com.ibm.websphere.ras.TraceComponent@2893274b
      CLASS_NAME = "com.ibm.ws.anno.util.internal.UtilImpl_BidirectionalMap"
      hashText = "UtilImpl_BidirectionalMap@378620565(EXCLUDED class with field annotations : annotations, enabled='true')"
      factory = class com.ibm.ws.anno.util.internal.UtilImpl_Factory@54818d27
      holderTag = "EXCLUDED class with field annotations"
      heldTag = "annotations"
      holderInternMap = class com.ibm.ws.anno.util.internal.UtilImpl_InternMap@21c8be09
      heldInternMap = class com.ibm.ws.anno.util.internal.UtilImpl_InternMap@21c8be09
      isEnabled = true
      i_holderToHeldMap = class java.util.IdentityHashMap@7dbc8a41
      i_heldToHoldersMap = class java.util.IdentityHashMap@38644b5a
      serialVersionUID = -5120548021685902873
    methodAnnotationData = class com.ibm.ws.anno.util.internal.UtilImpl_BidirectionalMap@4518472e
      tc = class com.ibm.websphere.ras.TraceComponent@2893274b
      CLASS_NAME = "com.ibm.ws.anno.util.internal.UtilImpl_BidirectionalMap"
      hashText = "UtilImpl_BidirectionalMap@552746772(EXCLUDED class with method annotations : annotations, enabled='true')"
      factory = class com.ibm.ws.anno.util.internal.UtilImpl_Factory@54818d27
      holderTag = "EXCLUDED class with method annotations"
      heldTag = "annotations"
      holderInternMap = class com.ibm.ws.anno.util.internal.UtilImpl_InternMap@21c8be09
      heldInternMap = class com.ibm.ws.anno.util.internal.UtilImpl_InternMap@21c8be09
      isEnabled = true
      i_holderToHeldMap = class java.util.IdentityHashMap@c55199
      i_heldToHoldersMap = class java.util.IdentityHashMap@4d162a98
      serialVersionUID = -5120548021685902873
    serialVersionUID = -5030791898751345539
    $$$tc$$$ = class com.ibm.websphere.ras.TraceComponent@13044308
  externalData = class com.ibm.ws.anno.targets.internal.AnnotationTargetsImpl_PolicyData@3899aa68
    targets = class com.ibm.ws.anno.targets.internal.AnnotationTargetsImpl_Targets@7b9935ed
    scanPolicy = class com.ibm.wsspi.anno.classsource.ClassSource_Aggregate$ScanPolicy@54aaf7d1
      SEED = class com.ibm.wsspi.anno.classsource.ClassSource_Aggregate$ScanPolicy@4c6e98f4
      PARTIAL = class com.ibm.wsspi.anno.classsource.ClassSource_Aggregate$ScanPolicy@4527321f
      EXCLUDED = class com.ibm.wsspi.anno.classsource.ClassSource_Aggregate$ScanPolicy@5ac52710
      EXTERNAL = class com.ibm.wsspi.anno.classsource.ClassSource_Aggregate$ScanPolicy@54aaf7d1
      value = 8
      ALL_EXCEPT_EXTERNAL = 7
      $VALUES = class com.ibm.wsspi.anno.classsource.ClassSource_Aggregate$ScanPolicy[4]
      $$$tc$$$ = class com.ibm.websphere.ras.TraceComponent@1c55b484
      name = "EXTERNAL"
      ordinal = 3
    i_classNames = class java.util.IdentityHashMap@2aeddf2c
      DEFAULT_CAPACITY = 32
      MINIMUM_CAPACITY = 4
      MAXIMUM_CAPACITY = 536870912
      table = class java.lang.Object[64]
      size = 0
      modCount = 0
      NULL_KEY = class java.lang.Object@3b912da
      entrySet = null
      serialVersionUID = 8188218128353913216
      keySet = null
      values = null
    packageAnnotationData = class com.ibm.ws.anno.util.internal.UtilImpl_BidirectionalMap@26312266
      tc = class com.ibm.websphere.ras.TraceComponent@2893274b
      CLASS_NAME = "com.ibm.ws.anno.util.internal.UtilImpl_BidirectionalMap"
      hashText = "UtilImpl_BidirectionalMap@1179588655(EXTERNAL packages with annotations : annotations, enabled='true')"
      factory = class com.ibm.ws.anno.util.internal.UtilImpl_Factory@54818d27
      holderTag = "EXTERNAL packages with annotations"
      heldTag = "annotations"
      holderInternMap = class com.ibm.ws.anno.util.internal.UtilImpl_InternMap@21c8be09
      heldInternMap = class com.ibm.ws.anno.util.internal.UtilImpl_InternMap@21c8be09
      isEnabled = true
      i_holderToHeldMap = class java.util.IdentityHashMap@b2af4bb
      i_heldToHoldersMap = class java.util.IdentityHashMap@60bafd51
      serialVersionUID = -5120548021685902873
    classAnnotationData = class com.ibm.ws.anno.util.internal.UtilImpl_BidirectionalMap@31749635
      tc = class com.ibm.websphere.ras.TraceComponent@2893274b
      CLASS_NAME = "com.ibm.ws.anno.util.internal.UtilImpl_BidirectionalMap"
      hashText = "UtilImpl_BidirectionalMap@1044448967(EXTERNAL class with annotations : annotations, enabled='true')"
      factory = class com.ibm.ws.anno.util.internal.UtilImpl_Factory@54818d27
      holderTag = "EXTERNAL class with annotations"
      heldTag = "annotations"
      holderInternMap = class com.ibm.ws.anno.util.internal.UtilImpl_InternMap@21c8be09
      heldInternMap = class com.ibm.ws.anno.util.internal.UtilImpl_InternMap@21c8be09
      isEnabled = true
      i_holderToHeldMap = class java.util.IdentityHashMap@18988d8a
      i_heldToHoldersMap = class java.util.IdentityHashMap@465897f7
      serialVersionUID = -5120548021685902873
    fieldAnnotationData = class com.ibm.ws.anno.util.internal.UtilImpl_BidirectionalMap@32e3fbb5
      tc = class com.ibm.websphere.ras.TraceComponent@2893274b
      CLASS_NAME = "com.ibm.ws.anno.util.internal.UtilImpl_BidirectionalMap"
      hashText = "UtilImpl_BidirectionalMap@572012152(EXTERNAL class with field annotations : annotations, enabled='true')"
      factory = class com.ibm.ws.anno.util.internal.UtilImpl_Factory@54818d27
      holderTag = "EXTERNAL class with field annotations"
      heldTag = "annotations"
      holderInternMap = class com.ibm.ws.anno.util.internal.UtilImpl_InternMap@21c8be09
      heldInternMap = class com.ibm.ws.anno.util.internal.UtilImpl_InternMap@21c8be09
      isEnabled = true
      i_holderToHeldMap = class java.util.IdentityHashMap@6fe0836c
      i_heldToHoldersMap = class java.util.IdentityHashMap@445fc8b4
      serialVersionUID = -5120548021685902873
    methodAnnotationData = class com.ibm.ws.anno.util.internal.UtilImpl_BidirectionalMap@76b3467a
      tc = class com.ibm.websphere.ras.TraceComponent@2893274b
      CLASS_NAME = "com.ibm.ws.anno.util.internal.UtilImpl_BidirectionalMap"
      hashText = "UtilImpl_BidirectionalMap@329492400(EXTERNAL class with method annotations : annotations, enabled='true')"
      factory = class com.ibm.ws.anno.util.internal.UtilImpl_Factory@54818d27
      holderTag = "EXTERNAL class with method annotations"
      heldTag = "annotations"
      holderInternMap = class com.ibm.ws.anno.util.internal.UtilImpl_InternMap@21c8be09
      heldInternMap = class com.ibm.ws.anno.util.internal.UtilImpl_InternMap@21c8be09
      isEnabled = true
      i_holderToHeldMap = class java.util.IdentityHashMap@7241af12
      i_heldToHoldersMap = class java.util.IdentityHashMap@2ee9980d
      serialVersionUID = -5120548021685902873
    serialVersionUID = -5030791898751345539
    $$$tc$$$ = class com.ibm.websphere.ras.TraceComponent@13044308
  serialVersionUID = -3049218285772143434

Dump of objectArray[0]
Object type = java.lang.String
  String value = "WEB-INF/lib/javax.json-api-1.1.jar"

Dump of objectArray[1]
Object type = java.lang.String
  String value = "module-info"

Dump of objectArray[2]
Object type = com.ibm.ws.artifact.zip.internal.ZipFileEntry$1
  isClosed = false
  val$zfh = class com.ibm.ws.artifact.zip.cache.internal.ZipFileHandleImpl@434d0909
    tc = class com.ibm.websphere.ras.TraceComponent@1be20f7c
      strings[0] = "TraceComponent[com.ibm.ws.artifact.zip.cache.internal.ZipFileHandleImpl,class com.ibm.ws.artifact.zip.cache.internal.ZipFileHandleImpl,[archive.artifact],,null]"
    path = "/Users/Jai/Library/Mobile Documents/com~apple~CloudDocs/Datos I/TEC Messenger/org.tec.datos1.messenger.webapi/WebContent/WEB-INF/lib/javax.json-api-1.1.jar"
    file = class java.io.File@395f5dfe
      fs = class java.io.UnixFileSystem@2a98b548
      path = "/Users/Jai/Library/Mobile Documents/com~apple~CloudDocs/Datos I/TEC Messenger/org.tec.datos1.messenger.webapi/WebContent/WEB-INF/lib/javax.json-api-1.1.jar"
      status = class java.io.File$PathStatus@1469908b
      prefixLength = 1
      separatorChar = /
      separator = "/"
      pathSeparatorChar = :
      pathSeparator = ":"
      PATH_OFFSET = 16
      PREFIX_LENGTH_OFFSET = 12
      UNSAFE = class sun.misc.Unsafe@29a16080
      serialVersionUID = 301077366599181567
      filePath = null
      $assertionsDisabled = true
    zipFile = class java.util.zip.ZipFile@77cbf260
    refs = 2
    MAX_CACHE_ENTRY_SIZE = 8192
    MAX_CACHE_ENTRIES = 16
    dataCache = class java.util.Collections$SynchronizedMap@407d443c
      serialVersionUID = 1978198479659022715
      m = class com.ibm.ws.artifact.zip.cache.internal.CacheHashMap@102c4d68
      mutex = class java.util.Collections$SynchronizedMap@407d443c
      keySet = null
      entrySet = null
      values = null
    serialVersionUID = 4311869427952196216
  this$0 = class com.ibm.ws.artifact.zip.internal.ZipFileEntry@309c0fb4
    tc = class com.ibm.websphere.ras.TraceComponent@3e5d16d5
      strings[0] = "TraceComponent[com.ibm.ws.artifact.zip.internal.ZipFileEntry,class com.ibm.ws.artifact.zip.internal.ZipFileEntry,[archive.artifact.zip],com.ibm.ws.artifact.zip.internal.resources.ZipArtifactMessages,null]"
    enclosingContainer = class com.ibm.ws.artifact.zip.internal.ZipFileContainer@53756a5a
      tc = class com.ibm.websphere.ras.TraceComponent@5a937eb4
      containerFactoryHolder = class com.ibm.ws.artifact.zip.internal.ZipFileContainerFactory@9d60c50
      parent = class com.ibm.ws.artifact.loose.internal.LooseContainer@64cd8b9a
      thisInParent = class com.ibm.ws.artifact.loose.internal.LooseEntry@5c91749c
      cacheLocks = class java.util.concurrent.ConcurrentHashMap@6082aa41
      archiveFile = class java.io.File@71099f91
      cacheDir = class java.io.File@67aa651d
      zipFileHandle = class com.ibm.ws.artifact.zip.cache.internal.ZipFileHandleImpl@434d0909
      isRoot = true
      allEntries = class java.util.TreeMap@3af097ff
      fastModeLock = class com.ibm.ws.artifact.zip.internal.ZipFileContainer$FastModeLock@6f33a329
      fastModeCount = 1
      artifactNotifier = class com.ibm.ws.artifact.zip.internal.ZipFileArtifactNotifier@38d10fc7
      serialVersionUID = -6615880763070944999
    zipEntry = class java.util.zip.ZipEntry@10067d67
      name = "module-info.class"
      xdostime = 1253225806
      mtime = null
      atime = null
      ctime = null
      crc = 249453486
      size = 267
      csize = 179
      method = 8
      flag = 2056
      extra = null
      comment = null
      STORED = 0
      DEFLATED = 8
      DOSTIME_BEFORE_1980 = 2162688
      UPPER_DOSTIME_BOUND = 4036608000000
    rootContainer = class com.ibm.ws.artifact.zip.internal.ZipFileContainer@53756a5a
    allEntries = class java.util.TreeMap@3af097ff
      comparator = class com.ibm.wsspi.kernel.service.utils.PathUtils$PathComparator@4df46a3e
      root = class java.util.TreeMap$Entry@79426c10
      size = 44
      modCount = 44
      entrySet = null
      navigableKeySet = null
      descendingMap = null
      UNBOUNDED = class java.lang.Object@b9aa2fa
      RED = false
      BLACK = true
      serialVersionUID = 919286545866124006
      keySet = null
      values = null
    name = "module-info.class"
    path = "/module-info.class"
    archiveFile = class java.io.File@71099f91
      fs = class java.io.UnixFileSystem@2a98b548
      path = "/Users/Jai/Library/Mobile Documents/com~apple~CloudDocs/Datos I/TEC Messenger/org.tec.datos1.messenger.webapi/WebContent/WEB-INF/lib/javax.json-api-1.1.jar"
      status = class java.io.File$PathStatus@1469908b
      prefixLength = 1
      separatorChar = /
      separator = "/"
      pathSeparatorChar = :
      pathSeparator = ":"
      PATH_OFFSET = 16
      PREFIX_LENGTH_OFFSET = 12
      UNSAFE = class sun.misc.Unsafe@29a16080
      serialVersionUID = 301077366599181567
      filePath = null
      $assertionsDisabled = true
    containerFactoryHolder = class com.ibm.ws.artifact.zip.internal.ZipFileContainerFactory@9d60c50
      tc = class com.ibm.websphere.ras.TraceComponent@4e304204
      containerFactory = class com.ibm.ws.artifact.internal.ArtifactContainerFactoryService@5c36375
      zipCachingService = class com.ibm.ws.artifact.zip.cache.internal.ZipCachingServiceImpl@777629a8
      ctx = class org.eclipse.osgi.internal.framework.BundleContextImpl@bdf3316
      classLoadingConfiguration = class com.ibm.ws.classloading.configuration.GlobalClassloadingConfiguration@4b2188e
      serialVersionUID = -1724155493620242578
    serialVersionUID = 3109383957899493457
  serialVersionUID = 1660468942746005464
  $$$tc$$$ = class com.ibm.websphere.ras.TraceComponent@51a84b17
    strings[0] = "TraceComponent[com.ibm.ws.artifact.zip.internal.ZipFileEntry$1,class com.ibm.ws.artifact.zip.internal.ZipFileEntry$1,[archive.artifact.zip],com.ibm.ws.artifact.zip.internal.resources.ZipArtifactMessages,null]"
  in = class java.util.zip.ZipFile$ZipFileInflaterInputStream@1d8ccc3f
    closeRequested = false
    eof = false
    zfin = class java.util.zip.ZipFile$ZipFileInputStream@3112ec70
      zfisCloseRequested = true
      jzentry = 0
      pos = 179
      rem = 0
      size = 267
      this$0 = class java.util.zip.ZipFile@77cbf260
      MAX_SKIP_BUFFER_SIZE = 2048
    this$0 = class java.util.zip.ZipFile@77cbf260
      jzfile = 140690836249520
      name = "/Users/Jai/Library/Mobile Documents/com~apple~CloudDocs/Datos I/TEC Messenger/org.tec.datos1.messenger.webapi/WebContent/WEB-INF/lib/javax.json-api-1.1.jar"
      total = 44
      locsig = true
      closeRequested = false
      STORED = 0
      DEFLATED = 8
      OPEN_READ = 1
      OPEN_DELETE = 4
      usemmap = true
      ensuretrailingslash = true
      zc = class java.util.zip.ZipCoder@18a196dd
      streams = class java.util.WeakHashMap@5edcd708
      inflaterCache = class java.util.ArrayDeque@4a3ed235
      JZENTRY_NAME = 0
      JZENTRY_EXTRA = 1
      JZENTRY_COMMENT = 2
    inf = class java.util.zip.Inflater@63e3cfb9
      zsRef = class java.util.zip.ZStreamRef@554e03bd
      buf = {85,78,75,14,-126,64,12,125,85,20,-63,31,8,59,111,96,2,-84,92,120,1,23,38,38,38,-98,96,-108,49,-127,0,99,64,-120,75,-49,-27,-62,3,120,40,-29,48,74,-60,54,105,95,95,-33,107,-6,124,-35,31,0,-106,112,116,-116,8,-26,94,-108,-7,-111,-81,-93,-124,19,-84,84,-124,101,-62,-67,40,59,9,63,102,21,35,-12,-73,-118,114,48,118,48,33,104,43,-113,51,23,83,23,-106,11,91,-57,-116,48,108,-103,8,70,109,-13,-29,66,100,13,62,-80,66,-98,54,107,124,13,62,-117,-55,111,8,-118,115,68,-80,-37,-60,37,-25,44,37,-52,-1,69,-63,70,-126,93,46,-86,40,-28,-7,13,32,52,-47,-111,89,-41,46,52,-39,23,-24,41,86,-66,46,85,-70,100,7,106,54,84,53,-65,30,-7,54,-16,6,0,0,0,0,0,0,0,0,0,0,0,0,0,0,0,0,0,0,0,0,0,0,0,0,0,0,0,0,0,0,0,0,0,0,0,0,0,0,0,0,0,0,0,0,0,0,0,0,0,0,0,0,0,0,0,0,0,0,0,0,0,0,0,0,0,0,0,0,0,0,0,0,0,0,0,0,0,0,0,0,0,0,0,0,0,0,0,0,0,0} /* array length = 269*/
      off = 179
      len = 0
      finished = true
      needDict = false
      bytesRead = 179
      bytesWritten = 267
      defaultBuf = {} /* array length = 0*/
      $assertionsDisabled = true
    buf = {85,78,75,14,-126,64,12,125,85,20,-63,31,8,59,111,96,2,-84,92,120,1,23,38,38,38,-98,96,-108,49,-127,0,99,64,-120,75,-49,-27,-62,3,120,40,-29,48,74,-60,54,105,95,95,-33,107,-6,124,-35,31,0,-106,112,116,-116,8,-26,94,-108,-7,-111,-81,-93,-124,19,-84,84,-124,101,-62,-67,40,59,9,63,102,21,35,-12,-73,-118,114,48,118,48,33,104,43,-113,51,23,83,23,-106,11,91,-57,-116,48,108,-103,8,70,109,-13,-29,66,100,13,62,-80,66,-98,54,107,124,13,62,-117,-55,111,8,-118,115,68,-80,-37,-60,37,-25,44,37,-52,-1,69,-63,70,-126,93,46,-86,40,-28,-7,13,32,52,-47,-111,89,-41,46,52,-39,23,-24,41,86,-66,46,85,-70,100,7,106,54,84,53,-65,30,-7,54,-16,6,0,0,0,0,0,0,0,0,0,0,0,0,0,0,0,0,0,0,0,0,0,0,0,0,0,0,0,0,0,0,0,0,0,0,0,0,0,0,0,0,0,0,0,0,0,0,0,0,0,0,0,0,0,0,0,0,0,0,0,0,0,0,0,0,0,0,0,0,0,0,0,0,0,0,0,0,0,0,0,0,0,0,0,0,0,0,0,0,0,0} /* array length = 269*/
    len = 179
    closed = false
    reachEOF = true
    usesDefaultInflater = false
    singleByteBuf = {0} /* array length = 1*/
    b = {0,0,0,0,0,0,0,0,0,0,0,0,0,0,0,0,0,0,0,0,0,0,0,0,0,0,0,0,0,0,0,0,0,0,0,0,0,0,0,0,0,0,0,0,0,0,0,0,0,0,0,0,0,0,0,0,0,0,0,0,0,0,0,0,0,0,0,0,0,0,0,0,0,0,0,0,0,0,0,0,0,0,0,0,0,0,0,0,0,0,0,0,0,0,0,0,0,0,0,0,0,0,0,0,0,0,0,0,0,0,0,0,0,0,0,0,0,0,0,0,0,0,0,0,0,0,0,0,0,0,0,0,0,0,0,0,0,0,0,0,0,0,0,0,0,0,0,0,0,0,0,0,0,0,0,0,0,0,0,0,0,0,0,0,0,0,0,0,0,0,0,0,0,0,0,0,0,0,0,0,0,0,0,0,0,0,0,0,0,0,0,0,0,0,0,0,0,0,0,0,0,0,0,0,0,0,0,0,0,0,0,0,0,0,0,0,0,0,0,0,0,0,0,0,0,0,0,0,0,0,0,0,0,0,0,0,0,0,0,0,0,0,0,0,0,0,0,0,0,0,0,0,0,0,0,0,0,0,0,0,0,0,0,0,0,0,0,0,0,0,0,0,0,0,0,0,0,0,0,0,0,0,0,0,0,0,0,0,0,0,0,0,0,0,0,0,0,0,0,0,0,0,0,0,0,0,0,0,0,0,0,0,0,0,0,0,0,0,0,0,0,0,0,0,0,0,0,0,0,0,0,0,0,0,0,0,0,0,0,0,0,0,0,0,0,0,0,0,0,0,0,0,0,0,0,0,0,0,0,0,0,0,0,0,0,0,0,0,0,0,0,0,0,0,0,0,0,0,0,0,0,0,0,0,0,0,0,0,0,0,0,0,0,0,0,0,0,0,0,0,0,0,0,0,0,0,0,0,0,0,0,0,0,0,0,0,0,0,0,0,0,0,0,0,0,0,0,0,0,0,0,0,0,0,0,0,0,0,0,0,0,0,0,0,0,0,0,0,0,0,0,0,0,0,0,0,0,0,0,0,0,0,0,0,0,0,0,0,0,0,0,0,0,0,0,0,0,0,0,0,0,0,0,0,0,0,0,0,0,0,0,0,0,0,0,0,0,0,0,0,0,0,0,0,0,0,0,0,0,0,0,0} /* array length = 512*/
    in = class java.util.zip.ZipFile$ZipFileInputStream@3112ec70
    MAX_SKIP_BUFFER_SIZE = 2048
  MAX_SKIP_BUFFER_SIZE = 2048

Dump of objectArray[3]
Object type = com.ibm.wsspi.anno.classsource.ClassSource_Aggregate$ScanPolicy
  SEED = class com.ibm.wsspi.anno.classsource.ClassSource_Aggregate$ScanPolicy@4c6e98f4
  PARTIAL = class com.ibm.wsspi.anno.classsource.ClassSource_Aggregate$ScanPolicy@4527321f
    SEED = class com.ibm.wsspi.anno.classsource.ClassSource_Aggregate$ScanPolicy@4c6e98f4
    PARTIAL = class com.ibm.wsspi.anno.classsource.ClassSource_Aggregate$ScanPolicy@4527321f
    EXCLUDED = class com.ibm.wsspi.anno.classsource.ClassSource_Aggregate$ScanPolicy@5ac52710
    EXTERNAL = class com.ibm.wsspi.anno.classsource.ClassSource_Aggregate$ScanPolicy@54aaf7d1
    value = 2
    ALL_EXCEPT_EXTERNAL = 7
    $VALUES = class com.ibm.wsspi.anno.classsource.ClassSource_Aggregate$ScanPolicy[4]
    $$$tc$$$ = class com.ibm.websphere.ras.TraceComponent@1c55b484
    name = "PARTIAL"
    ordinal = 1
  EXCLUDED = class com.ibm.wsspi.anno.classsource.ClassSource_Aggregate$ScanPolicy@5ac52710
    SEED = class com.ibm.wsspi.anno.classsource.ClassSource_Aggregate$ScanPolicy@4c6e98f4
    PARTIAL = class com.ibm.wsspi.anno.classsource.ClassSource_Aggregate$ScanPolicy@4527321f
    EXCLUDED = class com.ibm.wsspi.anno.classsource.ClassSource_Aggregate$ScanPolicy@5ac52710
    EXTERNAL = class com.ibm.wsspi.anno.classsource.ClassSource_Aggregate$ScanPolicy@54aaf7d1
    value = 4
    ALL_EXCEPT_EXTERNAL = 7
    $VALUES = class com.ibm.wsspi.anno.classsource.ClassSource_Aggregate$ScanPolicy[4]
    $$$tc$$$ = class com.ibm.websphere.ras.TraceComponent@1c55b484
    name = "EXCLUDED"
    ordinal = 2
  EXTERNAL = class com.ibm.wsspi.anno.classsource.ClassSource_Aggregate$ScanPolicy@54aaf7d1
    SEED = class com.ibm.wsspi.anno.classsource.ClassSource_Aggregate$ScanPolicy@4c6e98f4
    PARTIAL = class com.ibm.wsspi.anno.classsource.ClassSource_Aggregate$ScanPolicy@4527321f
    EXCLUDED = class com.ibm.wsspi.anno.classsource.ClassSource_Aggregate$ScanPolicy@5ac52710
    EXTERNAL = class com.ibm.wsspi.anno.classsource.ClassSource_Aggregate$ScanPolicy@54aaf7d1
    value = 8
    ALL_EXCEPT_EXTERNAL = 7
    $VALUES = class com.ibm.wsspi.anno.classsource.ClassSource_Aggregate$ScanPolicy[4]
    $$$tc$$$ = class com.ibm.websphere.ras.TraceComponent@1c55b484
    name = "EXTERNAL"
    ordinal = 3
  value = 1
  ALL_EXCEPT_EXTERNAL = 7
  $VALUES = class com.ibm.wsspi.anno.classsource.ClassSource_Aggregate$ScanPolicy[4]
    $VALUES[0] = class com.ibm.wsspi.anno.classsource.ClassSource_Aggregate$ScanPolicy@4c6e98f4
    $VALUES[1] = class com.ibm.wsspi.anno.classsource.ClassSource_Aggregate$ScanPolicy@4527321f
    $VALUES[2] = class com.ibm.wsspi.anno.classsource.ClassSource_Aggregate$ScanPolicy@5ac52710
    $VALUES[3] = class com.ibm.wsspi.anno.classsource.ClassSource_Aggregate$ScanPolicy@54aaf7d1
  $$$tc$$$ = class com.ibm.websphere.ras.TraceComponent@1c55b484
    strings[0] = "TraceComponent[com.ibm.wsspi.anno.classsource.ClassSource_Aggregate$ScanPolicy,class com.ibm.wsspi.anno.classsource.ClassSource_Aggregate$ScanPolicy,[com.ibm.ws.anno],com.ibm.ws.anno.resources.internal.AnnoMessages,null]"
  name = "SEED"
  ordinal = 0

