------Start of DE processing------ = [11/24/17 23:59:15:708 CST]
Exception = java.lang.IllegalArgumentException
Source = com.ibm.ws.anno.targets.internal.AnnotationTargetsImpl_Targets
probeid = 529
Stack Dump = java.lang.IllegalArgumentException
	at org.objectweb.asm.ClassReader.<init>(Unknown Source)
	at org.objectweb.asm.ClassReader.<init>(Unknown Source)
	at org.objectweb.asm.ClassReader.<init>(Unknown Source)
	at com.ibm.ws.anno.targets.internal.AnnotationTargetsImpl_Targets.scanClass(AnnotationTargetsImpl_Targets.java:495)
	at com.ibm.ws.anno.targets.internal.AnnotationTargetsImpl_Streamer.process(AnnotationTargetsImpl_Streamer.java:88)
	at com.ibm.ws.anno.classsource.internal.ClassSourceImpl_MappedContainer.process(ClassSourceImpl_MappedContainer.java:351)
	at com.ibm.ws.anno.classsource.internal.ClassSourceImpl_MappedContainer.scanClasses(ClassSourceImpl_MappedContainer.java:283)
	at com.ibm.ws.anno.classsource.internal.ClassSourceImpl_MappedContainer.scanClasses(ClassSourceImpl_MappedContainer.java:128)
	at com.ibm.ws.anno.classsource.internal.ClassSourceImpl_Aggregate.scanClasses(ClassSourceImpl_Aggregate.java:369)
	at com.ibm.ws.anno.targets.internal.AnnotationTargetsImpl_Scanner.scanClasses(AnnotationTargetsImpl_Scanner.java:254)
	at com.ibm.ws.anno.targets.internal.AnnotationTargetsImpl_Scanner.scanDirect(AnnotationTargetsImpl_Scanner.java:216)
	at com.ibm.ws.anno.targets.internal.AnnotationTargetsImpl_Targets.doScanDirectClasses(AnnotationTargetsImpl_Targets.java:379)
	at com.ibm.ws.anno.targets.internal.AnnotationTargetsImpl_Targets.scanDirectClasses(AnnotationTargetsImpl_Targets.java:348)
	at com.ibm.ws.anno.targets.internal.AnnotationTargetsImpl_Targets.selectAnnotatedTargets(AnnotationTargetsImpl_Targets.java:1746)
	at com.ibm.ws.anno.targets.internal.AnnotationTargetsImpl_Targets.getAnnotatedClasses(AnnotationTargetsImpl_Targets.java:913)
	at com.ibm.ws.anno.targets.internal.AnnotationTargetsImpl_Targets.getAnnotatedClasses(AnnotationTargetsImpl_Targets.java:983)
	at com.ibm.ws.container.service.annotations.internal.WebAnnotationsImpl$FragmentAnnotationsImpl.selectAnnotatedClasses(WebAnnotationsImpl.java:453)
	at com.ibm.ws.webcontainer.osgi.container.config.WebAppConfiguratorHelper.configureFromAnnotations(WebAppConfiguratorHelper.java:778)
	at com.ibm.ws.webcontainer.osgi.container.config.WebAppConfigurator.configure(WebAppConfigurator.java:414)
	at com.ibm.ws.webcontainer.osgi.container.config.WebAppConfigurationAdapter.adapt(WebAppConfigurationAdapter.java:115)
	at com.ibm.ws.webcontainer.osgi.container.config.WebAppConfigurationAdapter.adapt(WebAppConfigurationAdapter.java:43)
	at com.ibm.ws.adaptable.module.internal.AdapterFactoryServiceImpl.adapt(AdapterFactoryServiceImpl.java:192)
	at com.ibm.ws.adaptable.module.internal.AdaptableContainerImpl.adapt(AdaptableContainerImpl.java:170)
	at com.ibm.ws.webcontainer.osgi.WebContainer.createModuleMetaData(WebContainer.java:820)
	at com.ibm.ws.app.manager.module.internal.ModuleHandlerBase.createModuleMetaData(ModuleHandlerBase.java:63)
	at com.ibm.ws.app.manager.module.internal.SimpleDeployedAppInfoBase$ModuleContainerInfoBase.createModuleMetaData(SimpleDeployedAppInfoBase.java:168)
	at com.ibm.ws.app.manager.module.internal.DeployedAppInfoBase.preDeployApp(DeployedAppInfoBase.java:363)
	at com.ibm.ws.app.manager.module.internal.DeployedAppInfoBase.deployApp(DeployedAppInfoBase.java:402)
	at com.ibm.ws.app.manager.war.internal.WARApplicationHandlerImpl.install(WARApplicationHandlerImpl.java:65)
	at com.ibm.ws.app.manager.internal.statemachine.StartAction.execute(StartAction.java:140)
	at com.ibm.ws.app.manager.internal.statemachine.ApplicationStateMachineImpl.enterState(ApplicationStateMachineImpl.java:1258)
	at com.ibm.ws.app.manager.internal.statemachine.ApplicationStateMachineImpl.run(ApplicationStateMachineImpl.java:873)
	at java.util.concurrent.ThreadPoolExecutor.runWorker(ThreadPoolExecutor.java:1149)
	at java.util.concurrent.ThreadPoolExecutor$Worker.run(ThreadPoolExecutor.java:624)
	at java.lang.Thread.run(Thread.java:748)

Dump of callerThis
Object type = com.ibm.ws.anno.targets.internal.AnnotationTargetsImpl_Targets
  tc = class com.ibm.websphere.ras.TraceComponent@226a12d8
    strings[0] = "TraceComponent[com.ibm.ws.anno.targets.internal.AnnotationTargetsImpl_Targets,class com.ibm.ws.anno.targets.internal.AnnotationTargetsImpl_Targets,[com.ibm.ws.anno],com.ibm.ws.anno.resources.internal.AnnoMessages,null]"
  CLASS_NAME = "com.ibm.ws.anno.targets.internal.AnnotationTargetsImpl_Targets"
  hashText = "AnnotationTargetsImpl_Targets@1527872721"
  factory = class com.ibm.ws.anno.targets.internal.AnnotationTargetsImpl_Factory@402dce3a
    tc = class com.ibm.websphere.ras.TraceComponent@7d2ba95
      strings[0] = "TraceComponent[com.ibm.ws.anno.targets.internal.AnnotationTargetsImpl_Factory,class com.ibm.ws.anno.targets.internal.AnnotationTargetsImpl_Factory,[com.ibm.ws.anno],com.ibm.ws.anno.resources.internal.AnnoMessages,null]"
    CLASS_NAME = "com.ibm.ws.anno.targets.internal.AnnotationTargetsImpl_Factory"
    hashText = "AnnotationTargetsImpl_Factory@827144458"
    utilFactory = class com.ibm.ws.anno.util.internal.UtilImpl_Factory@353ed384
    serialVersionUID = 1959719964121563663
  classSourceInternMap = class com.ibm.ws.anno.util.internal.UtilImpl_InternMap@336310ab
    tc = class com.ibm.websphere.ras.TraceComponent@2418f01e
    CLASS_NAME = "com.ibm.ws.anno.util.internal.UtilImpl_InternMap"
    hashText = "UtilImpl_InternMap@1854305397(class sources)"
    DEFAULT_LOG_THRESHHOLD = 4096
    logThreshHold = 4096
    factory = class com.ibm.ws.anno.util.internal.UtilImpl_Factory@353ed384
    valueType = class com.ibm.wsspi.anno.util.Util_InternMap$ValueType@6f45e7ff
      VT_CLASS_RESOURCE = class com.ibm.wsspi.anno.util.Util_InternMap$ValueType@4e68395b
      VT_CLASS_REFERENCE = class com.ibm.wsspi.anno.util.Util_InternMap$ValueType@5c644be1
      VT_CLASS_NAME = class com.ibm.wsspi.anno.util.Util_InternMap$ValueType@3f6e7c23
      VT_FIELD_NAME = class com.ibm.wsspi.anno.util.Util_InternMap$ValueType@76c338c6
      VT_METHOD_NAME = class com.ibm.wsspi.anno.util.Util_InternMap$ValueType@5dadc6c7
      VT_OTHER = class com.ibm.wsspi.anno.util.Util_InternMap$ValueType@6f45e7ff
      $VALUES = class com.ibm.wsspi.anno.util.Util_InternMap$ValueType[6]
      $$$tc$$$ = class com.ibm.websphere.ras.TraceComponent@481b368c
      name = "VT_OTHER"
      ordinal = 5
    checkValues = false
    name = "class sources"
    internMap = class java.util.HashMap@23061150
      serialVersionUID = 362498820763181265
      DEFAULT_INITIAL_CAPACITY = 16
      MAXIMUM_CAPACITY = 1073741824
      DEFAULT_LOAD_FACTOR = 0.75
      TREEIFY_THRESHOLD = 8
      UNTREEIFY_THRESHOLD = 6
      MIN_TREEIFY_CAPACITY = 64
      table = class java.util.HashMap$Node[16]
      entrySet = null
      size = 2
      modCount = 2
      threshold = 12
      loadFactor = 0.75
      keySet = null
      values = null
    lastReportedLength = 0
    totalLength = 49
    serialVersionUID = -5461277679491511795
  rootClassSource = class com.ibm.ws.anno.classsource.internal.ClassSourceImpl_Aggregate@4a81a531
    CLASS_NAME = "com.ibm.ws.anno.classsource.internal.ClassSourceImpl_Aggregate"
    tc = class com.ibm.websphere.ras.TraceComponent@2e954d80
      strings[0] = "TraceComponent[com.ibm.ws.anno.classsource.internal.ClassSourceImpl_Aggregate,class com.ibm.ws.anno.classsource.internal.ClassSourceImpl_Aggregate,[com.ibm.ws.anno],com.ibm.ws.anno.resources.internal.AnnoMessages,null]"
    openCount = 2
    successfulOpens = class java.util.ArrayList@6a103672
      serialVersionUID = 8683452581122892189
      DEFAULT_CAPACITY = 10
      EMPTY_ELEMENTDATA = class java.lang.Object[0]
      DEFAULTCAPACITY_EMPTY_ELEMENTDATA = class java.lang.Object[0]
      elementData = class java.lang.Object[49]
      size = 34
      MAX_ARRAY_SIZE = 2147483639
      modCount = 34
      MAX_ARRAY_SIZE = 2147483639
    failedOpens = class java.util.HashSet@21746a09
      serialVersionUID = -5024744406713321676
      map = class java.util.HashMap@1c37e187
      PRESENT = class java.lang.Object@de1519a
      MAX_ARRAY_SIZE = 2147483639
    classSources = class java.util.ArrayList@402a7171
      serialVersionUID = 8683452581122892189
      DEFAULT_CAPACITY = 10
      EMPTY_ELEMENTDATA = class java.lang.Object[0]
      DEFAULTCAPACITY_EMPTY_ELEMENTDATA = class java.lang.Object[0]
      elementData = class java.lang.Object[49]
      size = 34
      MAX_ARRAY_SIZE = 2147483639
      modCount = 34
      MAX_ARRAY_SIZE = 2147483639
    classSourceNames = class java.util.HashMap@1e2f6c61
      serialVersionUID = 362498820763181265
      DEFAULT_INITIAL_CAPACITY = 16
      MAXIMUM_CAPACITY = 1073741824
      DEFAULT_LOAD_FACTOR = 0.75
      TREEIFY_THRESHOLD = 8
      UNTREEIFY_THRESHOLD = 6
      MIN_TREEIFY_CAPACITY = 64
      table = class java.util.HashMap$Node[64]
      entrySet = null
      size = 34
      modCount = 34
      threshold = 48
      loadFactor = 0.75
      keySet = null
      values = null
    seedClassSources = class java.util.HashSet@75677a70
      serialVersionUID = -5024744406713321676
      map = class java.util.HashMap@439a9ed4
      PRESENT = class java.lang.Object@de1519a
      MAX_ARRAY_SIZE = 2147483639
    partialClassSources = class java.util.HashSet@774172f7
      serialVersionUID = -5024744406713321676
      map = class java.util.HashMap@28905563
      PRESENT = class java.lang.Object@de1519a
      MAX_ARRAY_SIZE = 2147483639
    excludedClassSources = class java.util.HashSet@64732497
      serialVersionUID = -5024744406713321676
      map = class java.util.HashMap@c54f048
      PRESENT = class java.lang.Object@de1519a
      MAX_ARRAY_SIZE = 2147483639
    externalClassSources = class java.util.HashSet@1da101c
      serialVersionUID = -5024744406713321676
      map = class java.util.HashMap@6ecc2115
      PRESENT = class java.lang.Object@de1519a
      MAX_ARRAY_SIZE = 2147483639
    totalLookups = 0
    repeatLookups = 0
    i_lookupCounts = class java.util.IdentityHashMap@4f205ead
      DEFAULT_CAPACITY = 32
      MINIMUM_CAPACITY = 4
      MAXIMUM_CAPACITY = 536870912
      table = class java.lang.Object[64]
      size = 0
      modCount = 0
      NULL_KEY = class java.lang.Object@195090dc
      entrySet = null
      serialVersionUID = 8188218128353913216
      keySet = null
      values = null
    i_globalResults = class java.util.IdentityHashMap@338a4b74
      DEFAULT_CAPACITY = 32
      MINIMUM_CAPACITY = 4
      MAXIMUM_CAPACITY = 536870912
      table = class java.lang.Object[64]
      size = 0
      modCount = 0
      NULL_KEY = class java.lang.Object@195090dc
      entrySet = null
      serialVersionUID = 8188218128353913216
      keySet = null
      values = null
    i_failedLookups = class java.util.IdentityHashMap@4ea0860e
      DEFAULT_CAPACITY = 32
      MINIMUM_CAPACITY = 4
      MAXIMUM_CAPACITY = 536870912
      table = class java.lang.Object[64]
      size = 0
      modCount = 0
      NULL_KEY = class java.lang.Object@195090dc
      entrySet = null
      serialVersionUID = 8188218128353913216
      keySet = null
      values = null
    i_firstSuccesses = class java.util.IdentityHashMap@1f2b2536
      DEFAULT_CAPACITY = 32
      MINIMUM_CAPACITY = 4
      MAXIMUM_CAPACITY = 536870912
      table = class java.lang.Object[64]
      size = 0
      modCount = 0
      NULL_KEY = class java.lang.Object@195090dc
      entrySet = null
      serialVersionUID = 8188218128353913216
      keySet = null
      values = null
    serialVersionUID = -8573589362925818400
    tc = class com.ibm.websphere.ras.TraceComponent@3cd7b10f
      strings[0] = "TraceComponent[com.ibm.ws.anno.classsource.internal.ClassSourceImpl,class com.ibm.ws.anno.classsource.internal.ClassSourceImpl,[com.ibm.ws.anno],com.ibm.ws.anno.resources.internal.AnnoMessages,null]"
    CLASS_NAME = "com.ibm.ws.anno.classsource.internal.ClassSourceImpl"
    hashText = "ClassSourceImpl_Aggregate@1181466913(org.tec.datos1.messenger.webapi org.tec.datos1.messenger.webapi)"
    factory = class com.ibm.ws.anno.classsource.internal.ClassSourceImpl_Factory@3303f581
      CLASS_NAME = "com.ibm.ws.anno.classsource.internal.ClassSourceImpl_Factory"
      tc = class com.ibm.websphere.ras.TraceComponent@1a1362e2
      hashText = "ClassSourceImpl_Factory@866908427"
      utilFactory = class com.ibm.ws.anno.util.internal.UtilImpl_Factory@353ed384
      serialVersionUID = 1139799791871911911
    name = "org.tec.datos1.messenger.webapi org.tec.datos1.messenger.webapi"
    canonicalName = "org.tec.datos1.messenger.webapi org.tec.datos1.messenger.webapi"
    parentSource = null
    internMap = class com.ibm.ws.anno.util.internal.UtilImpl_InternMap@79d98519
      tc = class com.ibm.websphere.ras.TraceComponent@2418f01e
      CLASS_NAME = "com.ibm.ws.anno.util.internal.UtilImpl_InternMap"
      hashText = "UtilImpl_InternMap@900078919(classes and packages)"
      DEFAULT_LOG_THRESHHOLD = 4096
      logThreshHold = 4096
      factory = class com.ibm.ws.anno.util.internal.UtilImpl_Factory@353ed384
      valueType = class com.ibm.wsspi.anno.util.Util_InternMap$ValueType@3f6e7c23
      checkValues = false
      name = "classes and packages"
      internMap = class java.util.HashMap@25803364
      lastReportedLength = 0
      totalLength = 287
      serialVersionUID = -5461277679491511795
    scanCounts = class com.ibm.ws.anno.classsource.internal.ClassSourceImpl_ScanCounts@3f1d0d81
      results = {8,2,0,6,0,0,2,0,0,2} /* array length = 10*/
      serialVersionUID = -8917709647280336091
      $$$tc$$$ = class com.ibm.websphere.ras.TraceComponent@6560b05
    resourceExclusionCount = 0
    classExclusionCount = 0
    classInclusionCount = 0
    serialVersionUID = 283037046212447331
  directClassSourceCount = 33
  haveScannedDirectClasses = true
  externalClassSourceCount = 1
  haveScannedReferencedClasses = false
  classInternMap = class com.ibm.ws.anno.util.internal.UtilImpl_InternMap@2476a62
    tc = class com.ibm.websphere.ras.TraceComponent@2418f01e
      strings[0] = "TraceComponent[com.ibm.ws.anno.util.internal.UtilImpl_InternMap,class com.ibm.ws.anno.util.internal.UtilImpl_InternMap,[com.ibm.ws.anno],com.ibm.ws.anno.resources.internal.AnnoMessages,null]"
    CLASS_NAME = "com.ibm.ws.anno.util.internal.UtilImpl_InternMap"
    hashText = "UtilImpl_InternMap@1803884815(classes and package names)"
    DEFAULT_LOG_THRESHHOLD = 4096
    logThreshHold = 4096
    factory = class com.ibm.ws.anno.util.internal.UtilImpl_Factory@353ed384
    valueType = class com.ibm.wsspi.anno.util.Util_InternMap$ValueType@3f6e7c23
      VT_CLASS_RESOURCE = class com.ibm.wsspi.anno.util.Util_InternMap$ValueType@4e68395b
      VT_CLASS_REFERENCE = class com.ibm.wsspi.anno.util.Util_InternMap$ValueType@5c644be1
      VT_CLASS_NAME = class com.ibm.wsspi.anno.util.Util_InternMap$ValueType@3f6e7c23
      VT_FIELD_NAME = class com.ibm.wsspi.anno.util.Util_InternMap$ValueType@76c338c6
      VT_METHOD_NAME = class com.ibm.wsspi.anno.util.Util_InternMap$ValueType@5dadc6c7
      VT_OTHER = class com.ibm.wsspi.anno.util.Util_InternMap$ValueType@6f45e7ff
      $VALUES = class com.ibm.wsspi.anno.util.Util_InternMap$ValueType[6]
      $$$tc$$$ = class com.ibm.websphere.ras.TraceComponent@481b368c
      name = "VT_CLASS_NAME"
      ordinal = 2
    checkValues = false
    name = "classes and package names"
    internMap = class java.util.HashMap@5c81edc1
      serialVersionUID = 362498820763181265
      DEFAULT_INITIAL_CAPACITY = 16
      MAXIMUM_CAPACITY = 1073741824
      DEFAULT_LOAD_FACTOR = 0.75
      TREEIFY_THRESHOLD = 8
      UNTREEIFY_THRESHOLD = 6
      MIN_TREEIFY_CAPACITY = 64
      table = class java.util.HashMap$Node[16]
      entrySet = null
      size = 12
      modCount = 12
      threshold = 12
      loadFactor = 0.75
      keySet = null
      values = null
    lastReportedLength = 0
    totalLength = 379
    serialVersionUID = -5461277679491511795
  visitor = class com.ibm.ws.anno.targets.internal.AnnotationTargetsVisitor@597b0242
    tc = class com.ibm.websphere.ras.TraceComponent@9f4e4c7
      strings[0] = "TraceComponent[com.ibm.ws.anno.targets.internal.AnnotationTargetsVisitor,class com.ibm.ws.anno.targets.internal.AnnotationTargetsVisitor,[com.ibm.ws.anno],com.ibm.ws.anno.resources.internal.AnnoMessages,null]"
    CLASS_NAME = "com.ibm.ws.anno.targets.internal.AnnotationTargetsVisitor"
    PACKAGE_INFO_CLASS_NAME = "package-info"
    hashText = "AnnotationTargetsVisitor@201267949"
    annotationTargets = class com.ibm.ws.anno.targets.internal.AnnotationTargetsImpl_Targets@fcb6ddf
    isDetailEnabled = true
    i_classSourceName = "WEB-INF/lib/javax.json-api-1.1.jar"
    scanPolicy = class com.ibm.wsspi.anno.classsource.ClassSource_Aggregate$ScanPolicy@64b9d71d
    scanPolicyIsExternal = false
    externalName = "module-info"
    isClass = true
    i_className = "org.tec.datos1.messenger.webapi.resources.Auth"
    VISIT_ENDED_DETAIL = class com.ibm.ws.anno.targets.internal.AnnotationTargetsVisitor$VisitEnded@7d84f588
      serialVersionUID = 1
      endCase = class com.ibm.ws.anno.targets.internal.AnnotationTargetsVisitor$VisitEndCase@2f4552ef
      $$$tc$$$ = class com.ibm.websphere.ras.TraceComponent@72185088
      serialVersionUID = -7034897190745766939
      serialVersionUID = -3387516993124229948
      serialVersionUID = -3042686055658047285
      detailMessage = null
      UNASSIGNED_STACK = class java.lang.StackTraceElement[0]
      cause = class com.ibm.ws.anno.targets.internal.AnnotationTargetsVisitor$VisitEnded@7d84f588
      stackTrace = class java.lang.StackTraceElement[0]
      SUPPRESSED_SENTINEL = class java.util.Collections$UnmodifiableRandomAccessList@53b4f86c
      suppressedExceptions = class java.util.Collections$UnmodifiableRandomAccessList@53b4f86c
      NULL_CAUSE_MESSAGE = "Cannot suppress a null exception."
      SELF_SUPPRESSION_MESSAGE = "Self-suppression not permitted"
      CAUSE_CAPTION = "Caused by: "
      SUPPRESSED_CAPTION = "Suppressed: "
      EMPTY_THROWABLE_ARRAY = class java.lang.Throwable[0]
      $assertionsDisabled = true
    VISIT_ENDED_DUPLICATE_CLASS = class com.ibm.ws.anno.targets.internal.AnnotationTargetsVisitor$VisitEnded@16bdfda7
      serialVersionUID = 1
      endCase = class com.ibm.ws.anno.targets.internal.AnnotationTargetsVisitor$VisitEndCase@3516edfd
      $$$tc$$$ = class com.ibm.websphere.ras.TraceComponent@72185088
      serialVersionUID = -7034897190745766939
      serialVersionUID = -3387516993124229948
      serialVersionUID = -3042686055658047285
      detailMessage = null
      UNASSIGNED_STACK = class java.lang.StackTraceElement[0]
      cause = class com.ibm.ws.anno.targets.internal.AnnotationTargetsVisitor$VisitEnded@16bdfda7
      stackTrace = class java.lang.StackTraceElement[0]
      SUPPRESSED_SENTINEL = class java.util.Collections$UnmodifiableRandomAccessList@53b4f86c
      suppressedExceptions = class java.util.Collections$UnmodifiableRandomAccessList@53b4f86c
      NULL_CAUSE_MESSAGE = "Cannot suppress a null exception."
      SELF_SUPPRESSION_MESSAGE = "Self-suppression not permitted"
      CAUSE_CAPTION = "Caused by: "
      SUPPRESSED_CAPTION = "Suppressed: "
      EMPTY_THROWABLE_ARRAY = class java.lang.Throwable[0]
      $assertionsDisabled = true
    VISIT_ENDED_CLASS_MISMATCH = class com.ibm.ws.anno.targets.internal.AnnotationTargetsVisitor$VisitEnded@59cbc809
      serialVersionUID = 1
      endCase = class com.ibm.ws.anno.targets.internal.AnnotationTargetsVisitor$VisitEndCase@1930bf2c
      $$$tc$$$ = class com.ibm.websphere.ras.TraceComponent@72185088
      serialVersionUID = -7034897190745766939
      serialVersionUID = -3387516993124229948
      serialVersionUID = -3042686055658047285
      detailMessage = null
      UNASSIGNED_STACK = class java.lang.StackTraceElement[0]
      cause = class com.ibm.ws.anno.targets.internal.AnnotationTargetsVisitor$VisitEnded@59cbc809
      stackTrace = class java.lang.StackTraceElement[0]
      SUPPRESSED_SENTINEL = class java.util.Collections$UnmodifiableRandomAccessList@53b4f86c
      suppressedExceptions = class java.util.Collections$UnmodifiableRandomAccessList@53b4f86c
      NULL_CAUSE_MESSAGE = "Cannot suppress a null exception."
      SELF_SUPPRESSION_MESSAGE = "Self-suppression not permitted"
      CAUSE_CAPTION = "Caused by: "
      SUPPRESSED_CAPTION = "Suppressed: "
      EMPTY_THROWABLE_ARRAY = class java.lang.Throwable[0]
      $assertionsDisabled = true
    VISIT_ENDED_DUPLICATE_PACKAGE = class com.ibm.ws.anno.targets.internal.AnnotationTargetsVisitor$VisitEnded@37a27aee
      serialVersionUID = 1
      endCase = class com.ibm.ws.anno.targets.internal.AnnotationTargetsVisitor$VisitEndCase@67111c56
      $$$tc$$$ = class com.ibm.websphere.ras.TraceComponent@72185088
      serialVersionUID = -7034897190745766939
      serialVersionUID = -3387516993124229948
      serialVersionUID = -3042686055658047285
      detailMessage = null
      UNASSIGNED_STACK = class java.lang.StackTraceElement[0]
      cause = class com.ibm.ws.anno.targets.internal.AnnotationTargetsVisitor$VisitEnded@37a27aee
      stackTrace = class java.lang.StackTraceElement[0]
      SUPPRESSED_SENTINEL = class java.util.Collections$UnmodifiableRandomAccessList@53b4f86c
      suppressedExceptions = class java.util.Collections$UnmodifiableRandomAccessList@53b4f86c
      NULL_CAUSE_MESSAGE = "Cannot suppress a null exception."
      SELF_SUPPRESSION_MESSAGE = "Self-suppression not permitted"
      CAUSE_CAPTION = "Caused by: "
      SUPPRESSED_CAPTION = "Suppressed: "
      EMPTY_THROWABLE_ARRAY = class java.lang.Throwable[0]
      $assertionsDisabled = true
    VISIT_ENDED_PACKAGE_MISMATCH = class com.ibm.ws.anno.targets.internal.AnnotationTargetsVisitor$VisitEnded@6dd0f127
      serialVersionUID = 1
      endCase = class com.ibm.ws.anno.targets.internal.AnnotationTargetsVisitor$VisitEndCase@55f774df
      $$$tc$$$ = class com.ibm.websphere.ras.TraceComponent@72185088
      serialVersionUID = -7034897190745766939
      serialVersionUID = -3387516993124229948
      serialVersionUID = -3042686055658047285
      detailMessage = null
      UNASSIGNED_STACK = class java.lang.StackTraceElement[0]
      cause = class com.ibm.ws.anno.targets.internal.AnnotationTargetsVisitor$VisitEnded@6dd0f127
      stackTrace = class java.lang.StackTraceElement[0]
      SUPPRESSED_SENTINEL = class java.util.Collections$UnmodifiableRandomAccessList@53b4f86c
      suppressedExceptions = class java.util.Collections$UnmodifiableRandomAccessList@53b4f86c
      NULL_CAUSE_MESSAGE = "Cannot suppress a null exception."
      SELF_SUPPRESSION_MESSAGE = "Self-suppression not permitted"
      CAUSE_CAPTION = "Caused by: "
      SUPPRESSED_CAPTION = "Suppressed: "
      EMPTY_THROWABLE_ARRAY = class java.lang.Throwable[0]
      $assertionsDisabled = true
    fieldVisitor = class com.ibm.ws.anno.targets.internal.AnnotationTargetsVisitor$AnnoFieldVisitor@147979ff
      this$0 = class com.ibm.ws.anno.targets.internal.AnnotationTargetsVisitor@597b0242
      serialVersionUID = 6818029444933258753
      $$$tc$$$ = class com.ibm.websphere.ras.TraceComponent@67519530
      api = 327680
      fv = null
    methodVisitor = class com.ibm.ws.anno.targets.internal.AnnotationTargetsVisitor$AnnoMethodVisitor@13f570f9
      this$0 = class com.ibm.ws.anno.targets.internal.AnnotationTargetsVisitor@597b0242
      serialVersionUID = 2334231598451759950
      $$$tc$$$ = class com.ibm.websphere.ras.TraceComponent@7a1c7530
      api = 327680
      mv = null
    serialVersionUID = -3785108644137834388
    api = 327680
    cv = null
  i_unresolvedPackageNames = class java.util.IdentityHashMap@77895b49
    DEFAULT_CAPACITY = 32
    MINIMUM_CAPACITY = 4
    MAXIMUM_CAPACITY = 536870912
    table = class java.lang.Object[64]
      table[0] = null
      table[1] = null
      table[2] = null
      table[3] = null
      table[4] = null
      table[5] = null
      table[6] = null
      table[7] = null
      table[8] = null
      table[9] = null
      table[10] = null
      table[11] = null
      table[12] = null
      table[13] = null
      table[14] = null
      table[15] = null
      table[16] = null
      table[17] = null
      table[18] = null
      table[19] = null
      table[20] = null
      table[21] = null
      table[22] = null
      table[23] = null
      table[24] = null
      table[25] = null
      table[26] = null
      table[27] = null
      table[28] = null
      table[29] = null
      table[30] = null
      table[31] = null
      table[32] = null
      table[33] = null
      table[34] = null
      table[35] = null
      table[36] = null
      table[37] = null
      table[38] = null
      table[39] = null
      table[40] = null
      table[41] = null
      table[42] = null
      table[43] = null
      table[44] = null
      table[45] = null
      table[46] = null
      table[47] = null
      table[48] = null
      table[49] = null
      table[50] = null
      table[51] = null
      table[52] = null
      table[53] = null
      table[54] = null
      table[55] = null
      table[56] = null
      table[57] = null
      table[58] = null
      table[59] = null
      table[60] = null
      table[61] = null
      table[62] = null
      table[63] = null
    size = 0
    modCount = 0
    NULL_KEY = class java.lang.Object@195090dc
    entrySet = null
    serialVersionUID = 8188218128353913216
    keySet = null
    values = null
  i_scannedClassNames = class java.util.IdentityHashMap@5c44fb5b
    DEFAULT_CAPACITY = 32
    MINIMUM_CAPACITY = 4
    MAXIMUM_CAPACITY = 536870912
    table = class java.lang.Object[64]
      table[0] = "org.tec.datos1.messenger.communication.Message"
      table[1] = "org.tec.datos1.messenger.communication.Message"
      table[2] = null
      table[3] = null
      table[4] = null
      table[5] = null
      table[6] = null
      table[7] = null
      table[8] = null
      table[9] = null
      table[10] = null
      table[11] = null
      table[12] = null
      table[13] = null
      table[14] = null
      table[15] = null
      table[16] = null
      table[17] = null
      table[18] = "org.tec.datos1.messenger.estructures.NodoGrafo"
      table[19] = "org.tec.datos1.messenger.estructures.NodoGrafo"
      table[20] = null
      table[21] = null
      table[22] = null
      table[23] = null
      table[24] = null
      table[25] = null
      table[26] = null
      table[27] = null
      table[28] = null
      table[29] = null
      table[30] = null
      table[31] = null
      table[32] = null
      table[33] = null
      table[34] = null
      table[35] = null
      table[36] = null
      table[37] = null
      table[38] = null
      table[39] = null
      table[40] = null
      table[41] = null
      table[42] = null
      table[43] = null
      table[44] = null
      table[45] = null
      table[46] = "org.tec.datos1.messenger.estructures.Cola"
      table[47] = "org.tec.datos1.messenger.estructures.Cola"
      table[48] = null
      table[49] = null
      table[50] = null
      table[51] = null
      table[52] = null
      table[53] = null
      table[54] = "org.tec.datos1.messenger.estructures.Arco"
      table[55] = "org.tec.datos1.messenger.estructures.Arco"
      table[56] = "org.tec.datos1.messenger.webapi.resources.Auth"
      table[57] = "org.tec.datos1.messenger.webapi.resources.Auth"
      table[58] = null
      table[59] = null
      table[60] = "org.tec.datos1.messenger.webapi.resources.MessageHandler"
      table[61] = "org.tec.datos1.messenger.webapi.resources.MessageHandler"
      table[62] = null
      table[63] = null
    size = 6
    modCount = 6
    NULL_KEY = class java.lang.Object@195090dc
    entrySet = null
    serialVersionUID = 8188218128353913216
    keySet = null
    values = null
  i_referencedClassNames = class java.util.IdentityHashMap@65e99ecb
    DEFAULT_CAPACITY = 32
    MINIMUM_CAPACITY = 4
    MAXIMUM_CAPACITY = 536870912
    table = class java.lang.Object[64]
      table[0] = null
      table[1] = null
      table[2] = null
      table[3] = null
      table[4] = null
      table[5] = null
      table[6] = null
      table[7] = null
      table[8] = null
      table[9] = null
      table[10] = null
      table[11] = null
      table[12] = null
      table[13] = null
      table[14] = null
      table[15] = null
      table[16] = null
      table[17] = null
      table[18] = "javax.ws.rs.Consumes"
      table[19] = "javax.ws.rs.Consumes"
      table[20] = null
      table[21] = null
      table[22] = null
      table[23] = null
      table[24] = null
      table[25] = null
      table[26] = null
      table[27] = null
      table[28] = null
      table[29] = null
      table[30] = null
      table[31] = null
      table[32] = null
      table[33] = null
      table[34] = null
      table[35] = null
      table[36] = null
      table[37] = null
      table[38] = null
      table[39] = null
      table[40] = "javax.ws.rs.Produces"
      table[41] = "javax.ws.rs.Produces"
      table[42] = "javax.ws.rs.GET"
      table[43] = "javax.ws.rs.GET"
      table[44] = null
      table[45] = null
      table[46] = null
      table[47] = null
      table[48] = null
      table[49] = null
      table[50] = "java.lang.Object"
      table[51] = "java.lang.Object"
      table[52] = "javax.ws.rs.POST"
      table[53] = "javax.ws.rs.POST"
      table[54] = null
      table[55] = null
      table[56] = "javax.ws.rs.Path"
      table[57] = "javax.ws.rs.Path"
      table[58] = null
      table[59] = null
      table[60] = null
      table[61] = null
      table[62] = null
      table[63] = null
    size = 6
    modCount = 6
    NULL_KEY = class java.lang.Object@195090dc
    entrySet = null
    serialVersionUID = 8188218128353913216
    keySet = null
    values = null
  i_unresolvedClassNames = class java.util.IdentityHashMap@6481f926
    DEFAULT_CAPACITY = 32
    MINIMUM_CAPACITY = 4
    MAXIMUM_CAPACITY = 536870912
    table = class java.lang.Object[64]
      table[0] = null
      table[1] = null
      table[2] = null
      table[3] = null
      table[4] = null
      table[5] = null
      table[6] = null
      table[7] = null
      table[8] = null
      table[9] = null
      table[10] = null
      table[11] = null
      table[12] = null
      table[13] = null
      table[14] = null
      table[15] = null
      table[16] = null
      table[17] = null
      table[18] = null
      table[19] = null
      table[20] = null
      table[21] = null
      table[22] = null
      table[23] = null
      table[24] = null
      table[25] = null
      table[26] = null
      table[27] = null
      table[28] = null
      table[29] = null
      table[30] = null
      table[31] = null
      table[32] = null
      table[33] = null
      table[34] = null
      table[35] = null
      table[36] = null
      table[37] = null
      table[38] = null
      table[39] = null
      table[40] = null
      table[41] = null
      table[42] = null
      table[43] = null
      table[44] = null
      table[45] = null
      table[46] = null
      table[47] = null
      table[48] = null
      table[49] = null
      table[50] = null
      table[51] = null
      table[52] = null
      table[53] = null
      table[54] = null
      table[55] = null
      table[56] = null
      table[57] = null
      table[58] = null
      table[59] = null
      table[60] = null
      table[61] = null
      table[62] = null
      table[63] = null
    size = 0
    modCount = 0
    NULL_KEY = class java.lang.Object@195090dc
    entrySet = null
    serialVersionUID = 8188218128353913216
    keySet = null
    values = null
  classSourceClassData = class com.ibm.ws.anno.util.internal.UtilImpl_BidirectionalMap@59efa5ec
    tc = class com.ibm.websphere.ras.TraceComponent@659a6cf7
      strings[0] = "TraceComponent[com.ibm.ws.anno.util.internal.UtilImpl_BidirectionalMap,class com.ibm.ws.anno.util.internal.UtilImpl_BidirectionalMap,[com.ibm.ws.anno],com.ibm.ws.anno.resources.internal.AnnoMessages,null]"
    CLASS_NAME = "com.ibm.ws.anno.util.internal.UtilImpl_BidirectionalMap"
    hashText = "UtilImpl_BidirectionalMap@945986029(class source : class, enabled='true')"
    factory = class com.ibm.ws.anno.util.internal.UtilImpl_Factory@353ed384
      tc = class com.ibm.websphere.ras.TraceComponent@3ccbf297
      CLASS_NAME = "com.ibm.ws.anno.util.internal.UtilImpl_Factory"
      hashText = "UtilImpl_Factory@1116260525"
      serialVersionUID = -7802370278509421821
    holderTag = "class source"
    heldTag = "class"
    holderInternMap = class com.ibm.ws.anno.util.internal.UtilImpl_InternMap@336310ab
    heldInternMap = class com.ibm.ws.anno.util.internal.UtilImpl_InternMap@2476a62
    isEnabled = true
    i_holderToHeldMap = class java.util.IdentityHashMap@66e0adf8
      DEFAULT_CAPACITY = 32
      MINIMUM_CAPACITY = 4
      MAXIMUM_CAPACITY = 536870912
      table = class java.lang.Object[64]
      size = 1
      modCount = 1
      NULL_KEY = class java.lang.Object@195090dc
      entrySet = null
      serialVersionUID = 8188218128353913216
      keySet = null
      values = null
    i_heldToHoldersMap = class java.util.IdentityHashMap@51ebc850
      DEFAULT_CAPACITY = 32
      MINIMUM_CAPACITY = 4
      MAXIMUM_CAPACITY = 536870912
      table = class java.lang.Object[64]
      size = 6
      modCount = 6
      NULL_KEY = class java.lang.Object@195090dc
      entrySet = null
      serialVersionUID = 8188218128353913216
      keySet = null
      values = null
    serialVersionUID = -5120548021685902873
  i_superclassNameMap = class java.util.IdentityHashMap@220a03a9
    DEFAULT_CAPACITY = 32
    MINIMUM_CAPACITY = 4
    MAXIMUM_CAPACITY = 536870912
    table = class java.lang.Object[64]
      table[0] = "org.tec.datos1.messenger.communication.Message"
      table[1] = "java.lang.Object"
      table[2] = null
      table[3] = null
      table[4] = null
      table[5] = null
      table[6] = null
      table[7] = null
      table[8] = null
      table[9] = null
      table[10] = null
      table[11] = null
      table[12] = null
      table[13] = null
      table[14] = null
      table[15] = null
      table[16] = null
      table[17] = null
      table[18] = "org.tec.datos1.messenger.estructures.NodoGrafo"
      table[19] = "java.lang.Object"
      table[20] = null
      table[21] = null
      table[22] = null
      table[23] = null
      table[24] = null
      table[25] = null
      table[26] = null
      table[27] = null
      table[28] = null
      table[29] = null
      table[30] = null
      table[31] = null
      table[32] = null
      table[33] = null
      table[34] = null
      table[35] = null
      table[36] = null
      table[37] = null
      table[38] = null
      table[39] = null
      table[40] = null
      table[41] = null
      table[42] = null
      table[43] = null
      table[44] = null
      table[45] = null
      table[46] = "org.tec.datos1.messenger.estructures.Cola"
      table[47] = "java.lang.Object"
      table[48] = null
      table[49] = null
      table[50] = null
      table[51] = null
      table[52] = null
      table[53] = null
      table[54] = "org.tec.datos1.messenger.estructures.Arco"
      table[55] = "java.lang.Object"
      table[56] = "org.tec.datos1.messenger.webapi.resources.Auth"
      table[57] = "java.lang.Object"
      table[58] = null
      table[59] = null
      table[60] = "org.tec.datos1.messenger.webapi.resources.MessageHandler"
      table[61] = "java.lang.Object"
      table[62] = null
      table[63] = null
    size = 6
    modCount = 6
    NULL_KEY = class java.lang.Object@195090dc
    entrySet = null
    serialVersionUID = 8188218128353913216
    keySet = null
    values = null
  i_interfaceNameMap = class java.util.IdentityHashMap@bbccee5
    DEFAULT_CAPACITY = 32
    MINIMUM_CAPACITY = 4
    MAXIMUM_CAPACITY = 536870912
    table = class java.lang.Object[64]
      table[0] = null
      table[1] = null
      table[2] = null
      table[3] = null
      table[4] = null
      table[5] = null
      table[6] = null
      table[7] = null
      table[8] = null
      table[9] = null
      table[10] = null
      table[11] = null
      table[12] = null
      table[13] = null
      table[14] = null
      table[15] = null
      table[16] = null
      table[17] = null
      table[18] = null
      table[19] = null
      table[20] = null
      table[21] = null
      table[22] = null
      table[23] = null
      table[24] = null
      table[25] = null
      table[26] = null
      table[27] = null
      table[28] = null
      table[29] = null
      table[30] = null
      table[31] = null
      table[32] = null
      table[33] = null
      table[34] = null
      table[35] = null
      table[36] = null
      table[37] = null
      table[38] = null
      table[39] = null
      table[40] = null
      table[41] = null
      table[42] = null
      table[43] = null
      table[44] = null
      table[45] = null
      table[46] = null
      table[47] = null
      table[48] = null
      table[49] = null
      table[50] = null
      table[51] = null
      table[52] = null
      table[53] = null
      table[54] = null
      table[55] = null
      table[56] = null
      table[57] = null
      table[58] = null
      table[59] = null
      table[60] = null
      table[61] = null
      table[62] = null
      table[63] = null
    size = 0
    modCount = 0
    NULL_KEY = class java.lang.Object@195090dc
    entrySet = null
    serialVersionUID = 8188218128353913216
    keySet = null
    values = null
  i_allImplementersMap = null
  i_descendantsMap = null
  isDetailEnabled = true
  seedData = class com.ibm.ws.anno.targets.internal.AnnotationTargetsImpl_PolicyData@601f4e7d
    targets = class com.ibm.ws.anno.targets.internal.AnnotationTargetsImpl_Targets@fcb6ddf
    scanPolicy = class com.ibm.wsspi.anno.classsource.ClassSource_Aggregate$ScanPolicy@64b9d71d
      SEED = class com.ibm.wsspi.anno.classsource.ClassSource_Aggregate$ScanPolicy@64b9d71d
      PARTIAL = class com.ibm.wsspi.anno.classsource.ClassSource_Aggregate$ScanPolicy@70ba1f14
      EXCLUDED = class com.ibm.wsspi.anno.classsource.ClassSource_Aggregate$ScanPolicy@331bedc
      EXTERNAL = class com.ibm.wsspi.anno.classsource.ClassSource_Aggregate$ScanPolicy@734886bf
      value = 1
      ALL_EXCEPT_EXTERNAL = 7
      $VALUES = class com.ibm.wsspi.anno.classsource.ClassSource_Aggregate$ScanPolicy[4]
      $$$tc$$$ = class com.ibm.websphere.ras.TraceComponent@60d7f68a
      name = "SEED"
      ordinal = 0
    i_classNames = class java.util.IdentityHashMap@79727d26
      DEFAULT_CAPACITY = 32
      MINIMUM_CAPACITY = 4
      MAXIMUM_CAPACITY = 536870912
      table = class java.lang.Object[64]
      size = 6
      modCount = 6
      NULL_KEY = class java.lang.Object@195090dc
      entrySet = null
      serialVersionUID = 8188218128353913216
      keySet = null
      values = null
    packageAnnotationData = class com.ibm.ws.anno.util.internal.UtilImpl_BidirectionalMap@56cb5048
      tc = class com.ibm.websphere.ras.TraceComponent@659a6cf7
      CLASS_NAME = "com.ibm.ws.anno.util.internal.UtilImpl_BidirectionalMap"
      hashText = "UtilImpl_BidirectionalMap@563256963(SEED packages with annotations : annotations, enabled='true')"
      factory = class com.ibm.ws.anno.util.internal.UtilImpl_Factory@353ed384
      holderTag = "SEED packages with annotations"
      heldTag = "annotations"
      holderInternMap = class com.ibm.ws.anno.util.internal.UtilImpl_InternMap@2476a62
      heldInternMap = class com.ibm.ws.anno.util.internal.UtilImpl_InternMap@2476a62
      isEnabled = true
      i_holderToHeldMap = class java.util.IdentityHashMap@2d6c209b
      i_heldToHoldersMap = class java.util.IdentityHashMap@4c41aa9c
      serialVersionUID = -5120548021685902873
    classAnnotationData = class com.ibm.ws.anno.util.internal.UtilImpl_BidirectionalMap@598f302d
      tc = class com.ibm.websphere.ras.TraceComponent@659a6cf7
      CLASS_NAME = "com.ibm.ws.anno.util.internal.UtilImpl_BidirectionalMap"
      hashText = "UtilImpl_BidirectionalMap@1178007520(SEED class with annotations : annotations, enabled='true')"
      factory = class com.ibm.ws.anno.util.internal.UtilImpl_Factory@353ed384
      holderTag = "SEED class with annotations"
      heldTag = "annotations"
      holderInternMap = class com.ibm.ws.anno.util.internal.UtilImpl_InternMap@2476a62
      heldInternMap = class com.ibm.ws.anno.util.internal.UtilImpl_InternMap@2476a62
      isEnabled = true
      i_holderToHeldMap = class java.util.IdentityHashMap@3f946e86
      i_heldToHoldersMap = class java.util.IdentityHashMap@19ef2448
      serialVersionUID = -5120548021685902873
    fieldAnnotationData = class com.ibm.ws.anno.util.internal.UtilImpl_BidirectionalMap@7324153e
      tc = class com.ibm.websphere.ras.TraceComponent@659a6cf7
      CLASS_NAME = "com.ibm.ws.anno.util.internal.UtilImpl_BidirectionalMap"
      hashText = "UtilImpl_BidirectionalMap@981047558(SEED class with field annotations : annotations, enabled='true')"
      factory = class com.ibm.ws.anno.util.internal.UtilImpl_Factory@353ed384
      holderTag = "SEED class with field annotations"
      heldTag = "annotations"
      holderInternMap = class com.ibm.ws.anno.util.internal.UtilImpl_InternMap@2476a62
      heldInternMap = class com.ibm.ws.anno.util.internal.UtilImpl_InternMap@2476a62
      isEnabled = true
      i_holderToHeldMap = class java.util.IdentityHashMap@13553722
      i_heldToHoldersMap = class java.util.IdentityHashMap@122c19ef
      serialVersionUID = -5120548021685902873
    methodAnnotationData = class com.ibm.ws.anno.util.internal.UtilImpl_BidirectionalMap@1955cd31
      tc = class com.ibm.websphere.ras.TraceComponent@659a6cf7
      CLASS_NAME = "com.ibm.ws.anno.util.internal.UtilImpl_BidirectionalMap"
      hashText = "UtilImpl_BidirectionalMap@694206415(SEED class with method annotations : annotations, enabled='true')"
      factory = class com.ibm.ws.anno.util.internal.UtilImpl_Factory@353ed384
      holderTag = "SEED class with method annotations"
      heldTag = "annotations"
      holderInternMap = class com.ibm.ws.anno.util.internal.UtilImpl_InternMap@2476a62
      heldInternMap = class com.ibm.ws.anno.util.internal.UtilImpl_InternMap@2476a62
      isEnabled = true
      i_holderToHeldMap = class java.util.IdentityHashMap@fa82ba5
      i_heldToHoldersMap = class java.util.IdentityHashMap@1a72ee11
      serialVersionUID = -5120548021685902873
    serialVersionUID = -5030791898751345539
    $$$tc$$$ = class com.ibm.websphere.ras.TraceComponent@d93c32d
      strings[0] = "TraceComponent[com.ibm.ws.anno.targets.internal.AnnotationTargetsImpl_PolicyData,class com.ibm.ws.anno.targets.internal.AnnotationTargetsImpl_PolicyData,[com.ibm.ws.anno],com.ibm.ws.anno.resources.internal.AnnoMessages,null]"
  partialData = class com.ibm.ws.anno.targets.internal.AnnotationTargetsImpl_PolicyData@447b5757
    targets = class com.ibm.ws.anno.targets.internal.AnnotationTargetsImpl_Targets@fcb6ddf
    scanPolicy = class com.ibm.wsspi.anno.classsource.ClassSource_Aggregate$ScanPolicy@70ba1f14
      SEED = class com.ibm.wsspi.anno.classsource.ClassSource_Aggregate$ScanPolicy@64b9d71d
      PARTIAL = class com.ibm.wsspi.anno.classsource.ClassSource_Aggregate$ScanPolicy@70ba1f14
      EXCLUDED = class com.ibm.wsspi.anno.classsource.ClassSource_Aggregate$ScanPolicy@331bedc
      EXTERNAL = class com.ibm.wsspi.anno.classsource.ClassSource_Aggregate$ScanPolicy@734886bf
      value = 2
      ALL_EXCEPT_EXTERNAL = 7
      $VALUES = class com.ibm.wsspi.anno.classsource.ClassSource_Aggregate$ScanPolicy[4]
      $$$tc$$$ = class com.ibm.websphere.ras.TraceComponent@60d7f68a
      name = "PARTIAL"
      ordinal = 1
    i_classNames = class java.util.IdentityHashMap@765e4ff5
      DEFAULT_CAPACITY = 32
      MINIMUM_CAPACITY = 4
      MAXIMUM_CAPACITY = 536870912
      table = class java.lang.Object[64]
      size = 0
      modCount = 0
      NULL_KEY = class java.lang.Object@195090dc
      entrySet = null
      serialVersionUID = 8188218128353913216
      keySet = null
      values = null
    packageAnnotationData = class com.ibm.ws.anno.util.internal.UtilImpl_BidirectionalMap@36e424de
      tc = class com.ibm.websphere.ras.TraceComponent@659a6cf7
      CLASS_NAME = "com.ibm.ws.anno.util.internal.UtilImpl_BidirectionalMap"
      hashText = "UtilImpl_BidirectionalMap@473123558(PARTIAL packages with annotations : annotations, enabled='true')"
      factory = class com.ibm.ws.anno.util.internal.UtilImpl_Factory@353ed384
      holderTag = "PARTIAL packages with annotations"
      heldTag = "annotations"
      holderInternMap = class com.ibm.ws.anno.util.internal.UtilImpl_InternMap@2476a62
      heldInternMap = class com.ibm.ws.anno.util.internal.UtilImpl_InternMap@2476a62
      isEnabled = true
      i_holderToHeldMap = class java.util.IdentityHashMap@2c45fc2a
      i_heldToHoldersMap = class java.util.IdentityHashMap@43aff46c
      serialVersionUID = -5120548021685902873
    classAnnotationData = class com.ibm.ws.anno.util.internal.UtilImpl_BidirectionalMap@257b2fc3
      tc = class com.ibm.websphere.ras.TraceComponent@659a6cf7
      CLASS_NAME = "com.ibm.ws.anno.util.internal.UtilImpl_BidirectionalMap"
      hashText = "UtilImpl_BidirectionalMap@1833641847(PARTIAL class with annotations : annotations, enabled='true')"
      factory = class com.ibm.ws.anno.util.internal.UtilImpl_Factory@353ed384
      holderTag = "PARTIAL class with annotations"
      heldTag = "annotations"
      holderInternMap = class com.ibm.ws.anno.util.internal.UtilImpl_InternMap@2476a62
      heldInternMap = class com.ibm.ws.anno.util.internal.UtilImpl_InternMap@2476a62
      isEnabled = true
      i_holderToHeldMap = class java.util.IdentityHashMap@fa792c8
      i_heldToHoldersMap = class java.util.IdentityHashMap@25b6f512
      serialVersionUID = -5120548021685902873
    fieldAnnotationData = class com.ibm.ws.anno.util.internal.UtilImpl_BidirectionalMap@599c6c7
      tc = class com.ibm.websphere.ras.TraceComponent@659a6cf7
      CLASS_NAME = "com.ibm.ws.anno.util.internal.UtilImpl_BidirectionalMap"
      hashText = "UtilImpl_BidirectionalMap@453784177(PARTIAL class with field annotations : annotations, enabled='true')"
      factory = class com.ibm.ws.anno.util.internal.UtilImpl_Factory@353ed384
      holderTag = "PARTIAL class with field annotations"
      heldTag = "annotations"
      holderInternMap = class com.ibm.ws.anno.util.internal.UtilImpl_InternMap@2476a62
      heldInternMap = class com.ibm.ws.anno.util.internal.UtilImpl_InternMap@2476a62
      isEnabled = true
      i_holderToHeldMap = class java.util.IdentityHashMap@7032d319
      i_heldToHoldersMap = class java.util.IdentityHashMap@84752e5
      serialVersionUID = -5120548021685902873
    methodAnnotationData = class com.ibm.ws.anno.util.internal.UtilImpl_BidirectionalMap@13c0066
      tc = class com.ibm.websphere.ras.TraceComponent@659a6cf7
      CLASS_NAME = "com.ibm.ws.anno.util.internal.UtilImpl_BidirectionalMap"
      hashText = "UtilImpl_BidirectionalMap@926840856(PARTIAL class with method annotations : annotations, enabled='true')"
      factory = class com.ibm.ws.anno.util.internal.UtilImpl_Factory@353ed384
      holderTag = "PARTIAL class with method annotations"
      heldTag = "annotations"
      holderInternMap = class com.ibm.ws.anno.util.internal.UtilImpl_InternMap@2476a62
      heldInternMap = class com.ibm.ws.anno.util.internal.UtilImpl_InternMap@2476a62
      isEnabled = true
      i_holderToHeldMap = class java.util.IdentityHashMap@9f5ae78
      i_heldToHoldersMap = class java.util.IdentityHashMap@337c9163
      serialVersionUID = -5120548021685902873
    serialVersionUID = -5030791898751345539
    $$$tc$$$ = class com.ibm.websphere.ras.TraceComponent@d93c32d
  excludedData = class com.ibm.ws.anno.targets.internal.AnnotationTargetsImpl_PolicyData@369e033a
    targets = class com.ibm.ws.anno.targets.internal.AnnotationTargetsImpl_Targets@fcb6ddf
    scanPolicy = class com.ibm.wsspi.anno.classsource.ClassSource_Aggregate$ScanPolicy@331bedc
      SEED = class com.ibm.wsspi.anno.classsource.ClassSource_Aggregate$ScanPolicy@64b9d71d
      PARTIAL = class com.ibm.wsspi.anno.classsource.ClassSource_Aggregate$ScanPolicy@70ba1f14
      EXCLUDED = class com.ibm.wsspi.anno.classsource.ClassSource_Aggregate$ScanPolicy@331bedc
      EXTERNAL = class com.ibm.wsspi.anno.classsource.ClassSource_Aggregate$ScanPolicy@734886bf
      value = 4
      ALL_EXCEPT_EXTERNAL = 7
      $VALUES = class com.ibm.wsspi.anno.classsource.ClassSource_Aggregate$ScanPolicy[4]
      $$$tc$$$ = class com.ibm.websphere.ras.TraceComponent@60d7f68a
      name = "EXCLUDED"
      ordinal = 2
    i_classNames = class java.util.IdentityHashMap@605d5c2f
      DEFAULT_CAPACITY = 32
      MINIMUM_CAPACITY = 4
      MAXIMUM_CAPACITY = 536870912
      table = class java.lang.Object[64]
      size = 0
      modCount = 0
      NULL_KEY = class java.lang.Object@195090dc
      entrySet = null
      serialVersionUID = 8188218128353913216
      keySet = null
      values = null
    packageAnnotationData = class com.ibm.ws.anno.util.internal.UtilImpl_BidirectionalMap@6f7ba13c
      tc = class com.ibm.websphere.ras.TraceComponent@659a6cf7
      CLASS_NAME = "com.ibm.ws.anno.util.internal.UtilImpl_BidirectionalMap"
      hashText = "UtilImpl_BidirectionalMap@828137571(EXCLUDED packages with annotations : annotations, enabled='true')"
      factory = class com.ibm.ws.anno.util.internal.UtilImpl_Factory@353ed384
      holderTag = "EXCLUDED packages with annotations"
      heldTag = "annotations"
      holderInternMap = class com.ibm.ws.anno.util.internal.UtilImpl_InternMap@2476a62
      heldInternMap = class com.ibm.ws.anno.util.internal.UtilImpl_InternMap@2476a62
      isEnabled = true
      i_holderToHeldMap = class java.util.IdentityHashMap@72992a3f
      i_heldToHoldersMap = class java.util.IdentityHashMap@34b028ac
      serialVersionUID = -5120548021685902873
    classAnnotationData = class com.ibm.ws.anno.util.internal.UtilImpl_BidirectionalMap@28512e0d
      tc = class com.ibm.websphere.ras.TraceComponent@659a6cf7
      CLASS_NAME = "com.ibm.ws.anno.util.internal.UtilImpl_BidirectionalMap"
      hashText = "UtilImpl_BidirectionalMap@85494176(EXCLUDED class with annotations : annotations, enabled='true')"
      factory = class com.ibm.ws.anno.util.internal.UtilImpl_Factory@353ed384
      holderTag = "EXCLUDED class with annotations"
      heldTag = "annotations"
      holderInternMap = class com.ibm.ws.anno.util.internal.UtilImpl_InternMap@2476a62
      heldInternMap = class com.ibm.ws.anno.util.internal.UtilImpl_InternMap@2476a62
      isEnabled = true
      i_holderToHeldMap = class java.util.IdentityHashMap@3b05161
      i_heldToHoldersMap = class java.util.IdentityHashMap@2792b901
      serialVersionUID = -5120548021685902873
    fieldAnnotationData = class com.ibm.ws.anno.util.internal.UtilImpl_BidirectionalMap@2618a285
      tc = class com.ibm.websphere.ras.TraceComponent@659a6cf7
      CLASS_NAME = "com.ibm.ws.anno.util.internal.UtilImpl_BidirectionalMap"
      hashText = "UtilImpl_BidirectionalMap@2138942664(EXCLUDED class with field annotations : annotations, enabled='true')"
      factory = class com.ibm.ws.anno.util.internal.UtilImpl_Factory@353ed384
      holderTag = "EXCLUDED class with field annotations"
      heldTag = "annotations"
      holderInternMap = class com.ibm.ws.anno.util.internal.UtilImpl_InternMap@2476a62
      heldInternMap = class com.ibm.ws.anno.util.internal.UtilImpl_InternMap@2476a62
      isEnabled = true
      i_holderToHeldMap = class java.util.IdentityHashMap@65d860bc
      i_heldToHoldersMap = class java.util.IdentityHashMap@1749ee89
      serialVersionUID = -5120548021685902873
    methodAnnotationData = class com.ibm.ws.anno.util.internal.UtilImpl_BidirectionalMap@2cae3e4d
      tc = class com.ibm.websphere.ras.TraceComponent@659a6cf7
      CLASS_NAME = "com.ibm.ws.anno.util.internal.UtilImpl_BidirectionalMap"
      hashText = "UtilImpl_BidirectionalMap@994571655(EXCLUDED class with method annotations : annotations, enabled='true')"
      factory = class com.ibm.ws.anno.util.internal.UtilImpl_Factory@353ed384
      holderTag = "EXCLUDED class with method annotations"
      heldTag = "annotations"
      holderInternMap = class com.ibm.ws.anno.util.internal.UtilImpl_InternMap@2476a62
      heldInternMap = class com.ibm.ws.anno.util.internal.UtilImpl_InternMap@2476a62
      isEnabled = true
      i_holderToHeldMap = class java.util.IdentityHashMap@5d596d2a
      i_heldToHoldersMap = class java.util.IdentityHashMap@6fbbdc1e
      serialVersionUID = -5120548021685902873
    serialVersionUID = -5030791898751345539
    $$$tc$$$ = class com.ibm.websphere.ras.TraceComponent@d93c32d
  externalData = class com.ibm.ws.anno.targets.internal.AnnotationTargetsImpl_PolicyData@5bb838ea
    targets = class com.ibm.ws.anno.targets.internal.AnnotationTargetsImpl_Targets@fcb6ddf
    scanPolicy = class com.ibm.wsspi.anno.classsource.ClassSource_Aggregate$ScanPolicy@734886bf
      SEED = class com.ibm.wsspi.anno.classsource.ClassSource_Aggregate$ScanPolicy@64b9d71d
      PARTIAL = class com.ibm.wsspi.anno.classsource.ClassSource_Aggregate$ScanPolicy@70ba1f14
      EXCLUDED = class com.ibm.wsspi.anno.classsource.ClassSource_Aggregate$ScanPolicy@331bedc
      EXTERNAL = class com.ibm.wsspi.anno.classsource.ClassSource_Aggregate$ScanPolicy@734886bf
      value = 8
      ALL_EXCEPT_EXTERNAL = 7
      $VALUES = class com.ibm.wsspi.anno.classsource.ClassSource_Aggregate$ScanPolicy[4]
      $$$tc$$$ = class com.ibm.websphere.ras.TraceComponent@60d7f68a
      name = "EXTERNAL"
      ordinal = 3
    i_classNames = class java.util.IdentityHashMap@5f4bdaaa
      DEFAULT_CAPACITY = 32
      MINIMUM_CAPACITY = 4
      MAXIMUM_CAPACITY = 536870912
      table = class java.lang.Object[64]
      size = 0
      modCount = 0
      NULL_KEY = class java.lang.Object@195090dc
      entrySet = null
      serialVersionUID = 8188218128353913216
      keySet = null
      values = null
    packageAnnotationData = class com.ibm.ws.anno.util.internal.UtilImpl_BidirectionalMap@6a8f7d17
      tc = class com.ibm.websphere.ras.TraceComponent@659a6cf7
      CLASS_NAME = "com.ibm.ws.anno.util.internal.UtilImpl_BidirectionalMap"
      hashText = "UtilImpl_BidirectionalMap@1774900724(EXTERNAL packages with annotations : annotations, enabled='true')"
      factory = class com.ibm.ws.anno.util.internal.UtilImpl_Factory@353ed384
      holderTag = "EXTERNAL packages with annotations"
      heldTag = "annotations"
      holderInternMap = class com.ibm.ws.anno.util.internal.UtilImpl_InternMap@2476a62
      heldInternMap = class com.ibm.ws.anno.util.internal.UtilImpl_InternMap@2476a62
      isEnabled = true
      i_holderToHeldMap = class java.util.IdentityHashMap@3c48b3c
      i_heldToHoldersMap = class java.util.IdentityHashMap@14bfc9ae
      serialVersionUID = -5120548021685902873
    classAnnotationData = class com.ibm.ws.anno.util.internal.UtilImpl_BidirectionalMap@3d2914c2
      tc = class com.ibm.websphere.ras.TraceComponent@659a6cf7
      CLASS_NAME = "com.ibm.ws.anno.util.internal.UtilImpl_BidirectionalMap"
      hashText = "UtilImpl_BidirectionalMap@677254372(EXTERNAL class with annotations : annotations, enabled='true')"
      factory = class com.ibm.ws.anno.util.internal.UtilImpl_Factory@353ed384
      holderTag = "EXTERNAL class with annotations"
      heldTag = "annotations"
      holderInternMap = class com.ibm.ws.anno.util.internal.UtilImpl_InternMap@2476a62
      heldInternMap = class com.ibm.ws.anno.util.internal.UtilImpl_InternMap@2476a62
      isEnabled = true
      i_holderToHeldMap = class java.util.IdentityHashMap@3d3e96f0
      i_heldToHoldersMap = class java.util.IdentityHashMap@730577f1
      serialVersionUID = -5120548021685902873
    fieldAnnotationData = class com.ibm.ws.anno.util.internal.UtilImpl_BidirectionalMap@a6310a6
      tc = class com.ibm.websphere.ras.TraceComponent@659a6cf7
      CLASS_NAME = "com.ibm.ws.anno.util.internal.UtilImpl_BidirectionalMap"
      hashText = "UtilImpl_BidirectionalMap@978839243(EXTERNAL class with field annotations : annotations, enabled='true')"
      factory = class com.ibm.ws.anno.util.internal.UtilImpl_Factory@353ed384
      holderTag = "EXTERNAL class with field annotations"
      heldTag = "annotations"
      holderInternMap = class com.ibm.ws.anno.util.internal.UtilImpl_InternMap@2476a62
      heldInternMap = class com.ibm.ws.anno.util.internal.UtilImpl_InternMap@2476a62
      isEnabled = true
      i_holderToHeldMap = class java.util.IdentityHashMap@55b27ba3
      i_heldToHoldersMap = class java.util.IdentityHashMap@4a73202c
      serialVersionUID = -5120548021685902873
    methodAnnotationData = class com.ibm.ws.anno.util.internal.UtilImpl_BidirectionalMap@b7c05ca
      tc = class com.ibm.websphere.ras.TraceComponent@659a6cf7
      CLASS_NAME = "com.ibm.ws.anno.util.internal.UtilImpl_BidirectionalMap"
      hashText = "UtilImpl_BidirectionalMap@1052297163(EXTERNAL class with method annotations : annotations, enabled='true')"
      factory = class com.ibm.ws.anno.util.internal.UtilImpl_Factory@353ed384
      holderTag = "EXTERNAL class with method annotations"
      heldTag = "annotations"
      holderInternMap = class com.ibm.ws.anno.util.internal.UtilImpl_InternMap@2476a62
      heldInternMap = class com.ibm.ws.anno.util.internal.UtilImpl_InternMap@2476a62
      isEnabled = true
      i_holderToHeldMap = class java.util.IdentityHashMap@2922298
      i_heldToHoldersMap = class java.util.IdentityHashMap@51a34432
      serialVersionUID = -5120548021685902873
    serialVersionUID = -5030791898751345539
    $$$tc$$$ = class com.ibm.websphere.ras.TraceComponent@d93c32d
  serialVersionUID = -3049218285772143434

Dump of objectArray[0]
Object type = java.lang.String
  String value = "WEB-INF/lib/javax.json-api-1.1.jar"

Dump of objectArray[1]
Object type = java.lang.String
  String value = "module-info"

Dump of objectArray[2]
Object type = com.ibm.ws.artifact.zip.internal.ZipFileEntry$1
  isClosed = false
  val$zfh = class com.ibm.ws.artifact.zip.cache.internal.ZipFileHandleImpl@7a932bc
    tc = class com.ibm.websphere.ras.TraceComponent@26110e96
      strings[0] = "TraceComponent[com.ibm.ws.artifact.zip.cache.internal.ZipFileHandleImpl,class com.ibm.ws.artifact.zip.cache.internal.ZipFileHandleImpl,[archive.artifact],,null]"
    path = "/Users/Jai/Library/Mobile Documents/com~apple~CloudDocs/Datos I/TEC Messenger/org.tec.datos1.messenger.webapi/WebContent/WEB-INF/lib/javax.json-api-1.1.jar"
    file = class java.io.File@5a7b0c02
      fs = class java.io.UnixFileSystem@4d70540d
      path = "/Users/Jai/Library/Mobile Documents/com~apple~CloudDocs/Datos I/TEC Messenger/org.tec.datos1.messenger.webapi/WebContent/WEB-INF/lib/javax.json-api-1.1.jar"
      status = class java.io.File$PathStatus@41ccb61e
      prefixLength = 1
      separatorChar = /
      separator = "/"
      pathSeparatorChar = :
      pathSeparator = ":"
      PATH_OFFSET = 16
      PREFIX_LENGTH_OFFSET = 12
      UNSAFE = class sun.misc.Unsafe@4355b939
      serialVersionUID = 301077366599181567
      filePath = null
      $assertionsDisabled = true
    zipFile = class java.util.zip.ZipFile@517f98c9
    refs = 2
    MAX_CACHE_ENTRY_SIZE = 8192
    MAX_CACHE_ENTRIES = 16
    dataCache = class java.util.Collections$SynchronizedMap@5f67cb8b
      serialVersionUID = 1978198479659022715
      m = class com.ibm.ws.artifact.zip.cache.internal.CacheHashMap@3a1d5140
      mutex = class java.util.Collections$SynchronizedMap@5f67cb8b
      keySet = null
      entrySet = null
      values = null
    serialVersionUID = 4311869427952196216
  this$0 = class com.ibm.ws.artifact.zip.internal.ZipFileEntry@136b157b
    tc = class com.ibm.websphere.ras.TraceComponent@57673597
      strings[0] = "TraceComponent[com.ibm.ws.artifact.zip.internal.ZipFileEntry,class com.ibm.ws.artifact.zip.internal.ZipFileEntry,[archive.artifact.zip],com.ibm.ws.artifact.zip.internal.resources.ZipArtifactMessages,null]"
    enclosingContainer = class com.ibm.ws.artifact.zip.internal.ZipFileContainer@7e7def9f
      tc = class com.ibm.websphere.ras.TraceComponent@58cce704
      containerFactoryHolder = class com.ibm.ws.artifact.zip.internal.ZipFileContainerFactory@113bd9e7
      parent = class com.ibm.ws.artifact.loose.internal.LooseContainer@6d10f13b
      thisInParent = class com.ibm.ws.artifact.loose.internal.LooseEntry@4948c6c1
      cacheLocks = class java.util.concurrent.ConcurrentHashMap@27ba22a0
      archiveFile = class java.io.File@2bcf6a
      cacheDir = class java.io.File@7d25324d
      zipFileHandle = class com.ibm.ws.artifact.zip.cache.internal.ZipFileHandleImpl@7a932bc
      isRoot = true
      allEntries = class java.util.TreeMap@2fb516e
      fastModeLock = class com.ibm.ws.artifact.zip.internal.ZipFileContainer$FastModeLock@17569dfb
      fastModeCount = 1
      artifactNotifier = class com.ibm.ws.artifact.zip.internal.ZipFileArtifactNotifier@18272f1e
      serialVersionUID = -6615880763070944999
    zipEntry = class java.util.zip.ZipEntry@59882f9b
      name = "module-info.class"
      xdostime = 1253225806
      mtime = null
      atime = null
      ctime = null
      crc = 249453486
      size = 267
      csize = 179
      method = 8
      flag = 2056
      extra = null
      comment = null
      STORED = 0
      DEFLATED = 8
      DOSTIME_BEFORE_1980 = 2162688
      UPPER_DOSTIME_BOUND = 4036608000000
    rootContainer = class com.ibm.ws.artifact.zip.internal.ZipFileContainer@7e7def9f
    allEntries = class java.util.TreeMap@2fb516e
      comparator = class com.ibm.wsspi.kernel.service.utils.PathUtils$PathComparator@7357efd9
      root = class java.util.TreeMap$Entry@57a1f14c
      size = 44
      modCount = 44
      entrySet = null
      navigableKeySet = null
      descendingMap = null
      UNBOUNDED = class java.lang.Object@2663813d
      RED = false
      BLACK = true
      serialVersionUID = 919286545866124006
      keySet = null
      values = null
    name = "module-info.class"
    path = "/module-info.class"
    archiveFile = class java.io.File@2bcf6a
      fs = class java.io.UnixFileSystem@4d70540d
      path = "/Users/Jai/Library/Mobile Documents/com~apple~CloudDocs/Datos I/TEC Messenger/org.tec.datos1.messenger.webapi/WebContent/WEB-INF/lib/javax.json-api-1.1.jar"
      status = class java.io.File$PathStatus@41ccb61e
      prefixLength = 1
      separatorChar = /
      separator = "/"
      pathSeparatorChar = :
      pathSeparator = ":"
      PATH_OFFSET = 16
      PREFIX_LENGTH_OFFSET = 12
      UNSAFE = class sun.misc.Unsafe@4355b939
      serialVersionUID = 301077366599181567
      filePath = null
      $assertionsDisabled = true
    containerFactoryHolder = class com.ibm.ws.artifact.zip.internal.ZipFileContainerFactory@113bd9e7
      tc = class com.ibm.websphere.ras.TraceComponent@3d4102e9
      containerFactory = class com.ibm.ws.artifact.internal.ArtifactContainerFactoryService@4e8b9c04
      zipCachingService = class com.ibm.ws.artifact.zip.cache.internal.ZipCachingServiceImpl@4e88f569
      ctx = class org.eclipse.osgi.internal.framework.BundleContextImpl@2329cf4f
      classLoadingConfiguration = class com.ibm.ws.classloading.configuration.GlobalClassloadingConfiguration@ba3e2d1
      serialVersionUID = -1724155493620242578
    serialVersionUID = 3109383957899493457
  serialVersionUID = 1660468942746005464
  $$$tc$$$ = class com.ibm.websphere.ras.TraceComponent@68f57ef7
    strings[0] = "TraceComponent[com.ibm.ws.artifact.zip.internal.ZipFileEntry$1,class com.ibm.ws.artifact.zip.internal.ZipFileEntry$1,[archive.artifact.zip],com.ibm.ws.artifact.zip.internal.resources.ZipArtifactMessages,null]"
  in = class java.util.zip.ZipFile$ZipFileInflaterInputStream@41561314
    closeRequested = false
    eof = false
    zfin = class java.util.zip.ZipFile$ZipFileInputStream@7dfcf339
      zfisCloseRequested = true
      jzentry = 0
      pos = 179
      rem = 0
      size = 267
      this$0 = class java.util.zip.ZipFile@517f98c9
      MAX_SKIP_BUFFER_SIZE = 2048
    this$0 = class java.util.zip.ZipFile@517f98c9
      jzfile = 140435486236080
      name = "/Users/Jai/Library/Mobile Documents/com~apple~CloudDocs/Datos I/TEC Messenger/org.tec.datos1.messenger.webapi/WebContent/WEB-INF/lib/javax.json-api-1.1.jar"
      total = 44
      locsig = true
      closeRequested = false
      STORED = 0
      DEFLATED = 8
      OPEN_READ = 1
      OPEN_DELETE = 4
      usemmap = true
      ensuretrailingslash = true
      zc = class java.util.zip.ZipCoder@48591b5f
      streams = class java.util.WeakHashMap@10aaa889
      inflaterCache = class java.util.ArrayDeque@2a7ab9c8
      JZENTRY_NAME = 0
      JZENTRY_EXTRA = 1
      JZENTRY_COMMENT = 2
    inf = class java.util.zip.Inflater@404a49fb
      zsRef = class java.util.zip.ZStreamRef@3879395c
      buf = {85,78,75,14,-126,64,12,125,85,20,-63,31,8,59,111,96,2,-84,92,120,1,23,38,38,38,-98,96,-108,49,-127,0,99,64,-120,75,-49,-27,-62,3,120,40,-29,48,74,-60,54,105,95,95,-33,107,-6,124,-35,31,0,-106,112,116,-116,8,-26,94,-108,-7,-111,-81,-93,-124,19,-84,84,-124,101,-62,-67,40,59,9,63,102,21,35,-12,-73,-118,114,48,118,48,33,104,43,-113,51,23,83,23,-106,11,91,-57,-116,48,108,-103,8,70,109,-13,-29,66,100,13,62,-80,66,-98,54,107,124,13,62,-117,-55,111,8,-118,115,68,-80,-37,-60,37,-25,44,37,-52,-1,69,-63,70,-126,93,46,-86,40,-28,-7,13,32,52,-47,-111,89,-41,46,52,-39,23,-24,41,86,-66,46,85,-70,100,7,106,54,84,53,-65,30,-7,54,-16,6,0,0,0,0,0,0,0,0,0,0,0,0,0,0,0,0,0,0,0,0,0,0,0,0,0,0,0,0,0,0,0,0,0,0,0,0,0,0,0,0,0,0,0,0,0,0,0,0,0,0,0,0,0,0,0,0,0,0,0,0,0,0,0,0,0,0,0,0,0,0,0,0,0,0,0,0,0,0,0,0,0,0,0,0,0,0,0,0,0,0} /* array length = 269*/
      off = 179
      len = 0
      finished = true
      needDict = false
      bytesRead = 179
      bytesWritten = 267
      defaultBuf = {} /* array length = 0*/
      $assertionsDisabled = true
    buf = {85,78,75,14,-126,64,12,125,85,20,-63,31,8,59,111,96,2,-84,92,120,1,23,38,38,38,-98,96,-108,49,-127,0,99,64,-120,75,-49,-27,-62,3,120,40,-29,48,74,-60,54,105,95,95,-33,107,-6,124,-35,31,0,-106,112,116,-116,8,-26,94,-108,-7,-111,-81,-93,-124,19,-84,84,-124,101,-62,-67,40,59,9,63,102,21,35,-12,-73,-118,114,48,118,48,33,104,43,-113,51,23,83,23,-106,11,91,-57,-116,48,108,-103,8,70,109,-13,-29,66,100,13,62,-80,66,-98,54,107,124,13,62,-117,-55,111,8,-118,115,68,-80,-37,-60,37,-25,44,37,-52,-1,69,-63,70,-126,93,46,-86,40,-28,-7,13,32,52,-47,-111,89,-41,46,52,-39,23,-24,41,86,-66,46,85,-70,100,7,106,54,84,53,-65,30,-7,54,-16,6,0,0,0,0,0,0,0,0,0,0,0,0,0,0,0,0,0,0,0,0,0,0,0,0,0,0,0,0,0,0,0,0,0,0,0,0,0,0,0,0,0,0,0,0,0,0,0,0,0,0,0,0,0,0,0,0,0,0,0,0,0,0,0,0,0,0,0,0,0,0,0,0,0,0,0,0,0,0,0,0,0,0,0,0,0,0,0,0,0,0} /* array length = 269*/
    len = 179
    closed = false
    reachEOF = true
    usesDefaultInflater = false
    singleByteBuf = {0} /* array length = 1*/
    b = {0,0,0,0,0,0,0,0,0,0,0,0,0,0,0,0,0,0,0,0,0,0,0,0,0,0,0,0,0,0,0,0,0,0,0,0,0,0,0,0,0,0,0,0,0,0,0,0,0,0,0,0,0,0,0,0,0,0,0,0,0,0,0,0,0,0,0,0,0,0,0,0,0,0,0,0,0,0,0,0,0,0,0,0,0,0,0,0,0,0,0,0,0,0,0,0,0,0,0,0,0,0,0,0,0,0,0,0,0,0,0,0,0,0,0,0,0,0,0,0,0,0,0,0,0,0,0,0,0,0,0,0,0,0,0,0,0,0,0,0,0,0,0,0,0,0,0,0,0,0,0,0,0,0,0,0,0,0,0,0,0,0,0,0,0,0,0,0,0,0,0,0,0,0,0,0,0,0,0,0,0,0,0,0,0,0,0,0,0,0,0,0,0,0,0,0,0,0,0,0,0,0,0,0,0,0,0,0,0,0,0,0,0,0,0,0,0,0,0,0,0,0,0,0,0,0,0,0,0,0,0,0,0,0,0,0,0,0,0,0,0,0,0,0,0,0,0,0,0,0,0,0,0,0,0,0,0,0,0,0,0,0,0,0,0,0,0,0,0,0,0,0,0,0,0,0,0,0,0,0,0,0,0,0,0,0,0,0,0,0,0,0,0,0,0,0,0,0,0,0,0,0,0,0,0,0,0,0,0,0,0,0,0,0,0,0,0,0,0,0,0,0,0,0,0,0,0,0,0,0,0,0,0,0,0,0,0,0,0,0,0,0,0,0,0,0,0,0,0,0,0,0,0,0,0,0,0,0,0,0,0,0,0,0,0,0,0,0,0,0,0,0,0,0,0,0,0,0,0,0,0,0,0,0,0,0,0,0,0,0,0,0,0,0,0,0,0,0,0,0,0,0,0,0,0,0,0,0,0,0,0,0,0,0,0,0,0,0,0,0,0,0,0,0,0,0,0,0,0,0,0,0,0,0,0,0,0,0,0,0,0,0,0,0,0,0,0,0,0,0,0,0,0,0,0,0,0,0,0,0,0,0,0,0,0,0,0,0,0,0,0,0,0,0,0,0,0,0,0,0,0,0,0,0,0,0,0,0,0,0,0,0,0,0,0,0,0,0,0,0,0,0,0,0,0,0,0,0,0,0,0,0} /* array length = 512*/
    in = class java.util.zip.ZipFile$ZipFileInputStream@7dfcf339
    MAX_SKIP_BUFFER_SIZE = 2048
  MAX_SKIP_BUFFER_SIZE = 2048

Dump of objectArray[3]
Object type = com.ibm.wsspi.anno.classsource.ClassSource_Aggregate$ScanPolicy
  SEED = class com.ibm.wsspi.anno.classsource.ClassSource_Aggregate$ScanPolicy@64b9d71d
  PARTIAL = class com.ibm.wsspi.anno.classsource.ClassSource_Aggregate$ScanPolicy@70ba1f14
    SEED = class com.ibm.wsspi.anno.classsource.ClassSource_Aggregate$ScanPolicy@64b9d71d
    PARTIAL = class com.ibm.wsspi.anno.classsource.ClassSource_Aggregate$ScanPolicy@70ba1f14
    EXCLUDED = class com.ibm.wsspi.anno.classsource.ClassSource_Aggregate$ScanPolicy@331bedc
    EXTERNAL = class com.ibm.wsspi.anno.classsource.ClassSource_Aggregate$ScanPolicy@734886bf
    value = 2
    ALL_EXCEPT_EXTERNAL = 7
    $VALUES = class com.ibm.wsspi.anno.classsource.ClassSource_Aggregate$ScanPolicy[4]
    $$$tc$$$ = class com.ibm.websphere.ras.TraceComponent@60d7f68a
    name = "PARTIAL"
    ordinal = 1
  EXCLUDED = class com.ibm.wsspi.anno.classsource.ClassSource_Aggregate$ScanPolicy@331bedc
    SEED = class com.ibm.wsspi.anno.classsource.ClassSource_Aggregate$ScanPolicy@64b9d71d
    PARTIAL = class com.ibm.wsspi.anno.classsource.ClassSource_Aggregate$ScanPolicy@70ba1f14
    EXCLUDED = class com.ibm.wsspi.anno.classsource.ClassSource_Aggregate$ScanPolicy@331bedc
    EXTERNAL = class com.ibm.wsspi.anno.classsource.ClassSource_Aggregate$ScanPolicy@734886bf
    value = 4
    ALL_EXCEPT_EXTERNAL = 7
    $VALUES = class com.ibm.wsspi.anno.classsource.ClassSource_Aggregate$ScanPolicy[4]
    $$$tc$$$ = class com.ibm.websphere.ras.TraceComponent@60d7f68a
    name = "EXCLUDED"
    ordinal = 2
  EXTERNAL = class com.ibm.wsspi.anno.classsource.ClassSource_Aggregate$ScanPolicy@734886bf
    SEED = class com.ibm.wsspi.anno.classsource.ClassSource_Aggregate$ScanPolicy@64b9d71d
    PARTIAL = class com.ibm.wsspi.anno.classsource.ClassSource_Aggregate$ScanPolicy@70ba1f14
    EXCLUDED = class com.ibm.wsspi.anno.classsource.ClassSource_Aggregate$ScanPolicy@331bedc
    EXTERNAL = class com.ibm.wsspi.anno.classsource.ClassSource_Aggregate$ScanPolicy@734886bf
    value = 8
    ALL_EXCEPT_EXTERNAL = 7
    $VALUES = class com.ibm.wsspi.anno.classsource.ClassSource_Aggregate$ScanPolicy[4]
    $$$tc$$$ = class com.ibm.websphere.ras.TraceComponent@60d7f68a
    name = "EXTERNAL"
    ordinal = 3
  value = 1
  ALL_EXCEPT_EXTERNAL = 7
  $VALUES = class com.ibm.wsspi.anno.classsource.ClassSource_Aggregate$ScanPolicy[4]
    $VALUES[0] = class com.ibm.wsspi.anno.classsource.ClassSource_Aggregate$ScanPolicy@64b9d71d
    $VALUES[1] = class com.ibm.wsspi.anno.classsource.ClassSource_Aggregate$ScanPolicy@70ba1f14
    $VALUES[2] = class com.ibm.wsspi.anno.classsource.ClassSource_Aggregate$ScanPolicy@331bedc
    $VALUES[3] = class com.ibm.wsspi.anno.classsource.ClassSource_Aggregate$ScanPolicy@734886bf
  $$$tc$$$ = class com.ibm.websphere.ras.TraceComponent@60d7f68a
    strings[0] = "TraceComponent[com.ibm.wsspi.anno.classsource.ClassSource_Aggregate$ScanPolicy,class com.ibm.wsspi.anno.classsource.ClassSource_Aggregate$ScanPolicy,[com.ibm.ws.anno],com.ibm.ws.anno.resources.internal.AnnoMessages,null]"
  name = "SEED"
  ordinal = 0

