------Start of DE processing------ = [11/24/17 16:17:03:014 CST]
Exception = javax.servlet.ServletException
Source = com.ibm.ws.webcontainer.filter.WebAppFilterManager.invokeFilters
probeid = 1064
Stack Dump = javax.servlet.ServletException: javax.json.stream.JsonParsingException: Unexpected char 8,220 at (line no=1, column no=2, offset=1)
	at org.glassfish.jersey.servlet.WebComponent.serviceImpl(WebComponent.java:432)
	at org.glassfish.jersey.servlet.WebComponent.service(WebComponent.java:370)
	at org.glassfish.jersey.servlet.ServletContainer.service(ServletContainer.java:389)
	at org.glassfish.jersey.servlet.ServletContainer.service(ServletContainer.java:342)
	at org.glassfish.jersey.servlet.ServletContainer.service(ServletContainer.java:229)
	at com.ibm.ws.webcontainer.servlet.ServletWrapper.service(ServletWrapper.java:1255)
	at com.ibm.ws.webcontainer.servlet.ServletWrapper.handleRequest(ServletWrapper.java:743)
	at com.ibm.ws.webcontainer.servlet.ServletWrapper.handleRequest(ServletWrapper.java:440)
	at com.ibm.ws.webcontainer.filter.WebAppFilterManager.invokeFilters(WebAppFilterManager.java:1138)
	at com.ibm.ws.webcontainer.filter.WebAppFilterManager.invokeFilters(WebAppFilterManager.java:1004)
	at com.ibm.ws.webcontainer.servlet.CacheServletWrapper.handleRequest(CacheServletWrapper.java:76)
	at com.ibm.ws.webcontainer.WebContainer.handleRequest(WebContainer.java:921)
	at com.ibm.ws.webcontainer.osgi.DynamicVirtualHost$2.run(DynamicVirtualHost.java:281)
	at com.ibm.ws.http.dispatcher.internal.channel.HttpDispatcherLink$TaskWrapper.run(HttpDispatcherLink.java:960)
	at com.ibm.ws.http.dispatcher.internal.channel.HttpDispatcherLink.wrapHandlerAndExecute(HttpDispatcherLink.java:362)
	at com.ibm.ws.http.dispatcher.internal.channel.HttpDispatcherLink.ready(HttpDispatcherLink.java:321)
	at com.ibm.ws.http.channel.internal.inbound.HttpInboundLink.handleDiscrimination(HttpInboundLink.java:499)
	at com.ibm.ws.http.channel.internal.inbound.HttpInboundLink.handleNewRequest(HttpInboundLink.java:433)
	at com.ibm.ws.http.channel.internal.inbound.HttpInboundLink.processRequest(HttpInboundLink.java:313)
	at com.ibm.ws.http.channel.internal.inbound.HttpInboundLink.ready(HttpInboundLink.java:284)
	at com.ibm.ws.tcpchannel.internal.NewConnectionInitialReadCallback.sendToDiscriminators(NewConnectionInitialReadCallback.java:165)
	at com.ibm.ws.tcpchannel.internal.NewConnectionInitialReadCallback.complete(NewConnectionInitialReadCallback.java:74)
	at com.ibm.ws.tcpchannel.internal.WorkQueueManager.requestComplete(WorkQueueManager.java:503)
	at com.ibm.ws.tcpchannel.internal.WorkQueueManager.attemptIO(WorkQueueManager.java:573)
	at com.ibm.ws.tcpchannel.internal.WorkQueueManager.workerRun(WorkQueueManager.java:928)
	at com.ibm.ws.tcpchannel.internal.WorkQueueManager$Worker.run(WorkQueueManager.java:1017)
	at java.util.concurrent.ThreadPoolExecutor.runWorker(ThreadPoolExecutor.java:1149)
	at java.util.concurrent.ThreadPoolExecutor$Worker.run(ThreadPoolExecutor.java:624)
	at java.lang.Thread.run(Thread.java:748)
Caused by: javax.json.stream.JsonParsingException: Unexpected char 8,220 at (line no=1, column no=2, offset=1)
	at org.glassfish.json.JsonTokenizer.unexpectedChar(JsonTokenizer.java:532)
	at org.glassfish.json.JsonTokenizer.nextToken(JsonTokenizer.java:415)
	at org.glassfish.json.JsonParserImpl$ObjectContext.getNextEvent(JsonParserImpl.java:255)
	at org.glassfish.json.JsonParserImpl$StateIterator.next(JsonParserImpl.java:172)
	at org.glassfish.json.JsonParserImpl.next(JsonParserImpl.java:149)
	at org.eclipse.yasson.internal.JsonbRiParser.next(JsonbRiParser.java:140)
	at org.eclipse.yasson.internal.serializer.AbstractContainerDeserializer.deserializeInternal(AbstractContainerDeserializer.java:76)
	at org.eclipse.yasson.internal.serializer.AbstractContainerDeserializer.deserialize(AbstractContainerDeserializer.java:60)
	at org.eclipse.yasson.internal.Unmarshaller.deserializeItem(Unmarshaller.java:57)
	at org.eclipse.yasson.internal.Unmarshaller.deserialize(Unmarshaller.java:50)
	at org.eclipse.yasson.internal.JsonBinding.deserialize(JsonBinding.java:45)
	at org.eclipse.yasson.internal.JsonBinding.fromJson(JsonBinding.java:85)
	at org.glassfish.jersey.jsonb.internal.JsonBindingProvider.readFrom(JsonBindingProvider.java:99)
	at org.glassfish.jersey.message.internal.ReaderInterceptorExecutor$TerminalReaderInterceptor.invokeReadFrom(ReaderInterceptorExecutor.java:257)
	at org.glassfish.jersey.message.internal.ReaderInterceptorExecutor$TerminalReaderInterceptor.aroundReadFrom(ReaderInterceptorExecutor.java:236)
	at org.glassfish.jersey.message.internal.ReaderInterceptorExecutor.proceed(ReaderInterceptorExecutor.java:156)
	at org.glassfish.jersey.server.internal.MappableExceptionWrapperInterceptor.aroundReadFrom(MappableExceptionWrapperInterceptor.java:73)
	at org.glassfish.jersey.message.internal.ReaderInterceptorExecutor.proceed(ReaderInterceptorExecutor.java:156)
	at org.glassfish.jersey.message.internal.MessageBodyFactory.readFrom(MessageBodyFactory.java:1091)
	at org.glassfish.jersey.message.internal.InboundMessageContext.readEntity(InboundMessageContext.java:874)
	at org.glassfish.jersey.server.ContainerRequest.readEntity(ContainerRequest.java:271)
	at org.glassfish.jersey.server.internal.inject.EntityParamValueParamProvider$EntityValueSupplier.apply(EntityParamValueParamProvider.java:97)
	at org.glassfish.jersey.server.internal.inject.EntityParamValueParamProvider$EntityValueSupplier.apply(EntityParamValueParamProvider.java:80)
	at org.glassfish.jersey.server.spi.internal.ParamValueFactoryWithSource.apply(ParamValueFactoryWithSource.java:74)
	at org.glassfish.jersey.server.spi.internal.ParameterValueHelper.getParameterValues(ParameterValueHelper.java:92)
	at org.glassfish.jersey.server.model.internal.JavaResourceMethodDispatcherProvider$AbstractMethodParamInvoker.getParamValues(JavaResourceMethodDispatcherProvider.java:133)
	at org.glassfish.jersey.server.model.internal.JavaResourceMethodDispatcherProvider$ResponseOutInvoker.doDispatch(JavaResourceMethodDispatcherProvider.java:200)
	at org.glassfish.jersey.server.model.internal.AbstractJavaResourceMethodDispatcher.dispatch(AbstractJavaResourceMethodDispatcher.java:103)
	at org.glassfish.jersey.server.model.ResourceMethodInvoker.invoke(ResourceMethodInvoker.java:493)
	at org.glassfish.jersey.server.model.ResourceMethodInvoker.apply(ResourceMethodInvoker.java:415)
	at org.glassfish.jersey.server.model.ResourceMethodInvoker.apply(ResourceMethodInvoker.java:104)
	at org.glassfish.jersey.server.ServerRuntime$1.run(ServerRuntime.java:277)
	at org.glassfish.jersey.internal.Errors$1.call(Errors.java:272)
	at org.glassfish.jersey.internal.Errors$1.call(Errors.java:268)
	at org.glassfish.jersey.internal.Errors.process(Errors.java:316)
	at org.glassfish.jersey.internal.Errors.process(Errors.java:298)
	at org.glassfish.jersey.internal.Errors.process(Errors.java:268)
	at org.glassfish.jersey.process.internal.RequestScope.runInScope(RequestScope.java:289)
	at org.glassfish.jersey.server.ServerRuntime.process(ServerRuntime.java:256)
	at org.glassfish.jersey.server.ApplicationHandler.handle(ApplicationHandler.java:703)
	at org.glassfish.jersey.servlet.WebComponent.serviceImpl(WebComponent.java:416)
	... 28 more

Dump of callerThis
null
