------Start of DE processing------ = [11/26/17 20:18:50:959 CST]
Exception = javax.servlet.ServletException
Source = com.ibm.ws.webcontainer.filter.WebAppFilterManager.invokeFilters
probeid = 1064
Stack Dump = javax.servlet.ServletException: SRVE0207E: No se ha detectado la excepción de inicialización creada por el servlet
	at com.ibm.ws.webcontainer.servlet.ServletWrapper.init(ServletWrapper.java:366)
	at com.ibm.ws.webcontainer.servlet.ServletWrapper.handleRequest(ServletWrapper.java:598)
	at com.ibm.ws.webcontainer.servlet.ServletWrapper.handleRequest(ServletWrapper.java:440)
	at com.ibm.ws.webcontainer.filter.WebAppFilterManager.invokeFilters(WebAppFilterManager.java:1138)
	at com.ibm.ws.webcontainer.webapp.WebApp.handleRequest(WebApp.java:4938)
	at com.ibm.ws.webcontainer.osgi.DynamicVirtualHost$2.handleRequest(DynamicVirtualHost.java:316)
	at com.ibm.ws.webcontainer.WebContainer.handleRequest(WebContainer.java:990)
	at com.ibm.ws.webcontainer.osgi.DynamicVirtualHost$2.run(DynamicVirtualHost.java:281)
	at com.ibm.ws.http.dispatcher.internal.channel.HttpDispatcherLink$TaskWrapper.run(HttpDispatcherLink.java:960)
	at com.ibm.ws.http.dispatcher.internal.channel.HttpDispatcherLink.wrapHandlerAndExecute(HttpDispatcherLink.java:362)
	at com.ibm.ws.http.dispatcher.internal.channel.HttpDispatcherLink.ready(HttpDispatcherLink.java:321)
	at com.ibm.ws.http.channel.internal.inbound.HttpInboundLink.handleDiscrimination(HttpInboundLink.java:499)
	at com.ibm.ws.http.channel.internal.inbound.HttpInboundLink.handleNewRequest(HttpInboundLink.java:433)
	at com.ibm.ws.http.channel.internal.inbound.HttpInboundLink.processRequest(HttpInboundLink.java:313)
	at com.ibm.ws.http.channel.internal.inbound.HttpInboundLink.ready(HttpInboundLink.java:284)
	at com.ibm.ws.tcpchannel.internal.NewConnectionInitialReadCallback.sendToDiscriminators(NewConnectionInitialReadCallback.java:165)
	at com.ibm.ws.tcpchannel.internal.NewConnectionInitialReadCallback.complete(NewConnectionInitialReadCallback.java:74)
	at com.ibm.ws.tcpchannel.internal.WorkQueueManager.requestComplete(WorkQueueManager.java:503)
	at com.ibm.ws.tcpchannel.internal.WorkQueueManager.attemptIO(WorkQueueManager.java:573)
	at com.ibm.ws.tcpchannel.internal.WorkQueueManager.workerRun(WorkQueueManager.java:928)
	at com.ibm.ws.tcpchannel.internal.WorkQueueManager$Worker.run(WorkQueueManager.java:1017)
	at java.util.concurrent.ThreadPoolExecutor.runWorker(ThreadPoolExecutor.java:1149)
	at java.util.concurrent.ThreadPoolExecutor$Worker.run(ThreadPoolExecutor.java:624)
	at java.lang.Thread.run(Thread.java:748)
Caused by: org.glassfish.jersey.server.model.ModelValidationException: Validation of the application resource model has failed during application initialization.
[[FATAL] Method public java.io.File org.tec.datos1.messenger.webapi.resources.ImageHandler.returnImage(java.lang.String,java.lang.String) on resource class org.tec.datos1.messenger.webapi.resources.ImageHandler contains multiple parameters with no annotation. Unable to resolve the injection source.; source='ResourceMethod{httpMethod=GET, consumedTypes=[], producedTypes=[image/png], suspended=false, suspendTimeout=0, suspendTimeoutUnit=MILLISECONDS, invocable=Invocable{handler=ClassBasedMethodHandler{handlerClass=class org.tec.datos1.messenger.webapi.resources.ImageHandler, handlerConstructors=[org.glassfish.jersey.server.model.HandlerConstructor@2e348fb6]}, definitionMethod=public java.io.File org.tec.datos1.messenger.webapi.resources.ImageHandler.returnImage(java.lang.String,java.lang.String), parameters=[Parameter [type=class java.lang.String, source=null, defaultValue=null], Parameter [type=class java.lang.String, source=null, defaultValue=null]], responseType=class java.io.File}, nameBindings=[]}', [WARNING] A HTTP GET method, public java.io.File org.tec.datos1.messenger.webapi.resources.ImageHandler.returnImage(java.lang.String,java.lang.String), should not consume any entity.; source='ResourceMethod{httpMethod=GET, consumedTypes=[], producedTypes=[image/png], suspended=false, suspendTimeout=0, suspendTimeoutUnit=MILLISECONDS, invocable=Invocable{handler=ClassBasedMethodHandler{handlerClass=class org.tec.datos1.messenger.webapi.resources.ImageHandler, handlerConstructors=[org.glassfish.jersey.server.model.HandlerConstructor@2e348fb6]}, definitionMethod=public java.io.File org.tec.datos1.messenger.webapi.resources.ImageHandler.returnImage(java.lang.String,java.lang.String), parameters=[Parameter [type=class java.lang.String, source=null, defaultValue=null], Parameter [type=class java.lang.String, source=null, defaultValue=null]], responseType=class java.io.File}, nameBindings=[]}', [FATAL] No injection source found for a parameter of type public java.lang.String org.tec.datos1.messenger.webapi.resources.ImageHandler.uploadFile(java.io.InputStream,com.sun.jersey.core.header.FormDataContentDisposition) at index 0.; source='ResourceMethod{httpMethod=POST, consumedTypes=[multipart/form-data], producedTypes=[], suspended=false, suspendTimeout=0, suspendTimeoutUnit=MILLISECONDS, invocable=Invocable{handler=ClassBasedMethodHandler{handlerClass=class org.tec.datos1.messenger.webapi.resources.ImageHandler, handlerConstructors=[org.glassfish.jersey.server.model.HandlerConstructor@134f8ceb]}, definitionMethod=public java.lang.String org.tec.datos1.messenger.webapi.resources.ImageHandler.uploadFile(java.io.InputStream,com.sun.jersey.core.header.FormDataContentDisposition), parameters=[Parameter [type=class java.io.InputStream, source=File, defaultValue=null], Parameter [type=class com.sun.jersey.core.header.FormDataContentDisposition, source=File, defaultValue=null]], responseType=class java.lang.String}, nameBindings=[]}', [FATAL] No injection source found for a parameter of type public javax.ws.rs.core.Response org.tec.datos1.messenger.webapi.resources.MultiFileHandler.uploadFile(java.io.InputStream,com.sun.jersey.core.header.FormDataContentDisposition) at index 0.; source='ResourceMethod{httpMethod=POST, consumedTypes=[multipart/form-data], producedTypes=[], suspended=false, suspendTimeout=0, suspendTimeoutUnit=MILLISECONDS, invocable=Invocable{handler=ClassBasedMethodHandler{handlerClass=class org.tec.datos1.messenger.webapi.resources.MultiFileHandler, handlerConstructors=[org.glassfish.jersey.server.model.HandlerConstructor@3c1f47b7]}, definitionMethod=public javax.ws.rs.core.Response org.tec.datos1.messenger.webapi.resources.MultiFileHandler.uploadFile(java.io.InputStream,com.sun.jersey.core.header.FormDataContentDisposition), parameters=[Parameter [type=class java.io.InputStream, source=file, defaultValue=null], Parameter [type=class com.sun.jersey.core.header.FormDataContentDisposition, source=file, defaultValue=null]], responseType=class javax.ws.rs.core.Response}, nameBindings=[]}', [WARNING] A HTTP GET method, public javax.ws.rs.core.Response org.tec.datos1.messenger.webapi.resources.MessageHandler.getMessages(java.lang.String), should not consume any entity.; source='ResourceMethod{httpMethod=GET, consumedTypes=[], producedTypes=[application/json], suspended=false, suspendTimeout=0, suspendTimeoutUnit=MILLISECONDS, invocable=Invocable{handler=ClassBasedMethodHandler{handlerClass=class org.tec.datos1.messenger.webapi.resources.MessageHandler, handlerConstructors=[org.glassfish.jersey.server.model.HandlerConstructor@6f193a2f]}, definitionMethod=public javax.ws.rs.core.Response org.tec.datos1.messenger.webapi.resources.MessageHandler.getMessages(java.lang.String), parameters=[Parameter [type=class java.lang.String, source=null, defaultValue=null]], responseType=class javax.ws.rs.core.Response}, nameBindings=[]}']
	at org.glassfish.jersey.server.ApplicationHandler.initialize(ApplicationHandler.java:394)
	at org.glassfish.jersey.server.ApplicationHandler.lambda$initialize$1(ApplicationHandler.java:316)
	at org.glassfish.jersey.internal.Errors.process(Errors.java:316)
	at org.glassfish.jersey.internal.Errors.process(Errors.java:298)
	at org.glassfish.jersey.internal.Errors.processWithException(Errors.java:256)
	at org.glassfish.jersey.server.ApplicationHandler.initialize(ApplicationHandler.java:315)
	at org.glassfish.jersey.server.ApplicationHandler.<init>(ApplicationHandler.java:282)
	at org.glassfish.jersey.servlet.WebComponent.<init>(WebComponent.java:335)
	at org.glassfish.jersey.servlet.ServletContainer.init(ServletContainer.java:178)
	at org.glassfish.jersey.servlet.ServletContainer.init(ServletContainer.java:370)
	at javax.servlet.GenericServlet.init(GenericServlet.java:244)
	at com.ibm.ws.webcontainer.servlet.ServletWrapper.init(ServletWrapper.java:297)
	... 23 more

Dump of callerThis
null
