------Start of DE processing------ = [11/23/17 17:37:08:359 CST]
Exception = javax.servlet.ServletException
Source = com.ibm.ws.webcontainer.servlet.ServletWrapper.init
probeid = 172
Stack Dump = javax.servlet.ServletException: Resource configuration class org.tec.datos1.messenger.webapi.resources could not be loaded.
	at org.glassfish.jersey.servlet.WebComponent.createResourceConfig(WebComponent.java:544)
	at org.glassfish.jersey.servlet.WebComponent.<init>(WebComponent.java:299)
	at org.glassfish.jersey.servlet.ServletContainer.init(ServletContainer.java:178)
	at org.glassfish.jersey.servlet.ServletContainer.init(ServletContainer.java:370)
	at javax.servlet.GenericServlet.init(GenericServlet.java:244)
	at com.ibm.ws.webcontainer.servlet.ServletWrapper.init(ServletWrapper.java:297)
	at com.ibm.ws.webcontainer.servlet.ServletWrapper.handleRequest(ServletWrapper.java:598)
	at com.ibm.ws.webcontainer.servlet.ServletWrapper.handleRequest(ServletWrapper.java:440)
	at com.ibm.ws.webcontainer.filter.WebAppFilterManager.invokeFilters(WebAppFilterManager.java:1138)
	at com.ibm.ws.webcontainer.webapp.WebApp.handleRequest(WebApp.java:4938)
	at com.ibm.ws.webcontainer.osgi.DynamicVirtualHost$2.handleRequest(DynamicVirtualHost.java:316)
	at com.ibm.ws.webcontainer.WebContainer.handleRequest(WebContainer.java:990)
	at com.ibm.ws.webcontainer.osgi.DynamicVirtualHost$2.run(DynamicVirtualHost.java:281)
	at com.ibm.ws.http.dispatcher.internal.channel.HttpDispatcherLink$TaskWrapper.run(HttpDispatcherLink.java:960)
	at com.ibm.ws.http.dispatcher.internal.channel.HttpDispatcherLink.wrapHandlerAndExecute(HttpDispatcherLink.java:362)
	at com.ibm.ws.http.dispatcher.internal.channel.HttpDispatcherLink.ready(HttpDispatcherLink.java:321)
	at com.ibm.ws.http.channel.internal.inbound.HttpInboundLink.handleDiscrimination(HttpInboundLink.java:499)
	at com.ibm.ws.http.channel.internal.inbound.HttpInboundLink.handleNewRequest(HttpInboundLink.java:433)
	at com.ibm.ws.http.channel.internal.inbound.HttpInboundLink.processRequest(HttpInboundLink.java:313)
	at com.ibm.ws.http.channel.internal.inbound.HttpInboundLink.ready(HttpInboundLink.java:284)
	at com.ibm.ws.tcpchannel.internal.NewConnectionInitialReadCallback.sendToDiscriminators(NewConnectionInitialReadCallback.java:165)
	at com.ibm.ws.tcpchannel.internal.NewConnectionInitialReadCallback.complete(NewConnectionInitialReadCallback.java:74)
	at com.ibm.ws.tcpchannel.internal.WorkQueueManager.requestComplete(WorkQueueManager.java:503)
	at com.ibm.ws.tcpchannel.internal.WorkQueueManager.attemptIO(WorkQueueManager.java:573)
	at com.ibm.ws.tcpchannel.internal.WorkQueueManager.workerRun(WorkQueueManager.java:928)
	at com.ibm.ws.tcpchannel.internal.WorkQueueManager$Worker.run(WorkQueueManager.java:1017)
	at java.util.concurrent.ThreadPoolExecutor.runWorker(ThreadPoolExecutor.java:1149)
	at java.util.concurrent.ThreadPoolExecutor$Worker.run(ThreadPoolExecutor.java:624)
	at java.lang.Thread.run(Thread.java:748)
Caused by: java.lang.ClassNotFoundException: org.tec.datos1.messenger.webapi.resources
	at com.ibm.ws.classloading.internal.AppClassLoader.findClassCommonLibraryClassLoaders(AppClassLoader.java:504)
	at com.ibm.ws.classloading.internal.AppClassLoader.findClass(AppClassLoader.java:276)
	at java.lang.ClassLoader.loadClass(ClassLoader.java:424)
	at com.ibm.ws.classloading.internal.AppClassLoader.findOrDelegateLoadClass(AppClassLoader.java:482)
	at com.ibm.ws.classloading.internal.AppClassLoader.loadClass(AppClassLoader.java:443)
	at java.lang.ClassLoader.loadClass(ClassLoader.java:357)
	at java.lang.Class.forName0(Native Method)
	at java.lang.Class.forName(Class.java:264)
	at org.glassfish.jersey.internal.util.ReflectionHelper$7.run(ReflectionHelper.java:408)
	at org.glassfish.jersey.internal.util.ReflectionHelper$7.run(ReflectionHelper.java:398)
	at java.security.AccessController.doPrivileged(Native Method)
	at org.glassfish.jersey.servlet.WebComponent.createResourceConfig(WebComponent.java:531)
	... 28 more

Dump of callerThis
Object type = com.ibm.ws.webcontainer.osgi.servlet.ServletWrapper
  serialVersionUID = 1
  _mo = class com.ibm.ws.cdi.impl.managedobject.CDIManagedObject@7cab8fea
    tc = class com.ibm.websphere.ras.TraceComponent@3bf9e600
      strings[0] = "TraceComponent[com.ibm.ws.cdi.impl.managedobject.CDIManagedObject,class com.ibm.ws.cdi.impl.managedobject.CDIManagedObject,[JCDI],com.ibm.ws.cdi.impl.resources.CDI,null]"
    managedObject = class org.glassfish.jersey.servlet.ServletContainer@6306fc8c
    creationalContext = class org.jboss.weld.context.CreationalContextImpl@2420514b
      serialVersionUID = 7375854583908262422
      SERIALIZATION_PROXY = class org.jboss.weld.context.CreationalContextImpl$SerializationProxy@30520a58
      incompleteInstances = null
      contextual = null
      dependentInstances = class java.util.Collections$SynchronizedRandomAccessList@5bf6be40
      parentDependentInstances = class java.util.Collections$SynchronizedRandomAccessList@5dfd79f7
      parentCreationalContext = null
      resourceReferences = null
      constructorInterceptionSuppressed = false
      aroundConstructCallbacks = null
      aroundConstructInterceptionContext = null
    injectionTarget = class org.jboss.weld.injection.producer.BeanInjectionTarget@5c3ab8a0
      bean = null
      beanManager = class org.jboss.weld.manager.BeanManagerImpl@9989f70
      type = class org.jboss.weld.annotated.slim.backed.BackedAnnotatedType@3c42d41f
      injectionPoints = class java.util.Collections$UnmodifiableSet@1e89ad72
      instantiator = class org.jboss.weld.injection.producer.DefaultInstantiator@6c033edd
      injector = class org.jboss.weld.injection.producer.ResourceInjector@21ad4f32
      invoker = class org.jboss.weld.injection.producer.DefaultLifecycleCallbackInvoker@be59534
    lifecycleManaged = true
    beanScope = null
    identity = "org.glassfish.jersey.servlet.ServletContainer@6306fc8c"
    serialVersionUID = -9126917678523682896
  serialVersionUID = -4479626085298397598
  notifyInvocationListeners = false
  UNINITIALIZED_STATE = -1
  AVAILABLE_STATE = 0
  UNAVAILABLE_STATE = 1
  UNAVAILABLE_PERMANENTLY_STATE = 2
  collabHelper = class com.ibm.ws.webcontainer.osgi.collaborator.CollaboratorHelperImpl@3ba6f49d
    webAppInvCollabs = class java.util.Collections$UnmodifiableSet@3aeec252
      serialVersionUID = -9215047833775013803
      serialVersionUID = 1820017752578914078
      c = class java.util.concurrent.CopyOnWriteArraySet@2291721a
    securityDomainForApp = null
    logger = class com.ibm.ws.logging.internal.WsLogger@29e130ff
      tc = class com.ibm.websphere.ras.TraceComponent@8a53461
      ivCachedResourceBundleName = null
      ivCachedResourceBundle = null
      ivComponent = null
      ivOrganization = null
      ivProduct = null
      ivMinimumLocalizationLevelIntValue = 625
      ivTC = class com.ibm.websphere.ras.TraceComponent@70775b09
      loggerRegistrationComponent = class java.lang.ThreadLocal@aa7bee4
      emptyHandlers = class java.util.logging.Handler[0]
      offValue = 2147483647
      SYSTEM_LOGGER_RB_NAME = "sun.util.logging.resources.logging"
      SYSTEM_BUNDLE = class java.util.logging.Logger$LoggerBundle@24772604
      NO_RESOURCE_BUNDLE = class java.util.logging.Logger$LoggerBundle@62fb0f2a
      manager = class com.ibm.ws.kernel.boot.logging.WsLogManager@4823a0cb
      name = "com.ibm.ws.webcontainer.collaborator"
      handlers = class java.util.concurrent.CopyOnWriteArrayList@d17f086
      loggerBundle = class java.util.logging.Logger$LoggerBundle@583ae169
      useParentHandlers = true
      filter = null
      anonymous = false
      catalog = class com.ibm.ws.webcontainer.resources.Messages_es@473db9ff
      catalogName = "com.ibm.ws.webcontainer.resources.Messages"
      catalogLocale = class java.util.Locale@58a6e869
      treeLock = class java.lang.Object@d562e4e
      parent = class com.ibm.ws.logging.internal.WsLogger@5173098e
      kids = null
      levelObject = class java.util.logging.Level@4234962e
      levelValue = 800
      callersClassLoaderRef = class java.lang.ref.WeakReference@658e859f
      isSystemLogger = false
      GLOBAL_LOGGER_NAME = "global"
      global = class java.util.logging.Logger@3e339807
      $assertionsDisabled = true
    staticDefaultSecurityCollaborator = class com.ibm.ws.webcontainer.collaborator.WebAppSecurityCollaborator@7ac27dcd
    logger = class com.ibm.ws.logging.internal.WsLogger@3268bb43
      tc = class com.ibm.websphere.ras.TraceComponent@8a53461
      ivCachedResourceBundleName = null
      ivCachedResourceBundle = null
      ivComponent = null
      ivOrganization = null
      ivProduct = null
      ivMinimumLocalizationLevelIntValue = 625
      ivTC = class com.ibm.websphere.ras.TraceComponent@2c6c4b5a
      loggerRegistrationComponent = class java.lang.ThreadLocal@aa7bee4
      emptyHandlers = class java.util.logging.Handler[0]
      offValue = 2147483647
      SYSTEM_LOGGER_RB_NAME = "sun.util.logging.resources.logging"
      SYSTEM_BUNDLE = class java.util.logging.Logger$LoggerBundle@24772604
      NO_RESOURCE_BUNDLE = class java.util.logging.Logger$LoggerBundle@62fb0f2a
      manager = class com.ibm.ws.kernel.boot.logging.WsLogManager@4823a0cb
      name = "com.ibm.wsspi.webcontainer.collaborator"
      handlers = class java.util.concurrent.CopyOnWriteArrayList@34ffd1a4
      loggerBundle = class java.util.logging.Logger$LoggerBundle@7cb45a13
      useParentHandlers = true
      filter = null
      anonymous = false
      catalog = class com.ibm.ws.webcontainer.resources.Messages_es@473db9ff
      catalogName = "com.ibm.ws.webcontainer.resources.Messages"
      catalogLocale = class java.util.Locale@58a6e869
      treeLock = class java.lang.Object@d562e4e
      parent = class com.ibm.ws.logging.internal.WsLogger@345c3c09
      kids = null
      levelObject = class java.util.logging.Level@4234962e
      levelValue = 800
      callersClassLoaderRef = class java.lang.ref.WeakReference@74d04a21
      isSystemLogger = false
      GLOBAL_LOGGER_NAME = "global"
      global = class java.util.logging.Logger@3e339807
      $assertionsDisabled = true
    CLASS_NAME = "com.ibm.wsspi.webcontainer.collaborator.CollaboratorHelper"
    webApp = class com.ibm.ws.webcontainer31.osgi.webapp.WebApp31@454f7ea8
    securityCollaborator = class com.ibm.ws.webcontainer.security.WebAppSecurityCollaboratorImpl@122e1339
      tc = class com.ibm.websphere.ras.TraceComponent@466dff60
      KEY_ID = "id"
      KEY_SERVICE_ID = "service.id"
      KEY_COMPONENT_NAME = "component.name"
      KEY_SECURITY_SERVICE = "securityService"
      KEY_TAI_SERVICE = "taiService"
      KEY_INTERCEPTOR_SERVICE = "interceptorService"
      KEY_JACC_SERVICE = "jaccService"
      JASPI_SERVICE_COMPONENT_NAME = "com.ibm.ws.security.jaspi"
      KEY_WEB_AUTHENTICATOR = "webAuthenticator"
      KEY_UNPROTECTED_RESOURCE_SERVICE = "unprotectedResourceService"
      DELEGATION_USERS_LIST = "DELEGATION_USERS_LIST"
      webAuthenticatorRef = class com.ibm.wsspi.kernel.service.utils.ConcurrentServiceReferenceMap@f2458af
      unprotectedResourceServiceRef = class com.ibm.wsspi.kernel.service.utils.ConcurrentServiceReferenceMap@31f3789
      taiServiceRef = class com.ibm.wsspi.kernel.service.utils.AtomicServiceReference@147328ad
      interceptorServiceRef = class com.ibm.wsspi.kernel.service.utils.ConcurrentServiceReferenceMap@4c8386e9
      securityServiceRef = class com.ibm.wsspi.kernel.service.utils.AtomicServiceReference@61cf5ef6
      jaccServiceRef = class com.ibm.wsspi.kernel.service.utils.AtomicServiceReference@1b168e39
      KEY_LOCATION_ADMIN = "locationAdmin"
      locationAdminRef = class com.ibm.wsspi.kernel.service.utils.AtomicServiceReference@162dfbb6
      PERMIT_REPLY = class com.ibm.ws.webcontainer.security.internal.PermitReply@46498354
      DENY_AUTHZ_FAILED = class com.ibm.ws.webcontainer.security.internal.DenyReply@5d6a4d85
      AUTH_TYPE = "AUTH_TYPE"
      ALL_AUTHENTICATED_ROLE = "**"
      STARSTAR_ROLE = "_starstar_"
      globalConfig = class com.ibm.ws.webcontainer.security.internal.extended.WebAppSecurityConfigImplExtended@72a27757
      currentProps = class java.util.HashMap@b2bc2fe
      authenticatorFactory = class com.ibm.ws.webcontainer.security.internal.extended.WebAuthenticatorFactoryImplExtended@1f2b3ec
      webAppSecConfig = class com.ibm.ws.webcontainer.security.internal.extended.WebAppSecurityConfigImplExtended@72a27757
      authenticateApi = class com.ibm.ws.webcontainer.security.extended.AuthenticateApiExtended@e7bc032
      postParameterHelper = class com.ibm.ws.webcontainer.security.PostParameterHelper@6f021665
      collabUtils = class com.ibm.ws.security.collaborator.CollaboratorUtils@3a6b1549
      subjectHelper = class com.ibm.ws.security.authentication.utility.SubjectHelper@2e12ac3b
      subjectManager = class com.ibm.ws.security.context.SubjectManager@7eb8839b
      httpsRedirectHandler = class com.ibm.ws.webcontainer.security.internal.HTTPSRedirectHandler@1761317
      auditManager = class com.ibm.websphere.security.audit.context.AuditManager@63d59f2d
      extraAuditData = class java.util.HashMap@581d8418
      authenticatorProxy = class com.ibm.ws.webcontainer.security.extended.WebAuthenticatorProxyExtended@628370db
      providerAuthenticatorProxy = class com.ibm.ws.webcontainer.security.extended.WebProviderAuthenticatorProxyExtended@535c3937
      unauthenticatedSubjectService = class com.ibm.ws.security.authentication.internal.UnauthenticatedSubjectServiceImpl@1c3fe886
      wasch = class com.ibm.ws.webcontainer.security.WebAppSecurityCollaboratorImpl@122e1339
      isJaspiEnabled = false
      savedSubject = null
      byPassedAuthRequest = true
      isActive = true
      threadLocal = class java.lang.ThreadLocal@28b6925d
      serialVersionUID = -4833686237530004079
    nameSpaceCollaborator = class com.ibm.ws.webcontainer.osgi.collaborator.WebAppNameSpaceCollaboratorImpl@4e71a958
    transactionCollaborator = class com.ibm.ws.transaction.services.WebAppTransactionCollaboratorImpl@3f7c433d
    connectionCollaborator = class com.ibm.ws.webcontainer.collaborator.ConnectionCollaborator@4ceb8bfb
    allCollabEnum = class java.util.RegularEnumSet@7b6b28a4
      serialVersionUID = 3411599620347842686
      elements = 511
      elementType = class java.lang.Class@45d88167
      universe = class com.ibm.wsspi.webcontainer.collaborator.CollaboratorInvocationEnum[9]
      ZERO_LENGTH_ENUM_ARRAY = class java.lang.Enum[0]
      MAX_ARRAY_SIZE = 2147483639
    servlet_23_or_greater = true
    DEFER_SERVLET_REQUEST_LISTENER_DESTROY_ON_ERROR = false
  nServicing = class java.util.concurrent.atomic.AtomicInteger@c767df7
    serialVersionUID = 6214790243416807050
    unsafe = class sun.misc.Unsafe@28234763
      theUnsafe = class sun.misc.Unsafe@28234763
      INVALID_FIELD_OFFSET = -1
      ARRAY_BOOLEAN_BASE_OFFSET = 16
      ARRAY_BYTE_BASE_OFFSET = 16
      ARRAY_SHORT_BASE_OFFSET = 16
      ARRAY_CHAR_BASE_OFFSET = 16
      ARRAY_INT_BASE_OFFSET = 16
      ARRAY_LONG_BASE_OFFSET = 16
      ARRAY_FLOAT_BASE_OFFSET = 16
      ARRAY_DOUBLE_BASE_OFFSET = 16
      ARRAY_OBJECT_BASE_OFFSET = 16
      ARRAY_BOOLEAN_INDEX_SCALE = 1
      ARRAY_BYTE_INDEX_SCALE = 1
      ARRAY_SHORT_INDEX_SCALE = 2
      ARRAY_CHAR_INDEX_SCALE = 2
      ARRAY_INT_INDEX_SCALE = 4
      ARRAY_LONG_INDEX_SCALE = 8
      ARRAY_FLOAT_INDEX_SCALE = 4
      ARRAY_DOUBLE_INDEX_SCALE = 8
      ARRAY_OBJECT_INDEX_SCALE = 4
      ADDRESS_SIZE = 8
    valueOffset = 12
    value = 0
    serialVersionUID = -8742448824652078965
  lastAccessTime = 1511480219935
  state = -1
  logger = class com.ibm.ws.logging.internal.WsLogger@4391acda
    tc = class com.ibm.websphere.ras.TraceComponent@8a53461
      strings[0] = "TraceComponent[com.ibm.ws.logging.internal.WsLogger,class com.ibm.ws.logging.internal.WsLogger,[logging],com.ibm.ws.logging.internal.resources.LoggingMessages,null]"
    ivCachedResourceBundleName = "com.ibm.ws.webcontainer.resources.Messages"
    ivCachedResourceBundle = class com.ibm.ws.webcontainer.resources.Messages_es@473db9ff
      resources = class [Ljava.lang.Object;[332]
      lookup = class java.util.HashMap@509ced82
      INITIAL_CACHE_SIZE = 32
      NONEXISTENT_BUNDLE = class java.util.ResourceBundle$1@81221e7
      cacheList = class java.util.concurrent.ConcurrentHashMap@1314da3a
      referenceQueue = class java.lang.ref.ReferenceQueue@2068382c
      parent = class com.ibm.ws.webcontainer.resources.Messages@70abaf92
      locale = class java.util.Locale@5c08f2d
      name = "com.ibm.ws.webcontainer.resources.Messages"
      expired = false
      cacheKey = class java.util.ResourceBundle$CacheKey@1c545dbb
      keySet = null
      providers = null
      $assertionsDisabled = true
    ivComponent = null
    ivOrganization = null
    ivProduct = null
    ivMinimumLocalizationLevelIntValue = 625
    ivTC = class com.ibm.websphere.ras.TraceComponent@6a349db5
      strings[0] = "TraceComponent[com.ibm.ws.webcontainer.servlet,class com.ibm.wsspi.webcontainer.logging.LoggerFactory$1,[com.ibm.ws.webcontainer.servlet],null,null]"
    loggerRegistrationComponent = class java.lang.ThreadLocal@aa7bee4
      threadLocalHashCode = 422197726
      nextHashCode = class java.util.concurrent.atomic.AtomicInteger@789a5cbe
      HASH_INCREMENT = 1640531527
    emptyHandlers = class java.util.logging.Handler[0]
    offValue = 2147483647
    SYSTEM_LOGGER_RB_NAME = "sun.util.logging.resources.logging"
    SYSTEM_BUNDLE = class java.util.logging.Logger$LoggerBundle@24772604
      resourceBundleName = "sun.util.logging.resources.logging"
      userBundle = null
    NO_RESOURCE_BUNDLE = class java.util.logging.Logger$LoggerBundle@62fb0f2a
      resourceBundleName = null
      userBundle = null
    manager = class com.ibm.ws.kernel.boot.logging.WsLogManager@4823a0cb
      CLASS_NAME = "com.ibm.ws.kernel.boot.logging.WsLogManager"
      CONFIGURE_BY_SERVER_PROPERTY_NAME = "java.util.logging.configureByServer"
      CONFIGURE_BY_LOGGING_PROPERTIES_FILE = "java.util.logging.configureByLoggingPropertiesFile"
      configureByServer = true
      configureByLoggingProperties = false
      wsLogger = class java.lang.reflect.Constructor@5d057160
      resetEnabled = true
      manager = class com.ibm.ws.kernel.boot.logging.WsLogManager@4823a0cb
      props = class java.util.Properties@350e342f
      defaultLevel = class java.util.logging.Level@4234962e
      listenerMap = class java.util.HashMap@30a7cca
      systemContext = class java.util.logging.LogManager$SystemLoggerContext@757283ba
      userContext = class java.util.logging.LogManager$LoggerContext@517e9027
      rootLogger = class java.util.logging.LogManager$RootLogger@5d959ee1
      readPrimordialConfiguration = true
      initializedGlobalHandlers = true
      deathImminent = false
      initializedCalled = true
      initializationDone = true
      contextsMap = null
      loggerRefQueue = class java.lang.ref.ReferenceQueue@1515696b
      MAX_ITERATIONS = 400
      controlPermission = class java.util.logging.LoggingPermission@45a9ab2f
      loggingMXBean = null
      LOGGING_MXBEAN_NAME = "java.util.logging:type=Logging"
      $assertionsDisabled = true
    name = "com.ibm.ws.webcontainer.servlet"
    handlers = class java.util.concurrent.CopyOnWriteArrayList@7f4477b5
      serialVersionUID = 8673264195747942595
      lock = class java.util.concurrent.locks.ReentrantLock@17dcc68
      array = class java.lang.Object[0]
      UNSAFE = class sun.misc.Unsafe@28234763
      lockOffset = 12
    loggerBundle = class java.util.logging.Logger$LoggerBundle@621e295f
      resourceBundleName = "com.ibm.ws.webcontainer.resources.Messages"
      userBundle = null
    useParentHandlers = true
    filter = null
    anonymous = false
    catalog = class com.ibm.ws.webcontainer.resources.Messages_es@473db9ff
    catalogName = "com.ibm.ws.webcontainer.resources.Messages"
    catalogLocale = class java.util.Locale@58a6e869
      LOCALECACHE = class java.util.Locale$Cache@5ea58833
      ENGLISH = class java.util.Locale@8a48539
      FRENCH = class java.util.Locale@44c5ca2a
      GERMAN = class java.util.Locale@25eb1204
      ITALIAN = class java.util.Locale@577de29a
      JAPANESE = class java.util.Locale@7bdc2801
      KOREAN = class java.util.Locale@112229ca
      CHINESE = class java.util.Locale@6c2462d8
      SIMPLIFIED_CHINESE = class java.util.Locale@54f534f4
      TRADITIONAL_CHINESE = class java.util.Locale@4ef3924b
      FRANCE = class java.util.Locale@4e9f8e26
      GERMANY = class java.util.Locale@1e2178f
      ITALY = class java.util.Locale@7ccdd1d3
      JAPAN = class java.util.Locale@2e7e75cb
      KOREA = class java.util.Locale@1c22309c
      CHINA = class java.util.Locale@54f534f4
      PRC = class java.util.Locale@54f534f4
      TAIWAN = class java.util.Locale@4ef3924b
      UK = class java.util.Locale@d6d02f8
      US = class java.util.Locale@1f3c09cf
      CANADA = class java.util.Locale@42b1f7ce
      CANADA_FRENCH = class java.util.Locale@4f1a89d4
      ROOT = class java.util.Locale@7904a049
      PRIVATE_USE_EXTENSION = x
      UNICODE_LOCALE_EXTENSION = u
      serialVersionUID = 9149081749638150636
      DISPLAY_LANGUAGE = 0
      DISPLAY_COUNTRY = 1
      DISPLAY_VARIANT = 2
      DISPLAY_SCRIPT = 3
      baseLocale = class sun.util.locale.BaseLocale@43b8dbbf
      localeExtensions = null
      hashCodeValue = 96770468
      defaultLocale = class java.util.Locale@58a6e869
      defaultDisplayLocale = null
      defaultFormatLocale = class java.util.Locale@55883ef3
      languageTag = "es-ES"
      serialPersistentFields = class java.io.ObjectStreamField[6]
      isoLanguages = null
      isoCountries = null
      $assertionsDisabled = true
    treeLock = class java.lang.Object@d562e4e
    parent = class com.ibm.ws.logging.internal.WsLogger@5173098e
      tc = class com.ibm.websphere.ras.TraceComponent@8a53461
      ivCachedResourceBundleName = "com.ibm.ws.webcontainer.resources.Messages"
      ivCachedResourceBundle = class com.ibm.ws.webcontainer.resources.Messages_es@9414393
      ivComponent = null
      ivOrganization = null
      ivProduct = null
      ivMinimumLocalizationLevelIntValue = 625
      ivTC = class com.ibm.websphere.ras.TraceComponent@68e65afb
      loggerRegistrationComponent = class java.lang.ThreadLocal@aa7bee4
      emptyHandlers = class java.util.logging.Handler[0]
      offValue = 2147483647
      SYSTEM_LOGGER_RB_NAME = "sun.util.logging.resources.logging"
      SYSTEM_BUNDLE = class java.util.logging.Logger$LoggerBundle@24772604
      NO_RESOURCE_BUNDLE = class java.util.logging.Logger$LoggerBundle@62fb0f2a
      manager = class com.ibm.ws.kernel.boot.logging.WsLogManager@4823a0cb
      name = "com.ibm.ws.webcontainer"
      handlers = class java.util.concurrent.CopyOnWriteArrayList@47c2e8c5
      loggerBundle = class java.util.logging.Logger$LoggerBundle@463b6d73
      useParentHandlers = true
      filter = null
      anonymous = false
      catalog = class com.ibm.ws.webcontainer.resources.Messages_es@9414393
      catalogName = "com.ibm.ws.webcontainer.resources.Messages"
      catalogLocale = class java.util.Locale@58a6e869
      treeLock = class java.lang.Object@d562e4e
      parent = class java.util.logging.Logger@74abbe63
      kids = class java.util.ArrayList@53201afe
      levelObject = class java.util.logging.Level@4234962e
      levelValue = 800
      callersClassLoaderRef = class java.lang.ref.WeakReference@3f4549f
      isSystemLogger = false
      GLOBAL_LOGGER_NAME = "global"
      global = class java.util.logging.Logger@3e339807
      $assertionsDisabled = true
    kids = null
    levelObject = class java.util.logging.Level@4234962e
      defaultBundle = "sun.util.logging.resources.logging"
      name = "INFO"
      value = 800
      resourceBundleName = "sun.util.logging.resources.logging"
      localizedLevelName = "INFORMACIÓN"
      cachedLocale = class java.util.Locale@58a6e869
      OFF = class java.util.logging.Level@63ed24b7
      SEVERE = class java.util.logging.Level@758b94
      WARNING = class java.util.logging.Level@1c4dc5bd
      INFO = class java.util.logging.Level@4234962e
      CONFIG = class java.util.logging.Level@1c56a7e6
      FINE = class java.util.logging.Level@1694f047
      FINER = class java.util.logging.Level@3a91f02a
      FINEST = class java.util.logging.Level@4803bae8
      ALL = class java.util.logging.Level@61c35d99
      serialVersionUID = -8176160795706313070
    levelValue = 800
    callersClassLoaderRef = class java.lang.ref.WeakReference@2d3ecba1
      referent = class org.eclipse.osgi.internal.loader.EquinoxClassLoader@1209aa8f
      queue = class java.lang.ref.ReferenceQueue$Null@749d8763
      next = null
      discovered = null
      lock = class java.lang.ref.Reference$Lock@41a00889
      pending = null
    isSystemLogger = false
    GLOBAL_LOGGER_NAME = "global"
    global = class java.util.logging.Logger@3e339807
      emptyHandlers = class java.util.logging.Handler[0]
      offValue = 2147483647
      SYSTEM_LOGGER_RB_NAME = "sun.util.logging.resources.logging"
      SYSTEM_BUNDLE = class java.util.logging.Logger$LoggerBundle@24772604
      NO_RESOURCE_BUNDLE = class java.util.logging.Logger$LoggerBundle@62fb0f2a
      manager = class com.ibm.ws.kernel.boot.logging.WsLogManager@4823a0cb
      name = "global"
      handlers = class java.util.concurrent.CopyOnWriteArrayList@434bb1d6
      loggerBundle = class java.util.logging.Logger$LoggerBundle@62fb0f2a
      useParentHandlers = true
      filter = null
      anonymous = false
      catalog = null
      catalogName = null
      catalogLocale = null
      treeLock = class java.lang.Object@d562e4e
      parent = class java.util.logging.LogManager$RootLogger@5d959ee1
      kids = null
      levelObject = null
      levelValue = 800
      callersClassLoaderRef = null
      isSystemLogger = true
      GLOBAL_LOGGER_NAME = "global"
      global = class java.util.logging.Logger@3e339807
      $assertionsDisabled = true
    $assertionsDisabled = true
  CLASS_NAME = "com.ibm.ws.webcontainer.servlet.ServletWrapper"
  nls = class com.ibm.ejs.ras.TraceNLS@4fa9fc86
    resolver = class com.ibm.ws.logging.internal.TraceNLSResolver@41292100
      tc = class com.ibm.websphere.ras.TraceComponent@4926097b
      DEBUG_TRACE_NLS_PROPERTY = "com.ibm.ejs.ras.debugTraceNLSResolver"
      debugTraceNLSResolver = false
      makeNoise = false
      nullKey = "null"
      svNullBundleName = "Resource Bundle name is null, key = {0}"
      svBundleNotLoaded = "Unable to load ResourceBundle {0}"
      svNullKeyMessage = "Null key passed while using ResourceBundle {0}"
      svMalformedMessage = "No message text associated with key {0} in bundle {1}"
    finder = null
    ivBundleName = "com.ibm.ws.webcontainer.resources.Messages"
    caller = class java.lang.Class@1b52fcc2
      ANNOTATION = 8192
      ENUM = 16384
      SYNTHETIC = 4096
      cachedConstructor = null
      newInstanceCallerCache = null
      name = null
      allPermDomain = class java.security.ProtectionDomain@66fbf92
      useCaches = true
      reflectionData = class java.lang.ref.SoftReference@73187ccf
      classRedefinedCount = 0
      genericInfo = null
      serialVersionUID = 3206093459760846163
      serialPersistentFields = class java.io.ObjectStreamField[0]
      reflectionFactory = class sun.reflect.ReflectionFactory@3e1477b
      initted = true
      enumConstants = null
      enumConstantDirectory = null
      annotationData = class java.lang.Class$AnnotationData@635d0120
      annotationType = null
      classValueMap = null
  servletConfig = class com.ibm.ws.webcontainer.servlet.ServletConfig@43a7fbf2
    logger = class com.ibm.ws.logging.internal.WsLogger@4391acda
    CLASS_NAME = "com.ibm.ws.webcontainer.servlet.ServletConfig"
    nls = class com.ibm.ejs.ras.TraceNLS@1489c68a
      resolver = class com.ibm.ws.logging.internal.TraceNLSResolver@41292100
      finder = null
      ivBundleName = "com.ibm.ws.webcontainer.resources.Messages"
      caller = class java.lang.Class@1732a218
    liberty_nls = class com.ibm.ejs.ras.TraceNLS@454204da
      resolver = class com.ibm.ws.logging.internal.TraceNLSResolver@41292100
      finder = null
      ivBundleName = "com.ibm.ws.webcontainer.resources.LShimMessages"
      caller = class java.lang.Class@1732a218
    enabled = true
    servletName = "Jersey Servlet"
    className = "org.glassfish.jersey.servlet.ServletContainer"
    mappings = class java.util.ArrayList@251ba66f
      serialVersionUID = 8683452581122892189
      DEFAULT_CAPACITY = 10
      EMPTY_ELEMENTDATA = class java.lang.Object[0]
      DEFAULTCAPACITY_EMPTY_ELEMENTDATA = class java.lang.Object[0]
      elementData = class java.lang.Object[10]
      size = 1
      MAX_ARRAY_SIZE = 2147483639
      modCount = 1
      MAX_ARRAY_SIZE = 2147483639
    startUpWeight = null
    DEFAULT_STARTUP = -1
    isCachingEnabled = true
    isStatisticsEnabled = true
    isInternal = false
    metaData = class com.ibm.ws.webcontainer.osgi.metadata.WebComponentMetaDataImpl@27bbe2b6
      j2eeName = class com.ibm.ws.container.service.metadata.internal.J2EENameImpl@315324dc
      webModuleMetaData = class com.ibm.ws.webcontainer.osgi.metadata.WebModuleMetaDataImpl@74d82a12
      mBeanServiceReg = null
      tc = class com.ibm.websphere.ras.TraceComponent@3097eebf
      NUM_STATIC_SLOTS = 4
      ID_UNINITIALIZED = -1
      id = 2
      metaDataInterface = class java.lang.Class@1af9a93d
      staticSlots = class java.lang.Object[4]
      dynamicSlots = null
    singleThreadModelServlet = false
    isJsp = false
    webAppConfig = class com.ibm.ws.webcontainer.osgi.webapp.WebAppConfiguration@5f05745a
    servletWrapper = class com.ibm.ws.webcontainer.osgi.servlet.ServletWrapper@357b4ad3
    servletClass = null
    servlet = null
    addedToLoadOnStartup = true
    previousWeight = null
    multipartConfig = null
    multipartConfigBaseLocation = null
    runAsRole = null
    servletSecurityElement = null
    declareRolesAnnotation = null
    logger = class com.ibm.ws.logging.internal.WsLogger@4391acda
    CLASS_NAME = "com.ibm.ws.webcontainer.servlet.TargetConfig"
    initParams = class java.util.HashMap@28ed72f8
      serialVersionUID = 362498820763181265
      DEFAULT_INITIAL_CAPACITY = 16
      MAXIMUM_CAPACITY = 1073741824
      DEFAULT_LOAD_FACTOR = 0.75
      TREEIFY_THRESHOLD = 8
      UNTREEIFY_THRESHOLD = 6
      MIN_TREEIFY_CAPACITY = 64
      table = class java.util.HashMap$Node[16]
      entrySet = null
      size = 1
      modCount = 1
      threshold = 12
      loadFactor = 0.75
      keySet = class java.util.HashMap$KeySet@54bb118b
      values = null
    fileName = null
    displayName = "Jersey Servlet"
    name = "Jersey Servlet"
    description = "RESTful Jersey"
    smallIcon = "icons/small.gif"
    largeIcon = "icons/small.gif"
    context = class com.ibm.ws.webcontainer31.facade.ServletContextFacade31@3e40286e
    className = null
    asyncSupported = false
    _id = "ServletGeneratedId1"
    _attributes = null
    serialVersionUID = 7511545662945734886
    $$$tc$$$ = class com.ibm.websphere.ras.TraceComponent@dda0bfb
      strings[0] = "TraceComponent[com.ibm.ws.container.BaseConfiguration,class com.ibm.ws.container.BaseConfiguration,[],null,null]"
  context = class com.ibm.ws.webcontainer31.osgi.webapp.WebApp31@454f7ea8
    tc = class com.ibm.websphere.ras.TraceComponent@6690fbc7
      strings[0] = "TraceComponent[com.ibm.ws.webcontainer31.osgi.webapp.WebApp31,class com.ibm.ws.webcontainer31.osgi.webapp.WebApp31,[webcontainer],com.ibm.ws.webcontainer31.resources.Messages,null]"
    CLASS_NAME = "com.ibm.ws.webcontainer31.osgi.webapp.WebApp31"
    servlet31NLS = class com.ibm.ejs.ras.TraceNLS@40717e41
      resolver = class com.ibm.ws.logging.internal.TraceNLSResolver@41292100
      finder = null
      ivBundleName = "com.ibm.ws.webcontainer31.resources.Messages"
      caller = class java.lang.Class@e24f1c6
    validListenerClasses = class java.lang.Class[7]
      validListenerClasses[0] = class java.lang.Class@feb18ce
      validListenerClasses[1] = class java.lang.Class@71c69d41
      validListenerClasses[2] = class java.lang.Class@3890f56d
      validListenerClasses[3] = class java.lang.Class@4f15e680
      validListenerClasses[4] = class java.lang.Class@186fbac4
      validListenerClasses[5] = class java.lang.Class@5d06101d
      validListenerClasses[6] = class java.lang.Class@6202be09
    wsocServHandler = class com.ibm.ws.wsoc.external.WsocHandlerImpl@34f711f
      tc = class com.ibm.websphere.ras.TraceComponent@491fb4e9
      noMoreAddsCalled = true
      serialVersionUID = -2067291126638824067
    tc = class com.ibm.websphere.ras.TraceComponent@3d0f53c7
      strings[0] = "TraceComponent[com.ibm.ws.webcontainer.osgi.webapp.WebApp,class com.ibm.ws.webcontainer.osgi.webapp.WebApp,[webcontainer],com.ibm.ws.webcontainer.resources.LShimMessages,null]"
    CLASS_NAME = "com.ibm.ws.webcontainer.osgi.webapp.WebApp"
    metaDataService = class com.ibm.ws.container.service.metadata.internal.MetaDataServiceImpl@140a5075
      applicationMetaDataManager = class com.ibm.ws.container.service.metadata.internal.ApplicationMetaDataManager@7d5d5ada
      moduleMetaDataManager = class com.ibm.ws.container.service.metadata.internal.ModuleMetaDataManager@ffe91e4
      componentMetaDataManager = class com.ibm.ws.container.service.metadata.internal.ComponentMetaDataManager@6b701b95
      methodMetaDataManager = class com.ibm.ws.container.service.metadata.internal.MethodMetaDataManager@21389fdf
      appModuleNameToModuleContainer = class java.util.concurrent.ConcurrentHashMap@36249aa8
      jeeNameToComponentMetaData = class java.util.concurrent.ConcurrentHashMap@4dae4c39
      deferredMetaDataFactories = class com.ibm.wsspi.kernel.service.utils.ConcurrentServiceReferenceSet@26695aaa
      deferredMetaDataInitializers = class com.ibm.wsspi.kernel.service.utils.ConcurrentServiceReferenceMap@434affdf
      serialVersionUID = -2494605732980966097
      $$$tc$$$ = class com.ibm.websphere.ras.TraceComponent@688941e2
    namespacePopulated = false
    referenceContext = class com.ibm.ws.injectionengine.osgi.internal.OSGiReferenceContextImpl@f319723
      scopeData = class com.ibm.ws.injectionengine.osgi.internal.OSGiInjectionScopeData@ea5c7e7
      serialVersionUID = 521511923892134915
      $$$tc$$$ = class com.ibm.websphere.ras.TraceComponent@3724a09f
      CLASS_NAME = "com.ibm.ws.injectionengine.ReferenceContextImpl"
      tc = class com.ibm.websphere.ras.TraceComponent@21b475fa
      ivInjectionEngine = class com.ibm.ws.injectionengine.osgi.internal.OSGiInjectionEngineImpl@2f59e486
      ivProviders = class java.util.ArrayList@133eeed1
      ivComponentJavaContext = null
      ivComponentNameSpace = null
      ivJavaColonCompEnvMap = class java.util.LinkedHashMap@638a4ea
      ivEjbContext10 = class java.util.Properties@4f7587b9
      ivResourceRefConfigList = class com.ibm.ws.resource.internal.ResourceRefConfigListImpl@2f683705
      isAlreadyProcessed = true
      ivProcessFailure = null
      ivInjectionTargetMap = class java.util.concurrent.ConcurrentHashMap@4bc40c5f
      svInjTarMapCacheSize = 256
      ivDeclaredInjectionTargets = class java.util.HashMap@898ee39
      ivProcessedInjectionClasses = class java.util.HashSet@6bb3e8dc
      ivProcessedInjectionBindings = class java.util.ArrayList@58d2ab0
      ivAnyProcessDynamic = false
      ivCheckAppConfig = false
    j2eeNameFactory = class com.ibm.ws.container.service.metadata.internal.J2EENameFactoryImpl@273a2e2b
      serialVersionUID = 3486344295038028821
      $$$tc$$$ = class com.ibm.websphere.ras.TraceComponent@6c03f8e3
    moduleLoader = class com.ibm.ws.classloading.internal.AppClassLoader@11ba96d3
      tc = class com.ibm.websphere.ras.TraceComponent@3ecdb1de
      PARENT_FIRST_SEARCH_ORDER = class java.util.Collections$UnmodifiableRandomAccessList@2739ebbe
      CLASS_LOADING_TRACE_PREFIX = "com.ibm.ws.class.load."
      DEFAULT_PACKAGE = "default.package"
      perPackageClassLoadingTraceComponents = class java.util.concurrent.ConcurrentHashMap@604a62f
      config = class com.ibm.ws.classloading.internal.ClassLoaderConfigurationImpl@4f28baea
      privateLibraries = null
      delegateLoaders = class com.ibm.ws.classloading.internal.util.CompositeIterable@30b26279
      nativeLibraryFiles = class java.util.ArrayList@583e0bca
      transformers = class java.util.ArrayList@7ba8eb3c
      apiAccess = class com.ibm.ws.classloading.internal.GatewayClassLoader@7f13b5d7
      generator = class com.ibm.ws.classloading.internal.ClassGeneratorManager@715de149
      protectionDomains = class java.util.concurrent.ConcurrentHashMap@52dff4b1
      parent = class com.ibm.ws.classloading.internal.GatewayClassLoader@7f13b5d7
      serialVersionUID = 952643806680066297
      tc = class com.ibm.websphere.ras.TraceComponent@22e71188
      EMPTY_URL_ARRAY = class java.net.URL[0]
      smartClassPath = class com.ibm.ws.classloading.internal.ContainerClassLoader$SmartClassPathImpl@465a200e
      nativeLibraryContainers = class java.util.ArrayList@5813c625
      redefiner = class com.ibm.ws.classloading.internal.util.ClassRedefiner@7544dbea
      mapCreationQueue = class java.util.concurrent.Executors$FinalizableDelegatedExecutorService@313c7434
      serialVersionUID = 7249739282446266343
      serialVersionUID = -7411549862368381758
      $$$tc$$$ = class com.ibm.websphere.ras.TraceComponent@7f2589b0
      serialVersionUID = -4868702105808481416
      $$$tc$$$ = class com.ibm.websphere.ras.TraceComponent@53026be
      serialVersionUID = 2596921220292114344
      $$$tc$$$ = class com.ibm.websphere.ras.TraceComponent@36dfc0a3
      initialized = true
      pdcache = class java.util.HashMap@6015b048
      debug = null
      parent = class com.ibm.ws.classloading.internal.GatewayClassLoader@7f13b5d7
      parallelLockMap = null
      package2certs = class java.util.Hashtable@335dac2b
      nocerts = class java.security.cert.Certificate[0]
      classes = class java.util.Vector@6112f3a0
      defaultDomain = class java.security.ProtectionDomain@4c0c5cdf
      domains = class java.util.HashSet@15622e6
      packages = class java.util.HashMap@5f34ea13
      scl = class sun.misc.Launcher$AppClassLoader@18b4aac2
      sclSet = true
      loadedLibraryNames = class java.util.Vector@1b6ea8e0
      systemNativeLibraries = class java.util.Vector@6361a480
      nativeLibraries = class java.util.Vector@294d9da6
      nativeLibraryContext = class java.util.Stack@6fcd8eaa
      usr_paths = class java.lang.String[6]
      sys_paths = class java.lang.String[1]
      assertionLock = class com.ibm.ws.classloading.internal.AppClassLoader@11ba96d3
      defaultAssertionStatus = false
      packageAssertionStatus = null
      classAssertionStatus = null
    webAppConfig = class com.ibm.ws.webcontainer.osgi.webapp.WebAppConfiguration@5f05745a
      webModuleMetaData = class com.ibm.ws.webcontainer.osgi.metadata.WebModuleMetaDataImpl@74d82a12
      webComponentMetaData = class com.ibm.ws.webcontainer.osgi.metadata.WebComponentMetaDataImpl@1de05775
      dVirtualHost = class com.ibm.ws.webcontainer.osgi.DynamicVirtualHost@1783c280
      orderedLibPaths = class java.util.Collections$UnmodifiableRandomAccessList@37c287
      bundleHeaders = null
      cdiEnabled = true
      CLASS_NAME = "com.ibm.ws.webcontainer.webapp.WebAppConfiguration"
      logger = class com.ibm.ws.logging.internal.WsLogger@6849e2be
      tc = class com.ibm.websphere.ras.TraceComponent@749e6d08
      nls = class com.ibm.ejs.ras.TraceNLS@3e00e6e3
      version = 30
      contextRoot = "/webapi"
      sessionTimeout = 0
      moduleSessionTimeoutSet = false
      moduleSessionTrackingModeSet = false
      sessionCookieConfig = class com.ibm.ws.session.SessionCookieConfigImpl@5febd130
      hasProgrammaticCookieConfig = false
      sessionDefaultTrackingModeSet = class java.util.RegularEnumSet@40af7e47
      sessionManagerConfig = class com.ibm.ws.session.SessionManagerConfig@657af63
      displayName = "org.tec.datos1.messenger.webapi"
      description = null
      reloadInterval = 0
      distributable = false
      denyUncoveredHttpMethods = false
      reloadingEnabled = false
      serveServletsByClassnameEnabled = false
      defaultErrorPage = null
      additionalClassPath = null
      fileServingEnabled = null
      directoryBrowsingEnabled = false
      autoRequestEncoding = false
      autoResponseEncoding = false
      autoLoadFilters = false
      requestListeners = null
      requestAttributeListeners = null
      sessionListeners = null
      localeMap = null
      moduleName = "org.tec.datos1.messenger.webapi"
      j2eeModuleName = "org.tec.datos1.messenger.webapi.war"
      moduleId = null
      isSyncToThreadEnabled = false
      encodeDispatchedRequestURI = false
      isSystemApp = false
      ardEnabled = false
      ardDispatchType = null
      listeners = class java.util.ArrayList@5679ebf6
      welcomeFileList = class java.util.ArrayList@6ff72824
      servletMappings = class java.util.HashMap@6e9406bb
      lastIndexBeforeDeclaredFilters = 0
      filterMappings = class java.util.ArrayList@55f20068
      servletInfo = class java.util.HashMap@4c4d677b
      filterInfo = class java.util.HashMap@1aadd0de
      mimeMappings = class java.util.HashMap@5442acee
      mimeFilters = null
      isMimeFilteringEnabled = false
      theWebGroup = null
      jspAttributes = class java.util.HashMap@11f6174e
      fileServingAttributes = class java.util.HashMap@36a7dcb4
      invokerAttributes = class java.util.HashMap@42f8d19e
      contextParams = class java.util.HashMap@39c20f3
      virtualHost = "default_host"
      exceptionErrorPages = class java.util.HashMap@22710ba9
      codeErrorPages = class java.util.HashMap@2a3b212f
      tagLibList = null
      precompileJsps = false
      webApp = class com.ibm.ws.webcontainer31.osgi.webapp.WebApp31@454f7ea8
      virtualHostList = class java.util.Collections$EmptyList@2ecb61d7
      appStartupWeight = 0
      moduleStartupWeight = 0
      metaDataComplete = false
      classesToScan = class java.util.ArrayList@4cb24745
      uriFilterMappingInfos = null
      servletFilterMappingInfos = null
      dynamicServletRegistrationMap = null
      applicationName = "org.tec.datos1.messenger.webapi"
      libBinPathList = class java.util.ArrayList@66b43139
      webXmlDefinedListeners = class java.util.HashSet@15f54699
      allRefs = class java.util.EnumMap@60454829
      allRefBindings = class java.util.EnumMap@3e93b30b
      envEntryValues = class java.util.HashMap@79e96019
      resourceRefConfigList = null
      disallowAllFileServingProp = "false"
      disallowServeServletsByClassnameProp = "true"
      disableStaticMappingCache = false
      jspCachedLocations = class java.util.HashMap@46173033
      primedSTSHeader = "NoValue"
      enablemultireadofpostdata = false
      _id = "WebAppGeneratedId10"
      _attributes = null
      serialVersionUID = 7511545662945734886
      $$$tc$$$ = class com.ibm.websphere.ras.TraceComponent@dda0bfb
    extensionProcessingDisabled = false
    managedObjectService = class com.ibm.ws.cdi.impl.managedobject.CDIManagedObjectService@157826fe
      cdiServiceRef = class com.ibm.wsspi.kernel.service.utils.AtomicServiceReference@16006be3
      defaultMOSRef = class com.ibm.wsspi.kernel.service.utils.AtomicServiceReference@2c61a22a
      cdiRuntime = class com.ibm.ws.cdi.liberty.CDIRuntimeImpl@3f19f1ca
      serialVersionUID = -2697988188171262037
      $$$tc$$$ = class com.ibm.websphere.ras.TraceComponent@732cd398
    GenPluginCfgMB = null
    internalServletMetaData = interface com.ibm.wsspi.webcontainer.metadata.WebComponentMetaData[2]
      internalServletMetaData[0] = null
      internalServletMetaData[1] = null
    loginProcessor = null
    logoutProcessor = null
    collabHelper = class com.ibm.ws.webcontainer.osgi.collaborator.CollaboratorHelperImpl@3ba6f49d
    envObject = class com.ibm.ws.util.WSThreadLocal@1ad980d1
      tc = class com.ibm.ejs.ras.TraceComponent@613a77f8
      count = 8
      index = 3
      SUSPECTED_MISUSAGE_THRESHOLD = 200
      threadLocalHashCode = 123195970
      nextHashCode = class java.util.concurrent.atomic.AtomicInteger@789a5cbe
      HASH_INCREMENT = 1640531527
    orderedLibPaths = class java.util.Collections$UnmodifiableRandomAccessList@37c287
      serialVersionUID = -2542308836966382001
      serialVersionUID = -283967356065247728
      list = class java.util.ArrayList@466e9fa7
      serialVersionUID = 1820017752578914078
      c = class java.util.ArrayList@466e9fa7
    perm = class com.ibm.websphere.security.WebSphereRuntimePermission@12521b14
      serialVersionUID = -3306242789188168337
      $$$tc$$$ = class com.ibm.websphere.ras.TraceComponent@2e9ebb4a
      serialVersionUID = 6279438298436773498
      wildcard = false
      path = "accessServletContext"
      exitVM = false
      serialVersionUID = -5636570222231596674
      name = "accessServletContext"
    WELCOME_FILE_LIST = "com.ibm.ws.webcontainer.config.WelcomeFileList"
    DIR_BROWSING_MAPPING = "__dirBrowsing__1511479400452"
    FILTER_PROXY_MAPPING = "/__filterProxy__1511479400452"
    logger = class com.ibm.ws.logging.internal.WsLogger@6849e2be
      tc = class com.ibm.websphere.ras.TraceComponent@8a53461
      ivCachedResourceBundleName = null
      ivCachedResourceBundle = null
      ivComponent = null
      ivOrganization = null
      ivProduct = null
      ivMinimumLocalizationLevelIntValue = 625
      ivTC = class com.ibm.websphere.ras.TraceComponent@5fc9bee0
      loggerRegistrationComponent = class java.lang.ThreadLocal@aa7bee4
      emptyHandlers = class java.util.logging.Handler[0]
      offValue = 2147483647
      SYSTEM_LOGGER_RB_NAME = "sun.util.logging.resources.logging"
      SYSTEM_BUNDLE = class java.util.logging.Logger$LoggerBundle@24772604
      NO_RESOURCE_BUNDLE = class java.util.logging.Logger$LoggerBundle@62fb0f2a
      manager = class com.ibm.ws.kernel.boot.logging.WsLogManager@4823a0cb
      name = "com.ibm.ws.webcontainer.webapp"
      handlers = class java.util.concurrent.CopyOnWriteArrayList@40d05d8a
      loggerBundle = class java.util.logging.Logger$LoggerBundle@12079bc6
      useParentHandlers = true
      filter = null
      anonymous = false
      catalog = class com.ibm.ws.webcontainer.resources.Messages_es@9414393
      catalogName = "com.ibm.ws.webcontainer.resources.Messages"
      catalogLocale = class java.util.Locale@58a6e869
      treeLock = class java.lang.Object@d562e4e
      parent = class com.ibm.ws.logging.internal.WsLogger@5173098e
      kids = null
      levelObject = class java.util.logging.Level@4234962e
      levelValue = 800
      callersClassLoaderRef = class java.lang.ref.WeakReference@28152dbb
      isSystemLogger = false
      GLOBAL_LOGGER_NAME = "global"
      global = class java.util.logging.Logger@3e339807
      $assertionsDisabled = true
    CLASS_NAME = "com.ibm.ws.webcontainer.webapp.WebApp"
    loader = class com.ibm.ws.classloading.internal.ThreadContextClassLoader@ece4b7a
    facade = class com.ibm.ws.webcontainer31.facade.ServletContextFacade31@3e40286e
      context = class com.ibm.ws.webcontainer31.osgi.webapp.WebApp31@454f7ea8
    features = class java.util.ArrayList@ddf6db
      serialVersionUID = 8683452581122892189
      DEFAULT_CAPACITY = 10
      EMPTY_ELEMENTDATA = class java.lang.Object[0]
      DEFAULTCAPACITY_EMPTY_ELEMENTDATA = class java.lang.Object[0]
      elementData = class java.lang.Object[0]
      size = 0
      MAX_ARRAY_SIZE = 2147483639
      modCount = 0
      MAX_ARRAY_SIZE = 2147483639
    applicationName = "org.tec.datos1.messenger.webapi"
    config = class com.ibm.ws.webcontainer.osgi.webapp.WebAppConfiguration@5f05745a
    securityEnabledForApp = true
    webExtensionProcessor = class com.ibm.ws.webcontainer.osgi.extension.WebExtensionProcessor@255d76f
      webApp = class com.ibm.ws.webcontainer31.osgi.webapp.WebApp31@454f7ea8
      extensionContext = class com.ibm.ws.webcontainer31.osgi.webapp.WebApp31@454f7ea8
    production = true
    isServlet23 = true
    contextPath = "/webapi"
    internalServletList = class [Ljava.lang.String;[2]
      internalServletList[0] = class java.lang.String[2]
      internalServletList[1] = class java.lang.String[2]
    BY_NAME_ONLY = "/_1511480216633_/"
    filterManager = class com.ibm.ws.webcontainer.osgi.filter.WebAppFilterManagerImpl@1a92d60a
      _filterWrappers = class java.util.Hashtable@7edb73c9
      chainCache = class java.util.Collections$SynchronizedMap@75843933
      forwardChainCache = class java.util.Collections$SynchronizedMap@6fb02c47
      includeChainCache = class java.util.Collections$SynchronizedMap@dc1b261
      errorChainCache = class java.util.Collections$SynchronizedMap@28a1dd2b
      _filtersDefined = false
      FMI_MAPPING_SINGLE_SLASH = 0
      FMI_MAPPING_PATH_MATCH = 1
      FMI_MAPPING_EXTENSION_MATCH = 2
      FMI_MAPPING_EXACT_MATCH = 3
      logger = class com.ibm.ws.logging.internal.WsLogger@7c3824ad
      CLASS_NAME = "com.ibm.ws.webcontainer.filter.WebAppFilterManager"
      nls = class com.ibm.ejs.ras.TraceNLS@1204ed79
      webAppConfig = class com.ibm.ws.webcontainer.osgi.webapp.WebAppConfiguration@5f05745a
      webApp = class com.ibm.ws.webcontainer31.osgi.webapp.WebApp31@454f7ea8
      collabHelper = class com.ibm.ws.webcontainer.osgi.collaborator.CollaboratorHelperImpl@3ba6f49d
      webAppNameSpaceCollab = class com.ibm.ws.webcontainer.osgi.collaborator.WebAppNameSpaceCollaboratorImpl@4e71a958
      secCollab = class com.ibm.ws.webcontainer.security.WebAppSecurityCollaboratorImpl@122e1339
      sessionSecurityIntegrationEnabled = true
      assumeFilterSuccessOnSecurityError = false
      useOriginalRequestState = false
      _evtSource = class com.ibm.ws.webcontainer.webapp.WebAppEventSource@7c01bfb4
      defaultComponentMetaData = class com.ibm.ws.webcontainer.osgi.metadata.WebComponentMetaDataImpl@1de05775
      DEFER_SERVLET_REQUEST_LISTENER_DESTROY_ON_ERROR = false
    documentRoot = null
    SERVLET_API_VERSION = "Servlet 2.5"
    disableServletAuditLogging = -1
    serverInfo = "IBM WebSphere Liberty/${liberty.service.version}"
    sessionCtx = class com.ibm.ws.webcontainer31.session.impl.HttpSessionContext31Impl@759690ad
      methodClassName = "HttpSessionContextImpl"
      _smc = class com.ibm.ws.session.SessionManagerConfig@657af63
      sessionStoreService = null
      _sap = class com.ibm.ws.session.SessionApplicationParameters@4ab5bb41
      _coreHttpSessionManager = class com.ibm.ws.session.SessionManager@72c3ed21
      _coreHttpAppSessionManager = null
      _sam = class com.ibm.ws.webcontainer.session.impl.SessionAffinityManagerImpl@24ec2737
      isSIPApplication = false
      sessionAttributeListener = false
      sessionListener = true
      mHttpSessionAttributeListeners = class java.util.ArrayList@1f7bb87e
      mHttpSessionListeners = class java.util.ArrayList@78737763
      mHttpSessionIdListeners = class java.util.ArrayList@15b427a9
      mHttpSessionAttributeListenersJ2eeNames = class java.util.ArrayList@50247fb7
      mHttpSessionListenersJ2eeNames = class java.util.ArrayList@12de9585
      mHttpSessionIdListenersJ2eeNames = class java.util.ArrayList@717520d2
      mLocalHost = null
      _refCount = 1
      currentThreadSacHashtable = null
      methodClassName = "SessionContext"
      ANONYMOUS_USER = "anonymous"
      wasHttpSessionObserver = class com.ibm.ws.session.WasHttpSessionObserver@45c8d83a
      wasHttpSessionAttributeObserver = null
      _invalidator = class com.ibm.ws.session.SessionInvalidatorWithThreadPool@36e2def3
      _storer = class com.ibm.ws.session.EOSSessionStorer@50f61717
      wasHttpAppSessionObserver = null
      mHttpAppSessionListeners = null
      cmvcInfo = "CMVC Version 1.9 6/24/07 11:12:24"
      _loggedVersion = true
      CREATE_CORE_SESSION_MANAGER = 0
      GET_REQUESTED_SESSION_ID = 1
      GET_IHTTP_SESSION = 2
      SESSION_PRE_INVOKE = 3
      SESSION_POST_INVOKE = 4
      STOP = 5
      STOP_LISTENERS = 6
      IS_VALID = 7
      ENCODE_URL = 8
      SHOULD_ENCODE_URL = 9
      IS_PROTOCOL_SWITCH = 10
      GET_LOCAL_HOST = 11
      ADD_HTTP_SESSION_ATTRIBUTE_LISTENER = 12
      ADD_HTTP_SESSION_LISTENER = 13
      GET_SESSION_AFFINITY_CONTEXT = 14
      CHECK_SECURITY = 15
      INVALIDATE = 16
      CHECK_SESSSIONID_IS_RIGHT_LENGTH = 17
      LOCK_SESSION = 18
      UNLOCK_SESSION = 19
      ADD_HTTP_SESSION_ID_LISTENER = 20
      methodNames = class java.lang.String[21]
    eventSource = class com.ibm.ws.webcontainer.webapp.WebAppEventSource@7c01bfb4
    nls = class com.ibm.ejs.ras.TraceNLS@5954dfdf
      resolver = class com.ibm.ws.logging.internal.TraceNLSResolver@41292100
      finder = null
      ivBundleName = "com.ibm.ws.webcontainer.resources.Messages"
      caller = class java.lang.Class@16856f66
    liberty_nls = class com.ibm.ejs.ras.TraceNLS@8e7f7bd
      resolver = class com.ibm.ws.logging.internal.TraceNLSResolver@41292100
      finder = null
      ivBundleName = "com.ibm.ws.webcontainer.resources.LShimMessages"
      caller = class java.lang.Class@16856f66
    error_nls = class com.ibm.ejs.ras.TraceNLS@449522d
      resolver = class com.ibm.ws.logging.internal.TraceNLSResolver@41292100
      finder = null
      ivBundleName = "com.ibm.ws.webcontainer.resources.ErrorPage"
      caller = class java.lang.Class@16856f66
    sessionListeners = class java.util.ArrayList@459ba9f1
      serialVersionUID = 8683452581122892189
      DEFAULT_CAPACITY = 10
      EMPTY_ELEMENTDATA = class java.lang.Object[0]
      DEFAULTCAPACITY_EMPTY_ELEMENTDATA = class java.lang.Object[0]
      elementData = class java.lang.Object[10]
      size = 3
      MAX_ARRAY_SIZE = 2147483639
      modCount = 4
      MAX_ARRAY_SIZE = 2147483639
    sessionIdListeners = class java.util.ArrayList@3ace2cba
      serialVersionUID = 8683452581122892189
      DEFAULT_CAPACITY = 10
      EMPTY_ELEMENTDATA = class java.lang.Object[0]
      DEFAULTCAPACITY_EMPTY_ELEMENTDATA = class java.lang.Object[0]
      elementData = class java.lang.Object[0]
      size = 0
      MAX_ARRAY_SIZE = 2147483639
      modCount = 0
      MAX_ARRAY_SIZE = 2147483639
    sessionAttrListeners = class java.util.ArrayList@da37e41
      serialVersionUID = 8683452581122892189
      DEFAULT_CAPACITY = 10
      EMPTY_ELEMENTDATA = class java.lang.Object[0]
      DEFAULTCAPACITY_EMPTY_ELEMENTDATA = class java.lang.Object[0]
      elementData = class java.lang.Object[0]
      size = 0
      MAX_ARRAY_SIZE = 2147483639
      modCount = 1
      MAX_ARRAY_SIZE = 2147483639
    addedSessionListeners = class java.util.ArrayList@43b58de2
      serialVersionUID = 8683452581122892189
      DEFAULT_CAPACITY = 10
      EMPTY_ELEMENTDATA = class java.lang.Object[0]
      DEFAULTCAPACITY_EMPTY_ELEMENTDATA = class java.lang.Object[0]
      elementData = class java.lang.Object[0]
      size = 0
      MAX_ARRAY_SIZE = 2147483639
      modCount = 0
      MAX_ARRAY_SIZE = 2147483639
    addedSessionAttrListeners = class java.util.ArrayList@5bf97044
      serialVersionUID = 8683452581122892189
      DEFAULT_CAPACITY = 10
      EMPTY_ELEMENTDATA = class java.lang.Object[0]
      DEFAULTCAPACITY_EMPTY_ELEMENTDATA = class java.lang.Object[0]
      elementData = class java.lang.Object[0]
      size = 0
      MAX_ARRAY_SIZE = 2147483639
      modCount = 0
      MAX_ARRAY_SIZE = 2147483639
    servletContextListeners = class java.util.ArrayList@10993c7d
      serialVersionUID = 8683452581122892189
      DEFAULT_CAPACITY = 10
      EMPTY_ELEMENTDATA = class java.lang.Object[0]
      DEFAULTCAPACITY_EMPTY_ELEMENTDATA = class java.lang.Object[0]
      elementData = class java.lang.Object[10]
      size = 5
      MAX_ARRAY_SIZE = 2147483639
      modCount = 6
      MAX_ARRAY_SIZE = 2147483639
    servletContextLAttrListeners = class java.util.ArrayList@65e1959
      serialVersionUID = 8683452581122892189
      DEFAULT_CAPACITY = 10
      EMPTY_ELEMENTDATA = class java.lang.Object[0]
      DEFAULTCAPACITY_EMPTY_ELEMENTDATA = class java.lang.Object[0]
      elementData = class java.lang.Object[0]
      size = 0
      MAX_ARRAY_SIZE = 2147483639
      modCount = 1
      MAX_ARRAY_SIZE = 2147483639
    servletRequestListeners = class java.util.ArrayList@696b4eed
      serialVersionUID = 8683452581122892189
      DEFAULT_CAPACITY = 10
      EMPTY_ELEMENTDATA = class java.lang.Object[0]
      DEFAULTCAPACITY_EMPTY_ELEMENTDATA = class java.lang.Object[0]
      elementData = class java.lang.Object[10]
      size = 2
      MAX_ARRAY_SIZE = 2147483639
      modCount = 3
      MAX_ARRAY_SIZE = 2147483639
    servletRequestLAttrListeners = class java.util.ArrayList@790068d4
      serialVersionUID = 8683452581122892189
      DEFAULT_CAPACITY = 10
      EMPTY_ELEMENTDATA = class java.lang.Object[0]
      DEFAULTCAPACITY_EMPTY_ELEMENTDATA = class java.lang.Object[0]
      elementData = class java.lang.Object[0]
      size = 0
      MAX_ARRAY_SIZE = 2147483639
      modCount = 1
      MAX_ARRAY_SIZE = 2147483639
    prependSlashToResource = false
    destroyed = false
    webAppNameSpaceCollab = class com.ibm.ws.webcontainer.osgi.collaborator.WebAppNameSpaceCollaboratorImpl@4e71a958
    txCollab = class com.ibm.ws.transaction.services.WebAppTransactionCollaboratorImpl@3f7c433d
    sessionActivationListeners = class java.util.ArrayList@20a3c95d
      serialVersionUID = 8683452581122892189
      DEFAULT_CAPACITY = 10
      EMPTY_ELEMENTDATA = class java.lang.Object[0]
      DEFAULTCAPACITY_EMPTY_ELEMENTDATA = class java.lang.Object[0]
      elementData = class java.lang.Object[0]
      size = 0
      MAX_ARRAY_SIZE = 2147483639
      modCount = 1
      MAX_ARRAY_SIZE = 2147483639
    sessionBindingListeners = class java.util.ArrayList@564198c1
      serialVersionUID = 8683452581122892189
      DEFAULT_CAPACITY = 10
      EMPTY_ELEMENTDATA = class java.lang.Object[0]
      DEFAULTCAPACITY_EMPTY_ELEMENTDATA = class java.lang.Object[0]
      elementData = class java.lang.Object[0]
      size = 0
      MAX_ARRAY_SIZE = 2147483639
      modCount = 1
      MAX_ARRAY_SIZE = 2147483639
    scratchdir = null
    jspClassLoaderLimit = 0
    jspClassLoaderExclusionList = null
    jspClassLoadersMap = null
    jspClassLoaderLimitTrackIF = false
    defaultExtProc = null
    directoryBrowsingServlet = null
    cdiContexts = class java.util.concurrent.ConcurrentHashMap@656eb8c2
      serialVersionUID = 7249069246763182397
      MAXIMUM_CAPACITY = 1073741824
      DEFAULT_CAPACITY = 16
      MAX_ARRAY_SIZE = 2147483639
      DEFAULT_CONCURRENCY_LEVEL = 16
      LOAD_FACTOR = 0.75
      TREEIFY_THRESHOLD = 8
      UNTREEIFY_THRESHOLD = 6
      MIN_TREEIFY_CAPACITY = 64
      MIN_TRANSFER_STRIDE = 16
      RESIZE_STAMP_BITS = 16
      MAX_RESIZERS = 65535
      RESIZE_STAMP_SHIFT = 16
      MOVED = -1
      TREEBIN = -2
      RESERVED = -3
      HASH_BITS = 2147483647
      NCPU = 4
      serialPersistentFields = class java.io.ObjectStreamField[3]
      table = null
      nextTable = null
      baseCount = 0
      sizeCtl = 0
      transferIndex = 0
      cellsBusy = 0
      counterCells = null
      keySet = null
      values = null
      entrySet = null
      U = class sun.misc.Unsafe@28234763
      SIZECTL = 20
      TRANSFERINDEX = 32
      BASECOUNT = 24
      CELLSBUSY = 36
      CELLVALUE = 144
      ABASE = 16
      ASHIFT = 2
      keySet = null
      values = null
    moduleConfig = class com.ibm.ws.webcontainer.osgi.container.DeployedModule@1f522a73
      tc = class com.ibm.websphere.ras.TraceComponent@61b8a073
      loader = class com.ibm.ws.classloading.internal.ThreadContextClassLoader@ece4b7a
      webApp = class com.ibm.ws.webcontainer31.osgi.webapp.WebApp31@454f7ea8
      webAppConfig = class com.ibm.ws.webcontainer.osgi.webapp.WebAppConfiguration@5f05745a
      contextRootAdded = null
      properContextRoot = "/webapi"
      mappingContextRoot = "/webapi/*"
      serialVersionUID = -2104814060051592457
      $$$tc$$$ = class com.ibm.websphere.ras.TraceComponent@202e65ed
    extensionFactories = class java.util.ArrayList@2105f1e5
      serialVersionUID = 8683452581122892189
      DEFAULT_CAPACITY = 10
      EMPTY_ELEMENTDATA = class java.lang.Object[0]
      DEFAULTCAPACITY_EMPTY_ELEMENTDATA = class java.lang.Object[0]
      elementData = class java.lang.Object[10]
      size = 4
      MAX_ARRAY_SIZE = 2147483639
      modCount = 9
      MAX_ARRAY_SIZE = 2147483639
    initialized = true
    lock = class com.ibm.ws.webcontainer.webapp.WebApp$1@7b58e294
      this$0 = class com.ibm.ws.webcontainer31.osgi.webapp.WebApp31@454f7ea8
    afterServletContextCreated = false
    redirectContextRoot = false
    errorExceptionTypeFirst = false
    initFilterBeforeServletInit = false
    sortedServletConfigs = class java.util.ArrayList@6b60fd95
      serialVersionUID = 8683452581122892189
      DEFAULT_CAPACITY = 10
      EMPTY_ELEMENTDATA = class java.lang.Object[0]
      DEFAULTCAPACITY_EMPTY_ELEMENTDATA = class java.lang.Object[0]
      elementData = class java.lang.Object[10]
      size = 1
      MAX_ARRAY_SIZE = 2147483639
      modCount = 1
      MAX_ARRAY_SIZE = 2147483639
    effectiveMajorVersion = 3
    effectiveMinorVersion = 0
    canAddServletContextListener = true
    withinContextInitOfProgAddListener = false
    lastProgAddListenerInitialized = "com.ibm.ws.cache.CacheServiceImpl"
    webInfLibClassloader = null
    metaInfCache = class com.ibm.ws.webcontainer.webapp.WebApp$2@656f4338
      this$0 = class com.ibm.ws.webcontainer31.osgi.webapp.WebApp31@454f7ea8
      serialVersionUID = 3801124242820219131
      head = null
      tail = null
      accessOrder = true
      serialVersionUID = 362498820763181265
      DEFAULT_INITIAL_CAPACITY = 16
      MAXIMUM_CAPACITY = 1073741824
      DEFAULT_LOAD_FACTOR = 0.75
      TREEIFY_THRESHOLD = 8
      UNTREEIFY_THRESHOLD = 6
      MIN_TREEIFY_CAPACITY = 64
      table = null
      entrySet = null
      size = 0
      modCount = 0
      threshold = 32
      loadFactor = 1.0
      keySet = null
      values = null
    useMetaInfCache = true
    SUN_CONFIGURE_LISTENER_CLASSNAME = "com.sun.faces.config.ConfigureListener"
    MYFACES_LIFECYCLE_LISTENER_CLASSNAME = "org.apache.myfaces.webapp.StartupServletContextListener"
    JSF_IMPL_ENABLED_PARAM = "com.ibm.ws.jsf.JSF_IMPL_ENABLED"
    JSF_IMPL_ENABLED_CUSTOM = "Custom"
    JSF_IMPL_ENABLED_NONE = "None"
    staticDocRoot = class com.ibm.ws.webcontainer.util.DocumentRootUtils@6beb1ca9
      logger = class com.ibm.ws.logging.internal.WsLogger@321cf8d0
      CLASS_NAME = "com.ibm.ws.webcontainer.util.DocumentRootUtils"
      useContentLength = false
      matchedFile = null
      matchedZipFile = null
      matchedEntry = null
      matchedURL = null
      edrRoot = null
      pfedrRoot = null
      ctxt = class com.ibm.ws.webcontainer31.osgi.webapp.WebApp31@454f7ea8
      baseDir = null
      edr = null
      pfedr = null
      metaInfRes = null
      searchpfEDR = false
      searchEDR = false
      searchMetaInfRes = true
      matchFromEDR = false
      matchFromMetaInfRes = false
      matchIsADirectory = false
      appConfig = class com.ibm.ws.webcontainer.osgi.webapp.WebAppConfiguration@5f05745a
      attributeType = "staticFile"
      STATIC_FILE = "staticFile"
      JSP = "jsp"
      PFEDR = "preFragmentExtendedDocumentRoot"
      EDR = "extendedDocumentRoot"
    jspDocRoot = class com.ibm.ws.webcontainer.util.DocumentRootUtils@579b1f02
      logger = class com.ibm.ws.logging.internal.WsLogger@321cf8d0
      CLASS_NAME = "com.ibm.ws.webcontainer.util.DocumentRootUtils"
      useContentLength = false
      matchedFile = null
      matchedZipFile = null
      matchedEntry = null
      matchedURL = null
      edrRoot = null
      pfedrRoot = null
      ctxt = class com.ibm.ws.webcontainer31.osgi.webapp.WebApp31@454f7ea8
      baseDir = null
      edr = null
      pfedr = null
      metaInfRes = null
      searchpfEDR = false
      searchEDR = false
      searchMetaInfRes = true
      matchFromEDR = false
      matchFromMetaInfRes = false
      matchIsADirectory = false
      appConfig = class com.ibm.ws.webcontainer.osgi.webapp.WebAppConfiguration@5f05745a
      attributeType = "jsp"
      STATIC_FILE = "staticFile"
      JSP = "jsp"
      PFEDR = "preFragmentExtendedDocumentRoot"
      EDR = "extendedDocumentRoot"
    container = class com.ibm.ws.adaptable.module.internal.AdaptableContainerImpl@df1b315
      root = class com.ibm.ws.adaptable.module.internal.AdaptableContainerImpl@df1b315
      rootOverlay = class com.ibm.ws.artifact.overlay.internal.DirectoryBasedOverlayContainerImpl@6a47886a
      factoryHolder = class com.ibm.ws.adaptable.module.internal.AdaptableModuleFactoryImpl@6d020f51
      delegate = class com.ibm.ws.artifact.overlay.internal.DirectoryBasedOverlayContainerImpl@6a47886a
      notifier = class com.ibm.ws.adaptable.module.internal.NotifierImpl@6d2f0697
      serialVersionUID = -5621513278641113667
      $$$tc$$$ = class com.ibm.websphere.ras.TraceComponent@2e6b673d
    metaInfResourceFinder = class com.ibm.ws.webcontainer.util.MetaInfResourceFinder@3b7bcc31
      jarResourceContainers = class java.util.ArrayList@7e364364
      container = class com.ibm.ws.adaptable.module.internal.AdaptableContainerImpl@df1b315
    postConstructMethods = class com.ibm.ws.webcontainer.webapp.WebApp$AnnotatedMethods@24123ee5
      annotationClass = class java.lang.Class@45a568b6
      noOpClassNames = class java.util.HashSet@6aeb193e
      annotatedMethodNames = class java.util.concurrent.ConcurrentHashMap@441c760e
      EMPTY_METHODS = class java.lang.reflect.Method[0]
    preDestroyMethods = class com.ibm.ws.webcontainer.webapp.WebApp$AnnotatedMethods@172f609a
      annotationClass = class java.lang.Class@337632f
      noOpClassNames = class java.util.HashSet@7feb3e24
      annotatedMethodNames = class java.util.concurrent.ConcurrentHashMap@6a654a75
      EMPTY_METHODS = class java.lang.reflect.Method[0]
    upgraded = false
    OBJ_EMPTY = class java.lang.Object[0]
    CLASS_EMPTY = class java.lang.Class[0]
    DEFAULT_JSP_EXTENSIONS = class java.util.ArrayList@18c30e72
      serialVersionUID = 8683452581122892189
      DEFAULT_CAPACITY = 10
      EMPTY_ELEMENTDATA = class java.lang.Object[0]
      DEFAULTCAPACITY_EMPTY_ELEMENTDATA = class java.lang.Object[0]
      elementData = class java.lang.Object[10]
      size = 4
      MAX_ARRAY_SIZE = 2147483639
      modCount = 4
      MAX_ARRAY_SIZE = 2147483639
    DEFER_SERVLET_REQUEST_LISTENER_DESTROY_ON_ERROR = false
    DO_ACCEPT_PARTIAL = true
    DO_NOT_ACCEPT_PARTIAL = false
    DO_ACCEPT_EXCLUDED = true
    DO_NOT_ACCEPT_EXCLUDED = false
    commands = class java.util.ArrayList@486cbf4b
      serialVersionUID = 8683452581122892189
      DEFAULT_CAPACITY = 10
      EMPTY_ELEMENTDATA = class java.lang.Object[0]
      DEFAULTCAPACITY_EMPTY_ELEMENTDATA = class java.lang.Object[0]
      elementData = class java.lang.Object[3]
      size = 0
      MAX_ARRAY_SIZE = 2147483639
      modCount = 0
      MAX_ARRAY_SIZE = 2147483639
    requestMapper = class com.ibm.wsspi.webcontainer.util.URIMapper@242b3d6c
      matcher = class com.ibm.wsspi.webcontainer.util.URIMatcher@58be2ae9
    parent = class com.ibm.ws.webcontainer.osgi.webapp.WebGroup@241b0705
      tc = class com.ibm.websphere.ras.TraceComponent@7248a9ac
      logger = class com.ibm.ws.logging.internal.WsLogger@6849e2be
      CLASS_NAME = "com.ibm.ws.webcontainer.webapp.WebGroup"
      sessUrlRewritePrefix = ";jsessionid="
      qMark = "?"
      config = class com.ibm.ws.webcontainer.osgi.webapp.WebGroupConfiguration@3f7d50b5
      webApp = class com.ibm.ws.webcontainer31.osgi.webapp.WebApp31@454f7ea8
      commands = class java.util.ArrayList@53fdde97
      requestMapper = null
      parent = class com.ibm.ws.webcontainer.osgi.DynamicVirtualHost@1783c280
      name = "/webapi/*"
      isAlive = true
      subElements = class java.util.HashMap@63b53bfd
      attributes = null
      config = null
      serialVersionUID = -8271459000149267764
      $$$tc$$$ = class com.ibm.websphere.ras.TraceComponent@4f89815d
    name = "org.tec.datos1.messenger.webapi"
    isAlive = true
    subElements = null
    attributes = class java.util.concurrent.ConcurrentHashMap@169bfafa
      serialVersionUID = 7249069246763182397
      MAXIMUM_CAPACITY = 1073741824
      DEFAULT_CAPACITY = 16
      MAX_ARRAY_SIZE = 2147483639
      DEFAULT_CONCURRENCY_LEVEL = 16
      LOAD_FACTOR = 0.75
      TREEIFY_THRESHOLD = 8
      UNTREEIFY_THRESHOLD = 6
      MIN_TREEIFY_CAPACITY = 64
      MIN_TRANSFER_STRIDE = 16
      RESIZE_STAMP_BITS = 16
      MAX_RESIZERS = 65535
      RESIZE_STAMP_SHIFT = 16
      MOVED = -1
      TREEBIN = -2
      RESERVED = -3
      HASH_BITS = 2147483647
      NCPU = 4
      serialPersistentFields = class java.io.ObjectStreamField[3]
      table = class java.util.concurrent.ConcurrentHashMap$Node[32]
      nextTable = null
      baseCount = 20
      sizeCtl = 24
      transferIndex = 0
      cellsBusy = 0
      counterCells = null
      keySet = null
      values = null
      entrySet = class java.util.concurrent.ConcurrentHashMap$EntrySetView@2ff1cda3
      U = class sun.misc.Unsafe@28234763
      SIZECTL = 20
      TRANSFERINDEX = 32
      BASECOUNT = 24
      CELLSBUSY = 36
      CELLVALUE = 144
      ABASE = 16
      ASHIFT = 2
      keySet = null
      values = null
    config = null
    serialVersionUID = -8271459000149267764
    $$$tc$$$ = class com.ibm.websphere.ras.TraceComponent@4f89815d
      strings[0] = "TraceComponent[com.ibm.ws.container.AbstractContainer,class com.ibm.ws.container.AbstractContainer,[],null,null]"
  target = class org.glassfish.jersey.servlet.ServletContainer@6306fc8c
    serialVersionUID = 3932047066686065219
    LOGGER = class org.glassfish.jersey.internal.util.ExtendedLogger@65536772
      logger = class com.ibm.ws.logging.internal.WsLogger@12b1edd2
      debugLevel = class java.util.logging.Level@4803bae8
    filterConfig = null
    webComponent = null
    resourceConfig = null
    staticContentPattern = null
    filterContextPath = null
    filterUrlMappings = null
    containerListener = null
    METHOD_DELETE = "DELETE"
    METHOD_HEAD = "HEAD"
    METHOD_GET = "GET"
    METHOD_OPTIONS = "OPTIONS"
    METHOD_POST = "POST"
    METHOD_PUT = "PUT"
    METHOD_TRACE = "TRACE"
    HEADER_IFMODSINCE = "If-Modified-Since"
    HEADER_LASTMOD = "Last-Modified"
    LSTRING_FILE = "javax.servlet.http.LocalStrings"
    lStrings = class java.util.PropertyResourceBundle@7099b75c
      lookup = class java.util.HashMap@2b93534e
      INITIAL_CACHE_SIZE = 32
      NONEXISTENT_BUNDLE = class java.util.ResourceBundle$1@81221e7
      cacheList = class java.util.concurrent.ConcurrentHashMap@1314da3a
      referenceQueue = class java.lang.ref.ReferenceQueue@2068382c
      parent = class java.util.PropertyResourceBundle@6e9be91
      locale = class java.util.Locale@5c08f2d
      name = "javax.servlet.http.LocalStrings"
      expired = false
      cacheKey = class java.util.ResourceBundle$CacheKey@7d1f086
      keySet = null
      providers = null
      $assertionsDisabled = true
    LSTRING_FILE = "javax.servlet.LocalStrings"
    lStrings = class java.util.PropertyResourceBundle@4da5c375
    config = class com.ibm.ws.webcontainer.servlet.ServletConfig@43a7fbf2
  cacheWrappers = null
  targetLoader = class com.ibm.ws.classloading.internal.ThreadContextClassLoader@ece4b7a
    tc = class com.ibm.websphere.ras.TraceComponent@4c21902d
      strings[0] = "TraceComponent[com.ibm.ws.classloading.internal.ThreadContextClassLoader,class com.ibm.ws.classloading.internal.ThreadContextClassLoader,[ClassLoadingService],com.ibm.ws.classloading.internal.resources.ClassLoadingServiceMessages,null]"
    bundle = class java.util.concurrent.atomic.AtomicReference@557078b7
      serialVersionUID = -1848883965231344442
      unsafe = class sun.misc.Unsafe@28234763
      valueOffset = 12
      value = class org.eclipse.osgi.internal.framework.EquinoxBundle@4030d9fe
    key = "WebModule:org.tec.datos1.messenger.webapi#org.tec.datos1.messenger.webapi.war"
    refCount = class java.util.concurrent.atomic.AtomicInteger@3438836d
      serialVersionUID = 6214790243416807050
      unsafe = class sun.misc.Unsafe@28234763
      valueOffset = 12
      value = 3
      serialVersionUID = -8742448824652078965
    appLoader = class com.ibm.ws.classloading.internal.AppClassLoader@11ba96d3
    clSvc = class com.ibm.ws.classloading.internal.ClassLoadingServiceImpl@68e27b4b
      tc = class com.ibm.websphere.ras.TraceComponent@dcb7199
      leakDetectionMap = class java.util.HashMap@3b566fc9
      TCCL_LOCK_WAIT = 15000
      REFERENCE_GENERATORS = "generators"
      bundleContext = class org.eclipse.osgi.internal.framework.BundleContextImpl@7f8f2b48
      aclStore = class com.ibm.ws.classloading.internal.util.CanonicalStore@3514f7f6
      tcclStore = class com.ibm.ws.classloading.internal.util.CanonicalStore@808a5e0
      tcclStoreLock = class java.util.concurrent.locks.ReentrantLock@492d0028
      digraph = class org.eclipse.equinox.internal.region.StandardRegionDigraph@418d16e3
      redefiner = class com.ibm.ws.classloading.internal.util.ClassRedefiner@7544dbea
      listener = class com.ibm.ws.classloading.internal.ClassLoadingServiceImpl$1@5334f263
      classloaders = class java.util.Collections$SynchronizedMap@1e5e7a40
      resourceProviders = class com.ibm.ws.classloading.internal.CompositeResourceProvider@643a30
      rememberedBundles = class java.util.concurrent.ConcurrentHashMap@3fd315e3
      collectedBundles = class java.lang.ref.ReferenceQueue@16c036f4
      generatorRefs = class com.ibm.wsspi.kernel.service.utils.ConcurrentServiceReferenceSet@629369a5
      generatorManager = class com.ibm.ws.classloading.internal.ClassGeneratorManager@715de149
      metaInfServicesProviders = class java.util.concurrent.ConcurrentHashMap@ff293cd
      metaInfServicesRefs = class com.ibm.wsspi.kernel.service.utils.ConcurrentServiceReferenceMap@28a9f3dd
      protectionDomainMap = class java.util.HashMap@3f4907aa
      metadataIdentifierService = class com.ibm.ws.container.service.metadata.internal.MetaDataServiceImpl@140a5075
      serialVersionUID = 4744076773827852552
    serialVersionUID = 846416563800781557
    followOnClassLoaders = class java.util.ArrayList@5bb85d0f
      serialVersionUID = 8683452581122892189
      DEFAULT_CAPACITY = 10
      EMPTY_ELEMENTDATA = class java.lang.Object[0]
      DEFAULTCAPACITY_EMPTY_ELEMENTDATA = class java.lang.Object[0]
      elementData = class java.lang.Object[10]
      size = 1
      MAX_ARRAY_SIZE = 2147483639
      modCount = 1
      MAX_ARRAY_SIZE = 2147483639
    serialVersionUID = -5107316606107305512
    $$$tc$$$ = class com.ibm.websphere.ras.TraceComponent@63f656f0
      strings[0] = "TraceComponent[com.ibm.ws.classloading.internal.UnifiedClassLoader,class com.ibm.ws.classloading.internal.UnifiedClassLoader,[ClassLoadingService],com.ibm.ws.classloading.internal.resources.ClassLoadingServiceMessages,null]"
    serialVersionUID = -4868702105808481416
    $$$tc$$$ = class com.ibm.websphere.ras.TraceComponent@53026be
      strings[0] = "TraceComponent[com.ibm.ws.classloading.internal.LibertyLoader,class com.ibm.ws.classloading.internal.LibertyLoader,[ClassLoadingService],com.ibm.ws.classloading.internal.resources.ClassLoadingServiceMessages,null]"
    serialVersionUID = 2596921220292114344
    $$$tc$$$ = class com.ibm.websphere.ras.TraceComponent@36dfc0a3
      strings[0] = "TraceComponent[com.ibm.ws.classloading.LibertyClassLoader,class com.ibm.ws.classloading.LibertyClassLoader,[ClassLoadingService],com.ibm.ws.classloading.internal.resources.ClassLoadingServiceMessages,null]"
    initialized = true
    pdcache = class java.util.HashMap@4e93e0c
      serialVersionUID = 362498820763181265
      DEFAULT_INITIAL_CAPACITY = 16
      MAXIMUM_CAPACITY = 1073741824
      DEFAULT_LOAD_FACTOR = 0.75
      TREEIFY_THRESHOLD = 8
      UNTREEIFY_THRESHOLD = 6
      MIN_TREEIFY_CAPACITY = 64
      table = null
      entrySet = null
      size = 0
      modCount = 0
      threshold = 16
      loadFactor = 0.75
      keySet = null
      values = null
    debug = null
    parent = class com.ibm.ws.classloading.internal.GatewayClassLoader@7d7fd04f
      config = class com.ibm.ws.classloading.internal.GatewayConfigurationImpl@434c6741
      wiringMonitor = class com.ibm.ws.classloading.internal.GatewayClassLoader$1@3be39f61
      bundle = class org.eclipse.osgi.internal.framework.EquinoxBundle@4030d9fe
      wiring = class org.eclipse.osgi.container.ModuleWiring@48759b89
      bundleLoader = class org.eclipse.osgi.internal.loader.EquinoxClassLoader@20323718
      resourceProviders = class com.ibm.ws.classloading.internal.CompositeResourceProvider@643a30
      serialVersionUID = -4256474098847905153
      $$$tc$$$ = class com.ibm.websphere.ras.TraceComponent@45295c36
      parent = class sun.misc.Launcher$AppClassLoader@18b4aac2
      parallelLockMap = null
      package2certs = class java.util.Hashtable@27dba5ca
      nocerts = class java.security.cert.Certificate[0]
      classes = class java.util.Vector@4396db6b
      defaultDomain = class java.security.ProtectionDomain@722dbef6
      domains = class java.util.HashSet@5339af39
      packages = class java.util.HashMap@2936a561
      scl = class sun.misc.Launcher$AppClassLoader@18b4aac2
      sclSet = true
      loadedLibraryNames = class java.util.Vector@1b6ea8e0
      systemNativeLibraries = class java.util.Vector@6361a480
      nativeLibraries = class java.util.Vector@5c0e7eaf
      nativeLibraryContext = class java.util.Stack@6fcd8eaa
      usr_paths = class java.lang.String[6]
      sys_paths = class java.lang.String[1]
      assertionLock = class com.ibm.ws.classloading.internal.GatewayClassLoader@7d7fd04f
      defaultAssertionStatus = false
      packageAssertionStatus = null
      classAssertionStatus = null
    parallelLockMap = null
    package2certs = class java.util.Hashtable@1da04bbb
      table = class java.util.Hashtable$Entry[11]
      count = 0
      threshold = 8
      loadFactor = 0.75
      modCount = 0
      serialVersionUID = 1421746759512286392
      MAX_ARRAY_SIZE = 2147483639
      keySet = null
      entrySet = null
      values = null
      KEYS = 0
      VALUES = 1
      ENTRIES = 2
    nocerts = class java.security.cert.Certificate[0]
    classes = class java.util.Vector@6acbaa8f
      elementData = class java.lang.Object[10]
      elementCount = 0
      capacityIncrement = 0
      serialVersionUID = -2767605614048989439
      MAX_ARRAY_SIZE = 2147483639
      modCount = 0
      MAX_ARRAY_SIZE = 2147483639
    defaultDomain = class java.security.ProtectionDomain@7ef0c0e5
      codesource = class java.security.CodeSource@2166ba7d
      classloader = class com.ibm.ws.classloading.internal.ThreadContextClassLoader@ece4b7a
      principals = interface java.security.Principal[0]
      permissions = null
      hasAllPerm = false
      staticPermissions = false
      key = class java.security.ProtectionDomain$Key@55674385
      debug = null
    domains = class java.util.HashSet@33a48869
      serialVersionUID = -5024744406713321676
      map = class java.util.HashMap@86ef115
      PRESENT = class java.lang.Object@1fad62b1
      MAX_ARRAY_SIZE = 2147483639
    packages = class java.util.HashMap@2c46e035
      serialVersionUID = 362498820763181265
      DEFAULT_INITIAL_CAPACITY = 16
      MAXIMUM_CAPACITY = 1073741824
      DEFAULT_LOAD_FACTOR = 0.75
      TREEIFY_THRESHOLD = 8
      UNTREEIFY_THRESHOLD = 6
      MIN_TREEIFY_CAPACITY = 64
      table = null
      entrySet = null
      size = 0
      modCount = 0
      threshold = 0
      loadFactor = 0.75
      keySet = null
      values = null
    scl = class sun.misc.Launcher$AppClassLoader@18b4aac2
      ucp = class sun.misc.URLClassPath@81c811f
      $assertionsDisabled = true
      ucp = class sun.misc.URLClassPath@81c811f
      acc = class java.security.AccessControlContext@66763ae2
      closeables = class java.util.WeakHashMap@50f2c51a
      initialized = true
      pdcache = class java.util.HashMap@1a708990
      debug = null
      parent = class sun.misc.Launcher$ExtClassLoader@42cb915
      parallelLockMap = class java.util.concurrent.ConcurrentHashMap@7688e7b8
      package2certs = class java.util.concurrent.ConcurrentHashMap@21fe72a1
      nocerts = class java.security.cert.Certificate[0]
      classes = class java.util.Vector@6762b991
      defaultDomain = class java.security.ProtectionDomain@79c080e4
      domains = class java.util.Collections$SynchronizedSet@48c40d43
      packages = class java.util.HashMap@1a7d1580
      scl = class sun.misc.Launcher$AppClassLoader@18b4aac2
      sclSet = true
      loadedLibraryNames = class java.util.Vector@1b6ea8e0
      systemNativeLibraries = class java.util.Vector@6361a480
      nativeLibraries = class java.util.Vector@68a1996f
      nativeLibraryContext = class java.util.Stack@6fcd8eaa
      usr_paths = class java.lang.String[6]
      sys_paths = class java.lang.String[1]
      assertionLock = class java.lang.Object@159be33f
      defaultAssertionStatus = false
      packageAssertionStatus = null
      classAssertionStatus = null
    sclSet = true
    loadedLibraryNames = class java.util.Vector@1b6ea8e0
      elementData = class java.lang.Object[10]
      elementCount = 6
      capacityIncrement = 0
      serialVersionUID = -2767605614048989439
      MAX_ARRAY_SIZE = 2147483639
      modCount = 6
      MAX_ARRAY_SIZE = 2147483639
    systemNativeLibraries = class java.util.Vector@6361a480
      elementData = class java.lang.Object[10]
      elementCount = 5
      capacityIncrement = 0
      serialVersionUID = -2767605614048989439
      MAX_ARRAY_SIZE = 2147483639
      modCount = 5
      MAX_ARRAY_SIZE = 2147483639
    nativeLibraries = class java.util.Vector@74918f45
      elementData = class java.lang.Object[10]
      elementCount = 0
      capacityIncrement = 0
      serialVersionUID = -2767605614048989439
      MAX_ARRAY_SIZE = 2147483639
      modCount = 0
      MAX_ARRAY_SIZE = 2147483639
    nativeLibraryContext = class java.util.Stack@6fcd8eaa
      serialVersionUID = 1224463164541339165
      elementData = class java.lang.Object[10]
      elementCount = 0
      capacityIncrement = 0
      serialVersionUID = -2767605614048989439
      MAX_ARRAY_SIZE = 2147483639
      modCount = 12
      MAX_ARRAY_SIZE = 2147483639
    usr_paths = class java.lang.String[6]
      usr_paths[0] = "/Users/Jai/Library/Java/Extensions"
      usr_paths[1] = "/Library/Java/Extensions"
      usr_paths[2] = "/Network/Library/Java/Extensions"
      usr_paths[3] = "/System/Library/Java/Extensions"
      usr_paths[4] = "/usr/lib/java"
      usr_paths[5] = "."
    sys_paths = class java.lang.String[1]
      sys_paths[0] = "/Library/Java/JavaVirtualMachines/jdk1.8.0_144.jdk/Contents/Home/jre/lib"
    assertionLock = class com.ibm.ws.classloading.internal.ThreadContextClassLoader@ece4b7a
    defaultAssertionStatus = false
    packageAssertionStatus = null
    classAssertionStatus = null
  evtSource = class com.ibm.ws.webcontainer.webapp.WebAppEventSource@7c01bfb4
    _invocationListeners = class com.ibm.ws.webcontainer.util.EventListeners@3346f1c2
      EMPTY_LISTENERS = interface java.util.EventListener[0]
      logger = class com.ibm.ws.logging.internal.WsLogger@321cf8d0
      CLASS_NAME = "com.ibm.ws.webcontainer.util.EventListeners"
      listeners = interface java.util.EventListener[0]
    _servletListeners = class com.ibm.ws.webcontainer.util.EventListeners@707f2fe0
      EMPTY_LISTENERS = interface java.util.EventListener[0]
      logger = class com.ibm.ws.logging.internal.WsLogger@321cf8d0
      CLASS_NAME = "com.ibm.ws.webcontainer.util.EventListeners"
      listeners = interface java.util.EventListener[0]
    _errorListeners = class com.ibm.ws.webcontainer.util.EventListeners@4c74279a
      EMPTY_LISTENERS = interface java.util.EventListener[0]
      logger = class com.ibm.ws.logging.internal.WsLogger@321cf8d0
      CLASS_NAME = "com.ibm.ws.webcontainer.util.EventListeners"
      listeners = interface java.util.EventListener[0]
    _applicationListeners = class com.ibm.ws.webcontainer.util.EventListeners@3f51377c
      EMPTY_LISTENERS = interface java.util.EventListener[0]
      logger = class com.ibm.ws.logging.internal.WsLogger@321cf8d0
      CLASS_NAME = "com.ibm.ws.webcontainer.util.EventListeners"
      listeners = interface java.util.EventListener[0]
    _filterInvocationListeners = class com.ibm.ws.webcontainer.util.EventListeners@3b1d19b5
      EMPTY_LISTENERS = interface java.util.EventListener[0]
      logger = class com.ibm.ws.logging.internal.WsLogger@321cf8d0
      CLASS_NAME = "com.ibm.ws.webcontainer.util.EventListeners"
      listeners = interface java.util.EventListener[0]
    _filterListeners = class com.ibm.ws.webcontainer.util.EventListeners@32142119
      EMPTY_LISTENERS = interface java.util.EventListener[0]
      logger = class com.ibm.ws.logging.internal.WsLogger@321cf8d0
      CLASS_NAME = "com.ibm.ws.webcontainer.util.EventListeners"
      listeners = interface java.util.EventListener[0]
    _filterErrorListeners = class com.ibm.ws.webcontainer.util.EventListeners@5f318836
      EMPTY_LISTENERS = interface java.util.EventListener[0]
      logger = class com.ibm.ws.logging.internal.WsLogger@321cf8d0
      CLASS_NAME = "com.ibm.ws.webcontainer.util.EventListeners"
      listeners = interface java.util.EventListener[0]
  event = class com.ibm.websphere.servlet.event.ServletEvent@32382b92
    serialVersionUID = 3906650803920713522
    _servletName = "Jersey Servlet"
    _servletClassName = "org.glassfish.jersey.servlet.ServletContainer"
    $$$tc$$$ = class com.ibm.websphere.ras.TraceComponent@45f4ab25
      strings[0] = "TraceComponent[com.ibm.websphere.servlet.event.ServletEvent,class com.ibm.websphere.servlet.event.ServletEvent,[],null,null]"
    serialVersionUID = 3546927969739289392
    _context = class com.ibm.ws.webcontainer31.facade.ServletContextFacade31@3e40286e
    _servletNames = class com.ibm.ws.webcontainer.util.EmptyEnumeration@670c905e
      serialVersionUID = 3546642126931963953
      _instance = class com.ibm.ws.webcontainer.util.EmptyEnumeration@670c905e
    $$$tc$$$ = class com.ibm.websphere.ras.TraceComponent@385595df
      strings[0] = "TraceComponent[com.ibm.websphere.servlet.event.ApplicationEvent,class com.ibm.websphere.servlet.event.ApplicationEvent,[],null,null]"
    serialVersionUID = 5516075349620653480
    source = class com.ibm.ws.webcontainer.osgi.servlet.ServletWrapper@357b4ad3
  unavailableMessage = null
  unavailableUntil = -1
  isSTM = false
  internalServlet = false
  webAppInvocationCollaborators = null
  platformHelper = class com.ibm.ws.webcontainer.PlatformHelper@32f5ac9f
  webAppNameSpaceCollab = class com.ibm.ws.webcontainer.osgi.collaborator.WebAppNameSpaceCollaboratorImpl@4e71a958
    cmdai = class com.ibm.ws.threadContext.ComponentMetaDataAccessorImpl@3954ef5a
      tc = class com.ibm.websphere.ras.TraceComponent@2103a92c
      cmdai = class com.ibm.ws.threadContext.ComponentMetaDataAccessorImpl@3954ef5a
      threadContext = class com.ibm.ws.threadContext.ThreadContextImpl@6e2824fe
      defaultCMD = null
  txCollab = class com.ibm.ws.transaction.services.WebAppTransactionCollaboratorImpl@3f7c433d
    tc = class com.ibm.websphere.ras.TraceComponent@a31910d
      strings[0] = "TraceComponent[com.ibm.ws.transaction.services.WebAppTransactionCollaboratorImpl,class com.ibm.ws.transaction.services.WebAppTransactionCollaboratorImpl,[transaction],com.ibm.ws.transaction.services.TransactionMessages,null]"
    ltCurrentRef = class com.ibm.wsspi.kernel.service.utils.AtomicServiceReference@3f677639
      referenceName = "ltCurrent"
      tuple = class java.util.concurrent.atomic.AtomicReference@6e175592
      serialVersionUID = 2226592364007985000
      $$$tc$$$ = class com.ibm.websphere.ras.TraceComponent@103e93f3
    tranMgrRef = class com.ibm.wsspi.kernel.service.utils.AtomicServiceReference@6b59eec9
      referenceName = "tranMgr"
      tuple = class java.util.concurrent.atomic.AtomicReference@3ff4adb
      serialVersionUID = 2226592364007985000
      $$$tc$$$ = class com.ibm.websphere.ras.TraceComponent@103e93f3
    userTranRef = class com.ibm.wsspi.kernel.service.utils.AtomicServiceReference@4d5550e0
      referenceName = "userTran"
      tuple = class java.util.concurrent.atomic.AtomicReference@3ac92739
      serialVersionUID = 2226592364007985000
      $$$tc$$$ = class com.ibm.websphere.ras.TraceComponent@103e93f3
    uowCallbackRef = class com.ibm.wsspi.kernel.service.utils.AtomicServiceReference@44a31e52
      referenceName = "uowCallback"
      tuple = class java.util.concurrent.atomic.AtomicReference@24a79f73
      serialVersionUID = 2226592364007985000
      $$$tc$$$ = class com.ibm.websphere.ras.TraceComponent@103e93f3
    serialVersionUID = -8319003162899973281
  connCollab = class com.ibm.ws.webcontainer.collaborator.ConnectionCollaborator@4ceb8bfb
  suppressServletExceptionLogging = false
  throwExceptionEnum = class java.util.RegularEnumSet@536547ad
    serialVersionUID = 3411599620347842686
    elements = 256
    elementType = class java.lang.Class@45d88167
      ANNOTATION = 8192
      ENUM = 16384
      SYNTHETIC = 4096
      cachedConstructor = null
      newInstanceCallerCache = null
      name = "com.ibm.wsspi.webcontainer.collaborator.CollaboratorInvocationEnum"
      allPermDomain = class java.security.ProtectionDomain@66fbf92
      useCaches = true
      reflectionData = class java.lang.ref.SoftReference@6267a2df
      classRedefinedCount = 0
      genericInfo = null
      serialVersionUID = 3206093459760846163
      serialPersistentFields = class java.io.ObjectStreamField[0]
      reflectionFactory = class sun.reflect.ReflectionFactory@3e1477b
      initted = true
      enumConstants = class com.ibm.wsspi.webcontainer.collaborator.CollaboratorInvocationEnum[9]
      enumConstantDirectory = null
      annotationData = null
      annotationType = null
      classValueMap = null
    universe = class com.ibm.wsspi.webcontainer.collaborator.CollaboratorInvocationEnum[9]
      universe[0] = class com.ibm.wsspi.webcontainer.collaborator.CollaboratorInvocationEnum@5129ccc4
      universe[1] = class com.ibm.wsspi.webcontainer.collaborator.CollaboratorInvocationEnum@6ed98d5c
      universe[2] = class com.ibm.wsspi.webcontainer.collaborator.CollaboratorInvocationEnum@2093627
      universe[3] = class com.ibm.wsspi.webcontainer.collaborator.CollaboratorInvocationEnum@162985be
      universe[4] = class com.ibm.wsspi.webcontainer.collaborator.CollaboratorInvocationEnum@9793453
      universe[5] = class com.ibm.wsspi.webcontainer.collaborator.CollaboratorInvocationEnum@2b68fb4d
      universe[6] = class com.ibm.wsspi.webcontainer.collaborator.CollaboratorInvocationEnum@609b4809
      universe[7] = class com.ibm.wsspi.webcontainer.collaborator.CollaboratorInvocationEnum@3a4535d1
      universe[8] = class com.ibm.wsspi.webcontainer.collaborator.CollaboratorInvocationEnum@7ade5566
    ZERO_LENGTH_ENUM_ARRAY = class java.lang.Enum[0]
    MAX_ARRAY_SIZE = 2147483639
  discernUnavailableServlet = false
  reInitServletonInitUnavailableException = true
  destroyServletonServiceUnavailableException = false
  servlet23 = true
  PARAMS_HEAD_TRACE = class java.lang.Class[2]
    PARAMS_HEAD_TRACE[0] = class java.lang.Class@6c4a6d1b
      ANNOTATION = 8192
      ENUM = 16384
      SYNTHETIC = 4096
      cachedConstructor = null
      newInstanceCallerCache = null
      name = "javax.servlet.http.HttpServletRequest"
      allPermDomain = class java.security.ProtectionDomain@66fbf92
      useCaches = true
      reflectionData = class java.lang.ref.SoftReference@4357d2
      classRedefinedCount = 0
      genericInfo = class sun.reflect.generics.repository.ClassRepository@14a89e8f
      serialVersionUID = 3206093459760846163
      serialPersistentFields = class java.io.ObjectStreamField[0]
      reflectionFactory = class sun.reflect.ReflectionFactory@3e1477b
      initted = true
      enumConstants = null
      enumConstantDirectory = null
      annotationData = null
      annotationType = null
      classValueMap = null
    PARAMS_HEAD_TRACE[1] = class java.lang.Class@f8f06c8
      ANNOTATION = 8192
      ENUM = 16384
      SYNTHETIC = 4096
      cachedConstructor = null
      newInstanceCallerCache = null
      name = "javax.servlet.http.HttpServletResponse"
      allPermDomain = class java.security.ProtectionDomain@66fbf92
      useCaches = true
      reflectionData = null
      classRedefinedCount = 0
      genericInfo = null
      serialVersionUID = 3206093459760846163
      serialPersistentFields = class java.io.ObjectStreamField[0]
      reflectionFactory = class sun.reflect.ReflectionFactory@3e1477b
      initted = true
      enumConstants = null
      enumConstantDirectory = null
      annotationData = null
      annotationType = null
      classValueMap = null
  defaultHeadMethodInUse = false
  defaultTraceMethodInUse = false
  checkedForDefaultMethods = null
  defaultTraceRequestBehavior = false
  defaultHeadRequestBehavior = false
  useOriginalRequestState = false
  warningStatusSet = false
  LSTRING_FILE = "javax.servlet.LocalStrings"
  lStrings = class java.util.PropertyResourceBundle@4da5c375
    lookup = class java.util.HashMap@bb31d1
      serialVersionUID = 362498820763181265
      DEFAULT_INITIAL_CAPACITY = 16
      MAXIMUM_CAPACITY = 1073741824
      DEFAULT_LOAD_FACTOR = 0.75
      TREEIFY_THRESHOLD = 8
      UNTREEIFY_THRESHOLD = 6
      MIN_TREEIFY_CAPACITY = 64
      table = class java.util.HashMap$Node[8]
      entrySet = null
      size = 4
      modCount = 4
      threshold = 6
      loadFactor = 0.75
      keySet = null
      values = null
    INITIAL_CACHE_SIZE = 32
    NONEXISTENT_BUNDLE = class java.util.ResourceBundle$1@81221e7
      INITIAL_CACHE_SIZE = 32
      NONEXISTENT_BUNDLE = class java.util.ResourceBundle$1@81221e7
      cacheList = class java.util.concurrent.ConcurrentHashMap@1314da3a
      referenceQueue = class java.lang.ref.ReferenceQueue@2068382c
      parent = null
      locale = null
      name = null
      expired = false
      cacheKey = class java.util.ResourceBundle$CacheKey@2f21da8a
      keySet = null
      providers = null
      $assertionsDisabled = true
    cacheList = class java.util.concurrent.ConcurrentHashMap@1314da3a
      serialVersionUID = 7249069246763182397
      MAXIMUM_CAPACITY = 1073741824
      DEFAULT_CAPACITY = 16
      MAX_ARRAY_SIZE = 2147483639
      DEFAULT_CONCURRENCY_LEVEL = 16
      LOAD_FACTOR = 0.75
      TREEIFY_THRESHOLD = 8
      UNTREEIFY_THRESHOLD = 6
      MIN_TREEIFY_CAPACITY = 64
      MIN_TRANSFER_STRIDE = 16
      RESIZE_STAMP_BITS = 16
      MAX_RESIZERS = 65535
      RESIZE_STAMP_SHIFT = 16
      MOVED = -1
      TREEBIN = -2
      RESERVED = -3
      HASH_BITS = 2147483647
      NCPU = 4
      serialPersistentFields = class java.io.ObjectStreamField[3]
      table = class java.util.concurrent.ConcurrentHashMap$Node[256]
      nextTable = null
      baseCount = 171
      sizeCtl = 192
      transferIndex = 0
      cellsBusy = 0
      counterCells = null
      keySet = null
      values = null
      entrySet = null
      U = class sun.misc.Unsafe@28234763
      SIZECTL = 20
      TRANSFERINDEX = 32
      BASECOUNT = 24
      CELLSBUSY = 36
      CELLVALUE = 144
      ABASE = 16
      ASHIFT = 2
      keySet = null
      values = null
    referenceQueue = class java.lang.ref.ReferenceQueue@2068382c
      NULL = class java.lang.ref.ReferenceQueue$Null@749d8763
      ENQUEUED = class java.lang.ref.ReferenceQueue$Null@298ab15e
      lock = class java.lang.ref.ReferenceQueue$Lock@39610942
      head = null
      queueLength = 0
      $assertionsDisabled = true
    parent = null
    locale = class java.util.Locale@7904a049
      LOCALECACHE = class java.util.Locale$Cache@5ea58833
      ENGLISH = class java.util.Locale@8a48539
      FRENCH = class java.util.Locale@44c5ca2a
      GERMAN = class java.util.Locale@25eb1204
      ITALIAN = class java.util.Locale@577de29a
      JAPANESE = class java.util.Locale@7bdc2801
      KOREAN = class java.util.Locale@112229ca
      CHINESE = class java.util.Locale@6c2462d8
      SIMPLIFIED_CHINESE = class java.util.Locale@54f534f4
      TRADITIONAL_CHINESE = class java.util.Locale@4ef3924b
      FRANCE = class java.util.Locale@4e9f8e26
      GERMANY = class java.util.Locale@1e2178f
      ITALY = class java.util.Locale@7ccdd1d3
      JAPAN = class java.util.Locale@2e7e75cb
      KOREA = class java.util.Locale@1c22309c
      CHINA = class java.util.Locale@54f534f4
      PRC = class java.util.Locale@54f534f4
      TAIWAN = class java.util.Locale@4ef3924b
      UK = class java.util.Locale@d6d02f8
      US = class java.util.Locale@1f3c09cf
      CANADA = class java.util.Locale@42b1f7ce
      CANADA_FRENCH = class java.util.Locale@4f1a89d4
      ROOT = class java.util.Locale@7904a049
      PRIVATE_USE_EXTENSION = x
      UNICODE_LOCALE_EXTENSION = u
      serialVersionUID = 9149081749638150636
      DISPLAY_LANGUAGE = 0
      DISPLAY_COUNTRY = 1
      DISPLAY_VARIANT = 2
      DISPLAY_SCRIPT = 3
      baseLocale = class sun.util.locale.BaseLocale@2a05380d
      localeExtensions = null
      hashCodeValue = 0
      defaultLocale = class java.util.Locale@58a6e869
      defaultDisplayLocale = null
      defaultFormatLocale = class java.util.Locale@55883ef3
      languageTag = null
      serialPersistentFields = class java.io.ObjectStreamField[6]
      isoLanguages = null
      isoCountries = null
      $assertionsDisabled = true
    name = "javax.servlet.LocalStrings"
    expired = false
    cacheKey = class java.util.ResourceBundle$CacheKey@6080bb97
      name = "javax.servlet.LocalStrings"
      locale = class java.util.Locale@7904a049
      loaderRef = class java.util.ResourceBundle$LoaderReference@2f8ee4de
      format = "java.properties"
      loadTime = 0
      expirationTime = -2
      cause = null
      hashCodeCache = -1575574107
    keySet = null
    providers = null
    $assertionsDisabled = true
  config = null

