------Start of DE processing------ = [11/24/17 14:46:27:277 CST]
Exception = java.lang.IllegalArgumentException
Source = com.ibm.ws.anno.targets.internal.AnnotationTargetsImpl_Targets
probeid = 529
Stack Dump = java.lang.IllegalArgumentException
	at org.objectweb.asm.ClassReader.<init>(Unknown Source)
	at org.objectweb.asm.ClassReader.<init>(Unknown Source)
	at org.objectweb.asm.ClassReader.<init>(Unknown Source)
	at com.ibm.ws.anno.targets.internal.AnnotationTargetsImpl_Targets.scanClass(AnnotationTargetsImpl_Targets.java:495)
	at com.ibm.ws.anno.targets.internal.AnnotationTargetsImpl_Streamer.process(AnnotationTargetsImpl_Streamer.java:88)
	at com.ibm.ws.anno.classsource.internal.ClassSourceImpl_MappedContainer.process(ClassSourceImpl_MappedContainer.java:351)
	at com.ibm.ws.anno.classsource.internal.ClassSourceImpl_MappedContainer.scanClasses(ClassSourceImpl_MappedContainer.java:283)
	at com.ibm.ws.anno.classsource.internal.ClassSourceImpl_MappedContainer.scanClasses(ClassSourceImpl_MappedContainer.java:128)
	at com.ibm.ws.anno.classsource.internal.ClassSourceImpl_Aggregate.scanClasses(ClassSourceImpl_Aggregate.java:369)
	at com.ibm.ws.anno.targets.internal.AnnotationTargetsImpl_Scanner.scanClasses(AnnotationTargetsImpl_Scanner.java:254)
	at com.ibm.ws.anno.targets.internal.AnnotationTargetsImpl_Scanner.scanDirect(AnnotationTargetsImpl_Scanner.java:216)
	at com.ibm.ws.anno.targets.internal.AnnotationTargetsImpl_Targets.doScanDirectClasses(AnnotationTargetsImpl_Targets.java:379)
	at com.ibm.ws.anno.targets.internal.AnnotationTargetsImpl_Targets.scanDirectClasses(AnnotationTargetsImpl_Targets.java:348)
	at com.ibm.ws.anno.targets.internal.AnnotationTargetsImpl_Targets.selectAnnotatedTargets(AnnotationTargetsImpl_Targets.java:1746)
	at com.ibm.ws.anno.targets.internal.AnnotationTargetsImpl_Targets.getAnnotatedClasses(AnnotationTargetsImpl_Targets.java:913)
	at com.ibm.ws.anno.targets.internal.AnnotationTargetsImpl_Targets.getAnnotatedClasses(AnnotationTargetsImpl_Targets.java:983)
	at com.ibm.ws.container.service.annotations.internal.WebAnnotationsImpl$FragmentAnnotationsImpl.selectAnnotatedClasses(WebAnnotationsImpl.java:453)
	at com.ibm.ws.webcontainer.osgi.container.config.WebAppConfiguratorHelper.configureFromAnnotations(WebAppConfiguratorHelper.java:778)
	at com.ibm.ws.webcontainer.osgi.container.config.WebAppConfigurator.configure(WebAppConfigurator.java:414)
	at com.ibm.ws.webcontainer.osgi.container.config.WebAppConfigurationAdapter.adapt(WebAppConfigurationAdapter.java:115)
	at com.ibm.ws.webcontainer.osgi.container.config.WebAppConfigurationAdapter.adapt(WebAppConfigurationAdapter.java:43)
	at com.ibm.ws.adaptable.module.internal.AdapterFactoryServiceImpl.adapt(AdapterFactoryServiceImpl.java:192)
	at com.ibm.ws.adaptable.module.internal.AdaptableContainerImpl.adapt(AdaptableContainerImpl.java:170)
	at com.ibm.ws.webcontainer.osgi.WebContainer.createModuleMetaData(WebContainer.java:820)
	at com.ibm.ws.app.manager.module.internal.ModuleHandlerBase.createModuleMetaData(ModuleHandlerBase.java:63)
	at com.ibm.ws.app.manager.module.internal.SimpleDeployedAppInfoBase$ModuleContainerInfoBase.createModuleMetaData(SimpleDeployedAppInfoBase.java:168)
	at com.ibm.ws.app.manager.module.internal.DeployedAppInfoBase.preDeployApp(DeployedAppInfoBase.java:363)
	at com.ibm.ws.app.manager.module.internal.DeployedAppInfoBase.deployApp(DeployedAppInfoBase.java:402)
	at com.ibm.ws.app.manager.war.internal.WARApplicationHandlerImpl.install(WARApplicationHandlerImpl.java:65)
	at com.ibm.ws.app.manager.internal.statemachine.StartAction.execute(StartAction.java:140)
	at com.ibm.ws.app.manager.internal.statemachine.ApplicationStateMachineImpl.enterState(ApplicationStateMachineImpl.java:1258)
	at com.ibm.ws.app.manager.internal.statemachine.ApplicationStateMachineImpl.run(ApplicationStateMachineImpl.java:873)
	at java.util.concurrent.ThreadPoolExecutor.runWorker(ThreadPoolExecutor.java:1149)
	at java.util.concurrent.ThreadPoolExecutor$Worker.run(ThreadPoolExecutor.java:624)
	at java.lang.Thread.run(Thread.java:748)

Dump of callerThis
Object type = com.ibm.ws.anno.targets.internal.AnnotationTargetsImpl_Targets
  tc = class com.ibm.websphere.ras.TraceComponent@621afa7e
    strings[0] = "TraceComponent[com.ibm.ws.anno.targets.internal.AnnotationTargetsImpl_Targets,class com.ibm.ws.anno.targets.internal.AnnotationTargetsImpl_Targets,[com.ibm.ws.anno],com.ibm.ws.anno.resources.internal.AnnoMessages,null]"
  CLASS_NAME = "com.ibm.ws.anno.targets.internal.AnnotationTargetsImpl_Targets"
  hashText = "AnnotationTargetsImpl_Targets@1471697417"
  factory = class com.ibm.ws.anno.targets.internal.AnnotationTargetsImpl_Factory@4ce4f395
    tc = class com.ibm.websphere.ras.TraceComponent@5a59cd64
      strings[0] = "TraceComponent[com.ibm.ws.anno.targets.internal.AnnotationTargetsImpl_Factory,class com.ibm.ws.anno.targets.internal.AnnotationTargetsImpl_Factory,[com.ibm.ws.anno],com.ibm.ws.anno.resources.internal.AnnoMessages,null]"
    CLASS_NAME = "com.ibm.ws.anno.targets.internal.AnnotationTargetsImpl_Factory"
    hashText = "AnnotationTargetsImpl_Factory@1632109974"
    utilFactory = class com.ibm.ws.anno.util.internal.UtilImpl_Factory@27597105
    serialVersionUID = 1959719964121563663
  classSourceInternMap = class com.ibm.ws.anno.util.internal.UtilImpl_InternMap@19aa7ada
    tc = class com.ibm.websphere.ras.TraceComponent@207acf68
    CLASS_NAME = "com.ibm.ws.anno.util.internal.UtilImpl_InternMap"
    hashText = "UtilImpl_InternMap@149867133(class sources)"
    DEFAULT_LOG_THRESHHOLD = 4096
    logThreshHold = 4096
    factory = class com.ibm.ws.anno.util.internal.UtilImpl_Factory@27597105
    valueType = class com.ibm.wsspi.anno.util.Util_InternMap$ValueType@2997bcfb
      VT_CLASS_RESOURCE = class com.ibm.wsspi.anno.util.Util_InternMap$ValueType@4dde8b81
      VT_CLASS_REFERENCE = class com.ibm.wsspi.anno.util.Util_InternMap$ValueType@500f066
      VT_CLASS_NAME = class com.ibm.wsspi.anno.util.Util_InternMap$ValueType@3c8b0c5f
      VT_FIELD_NAME = class com.ibm.wsspi.anno.util.Util_InternMap$ValueType@7065a7b
      VT_METHOD_NAME = class com.ibm.wsspi.anno.util.Util_InternMap$ValueType@6d35ea15
      VT_OTHER = class com.ibm.wsspi.anno.util.Util_InternMap$ValueType@2997bcfb
      $VALUES = class com.ibm.wsspi.anno.util.Util_InternMap$ValueType[6]
      $$$tc$$$ = class com.ibm.websphere.ras.TraceComponent@58c9a099
      name = "VT_OTHER"
      ordinal = 5
    checkValues = false
    name = "class sources"
    internMap = class java.util.HashMap@51cc6fc
      serialVersionUID = 362498820763181265
      DEFAULT_INITIAL_CAPACITY = 16
      MAXIMUM_CAPACITY = 1073741824
      DEFAULT_LOAD_FACTOR = 0.75
      TREEIFY_THRESHOLD = 8
      UNTREEIFY_THRESHOLD = 6
      MIN_TREEIFY_CAPACITY = 64
      table = class java.util.HashMap$Node[16]
      entrySet = null
      size = 2
      modCount = 2
      threshold = 12
      loadFactor = 0.75
      keySet = null
      values = null
    lastReportedLength = 0
    totalLength = 49
    serialVersionUID = -5461277679491511795
  rootClassSource = class com.ibm.ws.anno.classsource.internal.ClassSourceImpl_Aggregate@6c0c0962
    CLASS_NAME = "com.ibm.ws.anno.classsource.internal.ClassSourceImpl_Aggregate"
    tc = class com.ibm.websphere.ras.TraceComponent@558a1f3d
      strings[0] = "TraceComponent[com.ibm.ws.anno.classsource.internal.ClassSourceImpl_Aggregate,class com.ibm.ws.anno.classsource.internal.ClassSourceImpl_Aggregate,[com.ibm.ws.anno],com.ibm.ws.anno.resources.internal.AnnoMessages,null]"
    openCount = 2
    successfulOpens = class java.util.ArrayList@430a413c
      serialVersionUID = 8683452581122892189
      DEFAULT_CAPACITY = 10
      EMPTY_ELEMENTDATA = class java.lang.Object[0]
      DEFAULTCAPACITY_EMPTY_ELEMENTDATA = class java.lang.Object[0]
      elementData = class java.lang.Object[49]
      size = 34
      MAX_ARRAY_SIZE = 2147483639
      modCount = 34
      MAX_ARRAY_SIZE = 2147483639
    failedOpens = class java.util.HashSet@26d58cbf
      serialVersionUID = -5024744406713321676
      map = class java.util.HashMap@429ae28e
      PRESENT = class java.lang.Object@74daa164
      MAX_ARRAY_SIZE = 2147483639
    classSources = class java.util.ArrayList@66877ed6
      serialVersionUID = 8683452581122892189
      DEFAULT_CAPACITY = 10
      EMPTY_ELEMENTDATA = class java.lang.Object[0]
      DEFAULTCAPACITY_EMPTY_ELEMENTDATA = class java.lang.Object[0]
      elementData = class java.lang.Object[49]
      size = 34
      MAX_ARRAY_SIZE = 2147483639
      modCount = 34
      MAX_ARRAY_SIZE = 2147483639
    classSourceNames = class java.util.HashMap@104ead0c
      serialVersionUID = 362498820763181265
      DEFAULT_INITIAL_CAPACITY = 16
      MAXIMUM_CAPACITY = 1073741824
      DEFAULT_LOAD_FACTOR = 0.75
      TREEIFY_THRESHOLD = 8
      UNTREEIFY_THRESHOLD = 6
      MIN_TREEIFY_CAPACITY = 64
      table = class java.util.HashMap$Node[64]
      entrySet = null
      size = 34
      modCount = 34
      threshold = 48
      loadFactor = 0.75
      keySet = null
      values = null
    seedClassSources = class java.util.HashSet@1dc1d98
      serialVersionUID = -5024744406713321676
      map = class java.util.HashMap@797b751a
      PRESENT = class java.lang.Object@74daa164
      MAX_ARRAY_SIZE = 2147483639
    partialClassSources = class java.util.HashSet@b66d968
      serialVersionUID = -5024744406713321676
      map = class java.util.HashMap@43f550c6
      PRESENT = class java.lang.Object@74daa164
      MAX_ARRAY_SIZE = 2147483639
    excludedClassSources = class java.util.HashSet@564a671c
      serialVersionUID = -5024744406713321676
      map = class java.util.HashMap@636fe2ae
      PRESENT = class java.lang.Object@74daa164
      MAX_ARRAY_SIZE = 2147483639
    externalClassSources = class java.util.HashSet@33898614
      serialVersionUID = -5024744406713321676
      map = class java.util.HashMap@1264464d
      PRESENT = class java.lang.Object@74daa164
      MAX_ARRAY_SIZE = 2147483639
    totalLookups = 0
    repeatLookups = 0
    i_lookupCounts = class java.util.IdentityHashMap@52587d20
      DEFAULT_CAPACITY = 32
      MINIMUM_CAPACITY = 4
      MAXIMUM_CAPACITY = 536870912
      table = class java.lang.Object[64]
      size = 0
      modCount = 0
      NULL_KEY = class java.lang.Object@2b7d2600
      entrySet = null
      serialVersionUID = 8188218128353913216
      keySet = null
      values = null
    i_globalResults = class java.util.IdentityHashMap@6fc8439a
      DEFAULT_CAPACITY = 32
      MINIMUM_CAPACITY = 4
      MAXIMUM_CAPACITY = 536870912
      table = class java.lang.Object[64]
      size = 0
      modCount = 0
      NULL_KEY = class java.lang.Object@2b7d2600
      entrySet = null
      serialVersionUID = 8188218128353913216
      keySet = null
      values = null
    i_failedLookups = class java.util.IdentityHashMap@6abfbbf8
      DEFAULT_CAPACITY = 32
      MINIMUM_CAPACITY = 4
      MAXIMUM_CAPACITY = 536870912
      table = class java.lang.Object[64]
      size = 0
      modCount = 0
      NULL_KEY = class java.lang.Object@2b7d2600
      entrySet = null
      serialVersionUID = 8188218128353913216
      keySet = null
      values = null
    i_firstSuccesses = class java.util.IdentityHashMap@15f9299d
      DEFAULT_CAPACITY = 32
      MINIMUM_CAPACITY = 4
      MAXIMUM_CAPACITY = 536870912
      table = class java.lang.Object[64]
      size = 0
      modCount = 0
      NULL_KEY = class java.lang.Object@2b7d2600
      entrySet = null
      serialVersionUID = 8188218128353913216
      keySet = null
      values = null
    serialVersionUID = -8573589362925818400
    tc = class com.ibm.websphere.ras.TraceComponent@706e362a
      strings[0] = "TraceComponent[com.ibm.ws.anno.classsource.internal.ClassSourceImpl,class com.ibm.ws.anno.classsource.internal.ClassSourceImpl,[com.ibm.ws.anno],com.ibm.ws.anno.resources.internal.AnnoMessages,null]"
    CLASS_NAME = "com.ibm.ws.anno.classsource.internal.ClassSourceImpl"
    hashText = "ClassSourceImpl_Aggregate@1123836952(org.tec.datos1.messenger.webapi org.tec.datos1.messenger.webapi)"
    factory = class com.ibm.ws.anno.classsource.internal.ClassSourceImpl_Factory@2920b0ed
      CLASS_NAME = "com.ibm.ws.anno.classsource.internal.ClassSourceImpl_Factory"
      tc = class com.ibm.websphere.ras.TraceComponent@9ba1dd2
      hashText = "ClassSourceImpl_Factory@1997289571"
      utilFactory = class com.ibm.ws.anno.util.internal.UtilImpl_Factory@27597105
      serialVersionUID = 1139799791871911911
    name = "org.tec.datos1.messenger.webapi org.tec.datos1.messenger.webapi"
    canonicalName = "org.tec.datos1.messenger.webapi org.tec.datos1.messenger.webapi"
    parentSource = null
    internMap = class com.ibm.ws.anno.util.internal.UtilImpl_InternMap@3ed7ae4a
      tc = class com.ibm.websphere.ras.TraceComponent@207acf68
      CLASS_NAME = "com.ibm.ws.anno.util.internal.UtilImpl_InternMap"
      hashText = "UtilImpl_InternMap@891453078(classes and packages)"
      DEFAULT_LOG_THRESHHOLD = 4096
      logThreshHold = 4096
      factory = class com.ibm.ws.anno.util.internal.UtilImpl_Factory@27597105
      valueType = class com.ibm.wsspi.anno.util.Util_InternMap$ValueType@3c8b0c5f
      checkValues = false
      name = "classes and packages"
      internMap = class java.util.HashMap@15683df2
      lastReportedLength = 0
      totalLength = 186
      serialVersionUID = -5461277679491511795
    scanCounts = class com.ibm.ws.anno.classsource.internal.ClassSourceImpl_ScanCounts@623ecdcc
      results = {7,1,0,6,0,0,1,0,0,1} /* array length = 10*/
      serialVersionUID = -8917709647280336091
      $$$tc$$$ = class com.ibm.websphere.ras.TraceComponent@7be50195
    resourceExclusionCount = 0
    classExclusionCount = 0
    classInclusionCount = 0
    serialVersionUID = 283037046212447331
  directClassSourceCount = 33
  haveScannedDirectClasses = true
  externalClassSourceCount = 1
  haveScannedReferencedClasses = false
  classInternMap = class com.ibm.ws.anno.util.internal.UtilImpl_InternMap@4ed2a8f5
    tc = class com.ibm.websphere.ras.TraceComponent@207acf68
      strings[0] = "TraceComponent[com.ibm.ws.anno.util.internal.UtilImpl_InternMap,class com.ibm.ws.anno.util.internal.UtilImpl_InternMap,[com.ibm.ws.anno],com.ibm.ws.anno.resources.internal.AnnoMessages,null]"
    CLASS_NAME = "com.ibm.ws.anno.util.internal.UtilImpl_InternMap"
    hashText = "UtilImpl_InternMap@644345110(classes and package names)"
    DEFAULT_LOG_THRESHHOLD = 4096
    logThreshHold = 4096
    factory = class com.ibm.ws.anno.util.internal.UtilImpl_Factory@27597105
      tc = class com.ibm.websphere.ras.TraceComponent@79a886e5
      CLASS_NAME = "com.ibm.ws.anno.util.internal.UtilImpl_Factory"
      hashText = "UtilImpl_Factory@657764424"
      serialVersionUID = -7802370278509421821
    valueType = class com.ibm.wsspi.anno.util.Util_InternMap$ValueType@3c8b0c5f
      VT_CLASS_RESOURCE = class com.ibm.wsspi.anno.util.Util_InternMap$ValueType@4dde8b81
      VT_CLASS_REFERENCE = class com.ibm.wsspi.anno.util.Util_InternMap$ValueType@500f066
      VT_CLASS_NAME = class com.ibm.wsspi.anno.util.Util_InternMap$ValueType@3c8b0c5f
      VT_FIELD_NAME = class com.ibm.wsspi.anno.util.Util_InternMap$ValueType@7065a7b
      VT_METHOD_NAME = class com.ibm.wsspi.anno.util.Util_InternMap$ValueType@6d35ea15
      VT_OTHER = class com.ibm.wsspi.anno.util.Util_InternMap$ValueType@2997bcfb
      $VALUES = class com.ibm.wsspi.anno.util.Util_InternMap$ValueType[6]
      $$$tc$$$ = class com.ibm.websphere.ras.TraceComponent@58c9a099
      name = "VT_CLASS_NAME"
      ordinal = 2
    checkValues = false
    name = "classes and package names"
    internMap = class java.util.HashMap@365d3821
      serialVersionUID = 362498820763181265
      DEFAULT_INITIAL_CAPACITY = 16
      MAXIMUM_CAPACITY = 1073741824
      DEFAULT_LOAD_FACTOR = 0.75
      TREEIFY_THRESHOLD = 8
      UNTREEIFY_THRESHOLD = 6
      MIN_TREEIFY_CAPACITY = 64
      table = class java.util.HashMap$Node[16]
      entrySet = null
      size = 8
      modCount = 8
      threshold = 12
      loadFactor = 0.75
      keySet = null
      values = null
    lastReportedLength = 0
    totalLength = 242
    serialVersionUID = -5461277679491511795
  visitor = class com.ibm.ws.anno.targets.internal.AnnotationTargetsVisitor@6af49577
    tc = class com.ibm.websphere.ras.TraceComponent@68d359aa
      strings[0] = "TraceComponent[com.ibm.ws.anno.targets.internal.AnnotationTargetsVisitor,class com.ibm.ws.anno.targets.internal.AnnotationTargetsVisitor,[com.ibm.ws.anno],com.ibm.ws.anno.resources.internal.AnnoMessages,null]"
    CLASS_NAME = "com.ibm.ws.anno.targets.internal.AnnotationTargetsVisitor"
    PACKAGE_INFO_CLASS_NAME = "package-info"
    hashText = "AnnotationTargetsVisitor@973171619"
    annotationTargets = class com.ibm.ws.anno.targets.internal.AnnotationTargetsImpl_Targets@5c0b80b7
    isDetailEnabled = true
    i_classSourceName = "WEB-INF/lib/javax.json-api-1.1.jar"
    scanPolicy = class com.ibm.wsspi.anno.classsource.ClassSource_Aggregate$ScanPolicy@777552f1
      SEED = class com.ibm.wsspi.anno.classsource.ClassSource_Aggregate$ScanPolicy@777552f1
      PARTIAL = class com.ibm.wsspi.anno.classsource.ClassSource_Aggregate$ScanPolicy@75cb6a5c
      EXCLUDED = class com.ibm.wsspi.anno.classsource.ClassSource_Aggregate$ScanPolicy@6dbc5334
      EXTERNAL = class com.ibm.wsspi.anno.classsource.ClassSource_Aggregate$ScanPolicy@1bac59c5
      value = 1
      ALL_EXCEPT_EXTERNAL = 7
      $VALUES = class com.ibm.wsspi.anno.classsource.ClassSource_Aggregate$ScanPolicy[4]
      $$$tc$$$ = class com.ibm.websphere.ras.TraceComponent@313a9071
      name = "SEED"
      ordinal = 0
    scanPolicyIsExternal = false
    externalName = "module-info"
    isClass = true
    i_className = "org.tec.datos1.messenger.webapi.resources.Hello"
    VISIT_ENDED_DETAIL = class com.ibm.ws.anno.targets.internal.AnnotationTargetsVisitor$VisitEnded@31256c03
      serialVersionUID = 1
      endCase = class com.ibm.ws.anno.targets.internal.AnnotationTargetsVisitor$VisitEndCase@58a796a7
      $$$tc$$$ = class com.ibm.websphere.ras.TraceComponent@637f95de
      serialVersionUID = -7034897190745766939
      serialVersionUID = -3387516993124229948
      serialVersionUID = -3042686055658047285
      detailMessage = null
      UNASSIGNED_STACK = class java.lang.StackTraceElement[0]
      cause = class com.ibm.ws.anno.targets.internal.AnnotationTargetsVisitor$VisitEnded@31256c03
      stackTrace = class java.lang.StackTraceElement[0]
      SUPPRESSED_SENTINEL = class java.util.Collections$UnmodifiableRandomAccessList@271db8a7
      suppressedExceptions = class java.util.Collections$UnmodifiableRandomAccessList@271db8a7
      NULL_CAUSE_MESSAGE = "Cannot suppress a null exception."
      SELF_SUPPRESSION_MESSAGE = "Self-suppression not permitted"
      CAUSE_CAPTION = "Caused by: "
      SUPPRESSED_CAPTION = "Suppressed: "
      EMPTY_THROWABLE_ARRAY = class java.lang.Throwable[0]
      $assertionsDisabled = true
    VISIT_ENDED_DUPLICATE_CLASS = class com.ibm.ws.anno.targets.internal.AnnotationTargetsVisitor$VisitEnded@73aa1101
      serialVersionUID = 1
      endCase = class com.ibm.ws.anno.targets.internal.AnnotationTargetsVisitor$VisitEndCase@5ce28f81
      $$$tc$$$ = class com.ibm.websphere.ras.TraceComponent@637f95de
      serialVersionUID = -7034897190745766939
      serialVersionUID = -3387516993124229948
      serialVersionUID = -3042686055658047285
      detailMessage = null
      UNASSIGNED_STACK = class java.lang.StackTraceElement[0]
      cause = class com.ibm.ws.anno.targets.internal.AnnotationTargetsVisitor$VisitEnded@73aa1101
      stackTrace = class java.lang.StackTraceElement[0]
      SUPPRESSED_SENTINEL = class java.util.Collections$UnmodifiableRandomAccessList@271db8a7
      suppressedExceptions = class java.util.Collections$UnmodifiableRandomAccessList@271db8a7
      NULL_CAUSE_MESSAGE = "Cannot suppress a null exception."
      SELF_SUPPRESSION_MESSAGE = "Self-suppression not permitted"
      CAUSE_CAPTION = "Caused by: "
      SUPPRESSED_CAPTION = "Suppressed: "
      EMPTY_THROWABLE_ARRAY = class java.lang.Throwable[0]
      $assertionsDisabled = true
    VISIT_ENDED_CLASS_MISMATCH = class com.ibm.ws.anno.targets.internal.AnnotationTargetsVisitor$VisitEnded@4dd6d26a
      serialVersionUID = 1
      endCase = class com.ibm.ws.anno.targets.internal.AnnotationTargetsVisitor$VisitEndCase@756874e5
      $$$tc$$$ = class com.ibm.websphere.ras.TraceComponent@637f95de
      serialVersionUID = -7034897190745766939
      serialVersionUID = -3387516993124229948
      serialVersionUID = -3042686055658047285
      detailMessage = null
      UNASSIGNED_STACK = class java.lang.StackTraceElement[0]
      cause = class com.ibm.ws.anno.targets.internal.AnnotationTargetsVisitor$VisitEnded@4dd6d26a
      stackTrace = class java.lang.StackTraceElement[0]
      SUPPRESSED_SENTINEL = class java.util.Collections$UnmodifiableRandomAccessList@271db8a7
      suppressedExceptions = class java.util.Collections$UnmodifiableRandomAccessList@271db8a7
      NULL_CAUSE_MESSAGE = "Cannot suppress a null exception."
      SELF_SUPPRESSION_MESSAGE = "Self-suppression not permitted"
      CAUSE_CAPTION = "Caused by: "
      SUPPRESSED_CAPTION = "Suppressed: "
      EMPTY_THROWABLE_ARRAY = class java.lang.Throwable[0]
      $assertionsDisabled = true
    VISIT_ENDED_DUPLICATE_PACKAGE = class com.ibm.ws.anno.targets.internal.AnnotationTargetsVisitor$VisitEnded@1069f3fb
      serialVersionUID = 1
      endCase = class com.ibm.ws.anno.targets.internal.AnnotationTargetsVisitor$VisitEndCase@2b8605b0
      $$$tc$$$ = class com.ibm.websphere.ras.TraceComponent@637f95de
      serialVersionUID = -7034897190745766939
      serialVersionUID = -3387516993124229948
      serialVersionUID = -3042686055658047285
      detailMessage = null
      UNASSIGNED_STACK = class java.lang.StackTraceElement[0]
      cause = class com.ibm.ws.anno.targets.internal.AnnotationTargetsVisitor$VisitEnded@1069f3fb
      stackTrace = class java.lang.StackTraceElement[0]
      SUPPRESSED_SENTINEL = class java.util.Collections$UnmodifiableRandomAccessList@271db8a7
      suppressedExceptions = class java.util.Collections$UnmodifiableRandomAccessList@271db8a7
      NULL_CAUSE_MESSAGE = "Cannot suppress a null exception."
      SELF_SUPPRESSION_MESSAGE = "Self-suppression not permitted"
      CAUSE_CAPTION = "Caused by: "
      SUPPRESSED_CAPTION = "Suppressed: "
      EMPTY_THROWABLE_ARRAY = class java.lang.Throwable[0]
      $assertionsDisabled = true
    VISIT_ENDED_PACKAGE_MISMATCH = class com.ibm.ws.anno.targets.internal.AnnotationTargetsVisitor$VisitEnded@ab6d081
      serialVersionUID = 1
      endCase = class com.ibm.ws.anno.targets.internal.AnnotationTargetsVisitor$VisitEndCase@d11f962
      $$$tc$$$ = class com.ibm.websphere.ras.TraceComponent@637f95de
      serialVersionUID = -7034897190745766939
      serialVersionUID = -3387516993124229948
      serialVersionUID = -3042686055658047285
      detailMessage = null
      UNASSIGNED_STACK = class java.lang.StackTraceElement[0]
      cause = class com.ibm.ws.anno.targets.internal.AnnotationTargetsVisitor$VisitEnded@ab6d081
      stackTrace = class java.lang.StackTraceElement[0]
      SUPPRESSED_SENTINEL = class java.util.Collections$UnmodifiableRandomAccessList@271db8a7
      suppressedExceptions = class java.util.Collections$UnmodifiableRandomAccessList@271db8a7
      NULL_CAUSE_MESSAGE = "Cannot suppress a null exception."
      SELF_SUPPRESSION_MESSAGE = "Self-suppression not permitted"
      CAUSE_CAPTION = "Caused by: "
      SUPPRESSED_CAPTION = "Suppressed: "
      EMPTY_THROWABLE_ARRAY = class java.lang.Throwable[0]
      $assertionsDisabled = true
    fieldVisitor = class com.ibm.ws.anno.targets.internal.AnnotationTargetsVisitor$AnnoFieldVisitor@29b7eacf
      this$0 = class com.ibm.ws.anno.targets.internal.AnnotationTargetsVisitor@6af49577
      serialVersionUID = 6818029444933258753
      $$$tc$$$ = class com.ibm.websphere.ras.TraceComponent@5f6a86ce
      api = 327680
      fv = null
    methodVisitor = class com.ibm.ws.anno.targets.internal.AnnotationTargetsVisitor$AnnoMethodVisitor@52892811
      this$0 = class com.ibm.ws.anno.targets.internal.AnnotationTargetsVisitor@6af49577
      serialVersionUID = 2334231598451759950
      $$$tc$$$ = class com.ibm.websphere.ras.TraceComponent@496605e7
      api = 327680
      mv = null
    serialVersionUID = -3785108644137834388
    api = 327680
    cv = null
  i_unresolvedPackageNames = class java.util.IdentityHashMap@1e7bbe7
    DEFAULT_CAPACITY = 32
    MINIMUM_CAPACITY = 4
    MAXIMUM_CAPACITY = 536870912
    table = class java.lang.Object[64]
      table[0] = null
      table[1] = null
      table[2] = null
      table[3] = null
      table[4] = null
      table[5] = null
      table[6] = null
      table[7] = null
      table[8] = null
      table[9] = null
      table[10] = null
      table[11] = null
      table[12] = null
      table[13] = null
      table[14] = null
      table[15] = null
      table[16] = null
      table[17] = null
      table[18] = null
      table[19] = null
      table[20] = null
      table[21] = null
      table[22] = null
      table[23] = null
      table[24] = null
      table[25] = null
      table[26] = null
      table[27] = null
      table[28] = null
      table[29] = null
      table[30] = null
      table[31] = null
      table[32] = null
      table[33] = null
      table[34] = null
      table[35] = null
      table[36] = null
      table[37] = null
      table[38] = null
      table[39] = null
      table[40] = null
      table[41] = null
      table[42] = null
      table[43] = null
      table[44] = null
      table[45] = null
      table[46] = null
      table[47] = null
      table[48] = null
      table[49] = null
      table[50] = null
      table[51] = null
      table[52] = null
      table[53] = null
      table[54] = null
      table[55] = null
      table[56] = null
      table[57] = null
      table[58] = null
      table[59] = null
      table[60] = null
      table[61] = null
      table[62] = null
      table[63] = null
    size = 0
    modCount = 0
    NULL_KEY = class java.lang.Object@2b7d2600
    entrySet = null
    serialVersionUID = 8188218128353913216
    keySet = null
    values = null
  i_scannedClassNames = class java.util.IdentityHashMap@4b516dab
    DEFAULT_CAPACITY = 32
    MINIMUM_CAPACITY = 4
    MAXIMUM_CAPACITY = 536870912
    table = class java.lang.Object[64]
      table[0] = null
      table[1] = null
      table[2] = null
      table[3] = null
      table[4] = "org.tec.datos1.messenger.estructures.NodoGrafo"
      table[5] = "org.tec.datos1.messenger.estructures.NodoGrafo"
      table[6] = null
      table[7] = null
      table[8] = null
      table[9] = null
      table[10] = "org.tec.datos1.messenger.estructures.Arco"
      table[11] = "org.tec.datos1.messenger.estructures.Arco"
      table[12] = null
      table[13] = null
      table[14] = null
      table[15] = null
      table[16] = null
      table[17] = null
      table[18] = null
      table[19] = null
      table[20] = null
      table[21] = null
      table[22] = null
      table[23] = null
      table[24] = null
      table[25] = null
      table[26] = null
      table[27] = null
      table[28] = null
      table[29] = null
      table[30] = null
      table[31] = null
      table[32] = "org.tec.datos1.messenger.estructures.Cola"
      table[33] = "org.tec.datos1.messenger.estructures.Cola"
      table[34] = null
      table[35] = null
      table[36] = null
      table[37] = null
      table[38] = null
      table[39] = null
      table[40] = null
      table[41] = null
      table[42] = null
      table[43] = null
      table[44] = "org.tec.datos1.messenger.webapi.resources.Hello"
      table[45] = "org.tec.datos1.messenger.webapi.resources.Hello"
      table[46] = null
      table[47] = null
      table[48] = null
      table[49] = null
      table[50] = null
      table[51] = null
      table[52] = null
      table[53] = null
      table[54] = null
      table[55] = null
      table[56] = null
      table[57] = null
      table[58] = null
      table[59] = null
      table[60] = null
      table[61] = null
      table[62] = null
      table[63] = null
    size = 4
    modCount = 4
    NULL_KEY = class java.lang.Object@2b7d2600
    entrySet = null
    serialVersionUID = 8188218128353913216
    keySet = null
    values = null
  i_referencedClassNames = class java.util.IdentityHashMap@109fe134
    DEFAULT_CAPACITY = 32
    MINIMUM_CAPACITY = 4
    MAXIMUM_CAPACITY = 536870912
    table = class java.lang.Object[64]
      table[0] = null
      table[1] = null
      table[2] = null
      table[3] = null
      table[4] = null
      table[5] = null
      table[6] = null
      table[7] = null
      table[8] = null
      table[9] = null
      table[10] = null
      table[11] = null
      table[12] = null
      table[13] = null
      table[14] = null
      table[15] = null
      table[16] = "java.lang.Object"
      table[17] = "java.lang.Object"
      table[18] = null
      table[19] = null
      table[20] = "javax.ws.rs.Produces"
      table[21] = "javax.ws.rs.Produces"
      table[22] = null
      table[23] = null
      table[24] = null
      table[25] = null
      table[26] = null
      table[27] = null
      table[28] = null
      table[29] = null
      table[30] = null
      table[31] = null
      table[32] = null
      table[33] = null
      table[34] = null
      table[35] = null
      table[36] = null
      table[37] = null
      table[38] = null
      table[39] = null
      table[40] = null
      table[41] = null
      table[42] = null
      table[43] = null
      table[44] = null
      table[45] = null
      table[46] = null
      table[47] = null
      table[48] = null
      table[49] = null
      table[50] = null
      table[51] = null
      table[52] = null
      table[53] = null
      table[54] = null
      table[55] = null
      table[56] = "javax.ws.rs.GET"
      table[57] = "javax.ws.rs.GET"
      table[58] = null
      table[59] = null
      table[60] = "javax.ws.rs.Path"
      table[61] = "javax.ws.rs.Path"
      table[62] = null
      table[63] = null
    size = 4
    modCount = 4
    NULL_KEY = class java.lang.Object@2b7d2600
    entrySet = null
    serialVersionUID = 8188218128353913216
    keySet = null
    values = null
  i_unresolvedClassNames = class java.util.IdentityHashMap@5e0e817d
    DEFAULT_CAPACITY = 32
    MINIMUM_CAPACITY = 4
    MAXIMUM_CAPACITY = 536870912
    table = class java.lang.Object[64]
      table[0] = null
      table[1] = null
      table[2] = null
      table[3] = null
      table[4] = null
      table[5] = null
      table[6] = null
      table[7] = null
      table[8] = null
      table[9] = null
      table[10] = null
      table[11] = null
      table[12] = null
      table[13] = null
      table[14] = null
      table[15] = null
      table[16] = null
      table[17] = null
      table[18] = null
      table[19] = null
      table[20] = null
      table[21] = null
      table[22] = null
      table[23] = null
      table[24] = null
      table[25] = null
      table[26] = null
      table[27] = null
      table[28] = null
      table[29] = null
      table[30] = null
      table[31] = null
      table[32] = null
      table[33] = null
      table[34] = null
      table[35] = null
      table[36] = null
      table[37] = null
      table[38] = null
      table[39] = null
      table[40] = null
      table[41] = null
      table[42] = null
      table[43] = null
      table[44] = null
      table[45] = null
      table[46] = null
      table[47] = null
      table[48] = null
      table[49] = null
      table[50] = null
      table[51] = null
      table[52] = null
      table[53] = null
      table[54] = null
      table[55] = null
      table[56] = null
      table[57] = null
      table[58] = null
      table[59] = null
      table[60] = null
      table[61] = null
      table[62] = null
      table[63] = null
    size = 0
    modCount = 0
    NULL_KEY = class java.lang.Object@2b7d2600
    entrySet = null
    serialVersionUID = 8188218128353913216
    keySet = null
    values = null
  classSourceClassData = class com.ibm.ws.anno.util.internal.UtilImpl_BidirectionalMap@620a31d8
    tc = class com.ibm.websphere.ras.TraceComponent@4a44bc7b
      strings[0] = "TraceComponent[com.ibm.ws.anno.util.internal.UtilImpl_BidirectionalMap,class com.ibm.ws.anno.util.internal.UtilImpl_BidirectionalMap,[com.ibm.ws.anno],com.ibm.ws.anno.resources.internal.AnnoMessages,null]"
    CLASS_NAME = "com.ibm.ws.anno.util.internal.UtilImpl_BidirectionalMap"
    hashText = "UtilImpl_BidirectionalMap@881273452(class source : class, enabled='true')"
    factory = class com.ibm.ws.anno.util.internal.UtilImpl_Factory@27597105
    holderTag = "class source"
    heldTag = "class"
    holderInternMap = class com.ibm.ws.anno.util.internal.UtilImpl_InternMap@19aa7ada
    heldInternMap = class com.ibm.ws.anno.util.internal.UtilImpl_InternMap@4ed2a8f5
    isEnabled = true
    i_holderToHeldMap = class java.util.IdentityHashMap@65d26b84
      DEFAULT_CAPACITY = 32
      MINIMUM_CAPACITY = 4
      MAXIMUM_CAPACITY = 536870912
      table = class java.lang.Object[64]
      size = 1
      modCount = 1
      NULL_KEY = class java.lang.Object@2b7d2600
      entrySet = null
      serialVersionUID = 8188218128353913216
      keySet = null
      values = null
    i_heldToHoldersMap = class java.util.IdentityHashMap@3755f710
      DEFAULT_CAPACITY = 32
      MINIMUM_CAPACITY = 4
      MAXIMUM_CAPACITY = 536870912
      table = class java.lang.Object[64]
      size = 4
      modCount = 4
      NULL_KEY = class java.lang.Object@2b7d2600
      entrySet = null
      serialVersionUID = 8188218128353913216
      keySet = null
      values = null
    serialVersionUID = -5120548021685902873
  i_superclassNameMap = class java.util.IdentityHashMap@22763407
    DEFAULT_CAPACITY = 32
    MINIMUM_CAPACITY = 4
    MAXIMUM_CAPACITY = 536870912
    table = class java.lang.Object[64]
      table[0] = null
      table[1] = null
      table[2] = null
      table[3] = null
      table[4] = "org.tec.datos1.messenger.estructures.NodoGrafo"
      table[5] = "java.lang.Object"
      table[6] = null
      table[7] = null
      table[8] = null
      table[9] = null
      table[10] = "org.tec.datos1.messenger.estructures.Arco"
      table[11] = "java.lang.Object"
      table[12] = null
      table[13] = null
      table[14] = null
      table[15] = null
      table[16] = null
      table[17] = null
      table[18] = null
      table[19] = null
      table[20] = null
      table[21] = null
      table[22] = null
      table[23] = null
      table[24] = null
      table[25] = null
      table[26] = null
      table[27] = null
      table[28] = null
      table[29] = null
      table[30] = null
      table[31] = null
      table[32] = "org.tec.datos1.messenger.estructures.Cola"
      table[33] = "java.lang.Object"
      table[34] = null
      table[35] = null
      table[36] = null
      table[37] = null
      table[38] = null
      table[39] = null
      table[40] = null
      table[41] = null
      table[42] = null
      table[43] = null
      table[44] = "org.tec.datos1.messenger.webapi.resources.Hello"
      table[45] = "java.lang.Object"
      table[46] = null
      table[47] = null
      table[48] = null
      table[49] = null
      table[50] = null
      table[51] = null
      table[52] = null
      table[53] = null
      table[54] = null
      table[55] = null
      table[56] = null
      table[57] = null
      table[58] = null
      table[59] = null
      table[60] = null
      table[61] = null
      table[62] = null
      table[63] = null
    size = 4
    modCount = 4
    NULL_KEY = class java.lang.Object@2b7d2600
    entrySet = null
    serialVersionUID = 8188218128353913216
    keySet = null
    values = null
  i_interfaceNameMap = class java.util.IdentityHashMap@4d8fe73c
    DEFAULT_CAPACITY = 32
    MINIMUM_CAPACITY = 4
    MAXIMUM_CAPACITY = 536870912
    table = class java.lang.Object[64]
      table[0] = null
      table[1] = null
      table[2] = null
      table[3] = null
      table[4] = null
      table[5] = null
      table[6] = null
      table[7] = null
      table[8] = null
      table[9] = null
      table[10] = null
      table[11] = null
      table[12] = null
      table[13] = null
      table[14] = null
      table[15] = null
      table[16] = null
      table[17] = null
      table[18] = null
      table[19] = null
      table[20] = null
      table[21] = null
      table[22] = null
      table[23] = null
      table[24] = null
      table[25] = null
      table[26] = null
      table[27] = null
      table[28] = null
      table[29] = null
      table[30] = null
      table[31] = null
      table[32] = null
      table[33] = null
      table[34] = null
      table[35] = null
      table[36] = null
      table[37] = null
      table[38] = null
      table[39] = null
      table[40] = null
      table[41] = null
      table[42] = null
      table[43] = null
      table[44] = null
      table[45] = null
      table[46] = null
      table[47] = null
      table[48] = null
      table[49] = null
      table[50] = null
      table[51] = null
      table[52] = null
      table[53] = null
      table[54] = null
      table[55] = null
      table[56] = null
      table[57] = null
      table[58] = null
      table[59] = null
      table[60] = null
      table[61] = null
      table[62] = null
      table[63] = null
    size = 0
    modCount = 0
    NULL_KEY = class java.lang.Object@2b7d2600
    entrySet = null
    serialVersionUID = 8188218128353913216
    keySet = null
    values = null
  i_allImplementersMap = null
  i_descendantsMap = null
  isDetailEnabled = true
  seedData = class com.ibm.ws.anno.targets.internal.AnnotationTargetsImpl_PolicyData@67a08299
    targets = class com.ibm.ws.anno.targets.internal.AnnotationTargetsImpl_Targets@5c0b80b7
    scanPolicy = class com.ibm.wsspi.anno.classsource.ClassSource_Aggregate$ScanPolicy@777552f1
    i_classNames = class java.util.IdentityHashMap@455af68f
      DEFAULT_CAPACITY = 32
      MINIMUM_CAPACITY = 4
      MAXIMUM_CAPACITY = 536870912
      table = class java.lang.Object[64]
      size = 4
      modCount = 4
      NULL_KEY = class java.lang.Object@2b7d2600
      entrySet = null
      serialVersionUID = 8188218128353913216
      keySet = null
      values = null
    packageAnnotationData = class com.ibm.ws.anno.util.internal.UtilImpl_BidirectionalMap@59027113
      tc = class com.ibm.websphere.ras.TraceComponent@4a44bc7b
      CLASS_NAME = "com.ibm.ws.anno.util.internal.UtilImpl_BidirectionalMap"
      hashText = "UtilImpl_BidirectionalMap@97030501(SEED packages with annotations : annotations, enabled='true')"
      factory = class com.ibm.ws.anno.util.internal.UtilImpl_Factory@27597105
      holderTag = "SEED packages with annotations"
      heldTag = "annotations"
      holderInternMap = class com.ibm.ws.anno.util.internal.UtilImpl_InternMap@4ed2a8f5
      heldInternMap = class com.ibm.ws.anno.util.internal.UtilImpl_InternMap@4ed2a8f5
      isEnabled = true
      i_holderToHeldMap = class java.util.IdentityHashMap@49dae707
      i_heldToHoldersMap = class java.util.IdentityHashMap@68aabed9
      serialVersionUID = -5120548021685902873
    classAnnotationData = class com.ibm.ws.anno.util.internal.UtilImpl_BidirectionalMap@53841ad6
      tc = class com.ibm.websphere.ras.TraceComponent@4a44bc7b
      CLASS_NAME = "com.ibm.ws.anno.util.internal.UtilImpl_BidirectionalMap"
      hashText = "UtilImpl_BidirectionalMap@207775111(SEED class with annotations : annotations, enabled='true')"
      factory = class com.ibm.ws.anno.util.internal.UtilImpl_Factory@27597105
      holderTag = "SEED class with annotations"
      heldTag = "annotations"
      holderInternMap = class com.ibm.ws.anno.util.internal.UtilImpl_InternMap@4ed2a8f5
      heldInternMap = class com.ibm.ws.anno.util.internal.UtilImpl_InternMap@4ed2a8f5
      isEnabled = true
      i_holderToHeldMap = class java.util.IdentityHashMap@7537a438
      i_heldToHoldersMap = class java.util.IdentityHashMap@2734a603
      serialVersionUID = -5120548021685902873
    fieldAnnotationData = class com.ibm.ws.anno.util.internal.UtilImpl_BidirectionalMap@46a1b92f
      tc = class com.ibm.websphere.ras.TraceComponent@4a44bc7b
      CLASS_NAME = "com.ibm.ws.anno.util.internal.UtilImpl_BidirectionalMap"
      hashText = "UtilImpl_BidirectionalMap@622807367(SEED class with field annotations : annotations, enabled='true')"
      factory = class com.ibm.ws.anno.util.internal.UtilImpl_Factory@27597105
      holderTag = "SEED class with field annotations"
      heldTag = "annotations"
      holderInternMap = class com.ibm.ws.anno.util.internal.UtilImpl_InternMap@4ed2a8f5
      heldInternMap = class com.ibm.ws.anno.util.internal.UtilImpl_InternMap@4ed2a8f5
      isEnabled = true
      i_holderToHeldMap = class java.util.IdentityHashMap@136ee881
      i_heldToHoldersMap = class java.util.IdentityHashMap@20c0f0b9
      serialVersionUID = -5120548021685902873
    methodAnnotationData = class com.ibm.ws.anno.util.internal.UtilImpl_BidirectionalMap@54ddd1fa
      tc = class com.ibm.websphere.ras.TraceComponent@4a44bc7b
      CLASS_NAME = "com.ibm.ws.anno.util.internal.UtilImpl_BidirectionalMap"
      hashText = "UtilImpl_BidirectionalMap@637282467(SEED class with method annotations : annotations, enabled='true')"
      factory = class com.ibm.ws.anno.util.internal.UtilImpl_Factory@27597105
      holderTag = "SEED class with method annotations"
      heldTag = "annotations"
      holderInternMap = class com.ibm.ws.anno.util.internal.UtilImpl_InternMap@4ed2a8f5
      heldInternMap = class com.ibm.ws.anno.util.internal.UtilImpl_InternMap@4ed2a8f5
      isEnabled = true
      i_holderToHeldMap = class java.util.IdentityHashMap@4deb8616
      i_heldToHoldersMap = class java.util.IdentityHashMap@7d8de7c8
      serialVersionUID = -5120548021685902873
    serialVersionUID = -5030791898751345539
    $$$tc$$$ = class com.ibm.websphere.ras.TraceComponent@8110e41
  partialData = class com.ibm.ws.anno.targets.internal.AnnotationTargetsImpl_PolicyData@5417fb44
    targets = class com.ibm.ws.anno.targets.internal.AnnotationTargetsImpl_Targets@5c0b80b7
    scanPolicy = class com.ibm.wsspi.anno.classsource.ClassSource_Aggregate$ScanPolicy@75cb6a5c
      SEED = class com.ibm.wsspi.anno.classsource.ClassSource_Aggregate$ScanPolicy@777552f1
      PARTIAL = class com.ibm.wsspi.anno.classsource.ClassSource_Aggregate$ScanPolicy@75cb6a5c
      EXCLUDED = class com.ibm.wsspi.anno.classsource.ClassSource_Aggregate$ScanPolicy@6dbc5334
      EXTERNAL = class com.ibm.wsspi.anno.classsource.ClassSource_Aggregate$ScanPolicy@1bac59c5
      value = 2
      ALL_EXCEPT_EXTERNAL = 7
      $VALUES = class com.ibm.wsspi.anno.classsource.ClassSource_Aggregate$ScanPolicy[4]
      $$$tc$$$ = class com.ibm.websphere.ras.TraceComponent@313a9071
      name = "PARTIAL"
      ordinal = 1
    i_classNames = class java.util.IdentityHashMap@6d3eee82
      DEFAULT_CAPACITY = 32
      MINIMUM_CAPACITY = 4
      MAXIMUM_CAPACITY = 536870912
      table = class java.lang.Object[64]
      size = 0
      modCount = 0
      NULL_KEY = class java.lang.Object@2b7d2600
      entrySet = null
      serialVersionUID = 8188218128353913216
      keySet = null
      values = null
    packageAnnotationData = class com.ibm.ws.anno.util.internal.UtilImpl_BidirectionalMap@7fcdffe7
      tc = class com.ibm.websphere.ras.TraceComponent@4a44bc7b
      CLASS_NAME = "com.ibm.ws.anno.util.internal.UtilImpl_BidirectionalMap"
      hashText = "UtilImpl_BidirectionalMap@1694418624(PARTIAL packages with annotations : annotations, enabled='true')"
      factory = class com.ibm.ws.anno.util.internal.UtilImpl_Factory@27597105
      holderTag = "PARTIAL packages with annotations"
      heldTag = "annotations"
      holderInternMap = class com.ibm.ws.anno.util.internal.UtilImpl_InternMap@4ed2a8f5
      heldInternMap = class com.ibm.ws.anno.util.internal.UtilImpl_InternMap@4ed2a8f5
      isEnabled = true
      i_holderToHeldMap = class java.util.IdentityHashMap@29ded226
      i_heldToHoldersMap = class java.util.IdentityHashMap@4da86b14
      serialVersionUID = -5120548021685902873
    classAnnotationData = class com.ibm.ws.anno.util.internal.UtilImpl_BidirectionalMap@619fab7c
      tc = class com.ibm.websphere.ras.TraceComponent@4a44bc7b
      CLASS_NAME = "com.ibm.ws.anno.util.internal.UtilImpl_BidirectionalMap"
      hashText = "UtilImpl_BidirectionalMap@2066729349(PARTIAL class with annotations : annotations, enabled='true')"
      factory = class com.ibm.ws.anno.util.internal.UtilImpl_Factory@27597105
      holderTag = "PARTIAL class with annotations"
      heldTag = "annotations"
      holderInternMap = class com.ibm.ws.anno.util.internal.UtilImpl_InternMap@4ed2a8f5
      heldInternMap = class com.ibm.ws.anno.util.internal.UtilImpl_InternMap@4ed2a8f5
      isEnabled = true
      i_holderToHeldMap = class java.util.IdentityHashMap@356e99ac
      i_heldToHoldersMap = class java.util.IdentityHashMap@520de2ec
      serialVersionUID = -5120548021685902873
    fieldAnnotationData = class com.ibm.ws.anno.util.internal.UtilImpl_BidirectionalMap@4fa8b499
      tc = class com.ibm.websphere.ras.TraceComponent@4a44bc7b
      CLASS_NAME = "com.ibm.ws.anno.util.internal.UtilImpl_BidirectionalMap"
      hashText = "UtilImpl_BidirectionalMap@614851286(PARTIAL class with field annotations : annotations, enabled='true')"
      factory = class com.ibm.ws.anno.util.internal.UtilImpl_Factory@27597105
      holderTag = "PARTIAL class with field annotations"
      heldTag = "annotations"
      holderInternMap = class com.ibm.ws.anno.util.internal.UtilImpl_InternMap@4ed2a8f5
      heldInternMap = class com.ibm.ws.anno.util.internal.UtilImpl_InternMap@4ed2a8f5
      isEnabled = true
      i_holderToHeldMap = class java.util.IdentityHashMap@4ec38072
      i_heldToHoldersMap = class java.util.IdentityHashMap@1153246e
      serialVersionUID = -5120548021685902873
    methodAnnotationData = class com.ibm.ws.anno.util.internal.UtilImpl_BidirectionalMap@55f81910
      tc = class com.ibm.websphere.ras.TraceComponent@4a44bc7b
      CLASS_NAME = "com.ibm.ws.anno.util.internal.UtilImpl_BidirectionalMap"
      hashText = "UtilImpl_BidirectionalMap@1616412625(PARTIAL class with method annotations : annotations, enabled='true')"
      factory = class com.ibm.ws.anno.util.internal.UtilImpl_Factory@27597105
      holderTag = "PARTIAL class with method annotations"
      heldTag = "annotations"
      holderInternMap = class com.ibm.ws.anno.util.internal.UtilImpl_InternMap@4ed2a8f5
      heldInternMap = class com.ibm.ws.anno.util.internal.UtilImpl_InternMap@4ed2a8f5
      isEnabled = true
      i_holderToHeldMap = class java.util.IdentityHashMap@3e5f2889
      i_heldToHoldersMap = class java.util.IdentityHashMap@7fbd6517
      serialVersionUID = -5120548021685902873
    serialVersionUID = -5030791898751345539
    $$$tc$$$ = class com.ibm.websphere.ras.TraceComponent@8110e41
  excludedData = class com.ibm.ws.anno.targets.internal.AnnotationTargetsImpl_PolicyData@47522bcd
    targets = class com.ibm.ws.anno.targets.internal.AnnotationTargetsImpl_Targets@5c0b80b7
    scanPolicy = class com.ibm.wsspi.anno.classsource.ClassSource_Aggregate$ScanPolicy@6dbc5334
      SEED = class com.ibm.wsspi.anno.classsource.ClassSource_Aggregate$ScanPolicy@777552f1
      PARTIAL = class com.ibm.wsspi.anno.classsource.ClassSource_Aggregate$ScanPolicy@75cb6a5c
      EXCLUDED = class com.ibm.wsspi.anno.classsource.ClassSource_Aggregate$ScanPolicy@6dbc5334
      EXTERNAL = class com.ibm.wsspi.anno.classsource.ClassSource_Aggregate$ScanPolicy@1bac59c5
      value = 4
      ALL_EXCEPT_EXTERNAL = 7
      $VALUES = class com.ibm.wsspi.anno.classsource.ClassSource_Aggregate$ScanPolicy[4]
      $$$tc$$$ = class com.ibm.websphere.ras.TraceComponent@313a9071
      name = "EXCLUDED"
      ordinal = 2
    i_classNames = class java.util.IdentityHashMap@269ff76d
      DEFAULT_CAPACITY = 32
      MINIMUM_CAPACITY = 4
      MAXIMUM_CAPACITY = 536870912
      table = class java.lang.Object[64]
      size = 0
      modCount = 0
      NULL_KEY = class java.lang.Object@2b7d2600
      entrySet = null
      serialVersionUID = 8188218128353913216
      keySet = null
      values = null
    packageAnnotationData = class com.ibm.ws.anno.util.internal.UtilImpl_BidirectionalMap@1cf7a045
      tc = class com.ibm.websphere.ras.TraceComponent@4a44bc7b
      CLASS_NAME = "com.ibm.ws.anno.util.internal.UtilImpl_BidirectionalMap"
      hashText = "UtilImpl_BidirectionalMap@1921150428(EXCLUDED packages with annotations : annotations, enabled='true')"
      factory = class com.ibm.ws.anno.util.internal.UtilImpl_Factory@27597105
      holderTag = "EXCLUDED packages with annotations"
      heldTag = "annotations"
      holderInternMap = class com.ibm.ws.anno.util.internal.UtilImpl_InternMap@4ed2a8f5
      heldInternMap = class com.ibm.ws.anno.util.internal.UtilImpl_InternMap@4ed2a8f5
      isEnabled = true
      i_holderToHeldMap = class java.util.IdentityHashMap@1fad0d9b
      i_heldToHoldersMap = class java.util.IdentityHashMap@57fb0768
      serialVersionUID = -5120548021685902873
    classAnnotationData = class com.ibm.ws.anno.util.internal.UtilImpl_BidirectionalMap@6fdd0a30
      tc = class com.ibm.websphere.ras.TraceComponent@4a44bc7b
      CLASS_NAME = "com.ibm.ws.anno.util.internal.UtilImpl_BidirectionalMap"
      hashText = "UtilImpl_BidirectionalMap@2011492840(EXCLUDED class with annotations : annotations, enabled='true')"
      factory = class com.ibm.ws.anno.util.internal.UtilImpl_Factory@27597105
      holderTag = "EXCLUDED class with annotations"
      heldTag = "annotations"
      holderInternMap = class com.ibm.ws.anno.util.internal.UtilImpl_InternMap@4ed2a8f5
      heldInternMap = class com.ibm.ws.anno.util.internal.UtilImpl_InternMap@4ed2a8f5
      isEnabled = true
      i_holderToHeldMap = class java.util.IdentityHashMap@510f27c1
      i_heldToHoldersMap = class java.util.IdentityHashMap@16535609
      serialVersionUID = -5120548021685902873
    fieldAnnotationData = class com.ibm.ws.anno.util.internal.UtilImpl_BidirectionalMap@6077c10c
      tc = class com.ibm.websphere.ras.TraceComponent@4a44bc7b
      CLASS_NAME = "com.ibm.ws.anno.util.internal.UtilImpl_BidirectionalMap"
      hashText = "UtilImpl_BidirectionalMap@2094796432(EXCLUDED class with field annotations : annotations, enabled='true')"
      factory = class com.ibm.ws.anno.util.internal.UtilImpl_Factory@27597105
      holderTag = "EXCLUDED class with field annotations"
      heldTag = "annotations"
      holderInternMap = class com.ibm.ws.anno.util.internal.UtilImpl_InternMap@4ed2a8f5
      heldInternMap = class com.ibm.ws.anno.util.internal.UtilImpl_InternMap@4ed2a8f5
      isEnabled = true
      i_holderToHeldMap = class java.util.IdentityHashMap@7392bc28
      i_heldToHoldersMap = class java.util.IdentityHashMap@e50624
      serialVersionUID = -5120548021685902873
    methodAnnotationData = class com.ibm.ws.anno.util.internal.UtilImpl_BidirectionalMap@398a76f0
      tc = class com.ibm.websphere.ras.TraceComponent@4a44bc7b
      CLASS_NAME = "com.ibm.ws.anno.util.internal.UtilImpl_BidirectionalMap"
      hashText = "UtilImpl_BidirectionalMap@1599688749(EXCLUDED class with method annotations : annotations, enabled='true')"
      factory = class com.ibm.ws.anno.util.internal.UtilImpl_Factory@27597105
      holderTag = "EXCLUDED class with method annotations"
      heldTag = "annotations"
      holderInternMap = class com.ibm.ws.anno.util.internal.UtilImpl_InternMap@4ed2a8f5
      heldInternMap = class com.ibm.ws.anno.util.internal.UtilImpl_InternMap@4ed2a8f5
      isEnabled = true
      i_holderToHeldMap = class java.util.IdentityHashMap@dc01c85
      i_heldToHoldersMap = class java.util.IdentityHashMap@5036c85c
      serialVersionUID = -5120548021685902873
    serialVersionUID = -5030791898751345539
    $$$tc$$$ = class com.ibm.websphere.ras.TraceComponent@8110e41
  externalData = class com.ibm.ws.anno.targets.internal.AnnotationTargetsImpl_PolicyData@75d6821c
    targets = class com.ibm.ws.anno.targets.internal.AnnotationTargetsImpl_Targets@5c0b80b7
    scanPolicy = class com.ibm.wsspi.anno.classsource.ClassSource_Aggregate$ScanPolicy@1bac59c5
      SEED = class com.ibm.wsspi.anno.classsource.ClassSource_Aggregate$ScanPolicy@777552f1
      PARTIAL = class com.ibm.wsspi.anno.classsource.ClassSource_Aggregate$ScanPolicy@75cb6a5c
      EXCLUDED = class com.ibm.wsspi.anno.classsource.ClassSource_Aggregate$ScanPolicy@6dbc5334
      EXTERNAL = class com.ibm.wsspi.anno.classsource.ClassSource_Aggregate$ScanPolicy@1bac59c5
      value = 8
      ALL_EXCEPT_EXTERNAL = 7
      $VALUES = class com.ibm.wsspi.anno.classsource.ClassSource_Aggregate$ScanPolicy[4]
      $$$tc$$$ = class com.ibm.websphere.ras.TraceComponent@313a9071
      name = "EXTERNAL"
      ordinal = 3
    i_classNames = class java.util.IdentityHashMap@7fa1471b
      DEFAULT_CAPACITY = 32
      MINIMUM_CAPACITY = 4
      MAXIMUM_CAPACITY = 536870912
      table = class java.lang.Object[64]
      size = 0
      modCount = 0
      NULL_KEY = class java.lang.Object@2b7d2600
      entrySet = null
      serialVersionUID = 8188218128353913216
      keySet = null
      values = null
    packageAnnotationData = class com.ibm.ws.anno.util.internal.UtilImpl_BidirectionalMap@20e2f4fe
      tc = class com.ibm.websphere.ras.TraceComponent@4a44bc7b
      CLASS_NAME = "com.ibm.ws.anno.util.internal.UtilImpl_BidirectionalMap"
      hashText = "UtilImpl_BidirectionalMap@1045707415(EXTERNAL packages with annotations : annotations, enabled='true')"
      factory = class com.ibm.ws.anno.util.internal.UtilImpl_Factory@27597105
      holderTag = "EXTERNAL packages with annotations"
      heldTag = "annotations"
      holderInternMap = class com.ibm.ws.anno.util.internal.UtilImpl_InternMap@4ed2a8f5
      heldInternMap = class com.ibm.ws.anno.util.internal.UtilImpl_InternMap@4ed2a8f5
      isEnabled = true
      i_holderToHeldMap = class java.util.IdentityHashMap@818a343
      i_heldToHoldersMap = class java.util.IdentityHashMap@420afa67
      serialVersionUID = -5120548021685902873
    classAnnotationData = class com.ibm.ws.anno.util.internal.UtilImpl_BidirectionalMap@59f11d9e
      tc = class com.ibm.websphere.ras.TraceComponent@4a44bc7b
      CLASS_NAME = "com.ibm.ws.anno.util.internal.UtilImpl_BidirectionalMap"
      hashText = "UtilImpl_BidirectionalMap@1861220100(EXTERNAL class with annotations : annotations, enabled='true')"
      factory = class com.ibm.ws.anno.util.internal.UtilImpl_Factory@27597105
      holderTag = "EXTERNAL class with annotations"
      heldTag = "annotations"
      holderInternMap = class com.ibm.ws.anno.util.internal.UtilImpl_InternMap@4ed2a8f5
      heldInternMap = class com.ibm.ws.anno.util.internal.UtilImpl_InternMap@4ed2a8f5
      isEnabled = true
      i_holderToHeldMap = class java.util.IdentityHashMap@2d21c09
      i_heldToHoldersMap = class java.util.IdentityHashMap@1749004f
      serialVersionUID = -5120548021685902873
    fieldAnnotationData = class com.ibm.ws.anno.util.internal.UtilImpl_BidirectionalMap@20ea1514
      tc = class com.ibm.websphere.ras.TraceComponent@4a44bc7b
      CLASS_NAME = "com.ibm.ws.anno.util.internal.UtilImpl_BidirectionalMap"
      hashText = "UtilImpl_BidirectionalMap@1927011527(EXTERNAL class with field annotations : annotations, enabled='true')"
      factory = class com.ibm.ws.anno.util.internal.UtilImpl_Factory@27597105
      holderTag = "EXTERNAL class with field annotations"
      heldTag = "annotations"
      holderInternMap = class com.ibm.ws.anno.util.internal.UtilImpl_InternMap@4ed2a8f5
      heldInternMap = class com.ibm.ws.anno.util.internal.UtilImpl_InternMap@4ed2a8f5
      isEnabled = true
      i_holderToHeldMap = class java.util.IdentityHashMap@6bde5b54
      i_heldToHoldersMap = class java.util.IdentityHashMap@d4bc9fb
      serialVersionUID = -5120548021685902873
    methodAnnotationData = class com.ibm.ws.anno.util.internal.UtilImpl_BidirectionalMap@5586078d
      tc = class com.ibm.websphere.ras.TraceComponent@4a44bc7b
      CLASS_NAME = "com.ibm.ws.anno.util.internal.UtilImpl_BidirectionalMap"
      hashText = "UtilImpl_BidirectionalMap@1737892489(EXTERNAL class with method annotations : annotations, enabled='true')"
      factory = class com.ibm.ws.anno.util.internal.UtilImpl_Factory@27597105
      holderTag = "EXTERNAL class with method annotations"
      heldTag = "annotations"
      holderInternMap = class com.ibm.ws.anno.util.internal.UtilImpl_InternMap@4ed2a8f5
      heldInternMap = class com.ibm.ws.anno.util.internal.UtilImpl_InternMap@4ed2a8f5
      isEnabled = true
      i_holderToHeldMap = class java.util.IdentityHashMap@41f4c4ea
      i_heldToHoldersMap = class java.util.IdentityHashMap@2b2317d2
      serialVersionUID = -5120548021685902873
    serialVersionUID = -5030791898751345539
    $$$tc$$$ = class com.ibm.websphere.ras.TraceComponent@8110e41
      strings[0] = "TraceComponent[com.ibm.ws.anno.targets.internal.AnnotationTargetsImpl_PolicyData,class com.ibm.ws.anno.targets.internal.AnnotationTargetsImpl_PolicyData,[com.ibm.ws.anno],com.ibm.ws.anno.resources.internal.AnnoMessages,null]"
  serialVersionUID = -3049218285772143434

Dump of objectArray[0]
Object type = java.lang.String
  String value = "WEB-INF/lib/javax.json-api-1.1.jar"

Dump of objectArray[1]
Object type = java.lang.String
  String value = "module-info"

Dump of objectArray[2]
Object type = com.ibm.ws.artifact.zip.internal.ZipFileEntry$1
  isClosed = false
  val$zfh = class com.ibm.ws.artifact.zip.cache.internal.ZipFileHandleImpl@7e2fe2dd
    tc = class com.ibm.websphere.ras.TraceComponent@abc1aeb
      strings[0] = "TraceComponent[com.ibm.ws.artifact.zip.cache.internal.ZipFileHandleImpl,class com.ibm.ws.artifact.zip.cache.internal.ZipFileHandleImpl,[archive.artifact],,null]"
    path = "/Users/Jai/Library/Mobile Documents/com~apple~CloudDocs/Datos I/TEC Messenger/org.tec.datos1.messenger.webapi/WebContent/WEB-INF/lib/javax.json-api-1.1.jar"
    file = class java.io.File@446a3739
      fs = class java.io.UnixFileSystem@2233e19c
      path = "/Users/Jai/Library/Mobile Documents/com~apple~CloudDocs/Datos I/TEC Messenger/org.tec.datos1.messenger.webapi/WebContent/WEB-INF/lib/javax.json-api-1.1.jar"
      status = class java.io.File$PathStatus@7e62dbc5
      prefixLength = 1
      separatorChar = /
      separator = "/"
      pathSeparatorChar = :
      pathSeparator = ":"
      PATH_OFFSET = 16
      PREFIX_LENGTH_OFFSET = 12
      UNSAFE = class sun.misc.Unsafe@5ffc4725
      serialVersionUID = 301077366599181567
      filePath = null
      $assertionsDisabled = true
    zipFile = class java.util.zip.ZipFile@5d81c371
      jzfile = 140435704584848
      name = "/Users/Jai/Library/Mobile Documents/com~apple~CloudDocs/Datos I/TEC Messenger/org.tec.datos1.messenger.webapi/WebContent/WEB-INF/lib/javax.json-api-1.1.jar"
      total = 44
      locsig = true
      closeRequested = false
      STORED = 0
      DEFLATED = 8
      OPEN_READ = 1
      OPEN_DELETE = 4
      usemmap = true
      ensuretrailingslash = true
      zc = class java.util.zip.ZipCoder@29d40d3c
      streams = class java.util.WeakHashMap@5a10d3ac
      inflaterCache = class java.util.ArrayDeque@5c5fbc10
      JZENTRY_NAME = 0
      JZENTRY_EXTRA = 1
      JZENTRY_COMMENT = 2
    refs = 2
    MAX_CACHE_ENTRY_SIZE = 8192
    MAX_CACHE_ENTRIES = 16
    dataCache = class java.util.Collections$SynchronizedMap@9f09c7e
      serialVersionUID = 1978198479659022715
      m = class com.ibm.ws.artifact.zip.cache.internal.CacheHashMap@630c4255
      mutex = class java.util.Collections$SynchronizedMap@9f09c7e
      keySet = null
      entrySet = null
      values = null
    serialVersionUID = 4311869427952196216
  this$0 = class com.ibm.ws.artifact.zip.internal.ZipFileEntry@419a532
    tc = class com.ibm.websphere.ras.TraceComponent@7059ca4c
      strings[0] = "TraceComponent[com.ibm.ws.artifact.zip.internal.ZipFileEntry,class com.ibm.ws.artifact.zip.internal.ZipFileEntry,[archive.artifact.zip],com.ibm.ws.artifact.zip.internal.resources.ZipArtifactMessages,null]"
    enclosingContainer = class com.ibm.ws.artifact.zip.internal.ZipFileContainer@155a0a5c
      tc = class com.ibm.websphere.ras.TraceComponent@a1cf0fd
      containerFactoryHolder = class com.ibm.ws.artifact.zip.internal.ZipFileContainerFactory@49edcdd8
      parent = class com.ibm.ws.artifact.loose.internal.LooseContainer@506ba916
      thisInParent = class com.ibm.ws.artifact.loose.internal.LooseEntry@5db19a1f
      cacheLocks = class java.util.concurrent.ConcurrentHashMap@7a150f7c
      archiveFile = class java.io.File@ca02efa
      cacheDir = class java.io.File@6daeed27
      zipFileHandle = class com.ibm.ws.artifact.zip.cache.internal.ZipFileHandleImpl@7e2fe2dd
      isRoot = true
      allEntries = class java.util.TreeMap@88fe6bc
      fastModeLock = class com.ibm.ws.artifact.zip.internal.ZipFileContainer$FastModeLock@6000ca9d
      fastModeCount = 1
      artifactNotifier = class com.ibm.ws.artifact.zip.internal.ZipFileArtifactNotifier@3130c5e0
      serialVersionUID = -6615880763070944999
    zipEntry = class java.util.zip.ZipEntry@726398dd
      name = "module-info.class"
      xdostime = 1253225806
      mtime = null
      atime = null
      ctime = null
      crc = 249453486
      size = 267
      csize = 179
      method = 8
      flag = 2056
      extra = null
      comment = null
      STORED = 0
      DEFLATED = 8
      DOSTIME_BEFORE_1980 = 2162688
      UPPER_DOSTIME_BOUND = 4036608000000
    rootContainer = class com.ibm.ws.artifact.zip.internal.ZipFileContainer@155a0a5c
    allEntries = class java.util.TreeMap@88fe6bc
      comparator = class com.ibm.wsspi.kernel.service.utils.PathUtils$PathComparator@494cb63b
      root = class java.util.TreeMap$Entry@74ce818f
      size = 44
      modCount = 44
      entrySet = null
      navigableKeySet = null
      descendingMap = null
      UNBOUNDED = class java.lang.Object@1c9ad020
      RED = false
      BLACK = true
      serialVersionUID = 919286545866124006
      keySet = null
      values = null
    name = "module-info.class"
    path = "/module-info.class"
    archiveFile = class java.io.File@ca02efa
      fs = class java.io.UnixFileSystem@2233e19c
      path = "/Users/Jai/Library/Mobile Documents/com~apple~CloudDocs/Datos I/TEC Messenger/org.tec.datos1.messenger.webapi/WebContent/WEB-INF/lib/javax.json-api-1.1.jar"
      status = class java.io.File$PathStatus@7e62dbc5
      prefixLength = 1
      separatorChar = /
      separator = "/"
      pathSeparatorChar = :
      pathSeparator = ":"
      PATH_OFFSET = 16
      PREFIX_LENGTH_OFFSET = 12
      UNSAFE = class sun.misc.Unsafe@5ffc4725
      serialVersionUID = 301077366599181567
      filePath = null
      $assertionsDisabled = true
    containerFactoryHolder = class com.ibm.ws.artifact.zip.internal.ZipFileContainerFactory@49edcdd8
      tc = class com.ibm.websphere.ras.TraceComponent@ac17b97
      containerFactory = class com.ibm.ws.artifact.internal.ArtifactContainerFactoryService@216279f9
      zipCachingService = class com.ibm.ws.artifact.zip.cache.internal.ZipCachingServiceImpl@db3ee80
      ctx = class org.eclipse.osgi.internal.framework.BundleContextImpl@62e71ec7
      classLoadingConfiguration = class com.ibm.ws.classloading.configuration.GlobalClassloadingConfiguration@df1d440
      serialVersionUID = -1724155493620242578
    serialVersionUID = 3109383957899493457
  serialVersionUID = 1660468942746005464
  $$$tc$$$ = class com.ibm.websphere.ras.TraceComponent@562f7964
    strings[0] = "TraceComponent[com.ibm.ws.artifact.zip.internal.ZipFileEntry$1,class com.ibm.ws.artifact.zip.internal.ZipFileEntry$1,[archive.artifact.zip],com.ibm.ws.artifact.zip.internal.resources.ZipArtifactMessages,null]"
  in = class java.util.zip.ZipFile$ZipFileInflaterInputStream@61025f88
    closeRequested = false
    eof = false
    zfin = class java.util.zip.ZipFile$ZipFileInputStream@7ecf19be
      zfisCloseRequested = true
      jzentry = 0
      pos = 179
      rem = 0
      size = 267
      this$0 = class java.util.zip.ZipFile@5d81c371
      MAX_SKIP_BUFFER_SIZE = 2048
    this$0 = class java.util.zip.ZipFile@5d81c371
    inf = class java.util.zip.Inflater@5be43e4b
      zsRef = class java.util.zip.ZStreamRef@1f633553
      buf = {85,78,75,14,-126,64,12,125,85,20,-63,31,8,59,111,96,2,-84,92,120,1,23,38,38,38,-98,96,-108,49,-127,0,99,64,-120,75,-49,-27,-62,3,120,40,-29,48,74,-60,54,105,95,95,-33,107,-6,124,-35,31,0,-106,112,116,-116,8,-26,94,-108,-7,-111,-81,-93,-124,19,-84,84,-124,101,-62,-67,40,59,9,63,102,21,35,-12,-73,-118,114,48,118,48,33,104,43,-113,51,23,83,23,-106,11,91,-57,-116,48,108,-103,8,70,109,-13,-29,66,100,13,62,-80,66,-98,54,107,124,13,62,-117,-55,111,8,-118,115,68,-80,-37,-60,37,-25,44,37,-52,-1,69,-63,70,-126,93,46,-86,40,-28,-7,13,32,52,-47,-111,89,-41,46,52,-39,23,-24,41,86,-66,46,85,-70,100,7,106,54,84,53,-65,30,-7,54,-16,6,0,0,0,0,0,0,0,0,0,0,0,0,0,0,0,0,0,0,0,0,0,0,0,0,0,0,0,0,0,0,0,0,0,0,0,0,0,0,0,0,0,0,0,0,0,0,0,0,0,0,0,0,0,0,0,0,0,0,0,0,0,0,0,0,0,0,0,0,0,0,0,0,0,0,0,0,0,0,0,0,0,0,0,0,0,0,0,0,0,0} /* array length = 269*/
      off = 179
      len = 0
      finished = true
      needDict = false
      bytesRead = 179
      bytesWritten = 267
      defaultBuf = {} /* array length = 0*/
      $assertionsDisabled = true
    buf = {85,78,75,14,-126,64,12,125,85,20,-63,31,8,59,111,96,2,-84,92,120,1,23,38,38,38,-98,96,-108,49,-127,0,99,64,-120,75,-49,-27,-62,3,120,40,-29,48,74,-60,54,105,95,95,-33,107,-6,124,-35,31,0,-106,112,116,-116,8,-26,94,-108,-7,-111,-81,-93,-124,19,-84,84,-124,101,-62,-67,40,59,9,63,102,21,35,-12,-73,-118,114,48,118,48,33,104,43,-113,51,23,83,23,-106,11,91,-57,-116,48,108,-103,8,70,109,-13,-29,66,100,13,62,-80,66,-98,54,107,124,13,62,-117,-55,111,8,-118,115,68,-80,-37,-60,37,-25,44,37,-52,-1,69,-63,70,-126,93,46,-86,40,-28,-7,13,32,52,-47,-111,89,-41,46,52,-39,23,-24,41,86,-66,46,85,-70,100,7,106,54,84,53,-65,30,-7,54,-16,6,0,0,0,0,0,0,0,0,0,0,0,0,0,0,0,0,0,0,0,0,0,0,0,0,0,0,0,0,0,0,0,0,0,0,0,0,0,0,0,0,0,0,0,0,0,0,0,0,0,0,0,0,0,0,0,0,0,0,0,0,0,0,0,0,0,0,0,0,0,0,0,0,0,0,0,0,0,0,0,0,0,0,0,0,0,0,0,0,0,0} /* array length = 269*/
    len = 179
    closed = false
    reachEOF = true
    usesDefaultInflater = false
    singleByteBuf = {0} /* array length = 1*/
    b = {0,0,0,0,0,0,0,0,0,0,0,0,0,0,0,0,0,0,0,0,0,0,0,0,0,0,0,0,0,0,0,0,0,0,0,0,0,0,0,0,0,0,0,0,0,0,0,0,0,0,0,0,0,0,0,0,0,0,0,0,0,0,0,0,0,0,0,0,0,0,0,0,0,0,0,0,0,0,0,0,0,0,0,0,0,0,0,0,0,0,0,0,0,0,0,0,0,0,0,0,0,0,0,0,0,0,0,0,0,0,0,0,0,0,0,0,0,0,0,0,0,0,0,0,0,0,0,0,0,0,0,0,0,0,0,0,0,0,0,0,0,0,0,0,0,0,0,0,0,0,0,0,0,0,0,0,0,0,0,0,0,0,0,0,0,0,0,0,0,0,0,0,0,0,0,0,0,0,0,0,0,0,0,0,0,0,0,0,0,0,0,0,0,0,0,0,0,0,0,0,0,0,0,0,0,0,0,0,0,0,0,0,0,0,0,0,0,0,0,0,0,0,0,0,0,0,0,0,0,0,0,0,0,0,0,0,0,0,0,0,0,0,0,0,0,0,0,0,0,0,0,0,0,0,0,0,0,0,0,0,0,0,0,0,0,0,0,0,0,0,0,0,0,0,0,0,0,0,0,0,0,0,0,0,0,0,0,0,0,0,0,0,0,0,0,0,0,0,0,0,0,0,0,0,0,0,0,0,0,0,0,0,0,0,0,0,0,0,0,0,0,0,0,0,0,0,0,0,0,0,0,0,0,0,0,0,0,0,0,0,0,0,0,0,0,0,0,0,0,0,0,0,0,0,0,0,0,0,0,0,0,0,0,0,0,0,0,0,0,0,0,0,0,0,0,0,0,0,0,0,0,0,0,0,0,0,0,0,0,0,0,0,0,0,0,0,0,0,0,0,0,0,0,0,0,0,0,0,0,0,0,0,0,0,0,0,0,0,0,0,0,0,0,0,0,0,0,0,0,0,0,0,0,0,0,0,0,0,0,0,0,0,0,0,0,0,0,0,0,0,0,0,0,0,0,0,0,0,0,0,0,0,0,0,0,0,0,0,0,0,0,0,0,0,0,0,0,0,0,0,0,0,0,0,0,0,0,0,0,0,0,0,0,0,0,0,0,0,0,0,0,0,0,0,0,0,0,0,0,0,0,0} /* array length = 512*/
    in = class java.util.zip.ZipFile$ZipFileInputStream@7ecf19be
    MAX_SKIP_BUFFER_SIZE = 2048
  MAX_SKIP_BUFFER_SIZE = 2048

Dump of objectArray[3]
Object type = com.ibm.wsspi.anno.classsource.ClassSource_Aggregate$ScanPolicy
  SEED = class com.ibm.wsspi.anno.classsource.ClassSource_Aggregate$ScanPolicy@777552f1
  PARTIAL = class com.ibm.wsspi.anno.classsource.ClassSource_Aggregate$ScanPolicy@75cb6a5c
    SEED = class com.ibm.wsspi.anno.classsource.ClassSource_Aggregate$ScanPolicy@777552f1
    PARTIAL = class com.ibm.wsspi.anno.classsource.ClassSource_Aggregate$ScanPolicy@75cb6a5c
    EXCLUDED = class com.ibm.wsspi.anno.classsource.ClassSource_Aggregate$ScanPolicy@6dbc5334
    EXTERNAL = class com.ibm.wsspi.anno.classsource.ClassSource_Aggregate$ScanPolicy@1bac59c5
    value = 2
    ALL_EXCEPT_EXTERNAL = 7
    $VALUES = class com.ibm.wsspi.anno.classsource.ClassSource_Aggregate$ScanPolicy[4]
    $$$tc$$$ = class com.ibm.websphere.ras.TraceComponent@313a9071
    name = "PARTIAL"
    ordinal = 1
  EXCLUDED = class com.ibm.wsspi.anno.classsource.ClassSource_Aggregate$ScanPolicy@6dbc5334
    SEED = class com.ibm.wsspi.anno.classsource.ClassSource_Aggregate$ScanPolicy@777552f1
    PARTIAL = class com.ibm.wsspi.anno.classsource.ClassSource_Aggregate$ScanPolicy@75cb6a5c
    EXCLUDED = class com.ibm.wsspi.anno.classsource.ClassSource_Aggregate$ScanPolicy@6dbc5334
    EXTERNAL = class com.ibm.wsspi.anno.classsource.ClassSource_Aggregate$ScanPolicy@1bac59c5
    value = 4
    ALL_EXCEPT_EXTERNAL = 7
    $VALUES = class com.ibm.wsspi.anno.classsource.ClassSource_Aggregate$ScanPolicy[4]
    $$$tc$$$ = class com.ibm.websphere.ras.TraceComponent@313a9071
    name = "EXCLUDED"
    ordinal = 2
  EXTERNAL = class com.ibm.wsspi.anno.classsource.ClassSource_Aggregate$ScanPolicy@1bac59c5
    SEED = class com.ibm.wsspi.anno.classsource.ClassSource_Aggregate$ScanPolicy@777552f1
    PARTIAL = class com.ibm.wsspi.anno.classsource.ClassSource_Aggregate$ScanPolicy@75cb6a5c
    EXCLUDED = class com.ibm.wsspi.anno.classsource.ClassSource_Aggregate$ScanPolicy@6dbc5334
    EXTERNAL = class com.ibm.wsspi.anno.classsource.ClassSource_Aggregate$ScanPolicy@1bac59c5
    value = 8
    ALL_EXCEPT_EXTERNAL = 7
    $VALUES = class com.ibm.wsspi.anno.classsource.ClassSource_Aggregate$ScanPolicy[4]
    $$$tc$$$ = class com.ibm.websphere.ras.TraceComponent@313a9071
    name = "EXTERNAL"
    ordinal = 3
  value = 1
  ALL_EXCEPT_EXTERNAL = 7
  $VALUES = class com.ibm.wsspi.anno.classsource.ClassSource_Aggregate$ScanPolicy[4]
    $VALUES[0] = class com.ibm.wsspi.anno.classsource.ClassSource_Aggregate$ScanPolicy@777552f1
    $VALUES[1] = class com.ibm.wsspi.anno.classsource.ClassSource_Aggregate$ScanPolicy@75cb6a5c
    $VALUES[2] = class com.ibm.wsspi.anno.classsource.ClassSource_Aggregate$ScanPolicy@6dbc5334
    $VALUES[3] = class com.ibm.wsspi.anno.classsource.ClassSource_Aggregate$ScanPolicy@1bac59c5
  $$$tc$$$ = class com.ibm.websphere.ras.TraceComponent@313a9071
    strings[0] = "TraceComponent[com.ibm.wsspi.anno.classsource.ClassSource_Aggregate$ScanPolicy,class com.ibm.wsspi.anno.classsource.ClassSource_Aggregate$ScanPolicy,[com.ibm.ws.anno],com.ibm.ws.anno.resources.internal.AnnoMessages,null]"
  name = "SEED"
  ordinal = 0

