------Start of DE processing------ = [11/26/17 23:01:16:137 CST]
Exception = org.glassfish.jersey.server.model.ModelValidationException
Source = com.ibm.ws.webcontainer.servlet.ServletWrapper.init
probeid = 181
Stack Dump = org.glassfish.jersey.server.model.ModelValidationException: Validation of the application resource model has failed during application initialization.
[[FATAL] No injection source found for a parameter of type public javax.ws.rs.core.Response org.tec.datos1.messenger.webapi.resources.MessageHandler.createMessage(org.tec.datos1.messenger.webapi.dto.Message) at index 0.; source='ResourceMethod{httpMethod=POST, consumedTypes=[application/json], producedTypes=[application/json], suspended=false, suspendTimeout=0, suspendTimeoutUnit=MILLISECONDS, invocable=Invocable{handler=ClassBasedMethodHandler{handlerClass=class org.tec.datos1.messenger.webapi.resources.MessageHandler, handlerConstructors=[org.glassfish.jersey.server.model.HandlerConstructor@17fde3b8]}, definitionMethod=public javax.ws.rs.core.Response org.tec.datos1.messenger.webapi.resources.MessageHandler.createMessage(org.tec.datos1.messenger.webapi.dto.Message), parameters=[Parameter [type=class org.tec.datos1.messenger.webapi.dto.Message, source=Message, defaultValue=null]], responseType=class javax.ws.rs.core.Response}, nameBindings=[]}']
	at org.glassfish.jersey.server.ApplicationHandler.initialize(ApplicationHandler.java:394)
	at org.glassfish.jersey.server.ApplicationHandler.lambda$initialize$1(ApplicationHandler.java:316)
	at org.glassfish.jersey.internal.Errors.process(Errors.java:316)
	at org.glassfish.jersey.internal.Errors.process(Errors.java:298)
	at org.glassfish.jersey.internal.Errors.processWithException(Errors.java:256)
	at org.glassfish.jersey.server.ApplicationHandler.initialize(ApplicationHandler.java:315)
	at org.glassfish.jersey.server.ApplicationHandler.<init>(ApplicationHandler.java:282)
	at org.glassfish.jersey.servlet.WebComponent.<init>(WebComponent.java:335)
	at org.glassfish.jersey.servlet.ServletContainer.init(ServletContainer.java:178)
	at org.glassfish.jersey.servlet.ServletContainer.init(ServletContainer.java:370)
	at javax.servlet.GenericServlet.init(GenericServlet.java:244)
	at com.ibm.ws.webcontainer.servlet.ServletWrapper.init(ServletWrapper.java:297)
	at com.ibm.ws.webcontainer.servlet.ServletWrapper.handleRequest(ServletWrapper.java:598)
	at com.ibm.ws.webcontainer.servlet.ServletWrapper.handleRequest(ServletWrapper.java:440)
	at com.ibm.ws.webcontainer.filter.WebAppFilterManager.invokeFilters(WebAppFilterManager.java:1138)
	at com.ibm.ws.webcontainer.webapp.WebApp.handleRequest(WebApp.java:4938)
	at com.ibm.ws.webcontainer.osgi.DynamicVirtualHost$2.handleRequest(DynamicVirtualHost.java:316)
	at com.ibm.ws.webcontainer.WebContainer.handleRequest(WebContainer.java:990)
	at com.ibm.ws.webcontainer.osgi.DynamicVirtualHost$2.run(DynamicVirtualHost.java:281)
	at com.ibm.ws.http.dispatcher.internal.channel.HttpDispatcherLink$TaskWrapper.run(HttpDispatcherLink.java:960)
	at com.ibm.ws.http.dispatcher.internal.channel.HttpDispatcherLink.wrapHandlerAndExecute(HttpDispatcherLink.java:362)
	at com.ibm.ws.http.dispatcher.internal.channel.HttpDispatcherLink.ready(HttpDispatcherLink.java:321)
	at com.ibm.ws.http.channel.internal.inbound.HttpInboundLink.handleDiscrimination(HttpInboundLink.java:499)
	at com.ibm.ws.http.channel.internal.inbound.HttpInboundLink.handleNewRequest(HttpInboundLink.java:433)
	at com.ibm.ws.http.channel.internal.inbound.HttpInboundLink.processRequest(HttpInboundLink.java:313)
	at com.ibm.ws.http.channel.internal.inbound.HttpInboundLink.ready(HttpInboundLink.java:284)
	at com.ibm.ws.tcpchannel.internal.NewConnectionInitialReadCallback.sendToDiscriminators(NewConnectionInitialReadCallback.java:165)
	at com.ibm.ws.tcpchannel.internal.NewConnectionInitialReadCallback.complete(NewConnectionInitialReadCallback.java:74)
	at com.ibm.ws.tcpchannel.internal.WorkQueueManager.requestComplete(WorkQueueManager.java:503)
	at com.ibm.ws.tcpchannel.internal.WorkQueueManager.attemptIO(WorkQueueManager.java:573)
	at com.ibm.ws.tcpchannel.internal.WorkQueueManager.workerRun(WorkQueueManager.java:928)
	at com.ibm.ws.tcpchannel.internal.WorkQueueManager$Worker.run(WorkQueueManager.java:1017)
	at java.util.concurrent.ThreadPoolExecutor.runWorker(ThreadPoolExecutor.java:1149)
	at java.util.concurrent.ThreadPoolExecutor$Worker.run(ThreadPoolExecutor.java:624)
	at java.lang.Thread.run(Thread.java:748)

Dump of callerThis
Object type = com.ibm.ws.webcontainer.osgi.servlet.ServletWrapper
  serialVersionUID = 1
  _mo = class com.ibm.ws.cdi.impl.managedobject.CDIManagedObject@fddf114
    tc = class com.ibm.websphere.ras.TraceComponent@4c19eeff
      strings[0] = "TraceComponent[com.ibm.ws.cdi.impl.managedobject.CDIManagedObject,class com.ibm.ws.cdi.impl.managedobject.CDIManagedObject,[JCDI],com.ibm.ws.cdi.impl.resources.CDI,null]"
    managedObject = class org.glassfish.jersey.servlet.ServletContainer@3c6dd2c1
    creationalContext = class org.jboss.weld.context.CreationalContextImpl@63c05da
      serialVersionUID = 7375854583908262422
      SERIALIZATION_PROXY = class org.jboss.weld.context.CreationalContextImpl$SerializationProxy@54d54665
      incompleteInstances = null
      contextual = null
      dependentInstances = class java.util.Collections$SynchronizedRandomAccessList@61f024a7
      parentDependentInstances = class java.util.Collections$SynchronizedRandomAccessList@685207b0
      parentCreationalContext = null
      resourceReferences = null
      constructorInterceptionSuppressed = false
      aroundConstructCallbacks = null
      aroundConstructInterceptionContext = null
    injectionTarget = class org.jboss.weld.injection.producer.BeanInjectionTarget@7ca1c774
      bean = null
      beanManager = class org.jboss.weld.manager.BeanManagerImpl@4fd6dbd9
      type = class org.jboss.weld.annotated.slim.backed.BackedAnnotatedType@320722e
      injectionPoints = class java.util.Collections$UnmodifiableSet@64a75063
      instantiator = class org.jboss.weld.injection.producer.DefaultInstantiator@2ee763fb
      injector = class org.jboss.weld.injection.producer.ResourceInjector@57167ded
      invoker = class org.jboss.weld.injection.producer.DefaultLifecycleCallbackInvoker@57a7d423
    lifecycleManaged = true
    beanScope = null
    identity = "org.glassfish.jersey.servlet.ServletContainer@3c6dd2c1"
    serialVersionUID = -9126917678523682896
  serialVersionUID = -4479626085298397598
  notifyInvocationListeners = false
  UNINITIALIZED_STATE = -1
  AVAILABLE_STATE = 0
  UNAVAILABLE_STATE = 1
  UNAVAILABLE_PERMANENTLY_STATE = 2
  collabHelper = class com.ibm.ws.webcontainer.osgi.collaborator.CollaboratorHelperImpl@77c52374
    webAppInvCollabs = class java.util.Collections$UnmodifiableSet@53dc0959
      serialVersionUID = -9215047833775013803
      serialVersionUID = 1820017752578914078
      c = class java.util.concurrent.CopyOnWriteArraySet@5057febb
    securityDomainForApp = null
    logger = class com.ibm.ws.logging.internal.WsLogger@389ad73a
      tc = class com.ibm.websphere.ras.TraceComponent@62207964
      ivCachedResourceBundleName = null
      ivCachedResourceBundle = null
      ivComponent = null
      ivOrganization = null
      ivProduct = null
      ivMinimumLocalizationLevelIntValue = 625
      ivTC = class com.ibm.websphere.ras.TraceComponent@7f721cf
      loggerRegistrationComponent = class java.lang.ThreadLocal@70e874d8
      emptyHandlers = class java.util.logging.Handler[0]
      offValue = 2147483647
      SYSTEM_LOGGER_RB_NAME = "sun.util.logging.resources.logging"
      SYSTEM_BUNDLE = class java.util.logging.Logger$LoggerBundle@27151e0
      NO_RESOURCE_BUNDLE = class java.util.logging.Logger$LoggerBundle@15f549c1
      manager = class com.ibm.ws.kernel.boot.logging.WsLogManager@479ea4e0
      name = "com.ibm.ws.webcontainer.collaborator"
      handlers = class java.util.concurrent.CopyOnWriteArrayList@715e0955
      loggerBundle = class java.util.logging.Logger$LoggerBundle@3d9f9797
      useParentHandlers = true
      filter = null
      anonymous = false
      catalog = class com.ibm.ws.webcontainer.resources.Messages_es@1a82d213
      catalogName = "com.ibm.ws.webcontainer.resources.Messages"
      catalogLocale = class java.util.Locale@719a1766
      treeLock = class java.lang.Object@1fa47784
      parent = class com.ibm.ws.logging.internal.WsLogger@4c582cc5
      kids = null
      levelObject = class java.util.logging.Level@710249c
      levelValue = 800
      callersClassLoaderRef = class java.lang.ref.WeakReference@1b0383f9
      isSystemLogger = false
      GLOBAL_LOGGER_NAME = "global"
      global = class java.util.logging.Logger@11b5b201
      $assertionsDisabled = true
    staticDefaultSecurityCollaborator = class com.ibm.ws.webcontainer.collaborator.WebAppSecurityCollaborator@20aeb725
    logger = class com.ibm.ws.logging.internal.WsLogger@7e3ab450
      tc = class com.ibm.websphere.ras.TraceComponent@62207964
      ivCachedResourceBundleName = null
      ivCachedResourceBundle = null
      ivComponent = null
      ivOrganization = null
      ivProduct = null
      ivMinimumLocalizationLevelIntValue = 625
      ivTC = class com.ibm.websphere.ras.TraceComponent@b8728ab
      loggerRegistrationComponent = class java.lang.ThreadLocal@70e874d8
      emptyHandlers = class java.util.logging.Handler[0]
      offValue = 2147483647
      SYSTEM_LOGGER_RB_NAME = "sun.util.logging.resources.logging"
      SYSTEM_BUNDLE = class java.util.logging.Logger$LoggerBundle@27151e0
      NO_RESOURCE_BUNDLE = class java.util.logging.Logger$LoggerBundle@15f549c1
      manager = class com.ibm.ws.kernel.boot.logging.WsLogManager@479ea4e0
      name = "com.ibm.wsspi.webcontainer.collaborator"
      handlers = class java.util.concurrent.CopyOnWriteArrayList@6bcb07f9
      loggerBundle = class java.util.logging.Logger$LoggerBundle@620340f1
      useParentHandlers = true
      filter = null
      anonymous = false
      catalog = class com.ibm.ws.webcontainer.resources.Messages_es@1a82d213
      catalogName = "com.ibm.ws.webcontainer.resources.Messages"
      catalogLocale = class java.util.Locale@719a1766
      treeLock = class java.lang.Object@1fa47784
      parent = class com.ibm.ws.logging.internal.WsLogger@4252dd5c
      kids = null
      levelObject = class java.util.logging.Level@710249c
      levelValue = 800
      callersClassLoaderRef = class java.lang.ref.WeakReference@7115ee20
      isSystemLogger = false
      GLOBAL_LOGGER_NAME = "global"
      global = class java.util.logging.Logger@11b5b201
      $assertionsDisabled = true
    CLASS_NAME = "com.ibm.wsspi.webcontainer.collaborator.CollaboratorHelper"
    webApp = class com.ibm.ws.webcontainer31.osgi.webapp.WebApp31@49759e6
    securityCollaborator = class com.ibm.ws.webcontainer.security.WebAppSecurityCollaboratorImpl@10779faa
      tc = class com.ibm.websphere.ras.TraceComponent@1ab626aa
      KEY_ID = "id"
      KEY_SERVICE_ID = "service.id"
      KEY_COMPONENT_NAME = "component.name"
      KEY_SECURITY_SERVICE = "securityService"
      KEY_TAI_SERVICE = "taiService"
      KEY_INTERCEPTOR_SERVICE = "interceptorService"
      KEY_JACC_SERVICE = "jaccService"
      JASPI_SERVICE_COMPONENT_NAME = "com.ibm.ws.security.jaspi"
      KEY_WEB_AUTHENTICATOR = "webAuthenticator"
      KEY_UNPROTECTED_RESOURCE_SERVICE = "unprotectedResourceService"
      DELEGATION_USERS_LIST = "DELEGATION_USERS_LIST"
      webAuthenticatorRef = class com.ibm.wsspi.kernel.service.utils.ConcurrentServiceReferenceMap@6fe5eac0
      unprotectedResourceServiceRef = class com.ibm.wsspi.kernel.service.utils.ConcurrentServiceReferenceMap@3371c507
      taiServiceRef = class com.ibm.wsspi.kernel.service.utils.AtomicServiceReference@11c381b3
      interceptorServiceRef = class com.ibm.wsspi.kernel.service.utils.ConcurrentServiceReferenceMap@6cdb14d1
      securityServiceRef = class com.ibm.wsspi.kernel.service.utils.AtomicServiceReference@2c285060
      jaccServiceRef = class com.ibm.wsspi.kernel.service.utils.AtomicServiceReference@114ce11f
      KEY_LOCATION_ADMIN = "locationAdmin"
      locationAdminRef = class com.ibm.wsspi.kernel.service.utils.AtomicServiceReference@1c8f249c
      PERMIT_REPLY = class com.ibm.ws.webcontainer.security.internal.PermitReply@28c6d640
      DENY_AUTHZ_FAILED = class com.ibm.ws.webcontainer.security.internal.DenyReply@46833868
      AUTH_TYPE = "AUTH_TYPE"
      ALL_AUTHENTICATED_ROLE = "**"
      STARSTAR_ROLE = "_starstar_"
      globalConfig = class com.ibm.ws.webcontainer.security.internal.extended.WebAppSecurityConfigImplExtended@30316dbe
      currentProps = class java.util.HashMap@557f14e0
      authenticatorFactory = class com.ibm.ws.webcontainer.security.internal.extended.WebAuthenticatorFactoryImplExtended@4b95bcd9
      webAppSecConfig = class com.ibm.ws.webcontainer.security.internal.extended.WebAppSecurityConfigImplExtended@30316dbe
      authenticateApi = class com.ibm.ws.webcontainer.security.extended.AuthenticateApiExtended@148a9dbb
      postParameterHelper = class com.ibm.ws.webcontainer.security.PostParameterHelper@2fed4e09
      collabUtils = class com.ibm.ws.security.collaborator.CollaboratorUtils@2989700
      subjectHelper = class com.ibm.ws.security.authentication.utility.SubjectHelper@648d90fe
      subjectManager = class com.ibm.ws.security.context.SubjectManager@242abe91
      httpsRedirectHandler = class com.ibm.ws.webcontainer.security.internal.HTTPSRedirectHandler@6172311b
      auditManager = class com.ibm.websphere.security.audit.context.AuditManager@27948aa2
      extraAuditData = class java.util.HashMap@2f96f4ce
      authenticatorProxy = class com.ibm.ws.webcontainer.security.extended.WebAuthenticatorProxyExtended@5eb9099b
      providerAuthenticatorProxy = class com.ibm.ws.webcontainer.security.extended.WebProviderAuthenticatorProxyExtended@2eb311be
      unauthenticatedSubjectService = class com.ibm.ws.security.authentication.internal.UnauthenticatedSubjectServiceImpl@2d715f50
      wasch = class com.ibm.ws.webcontainer.security.WebAppSecurityCollaboratorImpl@10779faa
      isJaspiEnabled = false
      savedSubject = null
      byPassedAuthRequest = true
      isActive = true
      threadLocal = class java.lang.ThreadLocal@3559feb4
      serialVersionUID = -4833686237530004079
    nameSpaceCollaborator = class com.ibm.ws.webcontainer.osgi.collaborator.WebAppNameSpaceCollaboratorImpl@4c87b3d9
    transactionCollaborator = class com.ibm.ws.transaction.services.WebAppTransactionCollaboratorImpl@480525f1
    connectionCollaborator = class com.ibm.ws.webcontainer.collaborator.ConnectionCollaborator@3cba6990
    allCollabEnum = class java.util.RegularEnumSet@45b5151e
      serialVersionUID = 3411599620347842686
      elements = 511
      elementType = class java.lang.Class@5ce2130d
      universe = class com.ibm.wsspi.webcontainer.collaborator.CollaboratorInvocationEnum[9]
      ZERO_LENGTH_ENUM_ARRAY = class java.lang.Enum[0]
      MAX_ARRAY_SIZE = 2147483639
    servlet_23_or_greater = true
    DEFER_SERVLET_REQUEST_LISTENER_DESTROY_ON_ERROR = false
  nServicing = class java.util.concurrent.atomic.AtomicInteger@4dd2c813
    serialVersionUID = 6214790243416807050
    unsafe = class sun.misc.Unsafe@2d99512f
      theUnsafe = class sun.misc.Unsafe@2d99512f
      INVALID_FIELD_OFFSET = -1
      ARRAY_BOOLEAN_BASE_OFFSET = 16
      ARRAY_BYTE_BASE_OFFSET = 16
      ARRAY_SHORT_BASE_OFFSET = 16
      ARRAY_CHAR_BASE_OFFSET = 16
      ARRAY_INT_BASE_OFFSET = 16
      ARRAY_LONG_BASE_OFFSET = 16
      ARRAY_FLOAT_BASE_OFFSET = 16
      ARRAY_DOUBLE_BASE_OFFSET = 16
      ARRAY_OBJECT_BASE_OFFSET = 16
      ARRAY_BOOLEAN_INDEX_SCALE = 1
      ARRAY_BYTE_INDEX_SCALE = 1
      ARRAY_SHORT_INDEX_SCALE = 2
      ARRAY_CHAR_INDEX_SCALE = 2
      ARRAY_INT_INDEX_SCALE = 4
      ARRAY_LONG_INDEX_SCALE = 8
      ARRAY_FLOAT_INDEX_SCALE = 4
      ARRAY_DOUBLE_INDEX_SCALE = 8
      ARRAY_OBJECT_INDEX_SCALE = 4
      ADDRESS_SIZE = 8
    valueOffset = 12
    value = 0
    serialVersionUID = -8742448824652078965
  lastAccessTime = 1511758871205
  state = -1
  logger = class com.ibm.ws.logging.internal.WsLogger@23d4921a
    tc = class com.ibm.websphere.ras.TraceComponent@62207964
      strings[0] = "TraceComponent[com.ibm.ws.logging.internal.WsLogger,class com.ibm.ws.logging.internal.WsLogger,[logging],com.ibm.ws.logging.internal.resources.LoggingMessages,null]"
    ivCachedResourceBundleName = "com.ibm.ws.webcontainer.resources.Messages"
    ivCachedResourceBundle = class com.ibm.ws.webcontainer.resources.Messages_es@43910250
      resources = class [Ljava.lang.Object;[332]
      lookup = class java.util.HashMap@4a9c2be3
      INITIAL_CACHE_SIZE = 32
      NONEXISTENT_BUNDLE = class java.util.ResourceBundle$1@6007b280
      cacheList = class java.util.concurrent.ConcurrentHashMap@13d6405f
      referenceQueue = class java.lang.ref.ReferenceQueue@41ba4c86
      parent = class com.ibm.ws.webcontainer.resources.Messages@4cc2e33b
      locale = class java.util.Locale@4156db31
      name = "com.ibm.ws.webcontainer.resources.Messages"
      expired = false
      cacheKey = class java.util.ResourceBundle$CacheKey@13107062
      keySet = null
      providers = null
      $assertionsDisabled = true
    ivComponent = null
    ivOrganization = null
    ivProduct = null
    ivMinimumLocalizationLevelIntValue = 625
    ivTC = class com.ibm.websphere.ras.TraceComponent@32376f64
      strings[0] = "TraceComponent[com.ibm.ws.webcontainer.servlet,class com.ibm.wsspi.webcontainer.logging.LoggerFactory$1,[com.ibm.ws.webcontainer.servlet],null,null]"
    loggerRegistrationComponent = class java.lang.ThreadLocal@70e874d8
      threadLocalHashCode = 661548054
      nextHashCode = class java.util.concurrent.atomic.AtomicInteger@68d674cc
      HASH_INCREMENT = 1640531527
    emptyHandlers = class java.util.logging.Handler[0]
    offValue = 2147483647
    SYSTEM_LOGGER_RB_NAME = "sun.util.logging.resources.logging"
    SYSTEM_BUNDLE = class java.util.logging.Logger$LoggerBundle@27151e0
      resourceBundleName = "sun.util.logging.resources.logging"
      userBundle = null
    NO_RESOURCE_BUNDLE = class java.util.logging.Logger$LoggerBundle@15f549c1
      resourceBundleName = null
      userBundle = null
    manager = class com.ibm.ws.kernel.boot.logging.WsLogManager@479ea4e0
      CLASS_NAME = "com.ibm.ws.kernel.boot.logging.WsLogManager"
      CONFIGURE_BY_SERVER_PROPERTY_NAME = "java.util.logging.configureByServer"
      CONFIGURE_BY_LOGGING_PROPERTIES_FILE = "java.util.logging.configureByLoggingPropertiesFile"
      configureByServer = true
      configureByLoggingProperties = false
      wsLogger = class java.lang.reflect.Constructor@2247d99
      resetEnabled = true
      manager = class com.ibm.ws.kernel.boot.logging.WsLogManager@479ea4e0
      props = class java.util.Properties@5a658cac
      defaultLevel = class java.util.logging.Level@710249c
      listenerMap = class java.util.HashMap@7677bf3c
      systemContext = class java.util.logging.LogManager$SystemLoggerContext@571eccde
      userContext = class java.util.logging.LogManager$LoggerContext@13b881eb
      rootLogger = class java.util.logging.LogManager$RootLogger@654e7fdc
      readPrimordialConfiguration = true
      initializedGlobalHandlers = true
      deathImminent = false
      initializedCalled = true
      initializationDone = true
      contextsMap = null
      loggerRefQueue = class java.lang.ref.ReferenceQueue@2e0ba216
      MAX_ITERATIONS = 400
      controlPermission = class java.util.logging.LoggingPermission@f52f335
      loggingMXBean = null
      LOGGING_MXBEAN_NAME = "java.util.logging:type=Logging"
      $assertionsDisabled = true
    name = "com.ibm.ws.webcontainer.servlet"
    handlers = class java.util.concurrent.CopyOnWriteArrayList@7463567f
      serialVersionUID = 8673264195747942595
      lock = class java.util.concurrent.locks.ReentrantLock@1e17d0d5
      array = class java.lang.Object[0]
      UNSAFE = class sun.misc.Unsafe@2d99512f
      lockOffset = 12
    loggerBundle = class java.util.logging.Logger$LoggerBundle@7c95e742
      resourceBundleName = "com.ibm.ws.webcontainer.resources.Messages"
      userBundle = null
    useParentHandlers = true
    filter = null
    anonymous = false
    catalog = class com.ibm.ws.webcontainer.resources.Messages_es@43910250
    catalogName = "com.ibm.ws.webcontainer.resources.Messages"
    catalogLocale = class java.util.Locale@719a1766
      LOCALECACHE = class java.util.Locale$Cache@68ae1214
      ENGLISH = class java.util.Locale@140e3f3
      FRENCH = class java.util.Locale@3b2489d3
      GERMAN = class java.util.Locale@5e067884
      ITALIAN = class java.util.Locale@46a0ffe2
      JAPANESE = class java.util.Locale@40f9c3be
      KOREAN = class java.util.Locale@5f0ca063
      CHINESE = class java.util.Locale@32a3315e
      SIMPLIFIED_CHINESE = class java.util.Locale@733d8707
      TRADITIONAL_CHINESE = class java.util.Locale@7dd74eed
      FRANCE = class java.util.Locale@47e2e68c
      GERMANY = class java.util.Locale@6ce016ef
      ITALY = class java.util.Locale@73fab1cb
      JAPAN = class java.util.Locale@341d297f
      KOREA = class java.util.Locale@641b6ff6
      CHINA = class java.util.Locale@733d8707
      PRC = class java.util.Locale@733d8707
      TAIWAN = class java.util.Locale@7dd74eed
      UK = class java.util.Locale@8a05af4
      US = class java.util.Locale@2ef2d6c2
      CANADA = class java.util.Locale@73f944b2
      CANADA_FRENCH = class java.util.Locale@4c22e1e4
      ROOT = class java.util.Locale@17df8952
      PRIVATE_USE_EXTENSION = x
      UNICODE_LOCALE_EXTENSION = u
      serialVersionUID = 9149081749638150636
      DISPLAY_LANGUAGE = 0
      DISPLAY_COUNTRY = 1
      DISPLAY_VARIANT = 2
      DISPLAY_SCRIPT = 3
      baseLocale = class sun.util.locale.BaseLocale@3a3e0e3d
      localeExtensions = null
      hashCodeValue = 96770468
      defaultLocale = class java.util.Locale@719a1766
      defaultDisplayLocale = null
      defaultFormatLocale = class java.util.Locale@7ea3ffb1
      languageTag = "es-ES"
      serialPersistentFields = class java.io.ObjectStreamField[6]
      isoLanguages = null
      isoCountries = null
      $assertionsDisabled = true
    treeLock = class java.lang.Object@1fa47784
    parent = class com.ibm.ws.logging.internal.WsLogger@4c582cc5
      tc = class com.ibm.websphere.ras.TraceComponent@62207964
      ivCachedResourceBundleName = "com.ibm.ws.webcontainer.resources.Messages"
      ivCachedResourceBundle = class com.ibm.ws.webcontainer.resources.Messages_es@43910250
      ivComponent = null
      ivOrganization = null
      ivProduct = null
      ivMinimumLocalizationLevelIntValue = 625
      ivTC = class com.ibm.websphere.ras.TraceComponent@496f942f
      loggerRegistrationComponent = class java.lang.ThreadLocal@70e874d8
      emptyHandlers = class java.util.logging.Handler[0]
      offValue = 2147483647
      SYSTEM_LOGGER_RB_NAME = "sun.util.logging.resources.logging"
      SYSTEM_BUNDLE = class java.util.logging.Logger$LoggerBundle@27151e0
      NO_RESOURCE_BUNDLE = class java.util.logging.Logger$LoggerBundle@15f549c1
      manager = class com.ibm.ws.kernel.boot.logging.WsLogManager@479ea4e0
      name = "com.ibm.ws.webcontainer"
      handlers = class java.util.concurrent.CopyOnWriteArrayList@7dd48cd0
      loggerBundle = class java.util.logging.Logger$LoggerBundle@5c3b4f37
      useParentHandlers = true
      filter = null
      anonymous = false
      catalog = class com.ibm.ws.webcontainer.resources.Messages_es@43910250
      catalogName = "com.ibm.ws.webcontainer.resources.Messages"
      catalogLocale = class java.util.Locale@719a1766
      treeLock = class java.lang.Object@1fa47784
      parent = class java.util.logging.Logger@7966ad64
      kids = class java.util.ArrayList@2ef10974
      levelObject = class java.util.logging.Level@710249c
      levelValue = 800
      callersClassLoaderRef = class java.lang.ref.WeakReference@771aa276
      isSystemLogger = false
      GLOBAL_LOGGER_NAME = "global"
      global = class java.util.logging.Logger@11b5b201
      $assertionsDisabled = true
    kids = null
    levelObject = class java.util.logging.Level@710249c
      defaultBundle = "sun.util.logging.resources.logging"
      name = "INFO"
      value = 800
      resourceBundleName = "sun.util.logging.resources.logging"
      localizedLevelName = "INFORMACIÓN"
      cachedLocale = class java.util.Locale@719a1766
      OFF = class java.util.logging.Level@5721a830
      SEVERE = class java.util.logging.Level@eb8814f
      WARNING = class java.util.logging.Level@61e869b5
      INFO = class java.util.logging.Level@710249c
      CONFIG = class java.util.logging.Level@22da59c7
      FINE = class java.util.logging.Level@78e00584
      FINER = class java.util.logging.Level@3218512e
      FINEST = class java.util.logging.Level@101f2319
      ALL = class java.util.logging.Level@607b54bc
      serialVersionUID = -8176160795706313070
    levelValue = 800
    callersClassLoaderRef = class java.lang.ref.WeakReference@2610323f
      referent = class org.eclipse.osgi.internal.loader.EquinoxClassLoader@56a94ee4
      queue = class java.lang.ref.ReferenceQueue$Null@2e72e901
      next = null
      discovered = null
      lock = class java.lang.ref.Reference$Lock@45d1f80
      pending = null
    isSystemLogger = false
    GLOBAL_LOGGER_NAME = "global"
    global = class java.util.logging.Logger@11b5b201
      emptyHandlers = class java.util.logging.Handler[0]
      offValue = 2147483647
      SYSTEM_LOGGER_RB_NAME = "sun.util.logging.resources.logging"
      SYSTEM_BUNDLE = class java.util.logging.Logger$LoggerBundle@27151e0
      NO_RESOURCE_BUNDLE = class java.util.logging.Logger$LoggerBundle@15f549c1
      manager = class com.ibm.ws.kernel.boot.logging.WsLogManager@479ea4e0
      name = "global"
      handlers = class java.util.concurrent.CopyOnWriteArrayList@5220a734
      loggerBundle = class java.util.logging.Logger$LoggerBundle@15f549c1
      useParentHandlers = true
      filter = null
      anonymous = false
      catalog = null
      catalogName = null
      catalogLocale = null
      treeLock = class java.lang.Object@1fa47784
      parent = class java.util.logging.LogManager$RootLogger@654e7fdc
      kids = null
      levelObject = null
      levelValue = 800
      callersClassLoaderRef = null
      isSystemLogger = true
      GLOBAL_LOGGER_NAME = "global"
      global = class java.util.logging.Logger@11b5b201
      $assertionsDisabled = true
    $assertionsDisabled = true
  CLASS_NAME = "com.ibm.ws.webcontainer.servlet.ServletWrapper"
  nls = class com.ibm.ejs.ras.TraceNLS@404f0888
    resolver = class com.ibm.ws.logging.internal.TraceNLSResolver@32834eaa
      tc = class com.ibm.websphere.ras.TraceComponent@cac736f
      DEBUG_TRACE_NLS_PROPERTY = "com.ibm.ejs.ras.debugTraceNLSResolver"
      debugTraceNLSResolver = false
      makeNoise = false
      nullKey = "null"
      svNullBundleName = "Resource Bundle name is null, key = {0}"
      svBundleNotLoaded = "Unable to load ResourceBundle {0}"
      svNullKeyMessage = "Null key passed while using ResourceBundle {0}"
      svMalformedMessage = "No message text associated with key {0} in bundle {1}"
    finder = null
    ivBundleName = "com.ibm.ws.webcontainer.resources.Messages"
    caller = class java.lang.Class@34c168e
      ANNOTATION = 8192
      ENUM = 16384
      SYNTHETIC = 4096
      cachedConstructor = null
      newInstanceCallerCache = null
      name = null
      allPermDomain = class java.security.ProtectionDomain@d3546bf
      useCaches = true
      reflectionData = class java.lang.ref.SoftReference@526de33
      classRedefinedCount = 0
      genericInfo = null
      serialVersionUID = 3206093459760846163
      serialPersistentFields = class java.io.ObjectStreamField[0]
      reflectionFactory = class sun.reflect.ReflectionFactory@56a88de5
      initted = true
      enumConstants = null
      enumConstantDirectory = null
      annotationData = class java.lang.Class$AnnotationData@2e4e3e47
      annotationType = null
      classValueMap = null
  servletConfig = class com.ibm.ws.webcontainer.servlet.ServletConfig@29fb26c7
    logger = class com.ibm.ws.logging.internal.WsLogger@23d4921a
    CLASS_NAME = "com.ibm.ws.webcontainer.servlet.ServletConfig"
    nls = class com.ibm.ejs.ras.TraceNLS@6e40c4bf
      resolver = class com.ibm.ws.logging.internal.TraceNLSResolver@32834eaa
      finder = null
      ivBundleName = "com.ibm.ws.webcontainer.resources.Messages"
      caller = class java.lang.Class@5a54e1c7
    liberty_nls = class com.ibm.ejs.ras.TraceNLS@145cc525
      resolver = class com.ibm.ws.logging.internal.TraceNLSResolver@32834eaa
      finder = null
      ivBundleName = "com.ibm.ws.webcontainer.resources.LShimMessages"
      caller = class java.lang.Class@5a54e1c7
    enabled = true
    servletName = "RESTful Jersey Servlet"
    className = "org.glassfish.jersey.servlet.ServletContainer"
    mappings = class java.util.ArrayList@3156db66
      serialVersionUID = 8683452581122892189
      DEFAULT_CAPACITY = 10
      EMPTY_ELEMENTDATA = class java.lang.Object[0]
      DEFAULTCAPACITY_EMPTY_ELEMENTDATA = class java.lang.Object[0]
      elementData = class java.lang.Object[10]
      size = 1
      MAX_ARRAY_SIZE = 2147483639
      modCount = 1
      MAX_ARRAY_SIZE = 2147483639
    startUpWeight = null
    DEFAULT_STARTUP = -1
    isCachingEnabled = true
    isStatisticsEnabled = true
    isInternal = false
    metaData = class com.ibm.ws.webcontainer.osgi.metadata.WebComponentMetaDataImpl@62a48cfe
      j2eeName = class com.ibm.ws.container.service.metadata.internal.J2EENameImpl@4344d152
      webModuleMetaData = class com.ibm.ws.webcontainer.osgi.metadata.WebModuleMetaDataImpl@1e8cc6a2
      mBeanServiceReg = null
      tc = class com.ibm.websphere.ras.TraceComponent@267842a5
      NUM_STATIC_SLOTS = 4
      ID_UNINITIALIZED = -1
      id = 2
      metaDataInterface = class java.lang.Class@523e4b8c
      staticSlots = class java.lang.Object[4]
      dynamicSlots = null
    singleThreadModelServlet = false
    isJsp = false
    webAppConfig = class com.ibm.ws.webcontainer.osgi.webapp.WebAppConfiguration@47402f9b
    servletWrapper = class com.ibm.ws.webcontainer.osgi.servlet.ServletWrapper@181f9a54
    servletClass = null
    servlet = null
    addedToLoadOnStartup = true
    previousWeight = null
    multipartConfig = null
    multipartConfigBaseLocation = null
    runAsRole = null
    servletSecurityElement = null
    declareRolesAnnotation = null
    logger = class com.ibm.ws.logging.internal.WsLogger@23d4921a
    CLASS_NAME = "com.ibm.ws.webcontainer.servlet.TargetConfig"
    initParams = class java.util.HashMap@72d0a43e
      serialVersionUID = 362498820763181265
      DEFAULT_INITIAL_CAPACITY = 16
      MAXIMUM_CAPACITY = 1073741824
      DEFAULT_LOAD_FACTOR = 0.75
      TREEIFY_THRESHOLD = 8
      UNTREEIFY_THRESHOLD = 6
      MIN_TREEIFY_CAPACITY = 64
      table = class java.util.HashMap$Node[16]
      entrySet = null
      size = 2
      modCount = 2
      threshold = 12
      loadFactor = 0.75
      keySet = class java.util.HashMap$KeySet@44c36123
      values = null
    fileName = null
    displayName = "org.tec.datos1.messenger.webapi"
    name = "RESTful Jersey Servlet"
    description = "RESTful Jersey"
    smallIcon = null
    largeIcon = null
    context = class com.ibm.ws.webcontainer31.facade.ServletContextFacade31@fcfee52
    className = null
    asyncSupported = false
    _id = "ServletGeneratedId1"
    _attributes = null
    serialVersionUID = 7511545662945734886
    $$$tc$$$ = class com.ibm.websphere.ras.TraceComponent@451a0359
      strings[0] = "TraceComponent[com.ibm.ws.container.BaseConfiguration,class com.ibm.ws.container.BaseConfiguration,[],null,null]"
  context = class com.ibm.ws.webcontainer31.osgi.webapp.WebApp31@49759e6
    tc = class com.ibm.websphere.ras.TraceComponent@56f7ba21
      strings[0] = "TraceComponent[com.ibm.ws.webcontainer31.osgi.webapp.WebApp31,class com.ibm.ws.webcontainer31.osgi.webapp.WebApp31,[webcontainer],com.ibm.ws.webcontainer31.resources.Messages,null]"
    CLASS_NAME = "com.ibm.ws.webcontainer31.osgi.webapp.WebApp31"
    servlet31NLS = class com.ibm.ejs.ras.TraceNLS@2bcd95f4
      resolver = class com.ibm.ws.logging.internal.TraceNLSResolver@32834eaa
      finder = null
      ivBundleName = "com.ibm.ws.webcontainer31.resources.Messages"
      caller = class java.lang.Class@328aa06a
    validListenerClasses = class java.lang.Class[7]
      validListenerClasses[0] = class java.lang.Class@6d503f40
      validListenerClasses[1] = class java.lang.Class@58c01f48
      validListenerClasses[2] = class java.lang.Class@353247fd
      validListenerClasses[3] = class java.lang.Class@643d4398
      validListenerClasses[4] = class java.lang.Class@3b9df340
      validListenerClasses[5] = class java.lang.Class@28c134c2
      validListenerClasses[6] = class java.lang.Class@1430fffe
    wsocServHandler = class com.ibm.ws.wsoc.external.WsocHandlerImpl@3528c42d
      tc = class com.ibm.websphere.ras.TraceComponent@79914fa6
      noMoreAddsCalled = true
      serialVersionUID = -2067291126638824067
    tc = class com.ibm.websphere.ras.TraceComponent@40531c02
      strings[0] = "TraceComponent[com.ibm.ws.webcontainer.osgi.webapp.WebApp,class com.ibm.ws.webcontainer.osgi.webapp.WebApp,[webcontainer],com.ibm.ws.webcontainer.resources.LShimMessages,null]"
    CLASS_NAME = "com.ibm.ws.webcontainer.osgi.webapp.WebApp"
    metaDataService = class com.ibm.ws.container.service.metadata.internal.MetaDataServiceImpl@f9473a2
      applicationMetaDataManager = class com.ibm.ws.container.service.metadata.internal.ApplicationMetaDataManager@6bf4518d
      moduleMetaDataManager = class com.ibm.ws.container.service.metadata.internal.ModuleMetaDataManager@68879c8e
      componentMetaDataManager = class com.ibm.ws.container.service.metadata.internal.ComponentMetaDataManager@6b486f9f
      methodMetaDataManager = class com.ibm.ws.container.service.metadata.internal.MethodMetaDataManager@56da9c63
      appModuleNameToModuleContainer = class java.util.concurrent.ConcurrentHashMap@1febd70c
      jeeNameToComponentMetaData = class java.util.concurrent.ConcurrentHashMap@4b5c5b93
      deferredMetaDataFactories = class com.ibm.wsspi.kernel.service.utils.ConcurrentServiceReferenceSet@63c0e1f0
      deferredMetaDataInitializers = class com.ibm.wsspi.kernel.service.utils.ConcurrentServiceReferenceMap@617b506f
      serialVersionUID = -2494605732980966097
      $$$tc$$$ = class com.ibm.websphere.ras.TraceComponent@be6683a
    namespacePopulated = false
    referenceContext = class com.ibm.ws.injectionengine.osgi.internal.OSGiReferenceContextImpl@731c932b
      scopeData = class com.ibm.ws.injectionengine.osgi.internal.OSGiInjectionScopeData@3de2cd17
      serialVersionUID = 521511923892134915
      $$$tc$$$ = class com.ibm.websphere.ras.TraceComponent@25780a03
      CLASS_NAME = "com.ibm.ws.injectionengine.ReferenceContextImpl"
      tc = class com.ibm.websphere.ras.TraceComponent@2d06a89
      ivInjectionEngine = class com.ibm.ws.injectionengine.osgi.internal.OSGiInjectionEngineImpl@32f92d86
      ivProviders = class java.util.ArrayList@35aa4a1b
      ivComponentJavaContext = null
      ivComponentNameSpace = null
      ivJavaColonCompEnvMap = class java.util.LinkedHashMap@1317967a
      ivEjbContext10 = class java.util.Properties@6bb8d652
      ivResourceRefConfigList = class com.ibm.ws.resource.internal.ResourceRefConfigListImpl@619f9e80
      isAlreadyProcessed = true
      ivProcessFailure = null
      ivInjectionTargetMap = class java.util.concurrent.ConcurrentHashMap@682fa3a
      svInjTarMapCacheSize = 256
      ivDeclaredInjectionTargets = class java.util.HashMap@290908d6
      ivProcessedInjectionClasses = class java.util.HashSet@42e51e3
      ivProcessedInjectionBindings = class java.util.ArrayList@19d8b478
      ivAnyProcessDynamic = false
      ivCheckAppConfig = false
    j2eeNameFactory = class com.ibm.ws.container.service.metadata.internal.J2EENameFactoryImpl@7b33840f
      serialVersionUID = 3486344295038028821
      $$$tc$$$ = class com.ibm.websphere.ras.TraceComponent@3910bf84
    moduleLoader = class com.ibm.ws.classloading.internal.AppClassLoader@3743b33e
    webAppConfig = class com.ibm.ws.webcontainer.osgi.webapp.WebAppConfiguration@47402f9b
      webModuleMetaData = class com.ibm.ws.webcontainer.osgi.metadata.WebModuleMetaDataImpl@1e8cc6a2
      webComponentMetaData = class com.ibm.ws.webcontainer.osgi.metadata.WebComponentMetaDataImpl@6e4332f7
      dVirtualHost = class com.ibm.ws.webcontainer.osgi.DynamicVirtualHost@78d9c078
      orderedLibPaths = class java.util.Collections$UnmodifiableRandomAccessList@7c354455
      bundleHeaders = null
      cdiEnabled = true
      CLASS_NAME = "com.ibm.ws.webcontainer.webapp.WebAppConfiguration"
      logger = class com.ibm.ws.logging.internal.WsLogger@5cb81dcb
      tc = class com.ibm.websphere.ras.TraceComponent@1256b381
      nls = class com.ibm.ejs.ras.TraceNLS@5a6b4992
      version = 30
      contextRoot = "/webapi"
      sessionTimeout = 0
      moduleSessionTimeoutSet = false
      moduleSessionTrackingModeSet = false
      sessionCookieConfig = class com.ibm.ws.session.SessionCookieConfigImpl@7e01ba01
      hasProgrammaticCookieConfig = false
      sessionDefaultTrackingModeSet = class java.util.RegularEnumSet@79146580
      sessionManagerConfig = class com.ibm.ws.session.SessionManagerConfig@544080a1
      displayName = "org.tec.datos1.messenger.webapi"
      description = null
      reloadInterval = 0
      distributable = false
      denyUncoveredHttpMethods = false
      reloadingEnabled = false
      serveServletsByClassnameEnabled = false
      defaultErrorPage = null
      additionalClassPath = null
      fileServingEnabled = null
      directoryBrowsingEnabled = false
      autoRequestEncoding = false
      autoResponseEncoding = false
      autoLoadFilters = false
      requestListeners = null
      requestAttributeListeners = null
      sessionListeners = null
      localeMap = null
      moduleName = "org.tec.datos1.messenger.webapi"
      j2eeModuleName = "org.tec.datos1.messenger.webapi.war"
      moduleId = null
      isSyncToThreadEnabled = false
      encodeDispatchedRequestURI = false
      isSystemApp = false
      ardEnabled = false
      ardDispatchType = null
      listeners = class java.util.ArrayList@6aeffa4f
      welcomeFileList = class java.util.ArrayList@1dcca96f
      servletMappings = class java.util.HashMap@6eeed965
      lastIndexBeforeDeclaredFilters = 0
      filterMappings = class java.util.ArrayList@340c895d
      servletInfo = class java.util.HashMap@21242011
      filterInfo = class java.util.HashMap@595b628b
      mimeMappings = class java.util.HashMap@4166bd34
      mimeFilters = null
      isMimeFilteringEnabled = false
      theWebGroup = null
      jspAttributes = class java.util.HashMap@11f09224
      fileServingAttributes = class java.util.HashMap@11540ca3
      invokerAttributes = class java.util.HashMap@13997b38
      contextParams = class java.util.HashMap@6762fb62
      virtualHost = "default_host"
      exceptionErrorPages = class java.util.HashMap@72163418
      codeErrorPages = class java.util.HashMap@43960fed
      tagLibList = null
      precompileJsps = false
      webApp = class com.ibm.ws.webcontainer31.osgi.webapp.WebApp31@49759e6
      virtualHostList = class java.util.Collections$EmptyList@4e07e484
      appStartupWeight = 0
      moduleStartupWeight = 0
      metaDataComplete = false
      classesToScan = class java.util.ArrayList@1b8efc1c
      uriFilterMappingInfos = null
      servletFilterMappingInfos = null
      dynamicServletRegistrationMap = null
      applicationName = "org.tec.datos1.messenger.webapi"
      libBinPathList = class java.util.ArrayList@6bc7ade4
      webXmlDefinedListeners = class java.util.HashSet@2832f270
      allRefs = class java.util.EnumMap@5b2869fc
      allRefBindings = class java.util.EnumMap@372a1099
      envEntryValues = class java.util.HashMap@61543315
      resourceRefConfigList = null
      disallowAllFileServingProp = "false"
      disallowServeServletsByClassnameProp = "true"
      disableStaticMappingCache = false
      jspCachedLocations = class java.util.HashMap@5ecafc3d
      primedSTSHeader = "NoValue"
      enablemultireadofpostdata = false
      _id = "WebAppGeneratedId3"
      _attributes = null
      serialVersionUID = 7511545662945734886
      $$$tc$$$ = class com.ibm.websphere.ras.TraceComponent@451a0359
    extensionProcessingDisabled = false
    managedObjectService = class com.ibm.ws.cdi.impl.managedobject.CDIManagedObjectService@3d0d9239
      cdiServiceRef = class com.ibm.wsspi.kernel.service.utils.AtomicServiceReference@3d181693
      defaultMOSRef = class com.ibm.wsspi.kernel.service.utils.AtomicServiceReference@313648dd
      cdiRuntime = class com.ibm.ws.cdi.liberty.CDIRuntimeImpl@6a1d3a23
      serialVersionUID = -2697988188171262037
      $$$tc$$$ = class com.ibm.websphere.ras.TraceComponent@4f32a08f
    GenPluginCfgMB = null
    internalServletMetaData = interface com.ibm.wsspi.webcontainer.metadata.WebComponentMetaData[2]
      internalServletMetaData[0] = null
      internalServletMetaData[1] = null
    loginProcessor = null
    logoutProcessor = null
    collabHelper = class com.ibm.ws.webcontainer.osgi.collaborator.CollaboratorHelperImpl@77c52374
    envObject = class com.ibm.ws.util.WSThreadLocal@6182712a
      tc = class com.ibm.ejs.ras.TraceComponent@62173e8a
      count = 8
      index = 3
      SUSPECTED_MISUSAGE_THRESHOLD = 200
      threadLocalHashCode = 749823255
      nextHashCode = class java.util.concurrent.atomic.AtomicInteger@68d674cc
      HASH_INCREMENT = 1640531527
    orderedLibPaths = class java.util.Collections$UnmodifiableRandomAccessList@7c354455
      serialVersionUID = -2542308836966382001
      serialVersionUID = -283967356065247728
      list = class java.util.ArrayList@554fc977
      serialVersionUID = 1820017752578914078
      c = class java.util.ArrayList@554fc977
    perm = class com.ibm.websphere.security.WebSphereRuntimePermission@5ef4a11a
      serialVersionUID = -3306242789188168337
      $$$tc$$$ = class com.ibm.websphere.ras.TraceComponent@2b17a4a5
      serialVersionUID = 6279438298436773498
      wildcard = false
      path = "accessServletContext"
      exitVM = false
      serialVersionUID = -5636570222231596674
      name = "accessServletContext"
    WELCOME_FILE_LIST = "com.ibm.ws.webcontainer.config.WelcomeFileList"
    DIR_BROWSING_MAPPING = "__dirBrowsing__1511757335261"
    FILTER_PROXY_MAPPING = "/__filterProxy__1511757335261"
    logger = class com.ibm.ws.logging.internal.WsLogger@5cb81dcb
      tc = class com.ibm.websphere.ras.TraceComponent@62207964
      ivCachedResourceBundleName = "com.ibm.ws.webcontainer.resources.Messages"
      ivCachedResourceBundle = class com.ibm.ws.webcontainer.resources.Messages_es@43910250
      ivComponent = null
      ivOrganization = null
      ivProduct = null
      ivMinimumLocalizationLevelIntValue = 625
      ivTC = class com.ibm.websphere.ras.TraceComponent@6f37f5f6
      loggerRegistrationComponent = class java.lang.ThreadLocal@70e874d8
      emptyHandlers = class java.util.logging.Handler[0]
      offValue = 2147483647
      SYSTEM_LOGGER_RB_NAME = "sun.util.logging.resources.logging"
      SYSTEM_BUNDLE = class java.util.logging.Logger$LoggerBundle@27151e0
      NO_RESOURCE_BUNDLE = class java.util.logging.Logger$LoggerBundle@15f549c1
      manager = class com.ibm.ws.kernel.boot.logging.WsLogManager@479ea4e0
      name = "com.ibm.ws.webcontainer.webapp"
      handlers = class java.util.concurrent.CopyOnWriteArrayList@511bf090
      loggerBundle = class java.util.logging.Logger$LoggerBundle@f21707d
      useParentHandlers = true
      filter = null
      anonymous = false
      catalog = class com.ibm.ws.webcontainer.resources.Messages_es@43910250
      catalogName = "com.ibm.ws.webcontainer.resources.Messages"
      catalogLocale = class java.util.Locale@719a1766
      treeLock = class java.lang.Object@1fa47784
      parent = class com.ibm.ws.logging.internal.WsLogger@4c582cc5
      kids = null
      levelObject = class java.util.logging.Level@710249c
      levelValue = 800
      callersClassLoaderRef = class java.lang.ref.WeakReference@4f699d46
      isSystemLogger = false
      GLOBAL_LOGGER_NAME = "global"
      global = class java.util.logging.Logger@11b5b201
      $assertionsDisabled = true
    CLASS_NAME = "com.ibm.ws.webcontainer.webapp.WebApp"
    loader = class com.ibm.ws.classloading.internal.ThreadContextClassLoader@14d2a8b5
    facade = class com.ibm.ws.webcontainer31.facade.ServletContextFacade31@fcfee52
      context = class com.ibm.ws.webcontainer31.osgi.webapp.WebApp31@49759e6
    features = class java.util.ArrayList@49b534c7
      serialVersionUID = 8683452581122892189
      DEFAULT_CAPACITY = 10
      EMPTY_ELEMENTDATA = class java.lang.Object[0]
      DEFAULTCAPACITY_EMPTY_ELEMENTDATA = class java.lang.Object[0]
      elementData = class java.lang.Object[0]
      size = 0
      MAX_ARRAY_SIZE = 2147483639
      modCount = 0
      MAX_ARRAY_SIZE = 2147483639
    applicationName = "org.tec.datos1.messenger.webapi"
    config = class com.ibm.ws.webcontainer.osgi.webapp.WebAppConfiguration@47402f9b
    securityEnabledForApp = true
    webExtensionProcessor = class com.ibm.ws.webcontainer.osgi.extension.WebExtensionProcessor@6bb1eac
      webApp = class com.ibm.ws.webcontainer31.osgi.webapp.WebApp31@49759e6
      extensionContext = class com.ibm.ws.webcontainer31.osgi.webapp.WebApp31@49759e6
    production = true
    isServlet23 = true
    contextPath = "/webapi"
    internalServletList = class [Ljava.lang.String;[2]
      internalServletList[0] = class java.lang.String[2]
      internalServletList[1] = class java.lang.String[2]
    BY_NAME_ONLY = "/_1511758867407_/"
    filterManager = class com.ibm.ws.webcontainer.osgi.filter.WebAppFilterManagerImpl@20373ce1
      _filterWrappers = class java.util.Hashtable@95da2fc
      chainCache = class java.util.Collections$SynchronizedMap@1cb0e097
      forwardChainCache = class java.util.Collections$SynchronizedMap@782d0ff9
      includeChainCache = class java.util.Collections$SynchronizedMap@11c2ca13
      errorChainCache = class java.util.Collections$SynchronizedMap@756cd095
      _filtersDefined = false
      FMI_MAPPING_SINGLE_SLASH = 0
      FMI_MAPPING_PATH_MATCH = 1
      FMI_MAPPING_EXTENSION_MATCH = 2
      FMI_MAPPING_EXACT_MATCH = 3
      logger = class com.ibm.ws.logging.internal.WsLogger@7b2049a2
      CLASS_NAME = "com.ibm.ws.webcontainer.filter.WebAppFilterManager"
      nls = class com.ibm.ejs.ras.TraceNLS@36a5f605
      webAppConfig = class com.ibm.ws.webcontainer.osgi.webapp.WebAppConfiguration@47402f9b
      webApp = class com.ibm.ws.webcontainer31.osgi.webapp.WebApp31@49759e6
      collabHelper = class com.ibm.ws.webcontainer.osgi.collaborator.CollaboratorHelperImpl@77c52374
      webAppNameSpaceCollab = class com.ibm.ws.webcontainer.osgi.collaborator.WebAppNameSpaceCollaboratorImpl@4c87b3d9
      secCollab = class com.ibm.ws.webcontainer.security.WebAppSecurityCollaboratorImpl@10779faa
      sessionSecurityIntegrationEnabled = true
      assumeFilterSuccessOnSecurityError = false
      useOriginalRequestState = false
      _evtSource = class com.ibm.ws.webcontainer.webapp.WebAppEventSource@49ce27bd
      defaultComponentMetaData = class com.ibm.ws.webcontainer.osgi.metadata.WebComponentMetaDataImpl@6e4332f7
      DEFER_SERVLET_REQUEST_LISTENER_DESTROY_ON_ERROR = false
    documentRoot = null
    SERVLET_API_VERSION = "Servlet 2.5"
    disableServletAuditLogging = -1
    serverInfo = "IBM WebSphere Liberty/${liberty.service.version}"
    sessionCtx = class com.ibm.ws.webcontainer31.session.impl.HttpSessionContext31Impl@4044372c
      methodClassName = "HttpSessionContextImpl"
      _smc = class com.ibm.ws.session.SessionManagerConfig@544080a1
      sessionStoreService = null
      _sap = class com.ibm.ws.session.SessionApplicationParameters@31eb053a
      _coreHttpSessionManager = class com.ibm.ws.session.SessionManager@3b2a5727
      _coreHttpAppSessionManager = null
      _sam = class com.ibm.ws.webcontainer.session.impl.SessionAffinityManagerImpl@10853544
      isSIPApplication = false
      sessionAttributeListener = false
      sessionListener = true
      mHttpSessionAttributeListeners = class java.util.ArrayList@4090fa7d
      mHttpSessionListeners = class java.util.ArrayList@293be580
      mHttpSessionIdListeners = class java.util.ArrayList@40411cef
      mHttpSessionAttributeListenersJ2eeNames = class java.util.ArrayList@79573eb6
      mHttpSessionListenersJ2eeNames = class java.util.ArrayList@3ed370f3
      mHttpSessionIdListenersJ2eeNames = class java.util.ArrayList@4832854c
      mLocalHost = null
      _refCount = 1
      currentThreadSacHashtable = null
      methodClassName = "SessionContext"
      ANONYMOUS_USER = "anonymous"
      wasHttpSessionObserver = class com.ibm.ws.session.WasHttpSessionObserver@5c5ec1
      wasHttpSessionAttributeObserver = null
      _invalidator = class com.ibm.ws.session.SessionInvalidatorWithThreadPool@40be72f2
      _storer = class com.ibm.ws.session.EOSSessionStorer@654fc6fe
      wasHttpAppSessionObserver = null
      mHttpAppSessionListeners = null
      cmvcInfo = "CMVC Version 1.9 6/24/07 11:12:24"
      _loggedVersion = true
      CREATE_CORE_SESSION_MANAGER = 0
      GET_REQUESTED_SESSION_ID = 1
      GET_IHTTP_SESSION = 2
      SESSION_PRE_INVOKE = 3
      SESSION_POST_INVOKE = 4
      STOP = 5
      STOP_LISTENERS = 6
      IS_VALID = 7
      ENCODE_URL = 8
      SHOULD_ENCODE_URL = 9
      IS_PROTOCOL_SWITCH = 10
      GET_LOCAL_HOST = 11
      ADD_HTTP_SESSION_ATTRIBUTE_LISTENER = 12
      ADD_HTTP_SESSION_LISTENER = 13
      GET_SESSION_AFFINITY_CONTEXT = 14
      CHECK_SECURITY = 15
      INVALIDATE = 16
      CHECK_SESSSIONID_IS_RIGHT_LENGTH = 17
      LOCK_SESSION = 18
      UNLOCK_SESSION = 19
      ADD_HTTP_SESSION_ID_LISTENER = 20
      methodNames = class java.lang.String[21]
    eventSource = class com.ibm.ws.webcontainer.webapp.WebAppEventSource@49ce27bd
    nls = class com.ibm.ejs.ras.TraceNLS@51dacea8
      resolver = class com.ibm.ws.logging.internal.TraceNLSResolver@32834eaa
      finder = null
      ivBundleName = "com.ibm.ws.webcontainer.resources.Messages"
      caller = class java.lang.Class@1485e0ec
    liberty_nls = class com.ibm.ejs.ras.TraceNLS@3324650c
      resolver = class com.ibm.ws.logging.internal.TraceNLSResolver@32834eaa
      finder = null
      ivBundleName = "com.ibm.ws.webcontainer.resources.LShimMessages"
      caller = class java.lang.Class@1485e0ec
    error_nls = class com.ibm.ejs.ras.TraceNLS@1d0f518d
      resolver = class com.ibm.ws.logging.internal.TraceNLSResolver@32834eaa
      finder = null
      ivBundleName = "com.ibm.ws.webcontainer.resources.ErrorPage"
      caller = class java.lang.Class@1485e0ec
    sessionListeners = class java.util.ArrayList@1e541ff6
      serialVersionUID = 8683452581122892189
      DEFAULT_CAPACITY = 10
      EMPTY_ELEMENTDATA = class java.lang.Object[0]
      DEFAULTCAPACITY_EMPTY_ELEMENTDATA = class java.lang.Object[0]
      elementData = class java.lang.Object[10]
      size = 3
      MAX_ARRAY_SIZE = 2147483639
      modCount = 4
      MAX_ARRAY_SIZE = 2147483639
    sessionIdListeners = class java.util.ArrayList@19073d1b
      serialVersionUID = 8683452581122892189
      DEFAULT_CAPACITY = 10
      EMPTY_ELEMENTDATA = class java.lang.Object[0]
      DEFAULTCAPACITY_EMPTY_ELEMENTDATA = class java.lang.Object[0]
      elementData = class java.lang.Object[0]
      size = 0
      MAX_ARRAY_SIZE = 2147483639
      modCount = 0
      MAX_ARRAY_SIZE = 2147483639
    sessionAttrListeners = class java.util.ArrayList@cedaee
      serialVersionUID = 8683452581122892189
      DEFAULT_CAPACITY = 10
      EMPTY_ELEMENTDATA = class java.lang.Object[0]
      DEFAULTCAPACITY_EMPTY_ELEMENTDATA = class java.lang.Object[0]
      elementData = class java.lang.Object[0]
      size = 0
      MAX_ARRAY_SIZE = 2147483639
      modCount = 1
      MAX_ARRAY_SIZE = 2147483639
    addedSessionListeners = class java.util.ArrayList@61d2708c
      serialVersionUID = 8683452581122892189
      DEFAULT_CAPACITY = 10
      EMPTY_ELEMENTDATA = class java.lang.Object[0]
      DEFAULTCAPACITY_EMPTY_ELEMENTDATA = class java.lang.Object[0]
      elementData = class java.lang.Object[0]
      size = 0
      MAX_ARRAY_SIZE = 2147483639
      modCount = 0
      MAX_ARRAY_SIZE = 2147483639
    addedSessionAttrListeners = class java.util.ArrayList@5f4768ef
      serialVersionUID = 8683452581122892189
      DEFAULT_CAPACITY = 10
      EMPTY_ELEMENTDATA = class java.lang.Object[0]
      DEFAULTCAPACITY_EMPTY_ELEMENTDATA = class java.lang.Object[0]
      elementData = class java.lang.Object[0]
      size = 0
      MAX_ARRAY_SIZE = 2147483639
      modCount = 0
      MAX_ARRAY_SIZE = 2147483639
    servletContextListeners = class java.util.ArrayList@7f8879f9
      serialVersionUID = 8683452581122892189
      DEFAULT_CAPACITY = 10
      EMPTY_ELEMENTDATA = class java.lang.Object[0]
      DEFAULTCAPACITY_EMPTY_ELEMENTDATA = class java.lang.Object[0]
      elementData = class java.lang.Object[10]
      size = 5
      MAX_ARRAY_SIZE = 2147483639
      modCount = 6
      MAX_ARRAY_SIZE = 2147483639
    servletContextLAttrListeners = class java.util.ArrayList@9e7d54c
      serialVersionUID = 8683452581122892189
      DEFAULT_CAPACITY = 10
      EMPTY_ELEMENTDATA = class java.lang.Object[0]
      DEFAULTCAPACITY_EMPTY_ELEMENTDATA = class java.lang.Object[0]
      elementData = class java.lang.Object[0]
      size = 0
      MAX_ARRAY_SIZE = 2147483639
      modCount = 1
      MAX_ARRAY_SIZE = 2147483639
    servletRequestListeners = class java.util.ArrayList@7bc382ec
      serialVersionUID = 8683452581122892189
      DEFAULT_CAPACITY = 10
      EMPTY_ELEMENTDATA = class java.lang.Object[0]
      DEFAULTCAPACITY_EMPTY_ELEMENTDATA = class java.lang.Object[0]
      elementData = class java.lang.Object[10]
      size = 2
      MAX_ARRAY_SIZE = 2147483639
      modCount = 3
      MAX_ARRAY_SIZE = 2147483639
    servletRequestLAttrListeners = class java.util.ArrayList@1f278d6b
      serialVersionUID = 8683452581122892189
      DEFAULT_CAPACITY = 10
      EMPTY_ELEMENTDATA = class java.lang.Object[0]
      DEFAULTCAPACITY_EMPTY_ELEMENTDATA = class java.lang.Object[0]
      elementData = class java.lang.Object[0]
      size = 0
      MAX_ARRAY_SIZE = 2147483639
      modCount = 1
      MAX_ARRAY_SIZE = 2147483639
    prependSlashToResource = false
    destroyed = false
    webAppNameSpaceCollab = class com.ibm.ws.webcontainer.osgi.collaborator.WebAppNameSpaceCollaboratorImpl@4c87b3d9
    txCollab = class com.ibm.ws.transaction.services.WebAppTransactionCollaboratorImpl@480525f1
    sessionActivationListeners = class java.util.ArrayList@23dc78c7
      serialVersionUID = 8683452581122892189
      DEFAULT_CAPACITY = 10
      EMPTY_ELEMENTDATA = class java.lang.Object[0]
      DEFAULTCAPACITY_EMPTY_ELEMENTDATA = class java.lang.Object[0]
      elementData = class java.lang.Object[0]
      size = 0
      MAX_ARRAY_SIZE = 2147483639
      modCount = 1
      MAX_ARRAY_SIZE = 2147483639
    sessionBindingListeners = class java.util.ArrayList@14269445
      serialVersionUID = 8683452581122892189
      DEFAULT_CAPACITY = 10
      EMPTY_ELEMENTDATA = class java.lang.Object[0]
      DEFAULTCAPACITY_EMPTY_ELEMENTDATA = class java.lang.Object[0]
      elementData = class java.lang.Object[0]
      size = 0
      MAX_ARRAY_SIZE = 2147483639
      modCount = 1
      MAX_ARRAY_SIZE = 2147483639
    scratchdir = null
    jspClassLoaderLimit = 0
    jspClassLoaderExclusionList = null
    jspClassLoadersMap = null
    jspClassLoaderLimitTrackIF = false
    defaultExtProc = null
    directoryBrowsingServlet = null
    cdiContexts = class java.util.concurrent.ConcurrentHashMap@7315a0cf
      serialVersionUID = 7249069246763182397
      MAXIMUM_CAPACITY = 1073741824
      DEFAULT_CAPACITY = 16
      MAX_ARRAY_SIZE = 2147483639
      DEFAULT_CONCURRENCY_LEVEL = 16
      LOAD_FACTOR = 0.75
      TREEIFY_THRESHOLD = 8
      UNTREEIFY_THRESHOLD = 6
      MIN_TREEIFY_CAPACITY = 64
      MIN_TRANSFER_STRIDE = 16
      RESIZE_STAMP_BITS = 16
      MAX_RESIZERS = 65535
      RESIZE_STAMP_SHIFT = 16
      MOVED = -1
      TREEBIN = -2
      RESERVED = -3
      HASH_BITS = 2147483647
      NCPU = 4
      serialPersistentFields = class java.io.ObjectStreamField[3]
      table = null
      nextTable = null
      baseCount = 0
      sizeCtl = 0
      transferIndex = 0
      cellsBusy = 0
      counterCells = null
      keySet = null
      values = null
      entrySet = null
      U = class sun.misc.Unsafe@2d99512f
      SIZECTL = 20
      TRANSFERINDEX = 32
      BASECOUNT = 24
      CELLSBUSY = 36
      CELLVALUE = 144
      ABASE = 16
      ASHIFT = 2
      keySet = null
      values = null
    moduleConfig = class com.ibm.ws.webcontainer.osgi.container.DeployedModule@507a2713
      tc = class com.ibm.websphere.ras.TraceComponent@5422b79f
      loader = class com.ibm.ws.classloading.internal.ThreadContextClassLoader@14d2a8b5
      webApp = class com.ibm.ws.webcontainer31.osgi.webapp.WebApp31@49759e6
      webAppConfig = class com.ibm.ws.webcontainer.osgi.webapp.WebAppConfiguration@47402f9b
      contextRootAdded = null
      properContextRoot = "/webapi"
      mappingContextRoot = "/webapi/*"
      serialVersionUID = -2104814060051592457
      $$$tc$$$ = class com.ibm.websphere.ras.TraceComponent@11daca8c
    extensionFactories = class java.util.ArrayList@2b7fd43f
      serialVersionUID = 8683452581122892189
      DEFAULT_CAPACITY = 10
      EMPTY_ELEMENTDATA = class java.lang.Object[0]
      DEFAULTCAPACITY_EMPTY_ELEMENTDATA = class java.lang.Object[0]
      elementData = class java.lang.Object[10]
      size = 4
      MAX_ARRAY_SIZE = 2147483639
      modCount = 9
      MAX_ARRAY_SIZE = 2147483639
    initialized = true
    lock = class com.ibm.ws.webcontainer.webapp.WebApp$1@1020679b
      this$0 = class com.ibm.ws.webcontainer31.osgi.webapp.WebApp31@49759e6
    afterServletContextCreated = false
    redirectContextRoot = false
    errorExceptionTypeFirst = false
    initFilterBeforeServletInit = false
    sortedServletConfigs = class java.util.ArrayList@30844d66
      serialVersionUID = 8683452581122892189
      DEFAULT_CAPACITY = 10
      EMPTY_ELEMENTDATA = class java.lang.Object[0]
      DEFAULTCAPACITY_EMPTY_ELEMENTDATA = class java.lang.Object[0]
      elementData = class java.lang.Object[10]
      size = 1
      MAX_ARRAY_SIZE = 2147483639
      modCount = 1
      MAX_ARRAY_SIZE = 2147483639
    effectiveMajorVersion = 3
    effectiveMinorVersion = 0
    canAddServletContextListener = true
    withinContextInitOfProgAddListener = false
    lastProgAddListenerInitialized = "com.ibm.ws.cache.CacheServiceImpl"
    webInfLibClassloader = null
    metaInfCache = class com.ibm.ws.webcontainer.webapp.WebApp$2@6ec99061
      this$0 = class com.ibm.ws.webcontainer31.osgi.webapp.WebApp31@49759e6
      serialVersionUID = 3801124242820219131
      head = null
      tail = null
      accessOrder = true
      serialVersionUID = 362498820763181265
      DEFAULT_INITIAL_CAPACITY = 16
      MAXIMUM_CAPACITY = 1073741824
      DEFAULT_LOAD_FACTOR = 0.75
      TREEIFY_THRESHOLD = 8
      UNTREEIFY_THRESHOLD = 6
      MIN_TREEIFY_CAPACITY = 64
      table = null
      entrySet = null
      size = 0
      modCount = 0
      threshold = 32
      loadFactor = 1.0
      keySet = null
      values = null
    useMetaInfCache = true
    SUN_CONFIGURE_LISTENER_CLASSNAME = "com.sun.faces.config.ConfigureListener"
    MYFACES_LIFECYCLE_LISTENER_CLASSNAME = "org.apache.myfaces.webapp.StartupServletContextListener"
    JSF_IMPL_ENABLED_PARAM = "com.ibm.ws.jsf.JSF_IMPL_ENABLED"
    JSF_IMPL_ENABLED_CUSTOM = "Custom"
    JSF_IMPL_ENABLED_NONE = "None"
    staticDocRoot = class com.ibm.ws.webcontainer.util.DocumentRootUtils@6f8a7014
      logger = class com.ibm.ws.logging.internal.WsLogger@65697663
      CLASS_NAME = "com.ibm.ws.webcontainer.util.DocumentRootUtils"
      useContentLength = false
      matchedFile = null
      matchedZipFile = null
      matchedEntry = null
      matchedURL = null
      edrRoot = null
      pfedrRoot = null
      ctxt = class com.ibm.ws.webcontainer31.osgi.webapp.WebApp31@49759e6
      baseDir = null
      edr = null
      pfedr = null
      metaInfRes = null
      searchpfEDR = false
      searchEDR = false
      searchMetaInfRes = true
      matchFromEDR = false
      matchFromMetaInfRes = false
      matchIsADirectory = false
      appConfig = class com.ibm.ws.webcontainer.osgi.webapp.WebAppConfiguration@47402f9b
      attributeType = "staticFile"
      STATIC_FILE = "staticFile"
      JSP = "jsp"
      PFEDR = "preFragmentExtendedDocumentRoot"
      EDR = "extendedDocumentRoot"
    jspDocRoot = class com.ibm.ws.webcontainer.util.DocumentRootUtils@7c05cec1
      logger = class com.ibm.ws.logging.internal.WsLogger@65697663
      CLASS_NAME = "com.ibm.ws.webcontainer.util.DocumentRootUtils"
      useContentLength = false
      matchedFile = null
      matchedZipFile = null
      matchedEntry = null
      matchedURL = null
      edrRoot = null
      pfedrRoot = null
      ctxt = class com.ibm.ws.webcontainer31.osgi.webapp.WebApp31@49759e6
      baseDir = null
      edr = null
      pfedr = null
      metaInfRes = null
      searchpfEDR = false
      searchEDR = false
      searchMetaInfRes = true
      matchFromEDR = false
      matchFromMetaInfRes = false
      matchIsADirectory = false
      appConfig = class com.ibm.ws.webcontainer.osgi.webapp.WebAppConfiguration@47402f9b
      attributeType = "jsp"
      STATIC_FILE = "staticFile"
      JSP = "jsp"
      PFEDR = "preFragmentExtendedDocumentRoot"
      EDR = "extendedDocumentRoot"
    container = class com.ibm.ws.adaptable.module.internal.AdaptableContainerImpl@7be65094
      root = class com.ibm.ws.adaptable.module.internal.AdaptableContainerImpl@7be65094
      rootOverlay = class com.ibm.ws.artifact.overlay.internal.DirectoryBasedOverlayContainerImpl@568a0d14
      factoryHolder = class com.ibm.ws.adaptable.module.internal.AdaptableModuleFactoryImpl@245fa3f8
      delegate = class com.ibm.ws.artifact.overlay.internal.DirectoryBasedOverlayContainerImpl@568a0d14
      notifier = class com.ibm.ws.adaptable.module.internal.NotifierImpl@76122379
      serialVersionUID = -5621513278641113667
      $$$tc$$$ = class com.ibm.websphere.ras.TraceComponent@2e9cf0a1
    metaInfResourceFinder = class com.ibm.ws.webcontainer.util.MetaInfResourceFinder@6e78535a
      jarResourceContainers = class java.util.ArrayList@1d577985
      container = class com.ibm.ws.adaptable.module.internal.AdaptableContainerImpl@7be65094
    postConstructMethods = class com.ibm.ws.webcontainer.webapp.WebApp$AnnotatedMethods@4c909c6c
      annotationClass = class java.lang.Class@75bacd69
      noOpClassNames = class java.util.HashSet@2476a000
      annotatedMethodNames = class java.util.concurrent.ConcurrentHashMap@5ce14cb9
      EMPTY_METHODS = class java.lang.reflect.Method[0]
    preDestroyMethods = class com.ibm.ws.webcontainer.webapp.WebApp$AnnotatedMethods@70264f3a
      annotationClass = class java.lang.Class@125f476e
      noOpClassNames = class java.util.HashSet@6f5540dd
      annotatedMethodNames = class java.util.concurrent.ConcurrentHashMap@72b6ae85
      EMPTY_METHODS = class java.lang.reflect.Method[0]
    upgraded = false
    OBJ_EMPTY = class java.lang.Object[0]
    CLASS_EMPTY = class java.lang.Class[0]
    DEFAULT_JSP_EXTENSIONS = class java.util.ArrayList@46ae8e29
      serialVersionUID = 8683452581122892189
      DEFAULT_CAPACITY = 10
      EMPTY_ELEMENTDATA = class java.lang.Object[0]
      DEFAULTCAPACITY_EMPTY_ELEMENTDATA = class java.lang.Object[0]
      elementData = class java.lang.Object[10]
      size = 4
      MAX_ARRAY_SIZE = 2147483639
      modCount = 4
      MAX_ARRAY_SIZE = 2147483639
    DEFER_SERVLET_REQUEST_LISTENER_DESTROY_ON_ERROR = false
    DO_ACCEPT_PARTIAL = true
    DO_NOT_ACCEPT_PARTIAL = false
    DO_ACCEPT_EXCLUDED = true
    DO_NOT_ACCEPT_EXCLUDED = false
    commands = class java.util.ArrayList@2207e439
      serialVersionUID = 8683452581122892189
      DEFAULT_CAPACITY = 10
      EMPTY_ELEMENTDATA = class java.lang.Object[0]
      DEFAULTCAPACITY_EMPTY_ELEMENTDATA = class java.lang.Object[0]
      elementData = class java.lang.Object[3]
      size = 0
      MAX_ARRAY_SIZE = 2147483639
      modCount = 0
      MAX_ARRAY_SIZE = 2147483639
    requestMapper = class com.ibm.wsspi.webcontainer.util.URIMapper@ec991a0
      matcher = class com.ibm.wsspi.webcontainer.util.URIMatcher@390b27fe
    parent = class com.ibm.ws.webcontainer.osgi.webapp.WebGroup@46720fe9
      tc = class com.ibm.websphere.ras.TraceComponent@27ac2872
      logger = class com.ibm.ws.logging.internal.WsLogger@5cb81dcb
      CLASS_NAME = "com.ibm.ws.webcontainer.webapp.WebGroup"
      sessUrlRewritePrefix = ";jsessionid="
      qMark = "?"
      config = class com.ibm.ws.webcontainer.osgi.webapp.WebGroupConfiguration@c153953
      webApp = class com.ibm.ws.webcontainer31.osgi.webapp.WebApp31@49759e6
      commands = class java.util.ArrayList@3b1bac8d
      requestMapper = null
      parent = class com.ibm.ws.webcontainer.osgi.DynamicVirtualHost@78d9c078
      name = "/webapi/*"
      isAlive = true
      subElements = class java.util.HashMap@7f6eb612
      attributes = null
      config = null
      serialVersionUID = -8271459000149267764
      $$$tc$$$ = class com.ibm.websphere.ras.TraceComponent@5645f250
    name = "org.tec.datos1.messenger.webapi"
    isAlive = true
    subElements = null
    attributes = class java.util.concurrent.ConcurrentHashMap@4efc782
      serialVersionUID = 7249069246763182397
      MAXIMUM_CAPACITY = 1073741824
      DEFAULT_CAPACITY = 16
      MAX_ARRAY_SIZE = 2147483639
      DEFAULT_CONCURRENCY_LEVEL = 16
      LOAD_FACTOR = 0.75
      TREEIFY_THRESHOLD = 8
      UNTREEIFY_THRESHOLD = 6
      MIN_TREEIFY_CAPACITY = 64
      MIN_TRANSFER_STRIDE = 16
      RESIZE_STAMP_BITS = 16
      MAX_RESIZERS = 65535
      RESIZE_STAMP_SHIFT = 16
      MOVED = -1
      TREEBIN = -2
      RESERVED = -3
      HASH_BITS = 2147483647
      NCPU = 4
      serialPersistentFields = class java.io.ObjectStreamField[3]
      table = class java.util.concurrent.ConcurrentHashMap$Node[32]
      nextTable = null
      baseCount = 20
      sizeCtl = 24
      transferIndex = 0
      cellsBusy = 0
      counterCells = null
      keySet = null
      values = null
      entrySet = class java.util.concurrent.ConcurrentHashMap$EntrySetView@68d90c30
      U = class sun.misc.Unsafe@2d99512f
      SIZECTL = 20
      TRANSFERINDEX = 32
      BASECOUNT = 24
      CELLSBUSY = 36
      CELLVALUE = 144
      ABASE = 16
      ASHIFT = 2
      keySet = null
      values = null
    config = null
    serialVersionUID = -8271459000149267764
    $$$tc$$$ = class com.ibm.websphere.ras.TraceComponent@5645f250
      strings[0] = "TraceComponent[com.ibm.ws.container.AbstractContainer,class com.ibm.ws.container.AbstractContainer,[],null,null]"
  target = class org.glassfish.jersey.servlet.ServletContainer@3c6dd2c1
    serialVersionUID = 3932047066686065219
    LOGGER = class org.glassfish.jersey.internal.util.ExtendedLogger@2535bda9
      logger = class com.ibm.ws.logging.internal.WsLogger@19bad666
      debugLevel = class java.util.logging.Level@101f2319
    filterConfig = null
    webComponent = null
    resourceConfig = null
    staticContentPattern = null
    filterContextPath = null
    filterUrlMappings = null
    containerListener = null
    METHOD_DELETE = "DELETE"
    METHOD_HEAD = "HEAD"
    METHOD_GET = "GET"
    METHOD_OPTIONS = "OPTIONS"
    METHOD_POST = "POST"
    METHOD_PUT = "PUT"
    METHOD_TRACE = "TRACE"
    HEADER_IFMODSINCE = "If-Modified-Since"
    HEADER_LASTMOD = "Last-Modified"
    LSTRING_FILE = "javax.servlet.http.LocalStrings"
    lStrings = class java.util.PropertyResourceBundle@52c8bb74
      lookup = class java.util.HashMap@63a67d1e
      INITIAL_CACHE_SIZE = 32
      NONEXISTENT_BUNDLE = class java.util.ResourceBundle$1@6007b280
      cacheList = class java.util.concurrent.ConcurrentHashMap@13d6405f
      referenceQueue = class java.lang.ref.ReferenceQueue@41ba4c86
      parent = class java.util.PropertyResourceBundle@5675c04d
      locale = class java.util.Locale@4156db31
      name = "javax.servlet.http.LocalStrings"
      expired = false
      cacheKey = class java.util.ResourceBundle$CacheKey@719acaa1
      keySet = null
      providers = null
      $assertionsDisabled = true
    LSTRING_FILE = "javax.servlet.LocalStrings"
    lStrings = class java.util.PropertyResourceBundle@4a2d3053
    config = class com.ibm.ws.webcontainer.servlet.ServletConfig@29fb26c7
  cacheWrappers = null
  targetLoader = class com.ibm.ws.classloading.internal.ThreadContextClassLoader@14d2a8b5
    tc = class com.ibm.websphere.ras.TraceComponent@2cedc641
      strings[0] = "TraceComponent[com.ibm.ws.classloading.internal.ThreadContextClassLoader,class com.ibm.ws.classloading.internal.ThreadContextClassLoader,[ClassLoadingService],com.ibm.ws.classloading.internal.resources.ClassLoadingServiceMessages,null]"
    bundle = class java.util.concurrent.atomic.AtomicReference@4714275
      serialVersionUID = -1848883965231344442
      unsafe = class sun.misc.Unsafe@2d99512f
      valueOffset = 12
      value = class org.eclipse.osgi.internal.framework.EquinoxBundle@1018d05
    key = "WebModule:org.tec.datos1.messenger.webapi#org.tec.datos1.messenger.webapi.war"
    refCount = class java.util.concurrent.atomic.AtomicInteger@60c06c63
      serialVersionUID = 6214790243416807050
      unsafe = class sun.misc.Unsafe@2d99512f
      valueOffset = 12
      value = 3
      serialVersionUID = -8742448824652078965
    appLoader = class com.ibm.ws.classloading.internal.AppClassLoader@3743b33e
      tc = class com.ibm.websphere.ras.TraceComponent@1ee46508
      PARENT_FIRST_SEARCH_ORDER = class java.util.Collections$UnmodifiableRandomAccessList@21040701
      CLASS_LOADING_TRACE_PREFIX = "com.ibm.ws.class.load."
      DEFAULT_PACKAGE = "default.package"
      perPackageClassLoadingTraceComponents = class java.util.concurrent.ConcurrentHashMap@5776bf1f
      config = class com.ibm.ws.classloading.internal.ClassLoaderConfigurationImpl@31eb1486
      privateLibraries = null
      delegateLoaders = class com.ibm.ws.classloading.internal.util.CompositeIterable@378f4d02
      nativeLibraryFiles = class java.util.ArrayList@50e1a961
      transformers = class java.util.ArrayList@328d6a25
      apiAccess = class com.ibm.ws.classloading.internal.GatewayClassLoader@49b58b87
      generator = class com.ibm.ws.classloading.internal.ClassGeneratorManager@6aa3add0
      protectionDomains = class java.util.concurrent.ConcurrentHashMap@5b2b17d6
      parent = class com.ibm.ws.classloading.internal.GatewayClassLoader@49b58b87
      serialVersionUID = 952643806680066297
      tc = class com.ibm.websphere.ras.TraceComponent@5873205c
      EMPTY_URL_ARRAY = class java.net.URL[0]
      smartClassPath = class com.ibm.ws.classloading.internal.ContainerClassLoader$SmartClassPathImpl@1681a6ec
      nativeLibraryContainers = class java.util.ArrayList@4b76affc
      redefiner = class com.ibm.ws.classloading.internal.util.ClassRedefiner@15bd94a
      mapCreationQueue = class java.util.concurrent.Executors$FinalizableDelegatedExecutorService@2f984f46
      serialVersionUID = 7249739282446266343
      serialVersionUID = -7411549862368381758
      $$$tc$$$ = class com.ibm.websphere.ras.TraceComponent@31be5e8e
      serialVersionUID = -4868702105808481416
      $$$tc$$$ = class com.ibm.websphere.ras.TraceComponent@2faef61d
      serialVersionUID = 2596921220292114344
      $$$tc$$$ = class com.ibm.websphere.ras.TraceComponent@1a354404
      initialized = true
      pdcache = class java.util.HashMap@127338f5
      debug = null
      parent = class com.ibm.ws.classloading.internal.GatewayClassLoader@49b58b87
      parallelLockMap = null
      package2certs = class java.util.Hashtable@11e518ca
      nocerts = class java.security.cert.Certificate[0]
      classes = class java.util.Vector@a487adc
      defaultDomain = class java.security.ProtectionDomain@74bf2d26
      domains = class java.util.HashSet@7f0007d4
      packages = class java.util.HashMap@469a63b6
      scl = class sun.misc.Launcher$AppClassLoader@18b4aac2
      sclSet = true
      loadedLibraryNames = class java.util.Vector@523d7640
      systemNativeLibraries = class java.util.Vector@228f6397
      nativeLibraries = class java.util.Vector@fcd7f23
      nativeLibraryContext = class java.util.Stack@3fda7013
      usr_paths = class java.lang.String[6]
      sys_paths = class java.lang.String[1]
      assertionLock = class com.ibm.ws.classloading.internal.AppClassLoader@3743b33e
      defaultAssertionStatus = false
      packageAssertionStatus = null
      classAssertionStatus = null
    clSvc = class com.ibm.ws.classloading.internal.ClassLoadingServiceImpl@1ff2e9cf
      tc = class com.ibm.websphere.ras.TraceComponent@15bdbfca
      leakDetectionMap = class java.util.HashMap@3b6bc9bb
      TCCL_LOCK_WAIT = 15000
      REFERENCE_GENERATORS = "generators"
      bundleContext = class org.eclipse.osgi.internal.framework.BundleContextImpl@1cf57772
      aclStore = class com.ibm.ws.classloading.internal.util.CanonicalStore@35d83cbf
      tcclStore = class com.ibm.ws.classloading.internal.util.CanonicalStore@2047933
      tcclStoreLock = class java.util.concurrent.locks.ReentrantLock@10511b33
      digraph = class org.eclipse.equinox.internal.region.StandardRegionDigraph@75123e93
      redefiner = class com.ibm.ws.classloading.internal.util.ClassRedefiner@15bd94a
      listener = class com.ibm.ws.classloading.internal.ClassLoadingServiceImpl$1@20b7e5b3
      classloaders = class java.util.Collections$SynchronizedMap@3827fa15
      resourceProviders = class com.ibm.ws.classloading.internal.CompositeResourceProvider@5ca5ad24
      rememberedBundles = class java.util.concurrent.ConcurrentHashMap@36bae73
      collectedBundles = class java.lang.ref.ReferenceQueue@1cee59d0
      generatorRefs = class com.ibm.wsspi.kernel.service.utils.ConcurrentServiceReferenceSet@1b9eef0a
      generatorManager = class com.ibm.ws.classloading.internal.ClassGeneratorManager@6aa3add0
      metaInfServicesProviders = class java.util.concurrent.ConcurrentHashMap@34659ec1
      metaInfServicesRefs = class com.ibm.wsspi.kernel.service.utils.ConcurrentServiceReferenceMap@5aab6144
      protectionDomainMap = class java.util.HashMap@36a123a4
      metadataIdentifierService = class com.ibm.ws.container.service.metadata.internal.MetaDataServiceImpl@f9473a2
      serialVersionUID = 4744076773827852552
    serialVersionUID = 846416563800781557
    followOnClassLoaders = class java.util.ArrayList@11a812d9
      serialVersionUID = 8683452581122892189
      DEFAULT_CAPACITY = 10
      EMPTY_ELEMENTDATA = class java.lang.Object[0]
      DEFAULTCAPACITY_EMPTY_ELEMENTDATA = class java.lang.Object[0]
      elementData = class java.lang.Object[10]
      size = 1
      MAX_ARRAY_SIZE = 2147483639
      modCount = 1
      MAX_ARRAY_SIZE = 2147483639
    serialVersionUID = -5107316606107305512
    $$$tc$$$ = class com.ibm.websphere.ras.TraceComponent@7905b1e4
      strings[0] = "TraceComponent[com.ibm.ws.classloading.internal.UnifiedClassLoader,class com.ibm.ws.classloading.internal.UnifiedClassLoader,[ClassLoadingService],com.ibm.ws.classloading.internal.resources.ClassLoadingServiceMessages,null]"
    serialVersionUID = -4868702105808481416
    $$$tc$$$ = class com.ibm.websphere.ras.TraceComponent@2faef61d
      strings[0] = "TraceComponent[com.ibm.ws.classloading.internal.LibertyLoader,class com.ibm.ws.classloading.internal.LibertyLoader,[ClassLoadingService],com.ibm.ws.classloading.internal.resources.ClassLoadingServiceMessages,null]"
    serialVersionUID = 2596921220292114344
    $$$tc$$$ = class com.ibm.websphere.ras.TraceComponent@1a354404
      strings[0] = "TraceComponent[com.ibm.ws.classloading.LibertyClassLoader,class com.ibm.ws.classloading.LibertyClassLoader,[ClassLoadingService],com.ibm.ws.classloading.internal.resources.ClassLoadingServiceMessages,null]"
    initialized = true
    pdcache = class java.util.HashMap@7e311f95
      serialVersionUID = 362498820763181265
      DEFAULT_INITIAL_CAPACITY = 16
      MAXIMUM_CAPACITY = 1073741824
      DEFAULT_LOAD_FACTOR = 0.75
      TREEIFY_THRESHOLD = 8
      UNTREEIFY_THRESHOLD = 6
      MIN_TREEIFY_CAPACITY = 64
      table = null
      entrySet = null
      size = 0
      modCount = 0
      threshold = 16
      loadFactor = 0.75
      keySet = null
      values = null
    debug = null
    parent = class com.ibm.ws.classloading.internal.GatewayClassLoader@7b759660
      config = class com.ibm.ws.classloading.internal.GatewayConfigurationImpl@60d08dce
      wiringMonitor = class com.ibm.ws.classloading.internal.GatewayClassLoader$1@675ae759
      bundle = class org.eclipse.osgi.internal.framework.EquinoxBundle@1018d05
      wiring = class org.eclipse.osgi.container.ModuleWiring@43b94fa1
      bundleLoader = class org.eclipse.osgi.internal.loader.EquinoxClassLoader@22405a2f
      resourceProviders = class com.ibm.ws.classloading.internal.CompositeResourceProvider@5ca5ad24
      serialVersionUID = -4256474098847905153
      $$$tc$$$ = class com.ibm.websphere.ras.TraceComponent@21adcc94
      parent = class sun.misc.Launcher$AppClassLoader@18b4aac2
      parallelLockMap = null
      package2certs = class java.util.Hashtable@215f5430
      nocerts = class java.security.cert.Certificate[0]
      classes = class java.util.Vector@56d9e571
      defaultDomain = class java.security.ProtectionDomain@3283bc99
      domains = class java.util.HashSet@253f5bf
      packages = class java.util.HashMap@59f6cf11
      scl = class sun.misc.Launcher$AppClassLoader@18b4aac2
      sclSet = true
      loadedLibraryNames = class java.util.Vector@523d7640
      systemNativeLibraries = class java.util.Vector@228f6397
      nativeLibraries = class java.util.Vector@401d4b33
      nativeLibraryContext = class java.util.Stack@3fda7013
      usr_paths = class java.lang.String[6]
      sys_paths = class java.lang.String[1]
      assertionLock = class com.ibm.ws.classloading.internal.GatewayClassLoader@7b759660
      defaultAssertionStatus = false
      packageAssertionStatus = null
      classAssertionStatus = null
    parallelLockMap = null
    package2certs = class java.util.Hashtable@705d88cc
      table = class java.util.Hashtable$Entry[11]
      count = 0
      threshold = 8
      loadFactor = 0.75
      modCount = 0
      serialVersionUID = 1421746759512286392
      MAX_ARRAY_SIZE = 2147483639
      keySet = null
      entrySet = null
      values = null
      KEYS = 0
      VALUES = 1
      ENTRIES = 2
    nocerts = class java.security.cert.Certificate[0]
    classes = class java.util.Vector@131d41d0
      elementData = class java.lang.Object[10]
      elementCount = 0
      capacityIncrement = 0
      serialVersionUID = -2767605614048989439
      MAX_ARRAY_SIZE = 2147483639
      modCount = 0
      MAX_ARRAY_SIZE = 2147483639
    defaultDomain = class java.security.ProtectionDomain@42f2a7b0
      codesource = class java.security.CodeSource@69b4283e
      classloader = class com.ibm.ws.classloading.internal.ThreadContextClassLoader@14d2a8b5
      principals = interface java.security.Principal[0]
      permissions = null
      hasAllPerm = false
      staticPermissions = false
      key = class java.security.ProtectionDomain$Key@1fe3cda2
      debug = null
    domains = class java.util.HashSet@3449c5cc
      serialVersionUID = -5024744406713321676
      map = class java.util.HashMap@296b5e1
      PRESENT = class java.lang.Object@c9eaa22
      MAX_ARRAY_SIZE = 2147483639
    packages = class java.util.HashMap@284e2061
      serialVersionUID = 362498820763181265
      DEFAULT_INITIAL_CAPACITY = 16
      MAXIMUM_CAPACITY = 1073741824
      DEFAULT_LOAD_FACTOR = 0.75
      TREEIFY_THRESHOLD = 8
      UNTREEIFY_THRESHOLD = 6
      MIN_TREEIFY_CAPACITY = 64
      table = null
      entrySet = null
      size = 0
      modCount = 0
      threshold = 0
      loadFactor = 0.75
      keySet = null
      values = null
    scl = class sun.misc.Launcher$AppClassLoader@18b4aac2
      ucp = class sun.misc.URLClassPath@710a5469
      $assertionsDisabled = true
      ucp = class sun.misc.URLClassPath@710a5469
      acc = class java.security.AccessControlContext@7f1bb5a8
      closeables = class java.util.WeakHashMap@7bbd90ae
      initialized = true
      pdcache = class java.util.HashMap@783da132
      debug = null
      parent = class sun.misc.Launcher$ExtClassLoader@19a5db44
      parallelLockMap = class java.util.concurrent.ConcurrentHashMap@5bb70b40
      package2certs = class java.util.concurrent.ConcurrentHashMap@7923536b
      nocerts = class java.security.cert.Certificate[0]
      classes = class java.util.Vector@6e0c9401
      defaultDomain = class java.security.ProtectionDomain@7b2d8cc3
      domains = class java.util.Collections$SynchronizedSet@18a375ed
      packages = class java.util.HashMap@7bf8d599
      scl = class sun.misc.Launcher$AppClassLoader@18b4aac2
      sclSet = true
      loadedLibraryNames = class java.util.Vector@523d7640
      systemNativeLibraries = class java.util.Vector@228f6397
      nativeLibraries = class java.util.Vector@71deea7b
      nativeLibraryContext = class java.util.Stack@3fda7013
      usr_paths = class java.lang.String[6]
      sys_paths = class java.lang.String[1]
      assertionLock = class java.lang.Object@66022b17
      defaultAssertionStatus = false
      packageAssertionStatus = null
      classAssertionStatus = null
    sclSet = true
    loadedLibraryNames = class java.util.Vector@523d7640
      elementData = class java.lang.Object[10]
      elementCount = 6
      capacityIncrement = 0
      serialVersionUID = -2767605614048989439
      MAX_ARRAY_SIZE = 2147483639
      modCount = 6
      MAX_ARRAY_SIZE = 2147483639
    systemNativeLibraries = class java.util.Vector@228f6397
      elementData = class java.lang.Object[10]
      elementCount = 5
      capacityIncrement = 0
      serialVersionUID = -2767605614048989439
      MAX_ARRAY_SIZE = 2147483639
      modCount = 5
      MAX_ARRAY_SIZE = 2147483639
    nativeLibraries = class java.util.Vector@51a4e779
      elementData = class java.lang.Object[10]
      elementCount = 0
      capacityIncrement = 0
      serialVersionUID = -2767605614048989439
      MAX_ARRAY_SIZE = 2147483639
      modCount = 0
      MAX_ARRAY_SIZE = 2147483639
    nativeLibraryContext = class java.util.Stack@3fda7013
      serialVersionUID = 1224463164541339165
      elementData = class java.lang.Object[10]
      elementCount = 0
      capacityIncrement = 0
      serialVersionUID = -2767605614048989439
      MAX_ARRAY_SIZE = 2147483639
      modCount = 12
      MAX_ARRAY_SIZE = 2147483639
    usr_paths = class java.lang.String[6]
      usr_paths[0] = "/Users/Jai/Library/Java/Extensions"
      usr_paths[1] = "/Library/Java/Extensions"
      usr_paths[2] = "/Network/Library/Java/Extensions"
      usr_paths[3] = "/System/Library/Java/Extensions"
      usr_paths[4] = "/usr/lib/java"
      usr_paths[5] = "."
    sys_paths = class java.lang.String[1]
      sys_paths[0] = "/Library/Java/JavaVirtualMachines/jdk1.8.0_144.jdk/Contents/Home/jre/lib"
    assertionLock = class com.ibm.ws.classloading.internal.ThreadContextClassLoader@14d2a8b5
    defaultAssertionStatus = false
    packageAssertionStatus = null
    classAssertionStatus = null
  evtSource = class com.ibm.ws.webcontainer.webapp.WebAppEventSource@49ce27bd
    _invocationListeners = class com.ibm.ws.webcontainer.util.EventListeners@1954dd0a
      EMPTY_LISTENERS = interface java.util.EventListener[0]
      logger = class com.ibm.ws.logging.internal.WsLogger@65697663
      CLASS_NAME = "com.ibm.ws.webcontainer.util.EventListeners"
      listeners = interface java.util.EventListener[0]
    _servletListeners = class com.ibm.ws.webcontainer.util.EventListeners@5bd20b11
      EMPTY_LISTENERS = interface java.util.EventListener[0]
      logger = class com.ibm.ws.logging.internal.WsLogger@65697663
      CLASS_NAME = "com.ibm.ws.webcontainer.util.EventListeners"
      listeners = interface java.util.EventListener[0]
    _errorListeners = class com.ibm.ws.webcontainer.util.EventListeners@d095ac5
      EMPTY_LISTENERS = interface java.util.EventListener[0]
      logger = class com.ibm.ws.logging.internal.WsLogger@65697663
      CLASS_NAME = "com.ibm.ws.webcontainer.util.EventListeners"
      listeners = interface java.util.EventListener[0]
    _applicationListeners = class com.ibm.ws.webcontainer.util.EventListeners@77205f31
      EMPTY_LISTENERS = interface java.util.EventListener[0]
      logger = class com.ibm.ws.logging.internal.WsLogger@65697663
      CLASS_NAME = "com.ibm.ws.webcontainer.util.EventListeners"
      listeners = interface java.util.EventListener[0]
    _filterInvocationListeners = class com.ibm.ws.webcontainer.util.EventListeners@48237052
      EMPTY_LISTENERS = interface java.util.EventListener[0]
      logger = class com.ibm.ws.logging.internal.WsLogger@65697663
      CLASS_NAME = "com.ibm.ws.webcontainer.util.EventListeners"
      listeners = interface java.util.EventListener[0]
    _filterListeners = class com.ibm.ws.webcontainer.util.EventListeners@3e270c4
      EMPTY_LISTENERS = interface java.util.EventListener[0]
      logger = class com.ibm.ws.logging.internal.WsLogger@65697663
      CLASS_NAME = "com.ibm.ws.webcontainer.util.EventListeners"
      listeners = interface java.util.EventListener[0]
    _filterErrorListeners = class com.ibm.ws.webcontainer.util.EventListeners@447add0f
      EMPTY_LISTENERS = interface java.util.EventListener[0]
      logger = class com.ibm.ws.logging.internal.WsLogger@65697663
      CLASS_NAME = "com.ibm.ws.webcontainer.util.EventListeners"
      listeners = interface java.util.EventListener[0]
  event = class com.ibm.websphere.servlet.event.ServletEvent@174e7373
    serialVersionUID = 3906650803920713522
    _servletName = "RESTful Jersey Servlet"
    _servletClassName = "org.glassfish.jersey.servlet.ServletContainer"
    $$$tc$$$ = class com.ibm.websphere.ras.TraceComponent@74ef885c
      strings[0] = "TraceComponent[com.ibm.websphere.servlet.event.ServletEvent,class com.ibm.websphere.servlet.event.ServletEvent,[],null,null]"
    serialVersionUID = 3546927969739289392
    _context = class com.ibm.ws.webcontainer31.facade.ServletContextFacade31@fcfee52
    _servletNames = class com.ibm.ws.webcontainer.util.EmptyEnumeration@91a71bd
      serialVersionUID = 3546642126931963953
      _instance = class com.ibm.ws.webcontainer.util.EmptyEnumeration@91a71bd
    $$$tc$$$ = class com.ibm.websphere.ras.TraceComponent@1c0d79c9
      strings[0] = "TraceComponent[com.ibm.websphere.servlet.event.ApplicationEvent,class com.ibm.websphere.servlet.event.ApplicationEvent,[],null,null]"
    serialVersionUID = 5516075349620653480
    source = class com.ibm.ws.webcontainer.osgi.servlet.ServletWrapper@181f9a54
  unavailableMessage = null
  unavailableUntil = -1
  isSTM = false
  internalServlet = false
  webAppInvocationCollaborators = null
  platformHelper = class com.ibm.ws.webcontainer.PlatformHelper@41d87a3
  webAppNameSpaceCollab = class com.ibm.ws.webcontainer.osgi.collaborator.WebAppNameSpaceCollaboratorImpl@4c87b3d9
    cmdai = class com.ibm.ws.threadContext.ComponentMetaDataAccessorImpl@17f95f26
      tc = class com.ibm.websphere.ras.TraceComponent@42e0ab33
      cmdai = class com.ibm.ws.threadContext.ComponentMetaDataAccessorImpl@17f95f26
      threadContext = class com.ibm.ws.threadContext.ThreadContextImpl@1532176d
      defaultCMD = null
  txCollab = class com.ibm.ws.transaction.services.WebAppTransactionCollaboratorImpl@480525f1
    tc = class com.ibm.websphere.ras.TraceComponent@2470a163
      strings[0] = "TraceComponent[com.ibm.ws.transaction.services.WebAppTransactionCollaboratorImpl,class com.ibm.ws.transaction.services.WebAppTransactionCollaboratorImpl,[transaction],com.ibm.ws.transaction.services.TransactionMessages,null]"
    ltCurrentRef = class com.ibm.wsspi.kernel.service.utils.AtomicServiceReference@43b4be35
      referenceName = "ltCurrent"
      tuple = class java.util.concurrent.atomic.AtomicReference@58b28ced
      serialVersionUID = 2226592364007985000
      $$$tc$$$ = class com.ibm.websphere.ras.TraceComponent@3a0ddc20
    tranMgrRef = class com.ibm.wsspi.kernel.service.utils.AtomicServiceReference@3feb255c
      referenceName = "tranMgr"
      tuple = class java.util.concurrent.atomic.AtomicReference@20120dcf
      serialVersionUID = 2226592364007985000
      $$$tc$$$ = class com.ibm.websphere.ras.TraceComponent@3a0ddc20
    userTranRef = class com.ibm.wsspi.kernel.service.utils.AtomicServiceReference@59255a0
      referenceName = "userTran"
      tuple = class java.util.concurrent.atomic.AtomicReference@51d5b236
      serialVersionUID = 2226592364007985000
      $$$tc$$$ = class com.ibm.websphere.ras.TraceComponent@3a0ddc20
    uowCallbackRef = class com.ibm.wsspi.kernel.service.utils.AtomicServiceReference@2f36e357
      referenceName = "uowCallback"
      tuple = class java.util.concurrent.atomic.AtomicReference@1a684c0b
      serialVersionUID = 2226592364007985000
      $$$tc$$$ = class com.ibm.websphere.ras.TraceComponent@3a0ddc20
    serialVersionUID = -8319003162899973281
  connCollab = class com.ibm.ws.webcontainer.collaborator.ConnectionCollaborator@3cba6990
  suppressServletExceptionLogging = false
  throwExceptionEnum = class java.util.RegularEnumSet@6ab65197
    serialVersionUID = 3411599620347842686
    elements = 256
    elementType = class java.lang.Class@5ce2130d
      ANNOTATION = 8192
      ENUM = 16384
      SYNTHETIC = 4096
      cachedConstructor = null
      newInstanceCallerCache = null
      name = "com.ibm.wsspi.webcontainer.collaborator.CollaboratorInvocationEnum"
      allPermDomain = class java.security.ProtectionDomain@d3546bf
      useCaches = true
      reflectionData = class java.lang.ref.SoftReference@24c66e7f
      classRedefinedCount = 0
      genericInfo = null
      serialVersionUID = 3206093459760846163
      serialPersistentFields = class java.io.ObjectStreamField[0]
      reflectionFactory = class sun.reflect.ReflectionFactory@56a88de5
      initted = true
      enumConstants = class com.ibm.wsspi.webcontainer.collaborator.CollaboratorInvocationEnum[9]
      enumConstantDirectory = null
      annotationData = class java.lang.Class$AnnotationData@18220a4b
      annotationType = null
      classValueMap = null
    universe = class com.ibm.wsspi.webcontainer.collaborator.CollaboratorInvocationEnum[9]
      universe[0] = class com.ibm.wsspi.webcontainer.collaborator.CollaboratorInvocationEnum@7e64b0ac
      universe[1] = class com.ibm.wsspi.webcontainer.collaborator.CollaboratorInvocationEnum@59748e0
      universe[2] = class com.ibm.wsspi.webcontainer.collaborator.CollaboratorInvocationEnum@212517a2
      universe[3] = class com.ibm.wsspi.webcontainer.collaborator.CollaboratorInvocationEnum@18410f94
      universe[4] = class com.ibm.wsspi.webcontainer.collaborator.CollaboratorInvocationEnum@437b3de0
      universe[5] = class com.ibm.wsspi.webcontainer.collaborator.CollaboratorInvocationEnum@7c14bd27
      universe[6] = class com.ibm.wsspi.webcontainer.collaborator.CollaboratorInvocationEnum@75052d00
      universe[7] = class com.ibm.wsspi.webcontainer.collaborator.CollaboratorInvocationEnum@6528a19b
      universe[8] = class com.ibm.wsspi.webcontainer.collaborator.CollaboratorInvocationEnum@7fa614e3
    ZERO_LENGTH_ENUM_ARRAY = class java.lang.Enum[0]
    MAX_ARRAY_SIZE = 2147483639
  discernUnavailableServlet = false
  reInitServletonInitUnavailableException = true
  destroyServletonServiceUnavailableException = false
  servlet23 = true
  PARAMS_HEAD_TRACE = class java.lang.Class[2]
    PARAMS_HEAD_TRACE[0] = class java.lang.Class@5e3bd3e3
      ANNOTATION = 8192
      ENUM = 16384
      SYNTHETIC = 4096
      cachedConstructor = null
      newInstanceCallerCache = null
      name = "javax.servlet.http.HttpServletRequest"
      allPermDomain = class java.security.ProtectionDomain@d3546bf
      useCaches = true
      reflectionData = class java.lang.ref.SoftReference@c4c46dc
      classRedefinedCount = 0
      genericInfo = class sun.reflect.generics.repository.ClassRepository@3208d7a6
      serialVersionUID = 3206093459760846163
      serialPersistentFields = class java.io.ObjectStreamField[0]
      reflectionFactory = class sun.reflect.ReflectionFactory@56a88de5
      initted = true
      enumConstants = null
      enumConstantDirectory = null
      annotationData = null
      annotationType = null
      classValueMap = null
    PARAMS_HEAD_TRACE[1] = class java.lang.Class@2bce6ef3
      ANNOTATION = 8192
      ENUM = 16384
      SYNTHETIC = 4096
      cachedConstructor = null
      newInstanceCallerCache = null
      name = "javax.servlet.http.HttpServletResponse"
      allPermDomain = class java.security.ProtectionDomain@d3546bf
      useCaches = true
      reflectionData = null
      classRedefinedCount = 0
      genericInfo = null
      serialVersionUID = 3206093459760846163
      serialPersistentFields = class java.io.ObjectStreamField[0]
      reflectionFactory = class sun.reflect.ReflectionFactory@56a88de5
      initted = true
      enumConstants = null
      enumConstantDirectory = null
      annotationData = null
      annotationType = null
      classValueMap = null
  defaultHeadMethodInUse = false
  defaultTraceMethodInUse = false
  checkedForDefaultMethods = null
  defaultTraceRequestBehavior = false
  defaultHeadRequestBehavior = false
  useOriginalRequestState = false
  warningStatusSet = false
  LSTRING_FILE = "javax.servlet.LocalStrings"
  lStrings = class java.util.PropertyResourceBundle@4a2d3053
    lookup = class java.util.HashMap@4a03860d
      serialVersionUID = 362498820763181265
      DEFAULT_INITIAL_CAPACITY = 16
      MAXIMUM_CAPACITY = 1073741824
      DEFAULT_LOAD_FACTOR = 0.75
      TREEIFY_THRESHOLD = 8
      UNTREEIFY_THRESHOLD = 6
      MIN_TREEIFY_CAPACITY = 64
      table = class java.util.HashMap$Node[8]
      entrySet = null
      size = 4
      modCount = 4
      threshold = 6
      loadFactor = 0.75
      keySet = null
      values = null
    INITIAL_CACHE_SIZE = 32
    NONEXISTENT_BUNDLE = class java.util.ResourceBundle$1@6007b280
      INITIAL_CACHE_SIZE = 32
      NONEXISTENT_BUNDLE = class java.util.ResourceBundle$1@6007b280
      cacheList = class java.util.concurrent.ConcurrentHashMap@13d6405f
      referenceQueue = class java.lang.ref.ReferenceQueue@41ba4c86
      parent = null
      locale = null
      name = null
      expired = false
      cacheKey = class java.util.ResourceBundle$CacheKey@7dd73cc0
      keySet = null
      providers = null
      $assertionsDisabled = true
    cacheList = class java.util.concurrent.ConcurrentHashMap@13d6405f
      serialVersionUID = 7249069246763182397
      MAXIMUM_CAPACITY = 1073741824
      DEFAULT_CAPACITY = 16
      MAX_ARRAY_SIZE = 2147483639
      DEFAULT_CONCURRENCY_LEVEL = 16
      LOAD_FACTOR = 0.75
      TREEIFY_THRESHOLD = 8
      UNTREEIFY_THRESHOLD = 6
      MIN_TREEIFY_CAPACITY = 64
      MIN_TRANSFER_STRIDE = 16
      RESIZE_STAMP_BITS = 16
      MAX_RESIZERS = 65535
      RESIZE_STAMP_SHIFT = 16
      MOVED = -1
      TREEBIN = -2
      RESERVED = -3
      HASH_BITS = 2147483647
      NCPU = 4
      serialPersistentFields = class java.io.ObjectStreamField[3]
      table = class java.util.concurrent.ConcurrentHashMap$Node[256]
      nextTable = null
      baseCount = 168
      sizeCtl = 192
      transferIndex = 0
      cellsBusy = 0
      counterCells = null
      keySet = null
      values = null
      entrySet = null
      U = class sun.misc.Unsafe@2d99512f
      SIZECTL = 20
      TRANSFERINDEX = 32
      BASECOUNT = 24
      CELLSBUSY = 36
      CELLVALUE = 144
      ABASE = 16
      ASHIFT = 2
      keySet = null
      values = null
    referenceQueue = class java.lang.ref.ReferenceQueue@41ba4c86
      NULL = class java.lang.ref.ReferenceQueue$Null@2e72e901
      ENQUEUED = class java.lang.ref.ReferenceQueue$Null@9c0ffa6
      lock = class java.lang.ref.ReferenceQueue$Lock@6d6b400f
      head = null
      queueLength = 0
      $assertionsDisabled = true
    parent = null
    locale = class java.util.Locale@17df8952
      LOCALECACHE = class java.util.Locale$Cache@68ae1214
      ENGLISH = class java.util.Locale@140e3f3
      FRENCH = class java.util.Locale@3b2489d3
      GERMAN = class java.util.Locale@5e067884
      ITALIAN = class java.util.Locale@46a0ffe2
      JAPANESE = class java.util.Locale@40f9c3be
      KOREAN = class java.util.Locale@5f0ca063
      CHINESE = class java.util.Locale@32a3315e
      SIMPLIFIED_CHINESE = class java.util.Locale@733d8707
      TRADITIONAL_CHINESE = class java.util.Locale@7dd74eed
      FRANCE = class java.util.Locale@47e2e68c
      GERMANY = class java.util.Locale@6ce016ef
      ITALY = class java.util.Locale@73fab1cb
      JAPAN = class java.util.Locale@341d297f
      KOREA = class java.util.Locale@641b6ff6
      CHINA = class java.util.Locale@733d8707
      PRC = class java.util.Locale@733d8707
      TAIWAN = class java.util.Locale@7dd74eed
      UK = class java.util.Locale@8a05af4
      US = class java.util.Locale@2ef2d6c2
      CANADA = class java.util.Locale@73f944b2
      CANADA_FRENCH = class java.util.Locale@4c22e1e4
      ROOT = class java.util.Locale@17df8952
      PRIVATE_USE_EXTENSION = x
      UNICODE_LOCALE_EXTENSION = u
      serialVersionUID = 9149081749638150636
      DISPLAY_LANGUAGE = 0
      DISPLAY_COUNTRY = 1
      DISPLAY_VARIANT = 2
      DISPLAY_SCRIPT = 3
      baseLocale = class sun.util.locale.BaseLocale@46df656e
      localeExtensions = null
      hashCodeValue = 0
      defaultLocale = class java.util.Locale@719a1766
      defaultDisplayLocale = null
      defaultFormatLocale = class java.util.Locale@7ea3ffb1
      languageTag = null
      serialPersistentFields = class java.io.ObjectStreamField[6]
      isoLanguages = null
      isoCountries = null
      $assertionsDisabled = true
    name = "javax.servlet.LocalStrings"
    expired = false
    cacheKey = class java.util.ResourceBundle$CacheKey@4a11ba9b
      name = "javax.servlet.LocalStrings"
      locale = class java.util.Locale@17df8952
      loaderRef = class java.util.ResourceBundle$LoaderReference@23da184a
      format = "java.properties"
      loadTime = 0
      expirationTime = -2
      cause = null
      hashCodeCache = -1501395921
    keySet = null
    providers = null
    $assertionsDisabled = true
  config = null

