------Start of DE processing------ = [11/26/17 20:54:55:236 CST]
Exception = java.lang.NoClassDefFoundError
Source = com.ibm.ws.webcontainer.servlet.ServletWrapper.init
probeid = 181
Stack Dump = java.lang.NoClassDefFoundError: org/jvnet/mimepull/MIMEParsingException
	at java.lang.Class.getDeclaredMethods0(Native Method)
	at java.lang.Class.privateGetDeclaredMethods(Class.java:2701)
	at java.lang.Class.getDeclaredMethods(Class.java:1975)
	at org.glassfish.jersey.server.model.IntrospectionModeller$2.run(IntrospectionModeller.java:255)
	at java.security.AccessController.doPrivileged(Native Method)
	at org.glassfish.jersey.server.model.IntrospectionModeller.getAllDeclaredMethods(IntrospectionModeller.java:249)
	at org.glassfish.jersey.server.model.IntrospectionModeller.checkForNonPublicMethodIssues(IntrospectionModeller.java:174)
	at org.glassfish.jersey.server.model.IntrospectionModeller.doCreateResourceBuilder(IntrospectionModeller.java:121)
	at org.glassfish.jersey.server.model.IntrospectionModeller.access$000(IntrospectionModeller.java:82)
	at org.glassfish.jersey.server.model.IntrospectionModeller$1.call(IntrospectionModeller.java:114)
	at org.glassfish.jersey.server.model.IntrospectionModeller$1.call(IntrospectionModeller.java:111)
	at org.glassfish.jersey.internal.Errors.process(Errors.java:316)
	at org.glassfish.jersey.internal.Errors.process(Errors.java:298)
	at org.glassfish.jersey.internal.Errors.processWithException(Errors.java:256)
	at org.glassfish.jersey.server.model.IntrospectionModeller.createResourceBuilder(IntrospectionModeller.java:111)
	at org.glassfish.jersey.server.model.Resource.from(Resource.java:800)
	at org.glassfish.jersey.server.ResourceBagConfigurator.init(ResourceBagConfigurator.java:79)
	at org.glassfish.jersey.server.ApplicationHandler.initialize(ApplicationHandler.java:354)
	at org.glassfish.jersey.server.ApplicationHandler.lambda$initialize$1(ApplicationHandler.java:316)
	at org.glassfish.jersey.internal.Errors.process(Errors.java:316)
	at org.glassfish.jersey.internal.Errors.process(Errors.java:298)
	at org.glassfish.jersey.internal.Errors.processWithException(Errors.java:256)
	at org.glassfish.jersey.server.ApplicationHandler.initialize(ApplicationHandler.java:315)
	at org.glassfish.jersey.server.ApplicationHandler.<init>(ApplicationHandler.java:282)
	at org.glassfish.jersey.servlet.WebComponent.<init>(WebComponent.java:335)
	at org.glassfish.jersey.servlet.ServletContainer.init(ServletContainer.java:178)
	at org.glassfish.jersey.servlet.ServletContainer.init(ServletContainer.java:370)
	at javax.servlet.GenericServlet.init(GenericServlet.java:244)
	at com.ibm.ws.webcontainer.servlet.ServletWrapper.init(ServletWrapper.java:297)
	at com.ibm.ws.webcontainer.servlet.ServletWrapper.handleRequest(ServletWrapper.java:598)
	at com.ibm.ws.webcontainer.servlet.ServletWrapper.handleRequest(ServletWrapper.java:440)
	at com.ibm.ws.webcontainer.filter.WebAppFilterManager.invokeFilters(WebAppFilterManager.java:1138)
	at com.ibm.ws.webcontainer.webapp.WebApp.handleRequest(WebApp.java:4938)
	at com.ibm.ws.webcontainer.osgi.DynamicVirtualHost$2.handleRequest(DynamicVirtualHost.java:316)
	at com.ibm.ws.webcontainer.WebContainer.handleRequest(WebContainer.java:990)
	at com.ibm.ws.webcontainer.osgi.DynamicVirtualHost$2.run(DynamicVirtualHost.java:281)
	at com.ibm.ws.http.dispatcher.internal.channel.HttpDispatcherLink$TaskWrapper.run(HttpDispatcherLink.java:960)
	at com.ibm.ws.http.dispatcher.internal.channel.HttpDispatcherLink.wrapHandlerAndExecute(HttpDispatcherLink.java:362)
	at com.ibm.ws.http.dispatcher.internal.channel.HttpDispatcherLink.ready(HttpDispatcherLink.java:321)
	at com.ibm.ws.http.channel.internal.inbound.HttpInboundLink.handleDiscrimination(HttpInboundLink.java:499)
	at com.ibm.ws.http.channel.internal.inbound.HttpInboundLink.handleNewRequest(HttpInboundLink.java:433)
	at com.ibm.ws.http.channel.internal.inbound.HttpInboundLink.processRequest(HttpInboundLink.java:313)
	at com.ibm.ws.http.channel.internal.inbound.HttpInboundLink.ready(HttpInboundLink.java:284)
	at com.ibm.ws.tcpchannel.internal.NewConnectionInitialReadCallback.sendToDiscriminators(NewConnectionInitialReadCallback.java:165)
	at com.ibm.ws.tcpchannel.internal.NewConnectionInitialReadCallback.complete(NewConnectionInitialReadCallback.java:74)
	at com.ibm.ws.tcpchannel.internal.WorkQueueManager.requestComplete(WorkQueueManager.java:503)
	at com.ibm.ws.tcpchannel.internal.WorkQueueManager.attemptIO(WorkQueueManager.java:573)
	at com.ibm.ws.tcpchannel.internal.WorkQueueManager.workerRun(WorkQueueManager.java:928)
	at com.ibm.ws.tcpchannel.internal.WorkQueueManager$Worker.run(WorkQueueManager.java:1017)
	at java.util.concurrent.ThreadPoolExecutor.runWorker(ThreadPoolExecutor.java:1149)
	at java.util.concurrent.ThreadPoolExecutor$Worker.run(ThreadPoolExecutor.java:624)
	at java.lang.Thread.run(Thread.java:748)
Caused by: java.lang.ClassNotFoundException: org.jvnet.mimepull.MIMEParsingException
	at com.ibm.ws.classloading.internal.AppClassLoader.findClassCommonLibraryClassLoaders(AppClassLoader.java:504)
	at com.ibm.ws.classloading.internal.AppClassLoader.findClass(AppClassLoader.java:276)
	at java.lang.ClassLoader.loadClass(ClassLoader.java:424)
	at com.ibm.ws.classloading.internal.AppClassLoader.findOrDelegateLoadClass(AppClassLoader.java:482)
	at com.ibm.ws.classloading.internal.AppClassLoader.loadClass(AppClassLoader.java:443)
	at java.lang.ClassLoader.loadClass(ClassLoader.java:357)
	... 52 more

Dump of callerThis
Object type = com.ibm.ws.webcontainer.osgi.servlet.ServletWrapper
  serialVersionUID = 1
  _mo = class com.ibm.ws.cdi.impl.managedobject.CDIManagedObject@6b5a0d13
    tc = class com.ibm.websphere.ras.TraceComponent@6da23d9c
      strings[0] = "TraceComponent[com.ibm.ws.cdi.impl.managedobject.CDIManagedObject,class com.ibm.ws.cdi.impl.managedobject.CDIManagedObject,[JCDI],com.ibm.ws.cdi.impl.resources.CDI,null]"
    managedObject = class org.glassfish.jersey.servlet.ServletContainer@163a73d1
    creationalContext = class org.jboss.weld.context.CreationalContextImpl@463e1bdb
      serialVersionUID = 7375854583908262422
      SERIALIZATION_PROXY = class org.jboss.weld.context.CreationalContextImpl$SerializationProxy@3e50f0c4
      incompleteInstances = null
      contextual = null
      dependentInstances = class java.util.Collections$SynchronizedRandomAccessList@26544146
      parentDependentInstances = class java.util.Collections$SynchronizedRandomAccessList@40ae4c8d
      parentCreationalContext = null
      resourceReferences = null
      constructorInterceptionSuppressed = false
      aroundConstructCallbacks = null
      aroundConstructInterceptionContext = null
    injectionTarget = class org.jboss.weld.injection.producer.BeanInjectionTarget@29811772
      bean = null
      beanManager = class org.jboss.weld.manager.BeanManagerImpl@6bb9b887
      type = class org.jboss.weld.annotated.slim.backed.BackedAnnotatedType@45c0fa86
      injectionPoints = class java.util.Collections$UnmodifiableSet@663d2205
      instantiator = class org.jboss.weld.injection.producer.DefaultInstantiator@e246b81
      injector = class org.jboss.weld.injection.producer.ResourceInjector@28ff8742
      invoker = class org.jboss.weld.injection.producer.DefaultLifecycleCallbackInvoker@6aa95c11
    lifecycleManaged = true
    beanScope = null
    identity = "org.glassfish.jersey.servlet.ServletContainer@163a73d1"
    serialVersionUID = -9126917678523682896
  serialVersionUID = -4479626085298397598
  notifyInvocationListeners = false
  UNINITIALIZED_STATE = -1
  AVAILABLE_STATE = 0
  UNAVAILABLE_STATE = 1
  UNAVAILABLE_PERMANENTLY_STATE = 2
  collabHelper = class com.ibm.ws.webcontainer.osgi.collaborator.CollaboratorHelperImpl@5b4e87ad
    webAppInvCollabs = class java.util.Collections$UnmodifiableSet@28a7cd09
      serialVersionUID = -9215047833775013803
      serialVersionUID = 1820017752578914078
      c = class java.util.concurrent.CopyOnWriteArraySet@5bec9518
    securityDomainForApp = null
    logger = class com.ibm.ws.logging.internal.WsLogger@66db3cce
      tc = class com.ibm.websphere.ras.TraceComponent@3c4f2e2b
      ivCachedResourceBundleName = null
      ivCachedResourceBundle = null
      ivComponent = null
      ivOrganization = null
      ivProduct = null
      ivMinimumLocalizationLevelIntValue = 625
      ivTC = class com.ibm.websphere.ras.TraceComponent@52fec7cb
      loggerRegistrationComponent = class java.lang.ThreadLocal@736159b4
      emptyHandlers = class java.util.logging.Handler[0]
      offValue = 2147483647
      SYSTEM_LOGGER_RB_NAME = "sun.util.logging.resources.logging"
      SYSTEM_BUNDLE = class java.util.logging.Logger$LoggerBundle@39cefede
      NO_RESOURCE_BUNDLE = class java.util.logging.Logger$LoggerBundle@4d5e64ed
      manager = class com.ibm.ws.kernel.boot.logging.WsLogManager@52aa2fa3
      name = "com.ibm.ws.webcontainer.collaborator"
      handlers = class java.util.concurrent.CopyOnWriteArrayList@5f1aa038
      loggerBundle = class java.util.logging.Logger$LoggerBundle@7a48b73e
      useParentHandlers = true
      filter = null
      anonymous = false
      catalog = class com.ibm.ws.webcontainer.resources.Messages_es@4c670a8f
      catalogName = "com.ibm.ws.webcontainer.resources.Messages"
      catalogLocale = class java.util.Locale@581ad1b9
      treeLock = class java.lang.Object@83018b9
      parent = class com.ibm.ws.logging.internal.WsLogger@278e6bd8
      kids = null
      levelObject = class java.util.logging.Level@d386967
      levelValue = 800
      callersClassLoaderRef = class java.lang.ref.WeakReference@d722482
      isSystemLogger = false
      GLOBAL_LOGGER_NAME = "global"
      global = class java.util.logging.Logger@11e590a8
      $assertionsDisabled = true
    staticDefaultSecurityCollaborator = class com.ibm.ws.webcontainer.collaborator.WebAppSecurityCollaborator@5d601a3b
    logger = class com.ibm.ws.logging.internal.WsLogger@4d056468
      tc = class com.ibm.websphere.ras.TraceComponent@3c4f2e2b
      ivCachedResourceBundleName = null
      ivCachedResourceBundle = null
      ivComponent = null
      ivOrganization = null
      ivProduct = null
      ivMinimumLocalizationLevelIntValue = 625
      ivTC = class com.ibm.websphere.ras.TraceComponent@57c3670a
      loggerRegistrationComponent = class java.lang.ThreadLocal@736159b4
      emptyHandlers = class java.util.logging.Handler[0]
      offValue = 2147483647
      SYSTEM_LOGGER_RB_NAME = "sun.util.logging.resources.logging"
      SYSTEM_BUNDLE = class java.util.logging.Logger$LoggerBundle@39cefede
      NO_RESOURCE_BUNDLE = class java.util.logging.Logger$LoggerBundle@4d5e64ed
      manager = class com.ibm.ws.kernel.boot.logging.WsLogManager@52aa2fa3
      name = "com.ibm.wsspi.webcontainer.collaborator"
      handlers = class java.util.concurrent.CopyOnWriteArrayList@cbd7c74
      loggerBundle = class java.util.logging.Logger$LoggerBundle@258ee8d9
      useParentHandlers = true
      filter = null
      anonymous = false
      catalog = class com.ibm.ws.webcontainer.resources.Messages_es@4c670a8f
      catalogName = "com.ibm.ws.webcontainer.resources.Messages"
      catalogLocale = class java.util.Locale@581ad1b9
      treeLock = class java.lang.Object@83018b9
      parent = class com.ibm.ws.logging.internal.WsLogger@65838e7a
      kids = null
      levelObject = class java.util.logging.Level@d386967
      levelValue = 800
      callersClassLoaderRef = class java.lang.ref.WeakReference@75be85dd
      isSystemLogger = false
      GLOBAL_LOGGER_NAME = "global"
      global = class java.util.logging.Logger@11e590a8
      $assertionsDisabled = true
    CLASS_NAME = "com.ibm.wsspi.webcontainer.collaborator.CollaboratorHelper"
    webApp = class com.ibm.ws.webcontainer31.osgi.webapp.WebApp31@24968746
    securityCollaborator = class com.ibm.ws.webcontainer.security.WebAppSecurityCollaboratorImpl@72071c4a
      tc = class com.ibm.websphere.ras.TraceComponent@47586fef
      KEY_ID = "id"
      KEY_SERVICE_ID = "service.id"
      KEY_COMPONENT_NAME = "component.name"
      KEY_SECURITY_SERVICE = "securityService"
      KEY_TAI_SERVICE = "taiService"
      KEY_INTERCEPTOR_SERVICE = "interceptorService"
      KEY_JACC_SERVICE = "jaccService"
      JASPI_SERVICE_COMPONENT_NAME = "com.ibm.ws.security.jaspi"
      KEY_WEB_AUTHENTICATOR = "webAuthenticator"
      KEY_UNPROTECTED_RESOURCE_SERVICE = "unprotectedResourceService"
      DELEGATION_USERS_LIST = "DELEGATION_USERS_LIST"
      webAuthenticatorRef = class com.ibm.wsspi.kernel.service.utils.ConcurrentServiceReferenceMap@73d777e7
      unprotectedResourceServiceRef = class com.ibm.wsspi.kernel.service.utils.ConcurrentServiceReferenceMap@45b2967c
      taiServiceRef = class com.ibm.wsspi.kernel.service.utils.AtomicServiceReference@2f648a25
      interceptorServiceRef = class com.ibm.wsspi.kernel.service.utils.ConcurrentServiceReferenceMap@64c825f
      securityServiceRef = class com.ibm.wsspi.kernel.service.utils.AtomicServiceReference@4e6cb53e
      jaccServiceRef = class com.ibm.wsspi.kernel.service.utils.AtomicServiceReference@1f3cdbf9
      KEY_LOCATION_ADMIN = "locationAdmin"
      locationAdminRef = class com.ibm.wsspi.kernel.service.utils.AtomicServiceReference@14825f99
      PERMIT_REPLY = class com.ibm.ws.webcontainer.security.internal.PermitReply@763e792c
      DENY_AUTHZ_FAILED = class com.ibm.ws.webcontainer.security.internal.DenyReply@5d50e790
      AUTH_TYPE = "AUTH_TYPE"
      ALL_AUTHENTICATED_ROLE = "**"
      STARSTAR_ROLE = "_starstar_"
      globalConfig = class com.ibm.ws.webcontainer.security.internal.extended.WebAppSecurityConfigImplExtended@24ca1cd0
      currentProps = class java.util.HashMap@22b2f147
      authenticatorFactory = class com.ibm.ws.webcontainer.security.internal.extended.WebAuthenticatorFactoryImplExtended@27401b24
      webAppSecConfig = class com.ibm.ws.webcontainer.security.internal.extended.WebAppSecurityConfigImplExtended@24ca1cd0
      authenticateApi = class com.ibm.ws.webcontainer.security.extended.AuthenticateApiExtended@7df6143b
      postParameterHelper = class com.ibm.ws.webcontainer.security.PostParameterHelper@9aebbc9
      collabUtils = class com.ibm.ws.security.collaborator.CollaboratorUtils@3c235b72
      subjectHelper = class com.ibm.ws.security.authentication.utility.SubjectHelper@1b9dfee9
      subjectManager = class com.ibm.ws.security.context.SubjectManager@5687666d
      httpsRedirectHandler = class com.ibm.ws.webcontainer.security.internal.HTTPSRedirectHandler@2a0bef87
      auditManager = class com.ibm.websphere.security.audit.context.AuditManager@cd5c97f
      extraAuditData = class java.util.HashMap@784b04ba
      authenticatorProxy = class com.ibm.ws.webcontainer.security.extended.WebAuthenticatorProxyExtended@1592b1d0
      providerAuthenticatorProxy = class com.ibm.ws.webcontainer.security.extended.WebProviderAuthenticatorProxyExtended@60101332
      unauthenticatedSubjectService = class com.ibm.ws.security.authentication.internal.UnauthenticatedSubjectServiceImpl@42aca07e
      wasch = class com.ibm.ws.webcontainer.security.WebAppSecurityCollaboratorImpl@72071c4a
      isJaspiEnabled = false
      savedSubject = null
      byPassedAuthRequest = true
      isActive = true
      threadLocal = class java.lang.ThreadLocal@62e20245
      serialVersionUID = -4833686237530004079
    nameSpaceCollaborator = class com.ibm.ws.webcontainer.osgi.collaborator.WebAppNameSpaceCollaboratorImpl@4d196b77
    transactionCollaborator = class com.ibm.ws.transaction.services.WebAppTransactionCollaboratorImpl@27fca46d
    connectionCollaborator = class com.ibm.ws.webcontainer.collaborator.ConnectionCollaborator@2bb29400
    allCollabEnum = class java.util.RegularEnumSet@2f6b61f3
      serialVersionUID = 3411599620347842686
      elements = 511
      elementType = class java.lang.Class@35cd7ff8
      universe = class com.ibm.wsspi.webcontainer.collaborator.CollaboratorInvocationEnum[9]
      ZERO_LENGTH_ENUM_ARRAY = class java.lang.Enum[0]
      MAX_ARRAY_SIZE = 2147483639
    servlet_23_or_greater = true
    DEFER_SERVLET_REQUEST_LISTENER_DESTROY_ON_ERROR = false
  nServicing = class java.util.concurrent.atomic.AtomicInteger@68d65352
    serialVersionUID = 6214790243416807050
    unsafe = class sun.misc.Unsafe@4b59d8a8
      theUnsafe = class sun.misc.Unsafe@4b59d8a8
      INVALID_FIELD_OFFSET = -1
      ARRAY_BOOLEAN_BASE_OFFSET = 16
      ARRAY_BYTE_BASE_OFFSET = 16
      ARRAY_SHORT_BASE_OFFSET = 16
      ARRAY_CHAR_BASE_OFFSET = 16
      ARRAY_INT_BASE_OFFSET = 16
      ARRAY_LONG_BASE_OFFSET = 16
      ARRAY_FLOAT_BASE_OFFSET = 16
      ARRAY_DOUBLE_BASE_OFFSET = 16
      ARRAY_OBJECT_BASE_OFFSET = 16
      ARRAY_BOOLEAN_INDEX_SCALE = 1
      ARRAY_BYTE_INDEX_SCALE = 1
      ARRAY_SHORT_INDEX_SCALE = 2
      ARRAY_CHAR_INDEX_SCALE = 2
      ARRAY_INT_INDEX_SCALE = 4
      ARRAY_LONG_INDEX_SCALE = 8
      ARRAY_FLOAT_INDEX_SCALE = 4
      ARRAY_DOUBLE_INDEX_SCALE = 8
      ARRAY_OBJECT_INDEX_SCALE = 4
      ADDRESS_SIZE = 8
    valueOffset = 12
    value = 0
    serialVersionUID = -8742448824652078965
  lastAccessTime = 1511751290246
  state = -1
  logger = class com.ibm.ws.logging.internal.WsLogger@44f54551
    tc = class com.ibm.websphere.ras.TraceComponent@3c4f2e2b
      strings[0] = "TraceComponent[com.ibm.ws.logging.internal.WsLogger,class com.ibm.ws.logging.internal.WsLogger,[logging],com.ibm.ws.logging.internal.resources.LoggingMessages,null]"
    ivCachedResourceBundleName = null
    ivCachedResourceBundle = null
    ivComponent = null
    ivOrganization = null
    ivProduct = null
    ivMinimumLocalizationLevelIntValue = 625
    ivTC = class com.ibm.websphere.ras.TraceComponent@61dc9cf4
      strings[0] = "TraceComponent[com.ibm.ws.webcontainer.servlet,class com.ibm.wsspi.webcontainer.logging.LoggerFactory$1,[com.ibm.ws.webcontainer.servlet],null,null]"
    loggerRegistrationComponent = class java.lang.ThreadLocal@736159b4
      threadLocalHashCode = 661548054
      nextHashCode = class java.util.concurrent.atomic.AtomicInteger@5bb9c33d
      HASH_INCREMENT = 1640531527
    emptyHandlers = class java.util.logging.Handler[0]
    offValue = 2147483647
    SYSTEM_LOGGER_RB_NAME = "sun.util.logging.resources.logging"
    SYSTEM_BUNDLE = class java.util.logging.Logger$LoggerBundle@39cefede
      resourceBundleName = "sun.util.logging.resources.logging"
      userBundle = null
    NO_RESOURCE_BUNDLE = class java.util.logging.Logger$LoggerBundle@4d5e64ed
      resourceBundleName = null
      userBundle = null
    manager = class com.ibm.ws.kernel.boot.logging.WsLogManager@52aa2fa3
      CLASS_NAME = "com.ibm.ws.kernel.boot.logging.WsLogManager"
      CONFIGURE_BY_SERVER_PROPERTY_NAME = "java.util.logging.configureByServer"
      CONFIGURE_BY_LOGGING_PROPERTIES_FILE = "java.util.logging.configureByLoggingPropertiesFile"
      configureByServer = true
      configureByLoggingProperties = false
      wsLogger = class java.lang.reflect.Constructor@1de19f32
      resetEnabled = true
      manager = class com.ibm.ws.kernel.boot.logging.WsLogManager@52aa2fa3
      props = class java.util.Properties@7cc848f8
      defaultLevel = class java.util.logging.Level@d386967
      listenerMap = class java.util.HashMap@86e3bde
      systemContext = class java.util.logging.LogManager$SystemLoggerContext@19673dee
      userContext = class java.util.logging.LogManager$LoggerContext@58723982
      rootLogger = class java.util.logging.LogManager$RootLogger@66c325fc
      readPrimordialConfiguration = true
      initializedGlobalHandlers = true
      deathImminent = false
      initializedCalled = true
      initializationDone = true
      contextsMap = null
      loggerRefQueue = class java.lang.ref.ReferenceQueue@1f8a4231
      MAX_ITERATIONS = 400
      controlPermission = class java.util.logging.LoggingPermission@3fa28463
      loggingMXBean = null
      LOGGING_MXBEAN_NAME = "java.util.logging:type=Logging"
      $assertionsDisabled = true
    name = "com.ibm.ws.webcontainer.servlet"
    handlers = class java.util.concurrent.CopyOnWriteArrayList@2b7f60bb
      serialVersionUID = 8673264195747942595
      lock = class java.util.concurrent.locks.ReentrantLock@74ad32bc
      array = class java.lang.Object[0]
      UNSAFE = class sun.misc.Unsafe@4b59d8a8
      lockOffset = 12
    loggerBundle = class java.util.logging.Logger$LoggerBundle@65094304
      resourceBundleName = "com.ibm.ws.webcontainer.resources.Messages"
      userBundle = null
    useParentHandlers = true
    filter = null
    anonymous = false
    catalog = class com.ibm.ws.webcontainer.resources.Messages_es@5b4e2a44
      resources = class [Ljava.lang.Object;[332]
      lookup = class java.util.HashMap@720a9a11
      INITIAL_CACHE_SIZE = 32
      NONEXISTENT_BUNDLE = class java.util.ResourceBundle$1@71421915
      cacheList = class java.util.concurrent.ConcurrentHashMap@595a7feb
      referenceQueue = class java.lang.ref.ReferenceQueue@7f122e6c
      parent = class com.ibm.ws.webcontainer.resources.Messages@4476d505
      locale = class java.util.Locale@4efb645d
      name = "com.ibm.ws.webcontainer.resources.Messages"
      expired = false
      cacheKey = class java.util.ResourceBundle$CacheKey@7b53dc77
      keySet = null
      providers = null
      $assertionsDisabled = true
    catalogName = "com.ibm.ws.webcontainer.resources.Messages"
    catalogLocale = class java.util.Locale@581ad1b9
      LOCALECACHE = class java.util.Locale$Cache@21b09e4
      ENGLISH = class java.util.Locale@40bb7622
      FRENCH = class java.util.Locale@6e4dd10b
      GERMAN = class java.util.Locale@3fdc15b
      ITALIAN = class java.util.Locale@59f3ace9
      JAPANESE = class java.util.Locale@4262db93
      KOREAN = class java.util.Locale@42a79f5d
      CHINESE = class java.util.Locale@2f3d794b
      SIMPLIFIED_CHINESE = class java.util.Locale@6bed0ca1
      TRADITIONAL_CHINESE = class java.util.Locale@3f07fc0c
      FRANCE = class java.util.Locale@4124d1c6
      GERMANY = class java.util.Locale@5170f88
      ITALY = class java.util.Locale@69c938f
      JAPAN = class java.util.Locale@67bf8cc
      KOREA = class java.util.Locale@61b6a324
      CHINA = class java.util.Locale@6bed0ca1
      PRC = class java.util.Locale@6bed0ca1
      TAIWAN = class java.util.Locale@3f07fc0c
      UK = class java.util.Locale@5ce09bd5
      US = class java.util.Locale@3e826b2d
      CANADA = class java.util.Locale@676659a9
      CANADA_FRENCH = class java.util.Locale@339d69e2
      ROOT = class java.util.Locale@437594aa
      PRIVATE_USE_EXTENSION = x
      UNICODE_LOCALE_EXTENSION = u
      serialVersionUID = 9149081749638150636
      DISPLAY_LANGUAGE = 0
      DISPLAY_COUNTRY = 1
      DISPLAY_VARIANT = 2
      DISPLAY_SCRIPT = 3
      baseLocale = class sun.util.locale.BaseLocale@6b7b7277
      localeExtensions = null
      hashCodeValue = 96770468
      defaultLocale = class java.util.Locale@581ad1b9
      defaultDisplayLocale = null
      defaultFormatLocale = class java.util.Locale@460da736
      languageTag = "es-ES"
      serialPersistentFields = class java.io.ObjectStreamField[6]
      isoLanguages = null
      isoCountries = null
      $assertionsDisabled = true
    treeLock = class java.lang.Object@83018b9
    parent = class com.ibm.ws.logging.internal.WsLogger@278e6bd8
      tc = class com.ibm.websphere.ras.TraceComponent@3c4f2e2b
      ivCachedResourceBundleName = "com.ibm.ws.webcontainer.resources.Messages"
      ivCachedResourceBundle = class com.ibm.ws.webcontainer.resources.Messages_es@5b4e2a44
      ivComponent = null
      ivOrganization = null
      ivProduct = null
      ivMinimumLocalizationLevelIntValue = 625
      ivTC = class com.ibm.websphere.ras.TraceComponent@6612650f
      loggerRegistrationComponent = class java.lang.ThreadLocal@736159b4
      emptyHandlers = class java.util.logging.Handler[0]
      offValue = 2147483647
      SYSTEM_LOGGER_RB_NAME = "sun.util.logging.resources.logging"
      SYSTEM_BUNDLE = class java.util.logging.Logger$LoggerBundle@39cefede
      NO_RESOURCE_BUNDLE = class java.util.logging.Logger$LoggerBundle@4d5e64ed
      manager = class com.ibm.ws.kernel.boot.logging.WsLogManager@52aa2fa3
      name = "com.ibm.ws.webcontainer"
      handlers = class java.util.concurrent.CopyOnWriteArrayList@6592fa9d
      loggerBundle = class java.util.logging.Logger$LoggerBundle@25e013f3
      useParentHandlers = true
      filter = null
      anonymous = false
      catalog = class com.ibm.ws.webcontainer.resources.Messages_es@5b4e2a44
      catalogName = "com.ibm.ws.webcontainer.resources.Messages"
      catalogLocale = class java.util.Locale@581ad1b9
      treeLock = class java.lang.Object@83018b9
      parent = class java.util.logging.Logger@2973506
      kids = class java.util.ArrayList@2b7ee2ed
      levelObject = class java.util.logging.Level@d386967
      levelValue = 800
      callersClassLoaderRef = class java.lang.ref.WeakReference@324c5349
      isSystemLogger = false
      GLOBAL_LOGGER_NAME = "global"
      global = class java.util.logging.Logger@11e590a8
      $assertionsDisabled = true
    kids = null
    levelObject = class java.util.logging.Level@d386967
      defaultBundle = "sun.util.logging.resources.logging"
      name = "INFO"
      value = 800
      resourceBundleName = "sun.util.logging.resources.logging"
      localizedLevelName = "INFORMACIÓN"
      cachedLocale = class java.util.Locale@581ad1b9
      OFF = class java.util.logging.Level@615dbc4e
      SEVERE = class java.util.logging.Level@419fbbe8
      WARNING = class java.util.logging.Level@3f091be0
      INFO = class java.util.logging.Level@d386967
      CONFIG = class java.util.logging.Level@39b55733
      FINE = class java.util.logging.Level@35063387
      FINER = class java.util.logging.Level@97a9e34
      FINEST = class java.util.logging.Level@7edb42e0
      ALL = class java.util.logging.Level@6dc49ec7
      serialVersionUID = -8176160795706313070
    levelValue = 800
    callersClassLoaderRef = class java.lang.ref.WeakReference@321e660
      referent = class org.eclipse.osgi.internal.loader.EquinoxClassLoader@682fdafd
      queue = class java.lang.ref.ReferenceQueue$Null@419c6e2a
      next = null
      discovered = null
      lock = class java.lang.ref.Reference$Lock@6c6ea597
      pending = null
    isSystemLogger = false
    GLOBAL_LOGGER_NAME = "global"
    global = class java.util.logging.Logger@11e590a8
      emptyHandlers = class java.util.logging.Handler[0]
      offValue = 2147483647
      SYSTEM_LOGGER_RB_NAME = "sun.util.logging.resources.logging"
      SYSTEM_BUNDLE = class java.util.logging.Logger$LoggerBundle@39cefede
      NO_RESOURCE_BUNDLE = class java.util.logging.Logger$LoggerBundle@4d5e64ed
      manager = class com.ibm.ws.kernel.boot.logging.WsLogManager@52aa2fa3
      name = "global"
      handlers = class java.util.concurrent.CopyOnWriteArrayList@627e33f8
      loggerBundle = class java.util.logging.Logger$LoggerBundle@4d5e64ed
      useParentHandlers = true
      filter = null
      anonymous = false
      catalog = null
      catalogName = null
      catalogLocale = null
      treeLock = class java.lang.Object@83018b9
      parent = class java.util.logging.Logger@2973506
      kids = null
      levelObject = null
      levelValue = 800
      callersClassLoaderRef = null
      isSystemLogger = true
      GLOBAL_LOGGER_NAME = "global"
      global = class java.util.logging.Logger@11e590a8
      $assertionsDisabled = true
    $assertionsDisabled = true
  CLASS_NAME = "com.ibm.ws.webcontainer.servlet.ServletWrapper"
  nls = class com.ibm.ejs.ras.TraceNLS@1d8a4fd8
    resolver = class com.ibm.ws.logging.internal.TraceNLSResolver@48c16448
      tc = class com.ibm.websphere.ras.TraceComponent@cac736f
      DEBUG_TRACE_NLS_PROPERTY = "com.ibm.ejs.ras.debugTraceNLSResolver"
      debugTraceNLSResolver = false
      makeNoise = false
      nullKey = "null"
      svNullBundleName = "Resource Bundle name is null, key = {0}"
      svBundleNotLoaded = "Unable to load ResourceBundle {0}"
      svNullKeyMessage = "Null key passed while using ResourceBundle {0}"
      svMalformedMessage = "No message text associated with key {0} in bundle {1}"
    finder = null
    ivBundleName = "com.ibm.ws.webcontainer.resources.Messages"
    caller = class java.lang.Class@60472c23
      ANNOTATION = 8192
      ENUM = 16384
      SYNTHETIC = 4096
      cachedConstructor = null
      newInstanceCallerCache = null
      name = null
      allPermDomain = class java.security.ProtectionDomain@115bdb80
      useCaches = true
      reflectionData = class java.lang.ref.SoftReference@340caac2
      classRedefinedCount = 0
      genericInfo = null
      serialVersionUID = 3206093459760846163
      serialPersistentFields = class java.io.ObjectStreamField[0]
      reflectionFactory = class sun.reflect.ReflectionFactory@55cc8130
      initted = true
      enumConstants = null
      enumConstantDirectory = null
      annotationData = class java.lang.Class$AnnotationData@10e422e1
      annotationType = null
      classValueMap = null
  servletConfig = class com.ibm.ws.webcontainer.servlet.ServletConfig@32d6c02b
    logger = class com.ibm.ws.logging.internal.WsLogger@44f54551
    CLASS_NAME = "com.ibm.ws.webcontainer.servlet.ServletConfig"
    nls = class com.ibm.ejs.ras.TraceNLS@ea1c2c0
      resolver = class com.ibm.ws.logging.internal.TraceNLSResolver@48c16448
      finder = null
      ivBundleName = "com.ibm.ws.webcontainer.resources.Messages"
      caller = class java.lang.Class@4d010c0c
    liberty_nls = class com.ibm.ejs.ras.TraceNLS@2e3904d
      resolver = class com.ibm.ws.logging.internal.TraceNLSResolver@48c16448
      finder = null
      ivBundleName = "com.ibm.ws.webcontainer.resources.LShimMessages"
      caller = class java.lang.Class@4d010c0c
    enabled = true
    servletName = "RESTful Jersey Servlet"
    className = "org.glassfish.jersey.servlet.ServletContainer"
    mappings = class java.util.ArrayList@7f5fa233
      serialVersionUID = 8683452581122892189
      DEFAULT_CAPACITY = 10
      EMPTY_ELEMENTDATA = class java.lang.Object[0]
      DEFAULTCAPACITY_EMPTY_ELEMENTDATA = class java.lang.Object[0]
      elementData = class java.lang.Object[10]
      size = 1
      MAX_ARRAY_SIZE = 2147483639
      modCount = 1
      MAX_ARRAY_SIZE = 2147483639
    startUpWeight = null
    DEFAULT_STARTUP = -1
    isCachingEnabled = true
    isStatisticsEnabled = true
    isInternal = false
    metaData = class com.ibm.ws.webcontainer.osgi.metadata.WebComponentMetaDataImpl@3a7bb0b8
      j2eeName = class com.ibm.ws.container.service.metadata.internal.J2EENameImpl@73d1155c
      webModuleMetaData = class com.ibm.ws.webcontainer.osgi.metadata.WebModuleMetaDataImpl@55a228e1
      mBeanServiceReg = null
      tc = class com.ibm.websphere.ras.TraceComponent@15414cec
      NUM_STATIC_SLOTS = 4
      ID_UNINITIALIZED = -1
      id = 2
      metaDataInterface = class java.lang.Class@562bc1eb
      staticSlots = class java.lang.Object[4]
      dynamicSlots = null
    singleThreadModelServlet = false
    isJsp = false
    webAppConfig = class com.ibm.ws.webcontainer.osgi.webapp.WebAppConfiguration@73bba802
    servletWrapper = class com.ibm.ws.webcontainer.osgi.servlet.ServletWrapper@2ff196a8
    servletClass = null
    servlet = null
    addedToLoadOnStartup = true
    previousWeight = null
    multipartConfig = null
    multipartConfigBaseLocation = null
    runAsRole = null
    servletSecurityElement = null
    declareRolesAnnotation = null
    logger = class com.ibm.ws.logging.internal.WsLogger@44f54551
    CLASS_NAME = "com.ibm.ws.webcontainer.servlet.TargetConfig"
    initParams = class java.util.HashMap@24b35c19
      serialVersionUID = 362498820763181265
      DEFAULT_INITIAL_CAPACITY = 16
      MAXIMUM_CAPACITY = 1073741824
      DEFAULT_LOAD_FACTOR = 0.75
      TREEIFY_THRESHOLD = 8
      UNTREEIFY_THRESHOLD = 6
      MIN_TREEIFY_CAPACITY = 64
      table = class java.util.HashMap$Node[16]
      entrySet = null
      size = 2
      modCount = 2
      threshold = 12
      loadFactor = 0.75
      keySet = class java.util.HashMap$KeySet@7ba18778
      values = null
    fileName = null
    displayName = "org.tec.datos1.messenger.webapi"
    name = "RESTful Jersey Servlet"
    description = "RESTful Jersey"
    smallIcon = null
    largeIcon = null
    context = class com.ibm.ws.webcontainer31.facade.ServletContextFacade31@6658c3f8
    className = null
    asyncSupported = false
    _id = "ServletGeneratedId1"
    _attributes = null
    serialVersionUID = 7511545662945734886
    $$$tc$$$ = class com.ibm.websphere.ras.TraceComponent@4c94d281
      strings[0] = "TraceComponent[com.ibm.ws.container.BaseConfiguration,class com.ibm.ws.container.BaseConfiguration,[],null,null]"
  context = class com.ibm.ws.webcontainer31.osgi.webapp.WebApp31@24968746
    tc = class com.ibm.websphere.ras.TraceComponent@5b13932f
      strings[0] = "TraceComponent[com.ibm.ws.webcontainer31.osgi.webapp.WebApp31,class com.ibm.ws.webcontainer31.osgi.webapp.WebApp31,[webcontainer],com.ibm.ws.webcontainer31.resources.Messages,null]"
    CLASS_NAME = "com.ibm.ws.webcontainer31.osgi.webapp.WebApp31"
    servlet31NLS = class com.ibm.ejs.ras.TraceNLS@2ab4b6e3
      resolver = class com.ibm.ws.logging.internal.TraceNLSResolver@48c16448
      finder = null
      ivBundleName = "com.ibm.ws.webcontainer31.resources.Messages"
      caller = class java.lang.Class@5d14fb58
    validListenerClasses = class java.lang.Class[7]
      validListenerClasses[0] = class java.lang.Class@660501f6
      validListenerClasses[1] = class java.lang.Class@6732ed33
      validListenerClasses[2] = class java.lang.Class@162e3370
      validListenerClasses[3] = class java.lang.Class@384ed206
      validListenerClasses[4] = class java.lang.Class@583e1d51
      validListenerClasses[5] = class java.lang.Class@222fb230
      validListenerClasses[6] = class java.lang.Class@6ad20729
    wsocServHandler = class com.ibm.ws.wsoc.external.WsocHandlerImpl@2d22a094
      tc = class com.ibm.websphere.ras.TraceComponent@25fd062d
      noMoreAddsCalled = true
      serialVersionUID = -2067291126638824067
    tc = class com.ibm.websphere.ras.TraceComponent@6fddd4f1
      strings[0] = "TraceComponent[com.ibm.ws.webcontainer.osgi.webapp.WebApp,class com.ibm.ws.webcontainer.osgi.webapp.WebApp,[webcontainer],com.ibm.ws.webcontainer.resources.LShimMessages,null]"
    CLASS_NAME = "com.ibm.ws.webcontainer.osgi.webapp.WebApp"
    metaDataService = class com.ibm.ws.container.service.metadata.internal.MetaDataServiceImpl@65ca064f
      applicationMetaDataManager = class com.ibm.ws.container.service.metadata.internal.ApplicationMetaDataManager@2ab3168b
      moduleMetaDataManager = class com.ibm.ws.container.service.metadata.internal.ModuleMetaDataManager@6269b2a8
      componentMetaDataManager = class com.ibm.ws.container.service.metadata.internal.ComponentMetaDataManager@167a3c77
      methodMetaDataManager = class com.ibm.ws.container.service.metadata.internal.MethodMetaDataManager@79b99f50
      appModuleNameToModuleContainer = class java.util.concurrent.ConcurrentHashMap@4b0cd9a2
      jeeNameToComponentMetaData = class java.util.concurrent.ConcurrentHashMap@645fce99
      deferredMetaDataFactories = class com.ibm.wsspi.kernel.service.utils.ConcurrentServiceReferenceSet@2381dfe1
      deferredMetaDataInitializers = class com.ibm.wsspi.kernel.service.utils.ConcurrentServiceReferenceMap@167787de
      serialVersionUID = -2494605732980966097
      $$$tc$$$ = class com.ibm.websphere.ras.TraceComponent@2ef22f29
    namespacePopulated = false
    referenceContext = class com.ibm.ws.injectionengine.osgi.internal.OSGiReferenceContextImpl@3f4483cc
      scopeData = class com.ibm.ws.injectionengine.osgi.internal.OSGiInjectionScopeData@41d6ec42
      serialVersionUID = 521511923892134915
      $$$tc$$$ = class com.ibm.websphere.ras.TraceComponent@179b18cb
      CLASS_NAME = "com.ibm.ws.injectionengine.ReferenceContextImpl"
      tc = class com.ibm.websphere.ras.TraceComponent@428020aa
      ivInjectionEngine = class com.ibm.ws.injectionengine.osgi.internal.OSGiInjectionEngineImpl@3d4abcad
      ivProviders = class java.util.ArrayList@cf90a84
      ivComponentJavaContext = null
      ivComponentNameSpace = null
      ivJavaColonCompEnvMap = class java.util.LinkedHashMap@269a25b2
      ivEjbContext10 = class java.util.Properties@418d845f
      ivResourceRefConfigList = class com.ibm.ws.resource.internal.ResourceRefConfigListImpl@356f1566
      isAlreadyProcessed = true
      ivProcessFailure = null
      ivInjectionTargetMap = class java.util.concurrent.ConcurrentHashMap@71868465
      svInjTarMapCacheSize = 256
      ivDeclaredInjectionTargets = class java.util.HashMap@6469852
      ivProcessedInjectionClasses = class java.util.HashSet@2bc45bb9
      ivProcessedInjectionBindings = class java.util.ArrayList@66cdaf82
      ivAnyProcessDynamic = false
      ivCheckAppConfig = false
    j2eeNameFactory = class com.ibm.ws.container.service.metadata.internal.J2EENameFactoryImpl@4b2597f2
      serialVersionUID = 3486344295038028821
      $$$tc$$$ = class com.ibm.websphere.ras.TraceComponent@54357345
    moduleLoader = class com.ibm.ws.classloading.internal.AppClassLoader@7d6a6a3c
    webAppConfig = class com.ibm.ws.webcontainer.osgi.webapp.WebAppConfiguration@73bba802
      webModuleMetaData = class com.ibm.ws.webcontainer.osgi.metadata.WebModuleMetaDataImpl@55a228e1
      webComponentMetaData = class com.ibm.ws.webcontainer.osgi.metadata.WebComponentMetaDataImpl@6b466eca
      dVirtualHost = class com.ibm.ws.webcontainer.osgi.DynamicVirtualHost@419fe8d6
      orderedLibPaths = class java.util.Collections$UnmodifiableRandomAccessList@d4ebe71
      bundleHeaders = null
      cdiEnabled = true
      CLASS_NAME = "com.ibm.ws.webcontainer.webapp.WebAppConfiguration"
      logger = class com.ibm.ws.logging.internal.WsLogger@49e946d2
      tc = class com.ibm.websphere.ras.TraceComponent@19cef95c
      nls = class com.ibm.ejs.ras.TraceNLS@1f6ed4d1
      version = 30
      contextRoot = "/webapi"
      sessionTimeout = 0
      moduleSessionTimeoutSet = false
      moduleSessionTrackingModeSet = false
      sessionCookieConfig = class com.ibm.ws.session.SessionCookieConfigImpl@b2f6f96
      hasProgrammaticCookieConfig = false
      sessionDefaultTrackingModeSet = class java.util.RegularEnumSet@53477007
      sessionManagerConfig = class com.ibm.ws.session.SessionManagerConfig@498cf2be
      displayName = "org.tec.datos1.messenger.webapi"
      description = null
      reloadInterval = 0
      distributable = false
      denyUncoveredHttpMethods = false
      reloadingEnabled = false
      serveServletsByClassnameEnabled = false
      defaultErrorPage = null
      additionalClassPath = null
      fileServingEnabled = null
      directoryBrowsingEnabled = false
      autoRequestEncoding = false
      autoResponseEncoding = false
      autoLoadFilters = false
      requestListeners = null
      requestAttributeListeners = null
      sessionListeners = null
      localeMap = null
      moduleName = "org.tec.datos1.messenger.webapi"
      j2eeModuleName = "org.tec.datos1.messenger.webapi.war"
      moduleId = null
      isSyncToThreadEnabled = false
      encodeDispatchedRequestURI = false
      isSystemApp = false
      ardEnabled = false
      ardDispatchType = null
      listeners = class java.util.ArrayList@270917ea
      welcomeFileList = class java.util.ArrayList@4ea89786
      servletMappings = class java.util.HashMap@3e0b021a
      lastIndexBeforeDeclaredFilters = 0
      filterMappings = class java.util.ArrayList@56248a94
      servletInfo = class java.util.HashMap@397d61fd
      filterInfo = class java.util.HashMap@33e3d5f3
      mimeMappings = class java.util.HashMap@559e0a47
      mimeFilters = null
      isMimeFilteringEnabled = false
      theWebGroup = null
      jspAttributes = class java.util.HashMap@271c4a4a
      fileServingAttributes = class java.util.HashMap@75bcb5dd
      invokerAttributes = class java.util.HashMap@585daad4
      contextParams = class java.util.HashMap@7db45faa
      virtualHost = "default_host"
      exceptionErrorPages = class java.util.HashMap@383f044c
      codeErrorPages = class java.util.HashMap@283d5ccb
      tagLibList = null
      precompileJsps = false
      webApp = class com.ibm.ws.webcontainer31.osgi.webapp.WebApp31@24968746
      virtualHostList = class java.util.Collections$EmptyList@1d834812
      appStartupWeight = 0
      moduleStartupWeight = 0
      metaDataComplete = false
      classesToScan = class java.util.ArrayList@42150d07
      uriFilterMappingInfos = null
      servletFilterMappingInfos = null
      dynamicServletRegistrationMap = null
      applicationName = "org.tec.datos1.messenger.webapi"
      libBinPathList = class java.util.ArrayList@2486c6d
      webXmlDefinedListeners = class java.util.HashSet@40d1a3eb
      allRefs = class java.util.EnumMap@4715a03b
      allRefBindings = class java.util.EnumMap@2d02f0eb
      envEntryValues = class java.util.HashMap@6ce8ca22
      resourceRefConfigList = null
      disallowAllFileServingProp = "false"
      disallowServeServletsByClassnameProp = "true"
      disableStaticMappingCache = false
      jspCachedLocations = class java.util.HashMap@216bf2af
      primedSTSHeader = "NoValue"
      enablemultireadofpostdata = false
      _id = "WebAppGeneratedId1"
      _attributes = null
      serialVersionUID = 7511545662945734886
      $$$tc$$$ = class com.ibm.websphere.ras.TraceComponent@4c94d281
    extensionProcessingDisabled = false
    managedObjectService = class com.ibm.ws.cdi.impl.managedobject.CDIManagedObjectService@2c90b4d9
      cdiServiceRef = class com.ibm.wsspi.kernel.service.utils.AtomicServiceReference@3871c44d
      defaultMOSRef = class com.ibm.wsspi.kernel.service.utils.AtomicServiceReference@1abe0057
      cdiRuntime = class com.ibm.ws.cdi.liberty.CDIRuntimeImpl@3654c8a
      serialVersionUID = -2697988188171262037
      $$$tc$$$ = class com.ibm.websphere.ras.TraceComponent@650e93e1
    GenPluginCfgMB = null
    internalServletMetaData = interface com.ibm.wsspi.webcontainer.metadata.WebComponentMetaData[2]
      internalServletMetaData[0] = null
      internalServletMetaData[1] = null
    loginProcessor = null
    logoutProcessor = null
    collabHelper = class com.ibm.ws.webcontainer.osgi.collaborator.CollaboratorHelperImpl@5b4e87ad
    envObject = class com.ibm.ws.util.WSThreadLocal@726aced3
      tc = class com.ibm.ejs.ras.TraceComponent@ecec6e4
      count = 8
      index = 3
      SUSPECTED_MISUSAGE_THRESHOLD = 200
      threadLocalHashCode = 749823255
      nextHashCode = class java.util.concurrent.atomic.AtomicInteger@5bb9c33d
      HASH_INCREMENT = 1640531527
    orderedLibPaths = class java.util.Collections$UnmodifiableRandomAccessList@d4ebe71
      serialVersionUID = -2542308836966382001
      serialVersionUID = -283967356065247728
      list = class java.util.ArrayList@753b1c82
      serialVersionUID = 1820017752578914078
      c = class java.util.ArrayList@753b1c82
    perm = class com.ibm.websphere.security.WebSphereRuntimePermission@21235394
      serialVersionUID = -3306242789188168337
      $$$tc$$$ = class com.ibm.websphere.ras.TraceComponent@443e1895
      serialVersionUID = 6279438298436773498
      wildcard = false
      path = "accessServletContext"
      exitVM = false
      serialVersionUID = -5636570222231596674
      name = "accessServletContext"
    WELCOME_FILE_LIST = "com.ibm.ws.webcontainer.config.WelcomeFileList"
    DIR_BROWSING_MAPPING = "__dirBrowsing__1511751283049"
    FILTER_PROXY_MAPPING = "/__filterProxy__1511751283049"
    logger = class com.ibm.ws.logging.internal.WsLogger@49e946d2
      tc = class com.ibm.websphere.ras.TraceComponent@3c4f2e2b
      ivCachedResourceBundleName = null
      ivCachedResourceBundle = null
      ivComponent = null
      ivOrganization = null
      ivProduct = null
      ivMinimumLocalizationLevelIntValue = 625
      ivTC = class com.ibm.websphere.ras.TraceComponent@f6cad3f
      loggerRegistrationComponent = class java.lang.ThreadLocal@736159b4
      emptyHandlers = class java.util.logging.Handler[0]
      offValue = 2147483647
      SYSTEM_LOGGER_RB_NAME = "sun.util.logging.resources.logging"
      SYSTEM_BUNDLE = class java.util.logging.Logger$LoggerBundle@39cefede
      NO_RESOURCE_BUNDLE = class java.util.logging.Logger$LoggerBundle@4d5e64ed
      manager = class com.ibm.ws.kernel.boot.logging.WsLogManager@52aa2fa3
      name = "com.ibm.ws.webcontainer.webapp"
      handlers = class java.util.concurrent.CopyOnWriteArrayList@46445a7a
      loggerBundle = class java.util.logging.Logger$LoggerBundle@70e9830c
      useParentHandlers = true
      filter = null
      anonymous = false
      catalog = class com.ibm.ws.webcontainer.resources.Messages_es@5b4e2a44
      catalogName = "com.ibm.ws.webcontainer.resources.Messages"
      catalogLocale = class java.util.Locale@581ad1b9
      treeLock = class java.lang.Object@83018b9
      parent = class com.ibm.ws.logging.internal.WsLogger@278e6bd8
      kids = null
      levelObject = class java.util.logging.Level@d386967
      levelValue = 800
      callersClassLoaderRef = class java.lang.ref.WeakReference@67d5118
      isSystemLogger = false
      GLOBAL_LOGGER_NAME = "global"
      global = class java.util.logging.Logger@11e590a8
      $assertionsDisabled = true
    CLASS_NAME = "com.ibm.ws.webcontainer.webapp.WebApp"
    loader = class com.ibm.ws.classloading.internal.ThreadContextClassLoader@3b681bed
    facade = class com.ibm.ws.webcontainer31.facade.ServletContextFacade31@6658c3f8
    features = class java.util.ArrayList@6d51056a
      serialVersionUID = 8683452581122892189
      DEFAULT_CAPACITY = 10
      EMPTY_ELEMENTDATA = class java.lang.Object[0]
      DEFAULTCAPACITY_EMPTY_ELEMENTDATA = class java.lang.Object[0]
      elementData = class java.lang.Object[0]
      size = 0
      MAX_ARRAY_SIZE = 2147483639
      modCount = 0
      MAX_ARRAY_SIZE = 2147483639
    applicationName = "org.tec.datos1.messenger.webapi"
    config = class com.ibm.ws.webcontainer.osgi.webapp.WebAppConfiguration@73bba802
    securityEnabledForApp = true
    webExtensionProcessor = class com.ibm.ws.webcontainer.osgi.extension.WebExtensionProcessor@15149387
      webApp = class com.ibm.ws.webcontainer31.osgi.webapp.WebApp31@24968746
      extensionContext = class com.ibm.ws.webcontainer31.osgi.webapp.WebApp31@24968746
    production = true
    isServlet23 = true
    contextPath = "/webapi"
    internalServletList = class [Ljava.lang.String;[2]
      internalServletList[0] = class java.lang.String[2]
      internalServletList[1] = class java.lang.String[2]
    BY_NAME_ONLY = "/_1511751283050_/"
    filterManager = class com.ibm.ws.webcontainer.osgi.filter.WebAppFilterManagerImpl@2d4cd194
      _filterWrappers = class java.util.Hashtable@6d01bd52
      chainCache = class java.util.Collections$SynchronizedMap@46ab3f0b
      forwardChainCache = class java.util.Collections$SynchronizedMap@3b560bdc
      includeChainCache = class java.util.Collections$SynchronizedMap@b817935
      errorChainCache = class java.util.Collections$SynchronizedMap@6b0aae3a
      _filtersDefined = false
      FMI_MAPPING_SINGLE_SLASH = 0
      FMI_MAPPING_PATH_MATCH = 1
      FMI_MAPPING_EXTENSION_MATCH = 2
      FMI_MAPPING_EXACT_MATCH = 3
      logger = class com.ibm.ws.logging.internal.WsLogger@74468737
      CLASS_NAME = "com.ibm.ws.webcontainer.filter.WebAppFilterManager"
      nls = class com.ibm.ejs.ras.TraceNLS@7fc57a88
      webAppConfig = class com.ibm.ws.webcontainer.osgi.webapp.WebAppConfiguration@73bba802
      webApp = class com.ibm.ws.webcontainer31.osgi.webapp.WebApp31@24968746
      collabHelper = class com.ibm.ws.webcontainer.osgi.collaborator.CollaboratorHelperImpl@5b4e87ad
      webAppNameSpaceCollab = class com.ibm.ws.webcontainer.osgi.collaborator.WebAppNameSpaceCollaboratorImpl@4d196b77
      secCollab = class com.ibm.ws.webcontainer.security.WebAppSecurityCollaboratorImpl@72071c4a
      sessionSecurityIntegrationEnabled = true
      assumeFilterSuccessOnSecurityError = false
      useOriginalRequestState = false
      _evtSource = class com.ibm.ws.webcontainer.webapp.WebAppEventSource@684059e0
      defaultComponentMetaData = class com.ibm.ws.webcontainer.osgi.metadata.WebComponentMetaDataImpl@6b466eca
      DEFER_SERVLET_REQUEST_LISTENER_DESTROY_ON_ERROR = false
    documentRoot = null
    SERVLET_API_VERSION = "Servlet 2.5"
    disableServletAuditLogging = -1
    serverInfo = "IBM WebSphere Liberty/${liberty.service.version}"
    sessionCtx = class com.ibm.ws.webcontainer31.session.impl.HttpSessionContext31Impl@4853fb02
      methodClassName = "HttpSessionContextImpl"
      _smc = class com.ibm.ws.session.SessionManagerConfig@498cf2be
      sessionStoreService = null
      _sap = class com.ibm.ws.session.SessionApplicationParameters@7c7f38ae
      _coreHttpSessionManager = class com.ibm.ws.session.SessionManager@405843a7
      _coreHttpAppSessionManager = null
      _sam = class com.ibm.ws.webcontainer.session.impl.SessionAffinityManagerImpl@1c92f8d5
      isSIPApplication = false
      sessionAttributeListener = false
      sessionListener = true
      mHttpSessionAttributeListeners = class java.util.ArrayList@3225e0fb
      mHttpSessionListeners = class java.util.ArrayList@379a0459
      mHttpSessionIdListeners = class java.util.ArrayList@35dd2c76
      mHttpSessionAttributeListenersJ2eeNames = class java.util.ArrayList@3e023e48
      mHttpSessionListenersJ2eeNames = class java.util.ArrayList@23bd234b
      mHttpSessionIdListenersJ2eeNames = class java.util.ArrayList@446243a9
      mLocalHost = null
      _refCount = 1
      currentThreadSacHashtable = null
      methodClassName = "SessionContext"
      ANONYMOUS_USER = "anonymous"
      wasHttpSessionObserver = class com.ibm.ws.session.WasHttpSessionObserver@188079cf
      wasHttpSessionAttributeObserver = null
      _invalidator = class com.ibm.ws.session.SessionInvalidatorWithThreadPool@375fe4e9
      _storer = class com.ibm.ws.session.EOSSessionStorer@7db22e32
      wasHttpAppSessionObserver = null
      mHttpAppSessionListeners = null
      cmvcInfo = "CMVC Version 1.9 6/24/07 11:12:24"
      _loggedVersion = true
      CREATE_CORE_SESSION_MANAGER = 0
      GET_REQUESTED_SESSION_ID = 1
      GET_IHTTP_SESSION = 2
      SESSION_PRE_INVOKE = 3
      SESSION_POST_INVOKE = 4
      STOP = 5
      STOP_LISTENERS = 6
      IS_VALID = 7
      ENCODE_URL = 8
      SHOULD_ENCODE_URL = 9
      IS_PROTOCOL_SWITCH = 10
      GET_LOCAL_HOST = 11
      ADD_HTTP_SESSION_ATTRIBUTE_LISTENER = 12
      ADD_HTTP_SESSION_LISTENER = 13
      GET_SESSION_AFFINITY_CONTEXT = 14
      CHECK_SECURITY = 15
      INVALIDATE = 16
      CHECK_SESSSIONID_IS_RIGHT_LENGTH = 17
      LOCK_SESSION = 18
      UNLOCK_SESSION = 19
      ADD_HTTP_SESSION_ID_LISTENER = 20
      methodNames = class java.lang.String[21]
    eventSource = class com.ibm.ws.webcontainer.webapp.WebAppEventSource@684059e0
    nls = class com.ibm.ejs.ras.TraceNLS@796ad124
      resolver = class com.ibm.ws.logging.internal.TraceNLSResolver@48c16448
      finder = null
      ivBundleName = "com.ibm.ws.webcontainer.resources.Messages"
      caller = class java.lang.Class@2a32fc7
    liberty_nls = class com.ibm.ejs.ras.TraceNLS@51b87986
      resolver = class com.ibm.ws.logging.internal.TraceNLSResolver@48c16448
      finder = null
      ivBundleName = "com.ibm.ws.webcontainer.resources.LShimMessages"
      caller = class java.lang.Class@2a32fc7
    error_nls = class com.ibm.ejs.ras.TraceNLS@1a33c254
      resolver = class com.ibm.ws.logging.internal.TraceNLSResolver@48c16448
      finder = null
      ivBundleName = "com.ibm.ws.webcontainer.resources.ErrorPage"
      caller = class java.lang.Class@2a32fc7
    sessionListeners = class java.util.ArrayList@4d6fa1fb
      serialVersionUID = 8683452581122892189
      DEFAULT_CAPACITY = 10
      EMPTY_ELEMENTDATA = class java.lang.Object[0]
      DEFAULTCAPACITY_EMPTY_ELEMENTDATA = class java.lang.Object[0]
      elementData = class java.lang.Object[10]
      size = 3
      MAX_ARRAY_SIZE = 2147483639
      modCount = 4
      MAX_ARRAY_SIZE = 2147483639
    sessionIdListeners = class java.util.ArrayList@6223aa83
      serialVersionUID = 8683452581122892189
      DEFAULT_CAPACITY = 10
      EMPTY_ELEMENTDATA = class java.lang.Object[0]
      DEFAULTCAPACITY_EMPTY_ELEMENTDATA = class java.lang.Object[0]
      elementData = class java.lang.Object[0]
      size = 0
      MAX_ARRAY_SIZE = 2147483639
      modCount = 0
      MAX_ARRAY_SIZE = 2147483639
    sessionAttrListeners = class java.util.ArrayList@70c59b08
      serialVersionUID = 8683452581122892189
      DEFAULT_CAPACITY = 10
      EMPTY_ELEMENTDATA = class java.lang.Object[0]
      DEFAULTCAPACITY_EMPTY_ELEMENTDATA = class java.lang.Object[0]
      elementData = class java.lang.Object[0]
      size = 0
      MAX_ARRAY_SIZE = 2147483639
      modCount = 1
      MAX_ARRAY_SIZE = 2147483639
    addedSessionListeners = class java.util.ArrayList@7460c626
      serialVersionUID = 8683452581122892189
      DEFAULT_CAPACITY = 10
      EMPTY_ELEMENTDATA = class java.lang.Object[0]
      DEFAULTCAPACITY_EMPTY_ELEMENTDATA = class java.lang.Object[0]
      elementData = class java.lang.Object[0]
      size = 0
      MAX_ARRAY_SIZE = 2147483639
      modCount = 0
      MAX_ARRAY_SIZE = 2147483639
    addedSessionAttrListeners = class java.util.ArrayList@44b0d128
      serialVersionUID = 8683452581122892189
      DEFAULT_CAPACITY = 10
      EMPTY_ELEMENTDATA = class java.lang.Object[0]
      DEFAULTCAPACITY_EMPTY_ELEMENTDATA = class java.lang.Object[0]
      elementData = class java.lang.Object[0]
      size = 0
      MAX_ARRAY_SIZE = 2147483639
      modCount = 0
      MAX_ARRAY_SIZE = 2147483639
    servletContextListeners = class java.util.ArrayList@3bb80c8f
      serialVersionUID = 8683452581122892189
      DEFAULT_CAPACITY = 10
      EMPTY_ELEMENTDATA = class java.lang.Object[0]
      DEFAULTCAPACITY_EMPTY_ELEMENTDATA = class java.lang.Object[0]
      elementData = class java.lang.Object[10]
      size = 5
      MAX_ARRAY_SIZE = 2147483639
      modCount = 6
      MAX_ARRAY_SIZE = 2147483639
    servletContextLAttrListeners = class java.util.ArrayList@6779dd2b
      serialVersionUID = 8683452581122892189
      DEFAULT_CAPACITY = 10
      EMPTY_ELEMENTDATA = class java.lang.Object[0]
      DEFAULTCAPACITY_EMPTY_ELEMENTDATA = class java.lang.Object[0]
      elementData = class java.lang.Object[0]
      size = 0
      MAX_ARRAY_SIZE = 2147483639
      modCount = 1
      MAX_ARRAY_SIZE = 2147483639
    servletRequestListeners = class java.util.ArrayList@155a7614
      serialVersionUID = 8683452581122892189
      DEFAULT_CAPACITY = 10
      EMPTY_ELEMENTDATA = class java.lang.Object[0]
      DEFAULTCAPACITY_EMPTY_ELEMENTDATA = class java.lang.Object[0]
      elementData = class java.lang.Object[10]
      size = 2
      MAX_ARRAY_SIZE = 2147483639
      modCount = 3
      MAX_ARRAY_SIZE = 2147483639
    servletRequestLAttrListeners = class java.util.ArrayList@5721dc06
      serialVersionUID = 8683452581122892189
      DEFAULT_CAPACITY = 10
      EMPTY_ELEMENTDATA = class java.lang.Object[0]
      DEFAULTCAPACITY_EMPTY_ELEMENTDATA = class java.lang.Object[0]
      elementData = class java.lang.Object[0]
      size = 0
      MAX_ARRAY_SIZE = 2147483639
      modCount = 1
      MAX_ARRAY_SIZE = 2147483639
    prependSlashToResource = false
    destroyed = false
    webAppNameSpaceCollab = class com.ibm.ws.webcontainer.osgi.collaborator.WebAppNameSpaceCollaboratorImpl@4d196b77
    txCollab = class com.ibm.ws.transaction.services.WebAppTransactionCollaboratorImpl@27fca46d
    sessionActivationListeners = class java.util.ArrayList@2c867e19
      serialVersionUID = 8683452581122892189
      DEFAULT_CAPACITY = 10
      EMPTY_ELEMENTDATA = class java.lang.Object[0]
      DEFAULTCAPACITY_EMPTY_ELEMENTDATA = class java.lang.Object[0]
      elementData = class java.lang.Object[0]
      size = 0
      MAX_ARRAY_SIZE = 2147483639
      modCount = 1
      MAX_ARRAY_SIZE = 2147483639
    sessionBindingListeners = class java.util.ArrayList@5bf6e27
      serialVersionUID = 8683452581122892189
      DEFAULT_CAPACITY = 10
      EMPTY_ELEMENTDATA = class java.lang.Object[0]
      DEFAULTCAPACITY_EMPTY_ELEMENTDATA = class java.lang.Object[0]
      elementData = class java.lang.Object[0]
      size = 0
      MAX_ARRAY_SIZE = 2147483639
      modCount = 1
      MAX_ARRAY_SIZE = 2147483639
    scratchdir = null
    jspClassLoaderLimit = 0
    jspClassLoaderExclusionList = null
    jspClassLoadersMap = null
    jspClassLoaderLimitTrackIF = false
    defaultExtProc = null
    directoryBrowsingServlet = null
    cdiContexts = class java.util.concurrent.ConcurrentHashMap@43934252
      serialVersionUID = 7249069246763182397
      MAXIMUM_CAPACITY = 1073741824
      DEFAULT_CAPACITY = 16
      MAX_ARRAY_SIZE = 2147483639
      DEFAULT_CONCURRENCY_LEVEL = 16
      LOAD_FACTOR = 0.75
      TREEIFY_THRESHOLD = 8
      UNTREEIFY_THRESHOLD = 6
      MIN_TREEIFY_CAPACITY = 64
      MIN_TRANSFER_STRIDE = 16
      RESIZE_STAMP_BITS = 16
      MAX_RESIZERS = 65535
      RESIZE_STAMP_SHIFT = 16
      MOVED = -1
      TREEBIN = -2
      RESERVED = -3
      HASH_BITS = 2147483647
      NCPU = 4
      serialPersistentFields = class java.io.ObjectStreamField[3]
      table = null
      nextTable = null
      baseCount = 0
      sizeCtl = 0
      transferIndex = 0
      cellsBusy = 0
      counterCells = null
      keySet = null
      values = null
      entrySet = null
      U = class sun.misc.Unsafe@4b59d8a8
      SIZECTL = 20
      TRANSFERINDEX = 32
      BASECOUNT = 24
      CELLSBUSY = 36
      CELLVALUE = 144
      ABASE = 16
      ASHIFT = 2
      keySet = null
      values = null
    moduleConfig = class com.ibm.ws.webcontainer.osgi.container.DeployedModule@1a0b67ca
      tc = class com.ibm.websphere.ras.TraceComponent@73afca7b
      loader = class com.ibm.ws.classloading.internal.ThreadContextClassLoader@3b681bed
      webApp = class com.ibm.ws.webcontainer31.osgi.webapp.WebApp31@24968746
      webAppConfig = class com.ibm.ws.webcontainer.osgi.webapp.WebAppConfiguration@73bba802
      contextRootAdded = null
      properContextRoot = "/webapi"
      mappingContextRoot = "/webapi/*"
      serialVersionUID = -2104814060051592457
      $$$tc$$$ = class com.ibm.websphere.ras.TraceComponent@608e154c
    extensionFactories = class java.util.ArrayList@562a424
      serialVersionUID = 8683452581122892189
      DEFAULT_CAPACITY = 10
      EMPTY_ELEMENTDATA = class java.lang.Object[0]
      DEFAULTCAPACITY_EMPTY_ELEMENTDATA = class java.lang.Object[0]
      elementData = class java.lang.Object[10]
      size = 4
      MAX_ARRAY_SIZE = 2147483639
      modCount = 9
      MAX_ARRAY_SIZE = 2147483639
    initialized = true
    lock = class com.ibm.ws.webcontainer.webapp.WebApp$1@7bd23cf9
      this$0 = class com.ibm.ws.webcontainer31.osgi.webapp.WebApp31@24968746
    afterServletContextCreated = false
    redirectContextRoot = false
    errorExceptionTypeFirst = false
    initFilterBeforeServletInit = false
    sortedServletConfigs = class java.util.ArrayList@228a6003
      serialVersionUID = 8683452581122892189
      DEFAULT_CAPACITY = 10
      EMPTY_ELEMENTDATA = class java.lang.Object[0]
      DEFAULTCAPACITY_EMPTY_ELEMENTDATA = class java.lang.Object[0]
      elementData = class java.lang.Object[10]
      size = 1
      MAX_ARRAY_SIZE = 2147483639
      modCount = 1
      MAX_ARRAY_SIZE = 2147483639
    effectiveMajorVersion = 3
    effectiveMinorVersion = 0
    canAddServletContextListener = true
    withinContextInitOfProgAddListener = false
    lastProgAddListenerInitialized = "com.ibm.ws.cache.CacheServiceImpl"
    webInfLibClassloader = null
    metaInfCache = class com.ibm.ws.webcontainer.webapp.WebApp$2@63fe76af
      this$0 = class com.ibm.ws.webcontainer31.osgi.webapp.WebApp31@24968746
      serialVersionUID = 3801124242820219131
      head = null
      tail = null
      accessOrder = true
      serialVersionUID = 362498820763181265
      DEFAULT_INITIAL_CAPACITY = 16
      MAXIMUM_CAPACITY = 1073741824
      DEFAULT_LOAD_FACTOR = 0.75
      TREEIFY_THRESHOLD = 8
      UNTREEIFY_THRESHOLD = 6
      MIN_TREEIFY_CAPACITY = 64
      table = null
      entrySet = null
      size = 0
      modCount = 0
      threshold = 32
      loadFactor = 1.0
      keySet = null
      values = null
    useMetaInfCache = true
    SUN_CONFIGURE_LISTENER_CLASSNAME = "com.sun.faces.config.ConfigureListener"
    MYFACES_LIFECYCLE_LISTENER_CLASSNAME = "org.apache.myfaces.webapp.StartupServletContextListener"
    JSF_IMPL_ENABLED_PARAM = "com.ibm.ws.jsf.JSF_IMPL_ENABLED"
    JSF_IMPL_ENABLED_CUSTOM = "Custom"
    JSF_IMPL_ENABLED_NONE = "None"
    staticDocRoot = class com.ibm.ws.webcontainer.util.DocumentRootUtils@73adad70
      logger = class com.ibm.ws.logging.internal.WsLogger@6ad38637
      CLASS_NAME = "com.ibm.ws.webcontainer.util.DocumentRootUtils"
      useContentLength = false
      matchedFile = null
      matchedZipFile = null
      matchedEntry = null
      matchedURL = null
      edrRoot = null
      pfedrRoot = null
      ctxt = class com.ibm.ws.webcontainer31.osgi.webapp.WebApp31@24968746
      baseDir = null
      edr = null
      pfedr = null
      metaInfRes = null
      searchpfEDR = false
      searchEDR = false
      searchMetaInfRes = true
      matchFromEDR = false
      matchFromMetaInfRes = false
      matchIsADirectory = false
      appConfig = class com.ibm.ws.webcontainer.osgi.webapp.WebAppConfiguration@73bba802
      attributeType = "staticFile"
      STATIC_FILE = "staticFile"
      JSP = "jsp"
      PFEDR = "preFragmentExtendedDocumentRoot"
      EDR = "extendedDocumentRoot"
    jspDocRoot = class com.ibm.ws.webcontainer.util.DocumentRootUtils@19727208
      logger = class com.ibm.ws.logging.internal.WsLogger@6ad38637
      CLASS_NAME = "com.ibm.ws.webcontainer.util.DocumentRootUtils"
      useContentLength = false
      matchedFile = null
      matchedZipFile = null
      matchedEntry = null
      matchedURL = null
      edrRoot = null
      pfedrRoot = null
      ctxt = class com.ibm.ws.webcontainer31.osgi.webapp.WebApp31@24968746
      baseDir = null
      edr = null
      pfedr = null
      metaInfRes = null
      searchpfEDR = false
      searchEDR = false
      searchMetaInfRes = true
      matchFromEDR = false
      matchFromMetaInfRes = false
      matchIsADirectory = false
      appConfig = class com.ibm.ws.webcontainer.osgi.webapp.WebAppConfiguration@73bba802
      attributeType = "jsp"
      STATIC_FILE = "staticFile"
      JSP = "jsp"
      PFEDR = "preFragmentExtendedDocumentRoot"
      EDR = "extendedDocumentRoot"
    container = class com.ibm.ws.adaptable.module.internal.AdaptableContainerImpl@4f1d2ffb
      root = class com.ibm.ws.adaptable.module.internal.AdaptableContainerImpl@4f1d2ffb
      rootOverlay = class com.ibm.ws.artifact.overlay.internal.DirectoryBasedOverlayContainerImpl@7aeb0744
      factoryHolder = class com.ibm.ws.adaptable.module.internal.AdaptableModuleFactoryImpl@7e31272e
      delegate = class com.ibm.ws.artifact.overlay.internal.DirectoryBasedOverlayContainerImpl@7aeb0744
      notifier = class com.ibm.ws.adaptable.module.internal.NotifierImpl@4c49d641
      serialVersionUID = -5621513278641113667
      $$$tc$$$ = class com.ibm.websphere.ras.TraceComponent@15eccc41
    metaInfResourceFinder = class com.ibm.ws.webcontainer.util.MetaInfResourceFinder@6809835d
      jarResourceContainers = class java.util.ArrayList@1451af44
      container = class com.ibm.ws.adaptable.module.internal.AdaptableContainerImpl@4f1d2ffb
    postConstructMethods = class com.ibm.ws.webcontainer.webapp.WebApp$AnnotatedMethods@7852dbfd
      annotationClass = class java.lang.Class@2537daf6
      noOpClassNames = class java.util.HashSet@5df66ea3
      annotatedMethodNames = class java.util.concurrent.ConcurrentHashMap@2a9bb822
      EMPTY_METHODS = class java.lang.reflect.Method[0]
    preDestroyMethods = class com.ibm.ws.webcontainer.webapp.WebApp$AnnotatedMethods@660a2faa
      annotationClass = class java.lang.Class@2e6a4bc3
      noOpClassNames = class java.util.HashSet@300e4d88
      annotatedMethodNames = class java.util.concurrent.ConcurrentHashMap@3f223f49
      EMPTY_METHODS = class java.lang.reflect.Method[0]
    upgraded = false
    OBJ_EMPTY = class java.lang.Object[0]
    CLASS_EMPTY = class java.lang.Class[0]
    DEFAULT_JSP_EXTENSIONS = class java.util.ArrayList@6c62f351
      serialVersionUID = 8683452581122892189
      DEFAULT_CAPACITY = 10
      EMPTY_ELEMENTDATA = class java.lang.Object[0]
      DEFAULTCAPACITY_EMPTY_ELEMENTDATA = class java.lang.Object[0]
      elementData = class java.lang.Object[10]
      size = 4
      MAX_ARRAY_SIZE = 2147483639
      modCount = 4
      MAX_ARRAY_SIZE = 2147483639
    DEFER_SERVLET_REQUEST_LISTENER_DESTROY_ON_ERROR = false
    DO_ACCEPT_PARTIAL = true
    DO_NOT_ACCEPT_PARTIAL = false
    DO_ACCEPT_EXCLUDED = true
    DO_NOT_ACCEPT_EXCLUDED = false
    commands = class java.util.ArrayList@2636213f
      serialVersionUID = 8683452581122892189
      DEFAULT_CAPACITY = 10
      EMPTY_ELEMENTDATA = class java.lang.Object[0]
      DEFAULTCAPACITY_EMPTY_ELEMENTDATA = class java.lang.Object[0]
      elementData = class java.lang.Object[3]
      size = 0
      MAX_ARRAY_SIZE = 2147483639
      modCount = 0
      MAX_ARRAY_SIZE = 2147483639
    requestMapper = class com.ibm.wsspi.webcontainer.util.URIMapper@11762d2c
      matcher = class com.ibm.wsspi.webcontainer.util.URIMatcher@2ee345ac
    parent = class com.ibm.ws.webcontainer.osgi.webapp.WebGroup@6a75ac28
      tc = class com.ibm.websphere.ras.TraceComponent@707cec73
      logger = class com.ibm.ws.logging.internal.WsLogger@49e946d2
      CLASS_NAME = "com.ibm.ws.webcontainer.webapp.WebGroup"
      sessUrlRewritePrefix = ";jsessionid="
      qMark = "?"
      config = class com.ibm.ws.webcontainer.osgi.webapp.WebGroupConfiguration@3ece4bf
      webApp = class com.ibm.ws.webcontainer31.osgi.webapp.WebApp31@24968746
      commands = class java.util.ArrayList@6a295974
      requestMapper = null
      parent = class com.ibm.ws.webcontainer.osgi.DynamicVirtualHost@419fe8d6
      name = "/webapi/*"
      isAlive = true
      subElements = class java.util.HashMap@22f88eb
      attributes = null
      config = null
      serialVersionUID = -8271459000149267764
      $$$tc$$$ = class com.ibm.websphere.ras.TraceComponent@d1c7555
    name = "org.tec.datos1.messenger.webapi"
    isAlive = true
    subElements = null
    attributes = class java.util.concurrent.ConcurrentHashMap@195bfa7b
      serialVersionUID = 7249069246763182397
      MAXIMUM_CAPACITY = 1073741824
      DEFAULT_CAPACITY = 16
      MAX_ARRAY_SIZE = 2147483639
      DEFAULT_CONCURRENCY_LEVEL = 16
      LOAD_FACTOR = 0.75
      TREEIFY_THRESHOLD = 8
      UNTREEIFY_THRESHOLD = 6
      MIN_TREEIFY_CAPACITY = 64
      MIN_TRANSFER_STRIDE = 16
      RESIZE_STAMP_BITS = 16
      MAX_RESIZERS = 65535
      RESIZE_STAMP_SHIFT = 16
      MOVED = -1
      TREEBIN = -2
      RESERVED = -3
      HASH_BITS = 2147483647
      NCPU = 4
      serialPersistentFields = class java.io.ObjectStreamField[3]
      table = class java.util.concurrent.ConcurrentHashMap$Node[32]
      nextTable = null
      baseCount = 20
      sizeCtl = 24
      transferIndex = 0
      cellsBusy = 0
      counterCells = null
      keySet = null
      values = null
      entrySet = class java.util.concurrent.ConcurrentHashMap$EntrySetView@38ade8e1
      U = class sun.misc.Unsafe@4b59d8a8
      SIZECTL = 20
      TRANSFERINDEX = 32
      BASECOUNT = 24
      CELLSBUSY = 36
      CELLVALUE = 144
      ABASE = 16
      ASHIFT = 2
      keySet = null
      values = null
    config = null
    serialVersionUID = -8271459000149267764
    $$$tc$$$ = class com.ibm.websphere.ras.TraceComponent@d1c7555
      strings[0] = "TraceComponent[com.ibm.ws.container.AbstractContainer,class com.ibm.ws.container.AbstractContainer,[],null,null]"
  target = class org.glassfish.jersey.servlet.ServletContainer@163a73d1
    serialVersionUID = 3932047066686065219
    LOGGER = class org.glassfish.jersey.internal.util.ExtendedLogger@7ef39095
      logger = class com.ibm.ws.logging.internal.WsLogger@591fb49c
      debugLevel = class java.util.logging.Level@7edb42e0
    filterConfig = null
    webComponent = null
    resourceConfig = null
    staticContentPattern = null
    filterContextPath = null
    filterUrlMappings = null
    containerListener = null
    METHOD_DELETE = "DELETE"
    METHOD_HEAD = "HEAD"
    METHOD_GET = "GET"
    METHOD_OPTIONS = "OPTIONS"
    METHOD_POST = "POST"
    METHOD_PUT = "PUT"
    METHOD_TRACE = "TRACE"
    HEADER_IFMODSINCE = "If-Modified-Since"
    HEADER_LASTMOD = "Last-Modified"
    LSTRING_FILE = "javax.servlet.http.LocalStrings"
    lStrings = class java.util.PropertyResourceBundle@5fec686d
      lookup = class java.util.HashMap@2c0c83c6
      INITIAL_CACHE_SIZE = 32
      NONEXISTENT_BUNDLE = class java.util.ResourceBundle$1@71421915
      cacheList = class java.util.concurrent.ConcurrentHashMap@595a7feb
      referenceQueue = class java.lang.ref.ReferenceQueue@7f122e6c
      parent = class java.util.PropertyResourceBundle@120ccd67
      locale = class java.util.Locale@4efb645d
      name = "javax.servlet.http.LocalStrings"
      expired = false
      cacheKey = class java.util.ResourceBundle$CacheKey@56873575
      keySet = null
      providers = null
      $assertionsDisabled = true
    LSTRING_FILE = "javax.servlet.LocalStrings"
    lStrings = class java.util.PropertyResourceBundle@77d6e393
    config = class com.ibm.ws.webcontainer.servlet.ServletConfig@32d6c02b
  cacheWrappers = null
  targetLoader = class com.ibm.ws.classloading.internal.ThreadContextClassLoader@3b681bed
    tc = class com.ibm.websphere.ras.TraceComponent@1057a562
      strings[0] = "TraceComponent[com.ibm.ws.classloading.internal.ThreadContextClassLoader,class com.ibm.ws.classloading.internal.ThreadContextClassLoader,[ClassLoadingService],com.ibm.ws.classloading.internal.resources.ClassLoadingServiceMessages,null]"
    bundle = class java.util.concurrent.atomic.AtomicReference@1d7b6612
      serialVersionUID = -1848883965231344442
      unsafe = class sun.misc.Unsafe@4b59d8a8
      valueOffset = 12
      value = class org.eclipse.osgi.internal.framework.EquinoxBundle@530a810f
    key = "WebModule:org.tec.datos1.messenger.webapi#org.tec.datos1.messenger.webapi.war"
    refCount = class java.util.concurrent.atomic.AtomicInteger@7051096b
      serialVersionUID = 6214790243416807050
      unsafe = class sun.misc.Unsafe@4b59d8a8
      valueOffset = 12
      value = 3
      serialVersionUID = -8742448824652078965
    appLoader = class com.ibm.ws.classloading.internal.AppClassLoader@7d6a6a3c
      tc = class com.ibm.websphere.ras.TraceComponent@3c4ee52a
      PARENT_FIRST_SEARCH_ORDER = class java.util.Collections$UnmodifiableRandomAccessList@40f8118f
      CLASS_LOADING_TRACE_PREFIX = "com.ibm.ws.class.load."
      DEFAULT_PACKAGE = "default.package"
      perPackageClassLoadingTraceComponents = class java.util.concurrent.ConcurrentHashMap@6522ede8
      config = class com.ibm.ws.classloading.internal.ClassLoaderConfigurationImpl@3917122b
      privateLibraries = null
      delegateLoaders = class com.ibm.ws.classloading.internal.util.CompositeIterable@6911c85b
      nativeLibraryFiles = class java.util.ArrayList@69e5d89f
      transformers = class java.util.ArrayList@1b5a25e6
      apiAccess = class com.ibm.ws.classloading.internal.GatewayClassLoader@24ca41e4
      generator = class com.ibm.ws.classloading.internal.ClassGeneratorManager@18433469
      protectionDomains = class java.util.concurrent.ConcurrentHashMap@1addeaec
      parent = class com.ibm.ws.classloading.internal.GatewayClassLoader@24ca41e4
      serialVersionUID = 952643806680066297
      tc = class com.ibm.websphere.ras.TraceComponent@45d0fce
      EMPTY_URL_ARRAY = class java.net.URL[0]
      smartClassPath = class com.ibm.ws.classloading.internal.ContainerClassLoader$SmartClassPathImpl@3a8fb4ee
      nativeLibraryContainers = class java.util.ArrayList@7030d34c
      redefiner = class com.ibm.ws.classloading.internal.util.ClassRedefiner@1bfb6f40
      mapCreationQueue = class java.util.concurrent.Executors$FinalizableDelegatedExecutorService@54fcd2c
      serialVersionUID = 7249739282446266343
      serialVersionUID = -7411549862368381758
      $$$tc$$$ = class com.ibm.websphere.ras.TraceComponent@50d395e3
      serialVersionUID = -4868702105808481416
      $$$tc$$$ = class com.ibm.websphere.ras.TraceComponent@62d7f561
      serialVersionUID = 2596921220292114344
      $$$tc$$$ = class com.ibm.websphere.ras.TraceComponent@29c57b73
      initialized = true
      pdcache = class java.util.HashMap@72ae43a1
      debug = null
      parent = class com.ibm.ws.classloading.internal.GatewayClassLoader@24ca41e4
      parallelLockMap = null
      package2certs = class java.util.Hashtable@472440b
      nocerts = class java.security.cert.Certificate[0]
      classes = class java.util.Vector@7f2fdf04
      defaultDomain = class java.security.ProtectionDomain@479fe9f3
      domains = class java.util.HashSet@47ac19ea
      packages = class java.util.HashMap@51e84f08
      scl = class sun.misc.Launcher$AppClassLoader@18b4aac2
      sclSet = true
      loadedLibraryNames = class java.util.Vector@62c289b9
      systemNativeLibraries = class java.util.Vector@32c99cda
      nativeLibraries = class java.util.Vector@50be7dce
      nativeLibraryContext = class java.util.Stack@4f739f7a
      usr_paths = class java.lang.String[6]
      sys_paths = class java.lang.String[1]
      assertionLock = class com.ibm.ws.classloading.internal.AppClassLoader@7d6a6a3c
      defaultAssertionStatus = false
      packageAssertionStatus = null
      classAssertionStatus = null
    clSvc = class com.ibm.ws.classloading.internal.ClassLoadingServiceImpl@6a581515
      tc = class com.ibm.websphere.ras.TraceComponent@4d4262a6
      leakDetectionMap = class java.util.HashMap@259fca7a
      TCCL_LOCK_WAIT = 15000
      REFERENCE_GENERATORS = "generators"
      bundleContext = class org.eclipse.osgi.internal.framework.BundleContextImpl@7e3b007b
      aclStore = class com.ibm.ws.classloading.internal.util.CanonicalStore@579d04a6
      tcclStore = class com.ibm.ws.classloading.internal.util.CanonicalStore@44ef1c5e
      tcclStoreLock = class java.util.concurrent.locks.ReentrantLock@7f6b3ec0
      digraph = class org.eclipse.equinox.internal.region.StandardRegionDigraph@24fce74d
      redefiner = class com.ibm.ws.classloading.internal.util.ClassRedefiner@1bfb6f40
      listener = class com.ibm.ws.classloading.internal.ClassLoadingServiceImpl$1@274a9d8d
      classloaders = class java.util.Collections$SynchronizedMap@1f13a9a
      resourceProviders = class com.ibm.ws.classloading.internal.CompositeResourceProvider@42f47366
      rememberedBundles = class java.util.concurrent.ConcurrentHashMap@2358517
      collectedBundles = class java.lang.ref.ReferenceQueue@71e0c629
      generatorRefs = class com.ibm.wsspi.kernel.service.utils.ConcurrentServiceReferenceSet@794d1765
      generatorManager = class com.ibm.ws.classloading.internal.ClassGeneratorManager@18433469
      metaInfServicesProviders = class java.util.concurrent.ConcurrentHashMap@3670174b
      metaInfServicesRefs = class com.ibm.wsspi.kernel.service.utils.ConcurrentServiceReferenceMap@41564e22
      protectionDomainMap = class java.util.HashMap@50b19f52
      metadataIdentifierService = class com.ibm.ws.container.service.metadata.internal.MetaDataServiceImpl@65ca064f
      serialVersionUID = 4744076773827852552
    serialVersionUID = 846416563800781557
    followOnClassLoaders = class java.util.ArrayList@11081f22
      serialVersionUID = 8683452581122892189
      DEFAULT_CAPACITY = 10
      EMPTY_ELEMENTDATA = class java.lang.Object[0]
      DEFAULTCAPACITY_EMPTY_ELEMENTDATA = class java.lang.Object[0]
      elementData = class java.lang.Object[10]
      size = 1
      MAX_ARRAY_SIZE = 2147483639
      modCount = 1
      MAX_ARRAY_SIZE = 2147483639
    serialVersionUID = -5107316606107305512
    $$$tc$$$ = class com.ibm.websphere.ras.TraceComponent@22b3ff55
      strings[0] = "TraceComponent[com.ibm.ws.classloading.internal.UnifiedClassLoader,class com.ibm.ws.classloading.internal.UnifiedClassLoader,[ClassLoadingService],com.ibm.ws.classloading.internal.resources.ClassLoadingServiceMessages,null]"
    serialVersionUID = -4868702105808481416
    $$$tc$$$ = class com.ibm.websphere.ras.TraceComponent@62d7f561
      strings[0] = "TraceComponent[com.ibm.ws.classloading.internal.LibertyLoader,class com.ibm.ws.classloading.internal.LibertyLoader,[ClassLoadingService],com.ibm.ws.classloading.internal.resources.ClassLoadingServiceMessages,null]"
    serialVersionUID = 2596921220292114344
    $$$tc$$$ = class com.ibm.websphere.ras.TraceComponent@29c57b73
      strings[0] = "TraceComponent[com.ibm.ws.classloading.LibertyClassLoader,class com.ibm.ws.classloading.LibertyClassLoader,[ClassLoadingService],com.ibm.ws.classloading.internal.resources.ClassLoadingServiceMessages,null]"
    initialized = true
    pdcache = class java.util.HashMap@398ed264
      serialVersionUID = 362498820763181265
      DEFAULT_INITIAL_CAPACITY = 16
      MAXIMUM_CAPACITY = 1073741824
      DEFAULT_LOAD_FACTOR = 0.75
      TREEIFY_THRESHOLD = 8
      UNTREEIFY_THRESHOLD = 6
      MIN_TREEIFY_CAPACITY = 64
      table = null
      entrySet = null
      size = 0
      modCount = 0
      threshold = 16
      loadFactor = 0.75
      keySet = null
      values = null
    debug = null
    parent = class com.ibm.ws.classloading.internal.GatewayClassLoader@495bb533
      config = class com.ibm.ws.classloading.internal.GatewayConfigurationImpl@60eb68c6
      wiringMonitor = class com.ibm.ws.classloading.internal.GatewayClassLoader$1@31e084a3
      bundle = class org.eclipse.osgi.internal.framework.EquinoxBundle@530a810f
      wiring = class org.eclipse.osgi.container.ModuleWiring@225b54
      bundleLoader = class org.eclipse.osgi.internal.loader.EquinoxClassLoader@24bdb498
      resourceProviders = class com.ibm.ws.classloading.internal.CompositeResourceProvider@42f47366
      serialVersionUID = -4256474098847905153
      $$$tc$$$ = class com.ibm.websphere.ras.TraceComponent@60a6737
      parent = class sun.misc.Launcher$AppClassLoader@18b4aac2
      parallelLockMap = null
      package2certs = class java.util.Hashtable@1f2b4591
      nocerts = class java.security.cert.Certificate[0]
      classes = class java.util.Vector@2adb1f4b
      defaultDomain = class java.security.ProtectionDomain@383119bf
      domains = class java.util.HashSet@71e17355
      packages = class java.util.HashMap@34a3a735
      scl = class sun.misc.Launcher$AppClassLoader@18b4aac2
      sclSet = true
      loadedLibraryNames = class java.util.Vector@62c289b9
      systemNativeLibraries = class java.util.Vector@32c99cda
      nativeLibraries = class java.util.Vector@4670d7ad
      nativeLibraryContext = class java.util.Stack@4f739f7a
      usr_paths = class java.lang.String[6]
      sys_paths = class java.lang.String[1]
      assertionLock = class com.ibm.ws.classloading.internal.GatewayClassLoader@495bb533
      defaultAssertionStatus = false
      packageAssertionStatus = null
      classAssertionStatus = null
    parallelLockMap = null
    package2certs = class java.util.Hashtable@682e2b78
      table = class java.util.Hashtable$Entry[11]
      count = 0
      threshold = 8
      loadFactor = 0.75
      modCount = 0
      serialVersionUID = 1421746759512286392
      MAX_ARRAY_SIZE = 2147483639
      keySet = null
      entrySet = null
      values = null
      KEYS = 0
      VALUES = 1
      ENTRIES = 2
    nocerts = class java.security.cert.Certificate[0]
    classes = class java.util.Vector@53cee3da
      elementData = class java.lang.Object[10]
      elementCount = 0
      capacityIncrement = 0
      serialVersionUID = -2767605614048989439
      MAX_ARRAY_SIZE = 2147483639
      modCount = 0
      MAX_ARRAY_SIZE = 2147483639
    defaultDomain = class java.security.ProtectionDomain@10881a69
      codesource = class java.security.CodeSource@177be00
      classloader = class com.ibm.ws.classloading.internal.ThreadContextClassLoader@3b681bed
      principals = interface java.security.Principal[0]
      permissions = null
      hasAllPerm = false
      staticPermissions = false
      key = class java.security.ProtectionDomain$Key@5532859c
      debug = null
    domains = class java.util.HashSet@5fdaf7ee
      serialVersionUID = -5024744406713321676
      map = class java.util.HashMap@1a102208
      PRESENT = class java.lang.Object@1be7e59
      MAX_ARRAY_SIZE = 2147483639
    packages = class java.util.HashMap@46b66286
      serialVersionUID = 362498820763181265
      DEFAULT_INITIAL_CAPACITY = 16
      MAXIMUM_CAPACITY = 1073741824
      DEFAULT_LOAD_FACTOR = 0.75
      TREEIFY_THRESHOLD = 8
      UNTREEIFY_THRESHOLD = 6
      MIN_TREEIFY_CAPACITY = 64
      table = null
      entrySet = null
      size = 0
      modCount = 0
      threshold = 0
      loadFactor = 0.75
      keySet = null
      values = null
    scl = class sun.misc.Launcher$AppClassLoader@18b4aac2
      ucp = class sun.misc.URLClassPath@120709c2
      $assertionsDisabled = true
      ucp = class sun.misc.URLClassPath@120709c2
      acc = class java.security.AccessControlContext@401df37b
      closeables = class java.util.WeakHashMap@3994555c
      initialized = true
      pdcache = class java.util.HashMap@3885afde
      debug = null
      parent = class sun.misc.Launcher$ExtClassLoader@27cbf809
      parallelLockMap = class java.util.concurrent.ConcurrentHashMap@1266e815
      package2certs = class java.util.concurrent.ConcurrentHashMap@3d4f4709
      nocerts = class java.security.cert.Certificate[0]
      classes = class java.util.Vector@26eadb49
      defaultDomain = class java.security.ProtectionDomain@33847b15
      domains = class java.util.Collections$SynchronizedSet@16870b30
      packages = class java.util.HashMap@513761e6
      scl = class sun.misc.Launcher$AppClassLoader@18b4aac2
      sclSet = true
      loadedLibraryNames = class java.util.Vector@62c289b9
      systemNativeLibraries = class java.util.Vector@32c99cda
      nativeLibraries = class java.util.Vector@2177c81a
      nativeLibraryContext = class java.util.Stack@4f739f7a
      usr_paths = class java.lang.String[6]
      sys_paths = class java.lang.String[1]
      assertionLock = class java.lang.Object@31bb43f2
      defaultAssertionStatus = false
      packageAssertionStatus = null
      classAssertionStatus = null
    sclSet = true
    loadedLibraryNames = class java.util.Vector@62c289b9
      elementData = class java.lang.Object[10]
      elementCount = 6
      capacityIncrement = 0
      serialVersionUID = -2767605614048989439
      MAX_ARRAY_SIZE = 2147483639
      modCount = 6
      MAX_ARRAY_SIZE = 2147483639
    systemNativeLibraries = class java.util.Vector@32c99cda
      elementData = class java.lang.Object[10]
      elementCount = 5
      capacityIncrement = 0
      serialVersionUID = -2767605614048989439
      MAX_ARRAY_SIZE = 2147483639
      modCount = 5
      MAX_ARRAY_SIZE = 2147483639
    nativeLibraries = class java.util.Vector@3a2468ea
      elementData = class java.lang.Object[10]
      elementCount = 0
      capacityIncrement = 0
      serialVersionUID = -2767605614048989439
      MAX_ARRAY_SIZE = 2147483639
      modCount = 0
      MAX_ARRAY_SIZE = 2147483639
    nativeLibraryContext = class java.util.Stack@4f739f7a
      serialVersionUID = 1224463164541339165
      elementData = class java.lang.Object[10]
      elementCount = 0
      capacityIncrement = 0
      serialVersionUID = -2767605614048989439
      MAX_ARRAY_SIZE = 2147483639
      modCount = 12
      MAX_ARRAY_SIZE = 2147483639
    usr_paths = class java.lang.String[6]
      usr_paths[0] = "/Users/Jai/Library/Java/Extensions"
      usr_paths[1] = "/Library/Java/Extensions"
      usr_paths[2] = "/Network/Library/Java/Extensions"
      usr_paths[3] = "/System/Library/Java/Extensions"
      usr_paths[4] = "/usr/lib/java"
      usr_paths[5] = "."
    sys_paths = class java.lang.String[1]
      sys_paths[0] = "/Library/Java/JavaVirtualMachines/jdk1.8.0_144.jdk/Contents/Home/jre/lib"
    assertionLock = class com.ibm.ws.classloading.internal.ThreadContextClassLoader@3b681bed
    defaultAssertionStatus = false
    packageAssertionStatus = null
    classAssertionStatus = null
  evtSource = class com.ibm.ws.webcontainer.webapp.WebAppEventSource@684059e0
    _invocationListeners = class com.ibm.ws.webcontainer.util.EventListeners@b6e63d
      EMPTY_LISTENERS = interface java.util.EventListener[0]
      logger = class com.ibm.ws.logging.internal.WsLogger@6ad38637
      CLASS_NAME = "com.ibm.ws.webcontainer.util.EventListeners"
      listeners = interface java.util.EventListener[0]
    _servletListeners = class com.ibm.ws.webcontainer.util.EventListeners@6a23b78e
      EMPTY_LISTENERS = interface java.util.EventListener[0]
      logger = class com.ibm.ws.logging.internal.WsLogger@6ad38637
      CLASS_NAME = "com.ibm.ws.webcontainer.util.EventListeners"
      listeners = interface java.util.EventListener[0]
    _errorListeners = class com.ibm.ws.webcontainer.util.EventListeners@2aa90b22
      EMPTY_LISTENERS = interface java.util.EventListener[0]
      logger = class com.ibm.ws.logging.internal.WsLogger@6ad38637
      CLASS_NAME = "com.ibm.ws.webcontainer.util.EventListeners"
      listeners = interface java.util.EventListener[0]
    _applicationListeners = class com.ibm.ws.webcontainer.util.EventListeners@399e3919
      EMPTY_LISTENERS = interface java.util.EventListener[0]
      logger = class com.ibm.ws.logging.internal.WsLogger@6ad38637
      CLASS_NAME = "com.ibm.ws.webcontainer.util.EventListeners"
      listeners = interface java.util.EventListener[0]
    _filterInvocationListeners = class com.ibm.ws.webcontainer.util.EventListeners@e2ea719
      EMPTY_LISTENERS = interface java.util.EventListener[0]
      logger = class com.ibm.ws.logging.internal.WsLogger@6ad38637
      CLASS_NAME = "com.ibm.ws.webcontainer.util.EventListeners"
      listeners = interface java.util.EventListener[0]
    _filterListeners = class com.ibm.ws.webcontainer.util.EventListeners@79c6ee95
      EMPTY_LISTENERS = interface java.util.EventListener[0]
      logger = class com.ibm.ws.logging.internal.WsLogger@6ad38637
      CLASS_NAME = "com.ibm.ws.webcontainer.util.EventListeners"
      listeners = interface java.util.EventListener[0]
    _filterErrorListeners = class com.ibm.ws.webcontainer.util.EventListeners@1b541a94
      EMPTY_LISTENERS = interface java.util.EventListener[0]
      logger = class com.ibm.ws.logging.internal.WsLogger@6ad38637
      CLASS_NAME = "com.ibm.ws.webcontainer.util.EventListeners"
      listeners = interface java.util.EventListener[0]
  event = class com.ibm.websphere.servlet.event.ServletEvent@6f14674
    serialVersionUID = 3906650803920713522
    _servletName = "RESTful Jersey Servlet"
    _servletClassName = "org.glassfish.jersey.servlet.ServletContainer"
    $$$tc$$$ = class com.ibm.websphere.ras.TraceComponent@5ca8fb31
      strings[0] = "TraceComponent[com.ibm.websphere.servlet.event.ServletEvent,class com.ibm.websphere.servlet.event.ServletEvent,[],null,null]"
    serialVersionUID = 3546927969739289392
    _context = class com.ibm.ws.webcontainer31.facade.ServletContextFacade31@6658c3f8
      context = class com.ibm.ws.webcontainer31.osgi.webapp.WebApp31@24968746
    _servletNames = class com.ibm.ws.webcontainer.util.EmptyEnumeration@78fb961c
      serialVersionUID = 3546642126931963953
      _instance = class com.ibm.ws.webcontainer.util.EmptyEnumeration@78fb961c
    $$$tc$$$ = class com.ibm.websphere.ras.TraceComponent@4016e9e9
      strings[0] = "TraceComponent[com.ibm.websphere.servlet.event.ApplicationEvent,class com.ibm.websphere.servlet.event.ApplicationEvent,[],null,null]"
    serialVersionUID = 5516075349620653480
    source = class com.ibm.ws.webcontainer.osgi.servlet.ServletWrapper@2ff196a8
  unavailableMessage = null
  unavailableUntil = -1
  isSTM = false
  internalServlet = false
  webAppInvocationCollaborators = null
  platformHelper = class com.ibm.ws.webcontainer.PlatformHelper@49ca3dfd
  webAppNameSpaceCollab = class com.ibm.ws.webcontainer.osgi.collaborator.WebAppNameSpaceCollaboratorImpl@4d196b77
    cmdai = class com.ibm.ws.threadContext.ComponentMetaDataAccessorImpl@48a1f05a
      tc = class com.ibm.websphere.ras.TraceComponent@78fe29e7
      cmdai = class com.ibm.ws.threadContext.ComponentMetaDataAccessorImpl@48a1f05a
      threadContext = class com.ibm.ws.threadContext.ThreadContextImpl@3c26b48a
      defaultCMD = null
  txCollab = class com.ibm.ws.transaction.services.WebAppTransactionCollaboratorImpl@27fca46d
    tc = class com.ibm.websphere.ras.TraceComponent@3127da9d
      strings[0] = "TraceComponent[com.ibm.ws.transaction.services.WebAppTransactionCollaboratorImpl,class com.ibm.ws.transaction.services.WebAppTransactionCollaboratorImpl,[transaction],com.ibm.ws.transaction.services.TransactionMessages,null]"
    ltCurrentRef = class com.ibm.wsspi.kernel.service.utils.AtomicServiceReference@39e4bb31
      referenceName = "ltCurrent"
      tuple = class java.util.concurrent.atomic.AtomicReference@1e36b6f7
      serialVersionUID = 2226592364007985000
      $$$tc$$$ = class com.ibm.websphere.ras.TraceComponent@32c26a73
    tranMgrRef = class com.ibm.wsspi.kernel.service.utils.AtomicServiceReference@7eb744c9
      referenceName = "tranMgr"
      tuple = class java.util.concurrent.atomic.AtomicReference@4c8609df
      serialVersionUID = 2226592364007985000
      $$$tc$$$ = class com.ibm.websphere.ras.TraceComponent@32c26a73
    userTranRef = class com.ibm.wsspi.kernel.service.utils.AtomicServiceReference@68385759
      referenceName = "userTran"
      tuple = class java.util.concurrent.atomic.AtomicReference@69da12f3
      serialVersionUID = 2226592364007985000
      $$$tc$$$ = class com.ibm.websphere.ras.TraceComponent@32c26a73
    uowCallbackRef = class com.ibm.wsspi.kernel.service.utils.AtomicServiceReference@2ef6e007
      referenceName = "uowCallback"
      tuple = class java.util.concurrent.atomic.AtomicReference@d14686e
      serialVersionUID = 2226592364007985000
      $$$tc$$$ = class com.ibm.websphere.ras.TraceComponent@32c26a73
    serialVersionUID = -8319003162899973281
  connCollab = class com.ibm.ws.webcontainer.collaborator.ConnectionCollaborator@2bb29400
  suppressServletExceptionLogging = false
  throwExceptionEnum = class java.util.RegularEnumSet@330f615e
    serialVersionUID = 3411599620347842686
    elements = 256
    elementType = class java.lang.Class@35cd7ff8
      ANNOTATION = 8192
      ENUM = 16384
      SYNTHETIC = 4096
      cachedConstructor = null
      newInstanceCallerCache = null
      name = "com.ibm.wsspi.webcontainer.collaborator.CollaboratorInvocationEnum"
      allPermDomain = class java.security.ProtectionDomain@115bdb80
      useCaches = true
      reflectionData = class java.lang.ref.SoftReference@393ddb5
      classRedefinedCount = 0
      genericInfo = null
      serialVersionUID = 3206093459760846163
      serialPersistentFields = class java.io.ObjectStreamField[0]
      reflectionFactory = class sun.reflect.ReflectionFactory@55cc8130
      initted = true
      enumConstants = class com.ibm.wsspi.webcontainer.collaborator.CollaboratorInvocationEnum[9]
      enumConstantDirectory = null
      annotationData = null
      annotationType = null
      classValueMap = null
    universe = class com.ibm.wsspi.webcontainer.collaborator.CollaboratorInvocationEnum[9]
      universe[0] = class com.ibm.wsspi.webcontainer.collaborator.CollaboratorInvocationEnum@1fcb007e
      universe[1] = class com.ibm.wsspi.webcontainer.collaborator.CollaboratorInvocationEnum@75196a30
      universe[2] = class com.ibm.wsspi.webcontainer.collaborator.CollaboratorInvocationEnum@6ab15b91
      universe[3] = class com.ibm.wsspi.webcontainer.collaborator.CollaboratorInvocationEnum@17e21e6
      universe[4] = class com.ibm.wsspi.webcontainer.collaborator.CollaboratorInvocationEnum@46f11947
      universe[5] = class com.ibm.wsspi.webcontainer.collaborator.CollaboratorInvocationEnum@7887b343
      universe[6] = class com.ibm.wsspi.webcontainer.collaborator.CollaboratorInvocationEnum@180a0211
      universe[7] = class com.ibm.wsspi.webcontainer.collaborator.CollaboratorInvocationEnum@688b71e7
      universe[8] = class com.ibm.wsspi.webcontainer.collaborator.CollaboratorInvocationEnum@267e6690
    ZERO_LENGTH_ENUM_ARRAY = class java.lang.Enum[0]
    MAX_ARRAY_SIZE = 2147483639
  discernUnavailableServlet = false
  reInitServletonInitUnavailableException = true
  destroyServletonServiceUnavailableException = false
  servlet23 = true
  PARAMS_HEAD_TRACE = class java.lang.Class[2]
    PARAMS_HEAD_TRACE[0] = class java.lang.Class@50f62c6
      ANNOTATION = 8192
      ENUM = 16384
      SYNTHETIC = 4096
      cachedConstructor = null
      newInstanceCallerCache = null
      name = "javax.servlet.http.HttpServletRequest"
      allPermDomain = class java.security.ProtectionDomain@115bdb80
      useCaches = true
      reflectionData = class java.lang.ref.SoftReference@fada280
      classRedefinedCount = 0
      genericInfo = class sun.reflect.generics.repository.ClassRepository@8e51185
      serialVersionUID = 3206093459760846163
      serialPersistentFields = class java.io.ObjectStreamField[0]
      reflectionFactory = class sun.reflect.ReflectionFactory@55cc8130
      initted = true
      enumConstants = null
      enumConstantDirectory = null
      annotationData = null
      annotationType = null
      classValueMap = null
    PARAMS_HEAD_TRACE[1] = class java.lang.Class@5e6b9bc5
      ANNOTATION = 8192
      ENUM = 16384
      SYNTHETIC = 4096
      cachedConstructor = null
      newInstanceCallerCache = null
      name = "javax.servlet.http.HttpServletResponse"
      allPermDomain = class java.security.ProtectionDomain@115bdb80
      useCaches = true
      reflectionData = null
      classRedefinedCount = 0
      genericInfo = null
      serialVersionUID = 3206093459760846163
      serialPersistentFields = class java.io.ObjectStreamField[0]
      reflectionFactory = class sun.reflect.ReflectionFactory@55cc8130
      initted = true
      enumConstants = null
      enumConstantDirectory = null
      annotationData = null
      annotationType = null
      classValueMap = null
  defaultHeadMethodInUse = false
  defaultTraceMethodInUse = false
  checkedForDefaultMethods = null
  defaultTraceRequestBehavior = false
  defaultHeadRequestBehavior = false
  useOriginalRequestState = false
  warningStatusSet = false
  LSTRING_FILE = "javax.servlet.LocalStrings"
  lStrings = class java.util.PropertyResourceBundle@77d6e393
    lookup = class java.util.HashMap@552d2eda
      serialVersionUID = 362498820763181265
      DEFAULT_INITIAL_CAPACITY = 16
      MAXIMUM_CAPACITY = 1073741824
      DEFAULT_LOAD_FACTOR = 0.75
      TREEIFY_THRESHOLD = 8
      UNTREEIFY_THRESHOLD = 6
      MIN_TREEIFY_CAPACITY = 64
      table = class java.util.HashMap$Node[8]
      entrySet = null
      size = 4
      modCount = 4
      threshold = 6
      loadFactor = 0.75
      keySet = null
      values = null
    INITIAL_CACHE_SIZE = 32
    NONEXISTENT_BUNDLE = class java.util.ResourceBundle$1@71421915
      INITIAL_CACHE_SIZE = 32
      NONEXISTENT_BUNDLE = class java.util.ResourceBundle$1@71421915
      cacheList = class java.util.concurrent.ConcurrentHashMap@595a7feb
      referenceQueue = class java.lang.ref.ReferenceQueue@7f122e6c
      parent = null
      locale = null
      name = null
      expired = false
      cacheKey = class java.util.ResourceBundle$CacheKey@7fe23146
      keySet = null
      providers = null
      $assertionsDisabled = true
    cacheList = class java.util.concurrent.ConcurrentHashMap@595a7feb
      serialVersionUID = 7249069246763182397
      MAXIMUM_CAPACITY = 1073741824
      DEFAULT_CAPACITY = 16
      MAX_ARRAY_SIZE = 2147483639
      DEFAULT_CONCURRENCY_LEVEL = 16
      LOAD_FACTOR = 0.75
      TREEIFY_THRESHOLD = 8
      UNTREEIFY_THRESHOLD = 6
      MIN_TREEIFY_CAPACITY = 64
      MIN_TRANSFER_STRIDE = 16
      RESIZE_STAMP_BITS = 16
      MAX_RESIZERS = 65535
      RESIZE_STAMP_SHIFT = 16
      MOVED = -1
      TREEBIN = -2
      RESERVED = -3
      HASH_BITS = 2147483647
      NCPU = 4
      serialPersistentFields = class java.io.ObjectStreamField[3]
      table = class java.util.concurrent.ConcurrentHashMap$Node[256]
      nextTable = null
      baseCount = 141
      sizeCtl = 192
      transferIndex = 0
      cellsBusy = 0
      counterCells = null
      keySet = null
      values = null
      entrySet = null
      U = class sun.misc.Unsafe@4b59d8a8
      SIZECTL = 20
      TRANSFERINDEX = 32
      BASECOUNT = 24
      CELLSBUSY = 36
      CELLVALUE = 144
      ABASE = 16
      ASHIFT = 2
      keySet = null
      values = null
    referenceQueue = class java.lang.ref.ReferenceQueue@7f122e6c
      NULL = class java.lang.ref.ReferenceQueue$Null@419c6e2a
      ENQUEUED = class java.lang.ref.ReferenceQueue$Null@38d0cdc5
      lock = class java.lang.ref.ReferenceQueue$Lock@406085e6
      head = null
      queueLength = 0
      $assertionsDisabled = true
    parent = null
    locale = class java.util.Locale@437594aa
      LOCALECACHE = class java.util.Locale$Cache@21b09e4
      ENGLISH = class java.util.Locale@40bb7622
      FRENCH = class java.util.Locale@6e4dd10b
      GERMAN = class java.util.Locale@3fdc15b
      ITALIAN = class java.util.Locale@59f3ace9
      JAPANESE = class java.util.Locale@4262db93
      KOREAN = class java.util.Locale@42a79f5d
      CHINESE = class java.util.Locale@2f3d794b
      SIMPLIFIED_CHINESE = class java.util.Locale@6bed0ca1
      TRADITIONAL_CHINESE = class java.util.Locale@3f07fc0c
      FRANCE = class java.util.Locale@4124d1c6
      GERMANY = class java.util.Locale@5170f88
      ITALY = class java.util.Locale@69c938f
      JAPAN = class java.util.Locale@67bf8cc
      KOREA = class java.util.Locale@61b6a324
      CHINA = class java.util.Locale@6bed0ca1
      PRC = class java.util.Locale@6bed0ca1
      TAIWAN = class java.util.Locale@3f07fc0c
      UK = class java.util.Locale@5ce09bd5
      US = class java.util.Locale@3e826b2d
      CANADA = class java.util.Locale@676659a9
      CANADA_FRENCH = class java.util.Locale@339d69e2
      ROOT = class java.util.Locale@437594aa
      PRIVATE_USE_EXTENSION = x
      UNICODE_LOCALE_EXTENSION = u
      serialVersionUID = 9149081749638150636
      DISPLAY_LANGUAGE = 0
      DISPLAY_COUNTRY = 1
      DISPLAY_VARIANT = 2
      DISPLAY_SCRIPT = 3
      baseLocale = class sun.util.locale.BaseLocale@7f0dec94
      localeExtensions = null
      hashCodeValue = 0
      defaultLocale = class java.util.Locale@581ad1b9
      defaultDisplayLocale = null
      defaultFormatLocale = class java.util.Locale@460da736
      languageTag = null
      serialPersistentFields = class java.io.ObjectStreamField[6]
      isoLanguages = null
      isoCountries = null
      $assertionsDisabled = true
    name = "javax.servlet.LocalStrings"
    expired = false
    cacheKey = class java.util.ResourceBundle$CacheKey@229eb760
      name = "javax.servlet.LocalStrings"
      locale = class java.util.Locale@437594aa
      loaderRef = class java.util.ResourceBundle$LoaderReference@394c5396
      format = "java.properties"
      loadTime = 0
      expirationTime = -2
      cause = null
      hashCodeCache = -291396651
    keySet = null
    providers = null
    $assertionsDisabled = true
  config = null

