------Start of DE processing------ = [11/26/17 20:18:00:442 CST]
Exception = java.lang.NoClassDefFoundError
Source = com.ibm.wsspi.injectionengine.MethodMap.getAllDeclaredMethods
probeid = 106
Stack Dump = java.lang.NoClassDefFoundError: org/jvnet/mimepull/MIMEParsingException
	at java.lang.Class.getDeclaredMethods0(Native Method)
	at java.lang.Class.privateGetDeclaredMethods(Class.java:2701)
	at java.lang.Class.getDeclaredMethods(Class.java:1975)
	at com.ibm.wsspi.injectionengine.MethodMap.getMethods(MethodMap.java:148)
	at com.ibm.wsspi.injectionengine.MethodMap.getAllDeclaredMethods(MethodMap.java:84)
	at com.ibm.ws.injectionengine.InjectionProcessorManager.getAllDeclaredMethods(InjectionProcessorManager.java:428)
	at com.ibm.ws.injectionengine.InjectionProcessorManager.processAnnotations(InjectionProcessorManager.java:230)
	at com.ibm.ws.injectionengine.AbstractInjectionEngine.processInjectionMetaData(AbstractInjectionEngine.java:513)
	at com.ibm.ws.injectionengine.osgi.internal.OSGiInjectionEngineImpl.processInjectionMetaData(OSGiInjectionEngineImpl.java:238)
	at com.ibm.ws.injectionengine.ReferenceContextImpl.processImpl(ReferenceContextImpl.java:594)
	at com.ibm.ws.injectionengine.ReferenceContextImpl.process(ReferenceContextImpl.java:289)
	at com.ibm.ws.injectionengine.osgi.internal.OSGiReferenceContextImpl.process(OSGiReferenceContextImpl.java:30)
	at com.ibm.ws.cdi.impl.weld.WebSphereCDIDeploymentImpl.initializeInjectionServices(WebSphereCDIDeploymentImpl.java:617)
	at com.ibm.ws.cdi.impl.CDIContainerImpl.applicationStarting(CDIContainerImpl.java:130)
	at com.ibm.ws.cdi.liberty.CDIRuntimeImpl.applicationStarting(CDIRuntimeImpl.java:379)
	at com.ibm.ws.container.service.state.internal.ApplicationStateManager.fireStarting(ApplicationStateManager.java:28)
	at com.ibm.ws.container.service.state.internal.StateChangeServiceImpl.fireApplicationStarting(StateChangeServiceImpl.java:50)
	at com.ibm.ws.app.manager.module.internal.DeployedAppInfoBase.preDeployApp(DeployedAppInfoBase.java:375)
	at com.ibm.ws.app.manager.module.internal.DeployedAppInfoBase.deployApp(DeployedAppInfoBase.java:402)
	at com.ibm.ws.app.manager.war.internal.WARApplicationHandlerImpl.install(WARApplicationHandlerImpl.java:65)
	at com.ibm.ws.app.manager.internal.statemachine.StartAction.execute(StartAction.java:140)
	at com.ibm.ws.app.manager.internal.statemachine.ApplicationStateMachineImpl.enterState(ApplicationStateMachineImpl.java:1258)
	at com.ibm.ws.app.manager.internal.statemachine.ApplicationStateMachineImpl.run(ApplicationStateMachineImpl.java:873)
	at java.util.concurrent.ThreadPoolExecutor.runWorker(ThreadPoolExecutor.java:1149)
	at java.util.concurrent.ThreadPoolExecutor$Worker.run(ThreadPoolExecutor.java:624)
	at java.lang.Thread.run(Thread.java:748)
Caused by: java.lang.ClassNotFoundException: org.jvnet.mimepull.MIMEParsingException
	at com.ibm.ws.classloading.internal.AppClassLoader.findClassCommonLibraryClassLoaders(AppClassLoader.java:504)
	at com.ibm.ws.classloading.internal.AppClassLoader.findClass(AppClassLoader.java:276)
	at java.lang.ClassLoader.loadClass(ClassLoader.java:424)
	at com.ibm.ws.classloading.internal.AppClassLoader.findOrDelegateLoadClass(AppClassLoader.java:482)
	at com.ibm.ws.classloading.internal.AppClassLoader.loadClass(AppClassLoader.java:443)
	at java.lang.ClassLoader.loadClass(ClassLoader.java:357)
	... 26 more

Dump of callerThis
null
==> Performing default dump from com.ibm.ws.injectionengine.ffdc.InjectionDiagnosticModule  = Sun Nov 26 20:18:00 CST 2017
 = *** Start InjectionDiagnosticModule Dump ***
 = > InjectionDiagnosticModule: dump Object array : 3
 = 
 =    Non-Formattable :
 =       > java.lang.Class@6e800cc0
 =            class org.glassfish.jersey.media.multipart.internal.MultiPartReaderClientSide
 =       > java.lang.Class@6e800cc0
 =            class org.glassfish.jersey.media.multipart.internal.MultiPartReaderClientSide
 =       > java.util.LinkedHashSet@1875dc50
 =            []
 = < InjectionDiagnosticModule: dump Object array complete
 = 
 = *** Start InjectionEngine Dump    ---> com.ibm.ws.injectionengine.osgi.internal.OSGiInjectionEngineImpl@6d89c439
 = 
 =    Default Factories : 
 =       Indirect    = com.ibm.ws.injectionengine.osgi.internal.IndirectJndiLookupReferenceFactoryImpl@6cd8d4c7
 =       ResIndirect = com.ibm.ws.injectionengine.osgi.internal.IndirectJndiLookupReferenceFactoryImpl@1a6d1afe
 =       ResRef      = com.ibm.ws.injectionengine.osgi.internal.ResRefReferenceFactoryImpl@73d974ea
 =       ResAuto     = com.ibm.ws.injectionengine.osgi.internal.ResAutoLinkReferenceFactoryImpl@50d2cea4
 =       EJBLink     = com.ibm.ws.injectionengine.osgi.internal.EJBLinkReferenceFactoryImpl@7a865695
 =       MBLink      = com.ibm.ws.injectionengine.factory.MBLinkReferenceFactoryImpl@8ce09d1
 = 
 =    Actual Factories : 
 =       com.ibm.ws.ejbcontainer.injection.factory.MBLinkReferenceFactoryImpl@30884206
 = 
 =    Registered Processors : 
 =       javax.inject.Inject : com.ibm.ws.cdi.impl.inject.InjectProcessorProvider@76e91d5d
 =       javax.ws.rs.QueryParam : com.ibm.ws.jaxrs20.component.injection.QueryParamProcessorProvider@3e93dfeb
 =       javax.ws.rs.BeanParam : com.ibm.ws.jaxrs20.component.injection.BeanParamProcessProvider@46ebd969
 =       javax.ws.rs.HeaderParam : com.ibm.ws.jaxrs20.component.injection.HeaderParamProcessorProvider@34812bc0
 =       javax.ws.rs.PathParam : com.ibm.ws.jaxrs20.component.injection.PathParamProcessorProvider@abcdbf8
 =       javax.ws.rs.core.Context : com.ibm.ws.jaxrs20.component.injection.ContextProcessorProvider@2a7031c3
 =       javax.annotation.sql.DataSourceDefinition : com.ibm.ws.injectionengine.processor.DataSourceDefinitionProcessorProvider@32c89575
 =       javax.persistence.PersistenceContext : com.ibm.ws.jpa.container.osgi.internal.JPAPCtxtProcessorProvider@f2a67c7
 =       javax.persistence.PersistenceUnit : com.ibm.ws.jpa.container.osgi.internal.JPAPUnitProcessorProvider@63a51ec1
 =       javax.annotation.Resource : com.ibm.ws.injectionengine.processor.ResourceProcessorProvider@4870d55f
 =       javax.ws.rs.CookieParam : com.ibm.ws.jaxrs20.component.injection.CookieParamProcessorProvider@3e659219
 =       javax.ejb.EJB : com.ibm.ws.ejb.injection.processor.EJBProcessorProvider@622dce4d
 =       javax.ws.rs.MatrixParam : com.ibm.ws.jaxrs20.component.injection.MatrixParamProcessorProvider@29b597df
 = 
 =    Registered Object Factories : 
 = 
 =    Registered No-Override Object Factories : 
 =       javax.annotation.Resource
 =          com.ibm.websphere.ejbcontainer.EJBContextExtension : com.ibm.ws.injectionengine.ObjectFactoryInfoImpl@6721659b[class com.ibm.ws.ejbcontainer.injection.factory.EJBContextObjectFactory, null]
 =          javax.enterprise.inject.spi.BeanManager : com.ibm.ws.cdi.jndi.liberty.BeanManagerObjectFactoryInfo@7546c63c
 =          javax.ejb.SessionContext : com.ibm.ws.injectionengine.ObjectFactoryInfoImpl@7995217f[class com.ibm.ws.ejbcontainer.injection.factory.EJBContextObjectFactory, null]
 =          javax.transaction.UserTransaction : com.ibm.ws.transaction.services.TransactionObjectFactoryInfo@7c1b4afd
 =          javax.ejb.EJBContext : com.ibm.ws.injectionengine.ObjectFactoryInfoImpl@107ae558[class com.ibm.ws.ejbcontainer.injection.factory.EJBContextObjectFactory, null]
 =          com.ibm.websphere.ejbcontainer.EntityContextExtension : com.ibm.ws.injectionengine.ObjectFactoryInfoImpl@53cea64d[class com.ibm.ws.ejbcontainer.injection.factory.EJBContextObjectFactory, null]
 =          javax.ejb.MessageDrivenContext : com.ibm.ws.injectionengine.ObjectFactoryInfoImpl@380eb92[class com.ibm.ws.ejbcontainer.injection.factory.EJBContextObjectFactory, null]
 =          com.ibm.wsspi.uow.UOWManager : com.ibm.ws.transaction.services.UOWManagerObjectFactoryInfo@25ea15bd
 =          javax.ejb.TimerService : com.ibm.ws.injectionengine.ObjectFactoryInfoImpl@62fd747d[class com.ibm.ws.ejbcontainer.injection.factory.TimerServiceObjectFactory, null]
 =          javax.validation.Validator : com.ibm.ws.beanvalidation.ValidatorObjectFactoryInfo@44275aa1
 =          javax.validation.ValidatorFactory : com.ibm.ws.beanvalidation.ValidatorFactoryObjectFactoryInfo@407fe5cc
 =          com.ibm.websphere.ejbcontainer.SessionContextExtension : com.ibm.ws.injectionengine.ObjectFactoryInfoImpl@35cd5783[class com.ibm.ws.ejbcontainer.injection.factory.EJBContextObjectFactory, null]
 =          javax.ejb.EntityContext : com.ibm.ws.injectionengine.ObjectFactoryInfoImpl@3c9a83db[class com.ibm.ws.ejbcontainer.injection.factory.EJBContextObjectFactory, null]
 =          javax.transaction.TransactionSynchronizationRegistry : com.ibm.ws.transaction.services.TransactionSynchronizationRegistryObjectFactoryInfo@429634bb
 =          com.ibm.websphere.ejbcontainer.MessageDrivenContextExtension : com.ibm.ws.injectionengine.ObjectFactoryInfoImpl@7d78e8a0[class com.ibm.ws.ejbcontainer.injection.factory.EJBContextObjectFactory, null]
 = 
 =    Registered Override Reference Factories : 
 = 
 =    Registered MetaDataListeners : 
 =       com.ibm.ws.ejbcontainer.osgi.internal.EJBRuntimeImpl@22d6c9c3
 =       com.ibm.ws.cdi.impl.CDIContainerImpl@4a3a1219
 = 
 =    isEmbeddable    : false
 = 
 = *** InjectionEngine Dump Complete ***
 = 
 = *** InjectionDiagnosticModule Dump Complete ***
+ Data for directive [Default] obtained. = 
==> Dump complete for com.ibm.ws.injectionengine.ffdc.InjectionDiagnosticModule  = Sun Nov 26 20:18:00 CST 2017
