------Start of DE processing------ = [11/26/17 20:14:47:778 CST]
Exception = java.lang.IllegalArgumentException
Source = com.ibm.ws.anno.targets.internal.AnnotationTargetsImpl_Targets
probeid = 529
Stack Dump = java.lang.IllegalArgumentException
	at org.objectweb.asm.ClassReader.<init>(Unknown Source)
	at org.objectweb.asm.ClassReader.<init>(Unknown Source)
	at org.objectweb.asm.ClassReader.<init>(Unknown Source)
	at com.ibm.ws.anno.targets.internal.AnnotationTargetsImpl_Targets.scanClass(AnnotationTargetsImpl_Targets.java:495)
	at com.ibm.ws.anno.targets.internal.AnnotationTargetsImpl_Streamer.process(AnnotationTargetsImpl_Streamer.java:88)
	at com.ibm.ws.anno.classsource.internal.ClassSourceImpl_MappedContainer.process(ClassSourceImpl_MappedContainer.java:351)
	at com.ibm.ws.anno.classsource.internal.ClassSourceImpl_MappedContainer.scanClasses(ClassSourceImpl_MappedContainer.java:283)
	at com.ibm.ws.anno.classsource.internal.ClassSourceImpl_MappedContainer.scanClasses(ClassSourceImpl_MappedContainer.java:128)
	at com.ibm.ws.anno.classsource.internal.ClassSourceImpl_Aggregate.scanClasses(ClassSourceImpl_Aggregate.java:369)
	at com.ibm.ws.anno.targets.internal.AnnotationTargetsImpl_Scanner.scanClasses(AnnotationTargetsImpl_Scanner.java:254)
	at com.ibm.ws.anno.targets.internal.AnnotationTargetsImpl_Scanner.scanDirect(AnnotationTargetsImpl_Scanner.java:216)
	at com.ibm.ws.anno.targets.internal.AnnotationTargetsImpl_Targets.doScanDirectClasses(AnnotationTargetsImpl_Targets.java:379)
	at com.ibm.ws.anno.targets.internal.AnnotationTargetsImpl_Targets.scanDirectClasses(AnnotationTargetsImpl_Targets.java:348)
	at com.ibm.ws.anno.targets.internal.AnnotationTargetsImpl_Targets.selectAnnotatedTargets(AnnotationTargetsImpl_Targets.java:1746)
	at com.ibm.ws.anno.targets.internal.AnnotationTargetsImpl_Targets.getAnnotatedClasses(AnnotationTargetsImpl_Targets.java:913)
	at com.ibm.ws.anno.targets.internal.AnnotationTargetsImpl_Targets.getAnnotatedClasses(AnnotationTargetsImpl_Targets.java:983)
	at com.ibm.ws.container.service.annotations.internal.WebAnnotationsImpl$FragmentAnnotationsImpl.selectAnnotatedClasses(WebAnnotationsImpl.java:453)
	at com.ibm.ws.webcontainer.osgi.container.config.WebAppConfiguratorHelper.configureFromAnnotations(WebAppConfiguratorHelper.java:778)
	at com.ibm.ws.webcontainer.osgi.container.config.WebAppConfigurator.configure(WebAppConfigurator.java:414)
	at com.ibm.ws.webcontainer.osgi.container.config.WebAppConfigurationAdapter.adapt(WebAppConfigurationAdapter.java:115)
	at com.ibm.ws.webcontainer.osgi.container.config.WebAppConfigurationAdapter.adapt(WebAppConfigurationAdapter.java:43)
	at com.ibm.ws.adaptable.module.internal.AdapterFactoryServiceImpl.adapt(AdapterFactoryServiceImpl.java:192)
	at com.ibm.ws.adaptable.module.internal.AdaptableContainerImpl.adapt(AdaptableContainerImpl.java:170)
	at com.ibm.ws.webcontainer.osgi.WebContainer.createModuleMetaData(WebContainer.java:820)
	at com.ibm.ws.app.manager.module.internal.ModuleHandlerBase.createModuleMetaData(ModuleHandlerBase.java:63)
	at com.ibm.ws.app.manager.module.internal.SimpleDeployedAppInfoBase$ModuleContainerInfoBase.createModuleMetaData(SimpleDeployedAppInfoBase.java:168)
	at com.ibm.ws.app.manager.module.internal.DeployedAppInfoBase.preDeployApp(DeployedAppInfoBase.java:363)
	at com.ibm.ws.app.manager.module.internal.DeployedAppInfoBase.deployApp(DeployedAppInfoBase.java:402)
	at com.ibm.ws.app.manager.war.internal.WARApplicationHandlerImpl.install(WARApplicationHandlerImpl.java:65)
	at com.ibm.ws.app.manager.internal.statemachine.StartAction.execute(StartAction.java:140)
	at com.ibm.ws.app.manager.internal.statemachine.ApplicationStateMachineImpl.enterState(ApplicationStateMachineImpl.java:1258)
	at com.ibm.ws.app.manager.internal.statemachine.ApplicationStateMachineImpl.run(ApplicationStateMachineImpl.java:873)
	at java.util.concurrent.ThreadPoolExecutor.runWorker(ThreadPoolExecutor.java:1149)
	at java.util.concurrent.ThreadPoolExecutor$Worker.run(ThreadPoolExecutor.java:624)
	at java.lang.Thread.run(Thread.java:748)

Dump of callerThis
Object type = com.ibm.ws.anno.targets.internal.AnnotationTargetsImpl_Targets
  tc = class com.ibm.websphere.ras.TraceComponent@698288be
    strings[0] = "TraceComponent[com.ibm.ws.anno.targets.internal.AnnotationTargetsImpl_Targets,class com.ibm.ws.anno.targets.internal.AnnotationTargetsImpl_Targets,[com.ibm.ws.anno],com.ibm.ws.anno.resources.internal.AnnoMessages,null]"
  CLASS_NAME = "com.ibm.ws.anno.targets.internal.AnnotationTargetsImpl_Targets"
  hashText = "AnnotationTargetsImpl_Targets@1306626225"
  factory = class com.ibm.ws.anno.targets.internal.AnnotationTargetsImpl_Factory@78c33be9
    tc = class com.ibm.websphere.ras.TraceComponent@2ee833a6
      strings[0] = "TraceComponent[com.ibm.ws.anno.targets.internal.AnnotationTargetsImpl_Factory,class com.ibm.ws.anno.targets.internal.AnnotationTargetsImpl_Factory,[com.ibm.ws.anno],com.ibm.ws.anno.resources.internal.AnnoMessages,null]"
    CLASS_NAME = "com.ibm.ws.anno.targets.internal.AnnotationTargetsImpl_Factory"
    hashText = "AnnotationTargetsImpl_Factory@1311614566"
    utilFactory = class com.ibm.ws.anno.util.internal.UtilImpl_Factory@2b0b2ba8
      tc = class com.ibm.websphere.ras.TraceComponent@32985965
      CLASS_NAME = "com.ibm.ws.anno.util.internal.UtilImpl_Factory"
      hashText = "UtilImpl_Factory@79881391"
      serialVersionUID = -7802370278509421821
    serialVersionUID = 1959719964121563663
  classSourceInternMap = class com.ibm.ws.anno.util.internal.UtilImpl_InternMap@45ab51f0
    tc = class com.ibm.websphere.ras.TraceComponent@54e9e469
    CLASS_NAME = "com.ibm.ws.anno.util.internal.UtilImpl_InternMap"
    hashText = "UtilImpl_InternMap@1075800297(class sources)"
    DEFAULT_LOG_THRESHHOLD = 4096
    logThreshHold = 4096
    factory = class com.ibm.ws.anno.util.internal.UtilImpl_Factory@2b0b2ba8
    valueType = class com.ibm.wsspi.anno.util.Util_InternMap$ValueType@2831a3c4
      VT_CLASS_RESOURCE = class com.ibm.wsspi.anno.util.Util_InternMap$ValueType@22e62b59
      VT_CLASS_REFERENCE = class com.ibm.wsspi.anno.util.Util_InternMap$ValueType@18d99f2d
      VT_CLASS_NAME = class com.ibm.wsspi.anno.util.Util_InternMap$ValueType@4bf13d15
      VT_FIELD_NAME = class com.ibm.wsspi.anno.util.Util_InternMap$ValueType@4e754de0
      VT_METHOD_NAME = class com.ibm.wsspi.anno.util.Util_InternMap$ValueType@6a74d541
      VT_OTHER = class com.ibm.wsspi.anno.util.Util_InternMap$ValueType@2831a3c4
      $VALUES = class com.ibm.wsspi.anno.util.Util_InternMap$ValueType[6]
      $$$tc$$$ = class com.ibm.websphere.ras.TraceComponent@5662cf6
      name = "VT_OTHER"
      ordinal = 5
    checkValues = false
    name = "class sources"
    internMap = class java.util.HashMap@5d502939
      serialVersionUID = 362498820763181265
      DEFAULT_INITIAL_CAPACITY = 16
      MAXIMUM_CAPACITY = 1073741824
      DEFAULT_LOAD_FACTOR = 0.75
      TREEIFY_THRESHOLD = 8
      UNTREEIFY_THRESHOLD = 6
      MIN_TREEIFY_CAPACITY = 64
      table = class java.util.HashMap$Node[16]
      entrySet = null
      size = 2
      modCount = 2
      threshold = 12
      loadFactor = 0.75
      keySet = null
      values = null
    lastReportedLength = 0
    totalLength = 49
    serialVersionUID = -5461277679491511795
  rootClassSource = class com.ibm.ws.anno.classsource.internal.ClassSourceImpl_Aggregate@6d3b1ca5
    CLASS_NAME = "com.ibm.ws.anno.classsource.internal.ClassSourceImpl_Aggregate"
    tc = class com.ibm.websphere.ras.TraceComponent@60cede40
      strings[0] = "TraceComponent[com.ibm.ws.anno.classsource.internal.ClassSourceImpl_Aggregate,class com.ibm.ws.anno.classsource.internal.ClassSourceImpl_Aggregate,[com.ibm.ws.anno],com.ibm.ws.anno.resources.internal.AnnoMessages,null]"
    openCount = 2
    successfulOpens = class java.util.ArrayList@79dcc953
      serialVersionUID = 8683452581122892189
      DEFAULT_CAPACITY = 10
      EMPTY_ELEMENTDATA = class java.lang.Object[0]
      DEFAULTCAPACITY_EMPTY_ELEMENTDATA = class java.lang.Object[0]
      elementData = class java.lang.Object[49]
      size = 38
      MAX_ARRAY_SIZE = 2147483639
      modCount = 38
      MAX_ARRAY_SIZE = 2147483639
    failedOpens = class java.util.HashSet@25193eb0
      serialVersionUID = -5024744406713321676
      map = class java.util.HashMap@154ab433
      PRESENT = class java.lang.Object@2e6331c8
      MAX_ARRAY_SIZE = 2147483639
    classSources = class java.util.ArrayList@6870aaf1
      serialVersionUID = 8683452581122892189
      DEFAULT_CAPACITY = 10
      EMPTY_ELEMENTDATA = class java.lang.Object[0]
      DEFAULTCAPACITY_EMPTY_ELEMENTDATA = class java.lang.Object[0]
      elementData = class java.lang.Object[49]
      size = 38
      MAX_ARRAY_SIZE = 2147483639
      modCount = 38
      MAX_ARRAY_SIZE = 2147483639
    classSourceNames = class java.util.HashMap@7bd9bef
      serialVersionUID = 362498820763181265
      DEFAULT_INITIAL_CAPACITY = 16
      MAXIMUM_CAPACITY = 1073741824
      DEFAULT_LOAD_FACTOR = 0.75
      TREEIFY_THRESHOLD = 8
      UNTREEIFY_THRESHOLD = 6
      MIN_TREEIFY_CAPACITY = 64
      table = class java.util.HashMap$Node[64]
      entrySet = null
      size = 38
      modCount = 38
      threshold = 48
      loadFactor = 0.75
      keySet = null
      values = null
    seedClassSources = class java.util.HashSet@18b44c1a
      serialVersionUID = -5024744406713321676
      map = class java.util.HashMap@4c30f674
      PRESENT = class java.lang.Object@2e6331c8
      MAX_ARRAY_SIZE = 2147483639
    partialClassSources = class java.util.HashSet@74341d02
      serialVersionUID = -5024744406713321676
      map = class java.util.HashMap@6bbe4da
      PRESENT = class java.lang.Object@2e6331c8
      MAX_ARRAY_SIZE = 2147483639
    excludedClassSources = class java.util.HashSet@197e1657
      serialVersionUID = -5024744406713321676
      map = class java.util.HashMap@2b2f388a
      PRESENT = class java.lang.Object@2e6331c8
      MAX_ARRAY_SIZE = 2147483639
    externalClassSources = class java.util.HashSet@72779474
      serialVersionUID = -5024744406713321676
      map = class java.util.HashMap@1cb4238d
      PRESENT = class java.lang.Object@2e6331c8
      MAX_ARRAY_SIZE = 2147483639
    totalLookups = 0
    repeatLookups = 0
    i_lookupCounts = class java.util.IdentityHashMap@4819d2bc
      DEFAULT_CAPACITY = 32
      MINIMUM_CAPACITY = 4
      MAXIMUM_CAPACITY = 536870912
      table = class java.lang.Object[64]
      size = 0
      modCount = 0
      NULL_KEY = class java.lang.Object@730ef8a6
      entrySet = null
      serialVersionUID = 8188218128353913216
      keySet = null
      values = null
    i_globalResults = class java.util.IdentityHashMap@1c111ab0
      DEFAULT_CAPACITY = 32
      MINIMUM_CAPACITY = 4
      MAXIMUM_CAPACITY = 536870912
      table = class java.lang.Object[64]
      size = 0
      modCount = 0
      NULL_KEY = class java.lang.Object@730ef8a6
      entrySet = null
      serialVersionUID = 8188218128353913216
      keySet = null
      values = null
    i_failedLookups = class java.util.IdentityHashMap@75347bcb
      DEFAULT_CAPACITY = 32
      MINIMUM_CAPACITY = 4
      MAXIMUM_CAPACITY = 536870912
      table = class java.lang.Object[64]
      size = 0
      modCount = 0
      NULL_KEY = class java.lang.Object@730ef8a6
      entrySet = null
      serialVersionUID = 8188218128353913216
      keySet = null
      values = null
    i_firstSuccesses = class java.util.IdentityHashMap@3b2e852d
      DEFAULT_CAPACITY = 32
      MINIMUM_CAPACITY = 4
      MAXIMUM_CAPACITY = 536870912
      table = class java.lang.Object[64]
      size = 0
      modCount = 0
      NULL_KEY = class java.lang.Object@730ef8a6
      entrySet = null
      serialVersionUID = 8188218128353913216
      keySet = null
      values = null
    serialVersionUID = -8573589362925818400
    tc = class com.ibm.websphere.ras.TraceComponent@f421bf3
      strings[0] = "TraceComponent[com.ibm.ws.anno.classsource.internal.ClassSourceImpl,class com.ibm.ws.anno.classsource.internal.ClassSourceImpl,[com.ibm.ws.anno],com.ibm.ws.anno.resources.internal.AnnoMessages,null]"
    CLASS_NAME = "com.ibm.ws.anno.classsource.internal.ClassSourceImpl"
    hashText = "ClassSourceImpl_Aggregate@2038001935(org.tec.datos1.messenger.webapi org.tec.datos1.messenger.webapi)"
    factory = class com.ibm.ws.anno.classsource.internal.ClassSourceImpl_Factory@29f46558
      CLASS_NAME = "com.ibm.ws.anno.classsource.internal.ClassSourceImpl_Factory"
      tc = class com.ibm.websphere.ras.TraceComponent@106476e5
      hashText = "ClassSourceImpl_Factory@110546047"
      utilFactory = class com.ibm.ws.anno.util.internal.UtilImpl_Factory@2b0b2ba8
      serialVersionUID = 1139799791871911911
    name = "org.tec.datos1.messenger.webapi org.tec.datos1.messenger.webapi"
    canonicalName = "org.tec.datos1.messenger.webapi org.tec.datos1.messenger.webapi"
    parentSource = null
    internMap = class com.ibm.ws.anno.util.internal.UtilImpl_InternMap@7f48b98e
      tc = class com.ibm.websphere.ras.TraceComponent@54e9e469
      CLASS_NAME = "com.ibm.ws.anno.util.internal.UtilImpl_InternMap"
      hashText = "UtilImpl_InternMap@1625056158(classes and packages)"
      DEFAULT_LOG_THRESHHOLD = 4096
      logThreshHold = 4096
      factory = class com.ibm.ws.anno.util.internal.UtilImpl_Factory@2b0b2ba8
      valueType = class com.ibm.wsspi.anno.util.Util_InternMap$ValueType@4bf13d15
      checkValues = false
      name = "classes and packages"
      internMap = class java.util.HashMap@7d1edd63
      lastReportedLength = 0
      totalLength = 606
      serialVersionUID = -5461277679491511795
    scanCounts = class com.ibm.ws.anno.classsource.internal.ClassSourceImpl_ScanCounts@30004ca7
      results = {10,4,0,6,0,0,4,0,0,4} /* array length = 10*/
      serialVersionUID = -8917709647280336091
      $$$tc$$$ = class com.ibm.websphere.ras.TraceComponent@1d819f79
    resourceExclusionCount = 0
    classExclusionCount = 0
    classInclusionCount = 0
    serialVersionUID = 283037046212447331
  directClassSourceCount = 37
  haveScannedDirectClasses = true
  externalClassSourceCount = 1
  haveScannedReferencedClasses = false
  classInternMap = class com.ibm.ws.anno.util.internal.UtilImpl_InternMap@3ec0c454
    tc = class com.ibm.websphere.ras.TraceComponent@54e9e469
      strings[0] = "TraceComponent[com.ibm.ws.anno.util.internal.UtilImpl_InternMap,class com.ibm.ws.anno.util.internal.UtilImpl_InternMap,[com.ibm.ws.anno],com.ibm.ws.anno.resources.internal.AnnoMessages,null]"
    CLASS_NAME = "com.ibm.ws.anno.util.internal.UtilImpl_InternMap"
    hashText = "UtilImpl_InternMap@1665929578(classes and package names)"
    DEFAULT_LOG_THRESHHOLD = 4096
    logThreshHold = 4096
    factory = class com.ibm.ws.anno.util.internal.UtilImpl_Factory@2b0b2ba8
    valueType = class com.ibm.wsspi.anno.util.Util_InternMap$ValueType@4bf13d15
      VT_CLASS_RESOURCE = class com.ibm.wsspi.anno.util.Util_InternMap$ValueType@22e62b59
      VT_CLASS_REFERENCE = class com.ibm.wsspi.anno.util.Util_InternMap$ValueType@18d99f2d
      VT_CLASS_NAME = class com.ibm.wsspi.anno.util.Util_InternMap$ValueType@4bf13d15
      VT_FIELD_NAME = class com.ibm.wsspi.anno.util.Util_InternMap$ValueType@4e754de0
      VT_METHOD_NAME = class com.ibm.wsspi.anno.util.Util_InternMap$ValueType@6a74d541
      VT_OTHER = class com.ibm.wsspi.anno.util.Util_InternMap$ValueType@2831a3c4
      $VALUES = class com.ibm.wsspi.anno.util.Util_InternMap$ValueType[6]
      $$$tc$$$ = class com.ibm.websphere.ras.TraceComponent@5662cf6
      name = "VT_CLASS_NAME"
      ordinal = 2
    checkValues = false
    name = "classes and package names"
    internMap = class java.util.HashMap@53849743
      serialVersionUID = 362498820763181265
      DEFAULT_INITIAL_CAPACITY = 16
      MAXIMUM_CAPACITY = 1073741824
      DEFAULT_LOAD_FACTOR = 0.75
      TREEIFY_THRESHOLD = 8
      UNTREEIFY_THRESHOLD = 6
      MIN_TREEIFY_CAPACITY = 64
      table = class java.util.HashMap$Node[32]
      entrySet = null
      size = 22
      modCount = 22
      threshold = 24
      loadFactor = 0.75
      keySet = null
      values = null
    lastReportedLength = 0
    totalLength = 760
    serialVersionUID = -5461277679491511795
  visitor = class com.ibm.ws.anno.targets.internal.AnnotationTargetsVisitor@6c139a7
    tc = class com.ibm.websphere.ras.TraceComponent@66ecc989
      strings[0] = "TraceComponent[com.ibm.ws.anno.targets.internal.AnnotationTargetsVisitor,class com.ibm.ws.anno.targets.internal.AnnotationTargetsVisitor,[com.ibm.ws.anno],com.ibm.ws.anno.resources.internal.AnnoMessages,null]"
    CLASS_NAME = "com.ibm.ws.anno.targets.internal.AnnotationTargetsVisitor"
    PACKAGE_INFO_CLASS_NAME = "package-info"
    hashText = "AnnotationTargetsVisitor@194821838"
    annotationTargets = class com.ibm.ws.anno.targets.internal.AnnotationTargetsImpl_Targets@7425ea6c
    isDetailEnabled = true
    i_classSourceName = "WEB-INF/lib/javax.json-api-1.1.jar"
    scanPolicy = class com.ibm.wsspi.anno.classsource.ClassSource_Aggregate$ScanPolicy@7446f0a
      SEED = class com.ibm.wsspi.anno.classsource.ClassSource_Aggregate$ScanPolicy@7446f0a
      PARTIAL = class com.ibm.wsspi.anno.classsource.ClassSource_Aggregate$ScanPolicy@362823cc
      EXCLUDED = class com.ibm.wsspi.anno.classsource.ClassSource_Aggregate$ScanPolicy@3e23c166
      EXTERNAL = class com.ibm.wsspi.anno.classsource.ClassSource_Aggregate$ScanPolicy@54aac7a0
      value = 1
      ALL_EXCEPT_EXTERNAL = 7
      $VALUES = class com.ibm.wsspi.anno.classsource.ClassSource_Aggregate$ScanPolicy[4]
      $$$tc$$$ = class com.ibm.websphere.ras.TraceComponent@212c8766
      name = "SEED"
      ordinal = 0
    scanPolicyIsExternal = false
    externalName = "module-info"
    isClass = true
    i_className = "org.tec.datos1.messenger.webapi.resources.ImageHandler"
    VISIT_ENDED_DETAIL = class com.ibm.ws.anno.targets.internal.AnnotationTargetsVisitor$VisitEnded@265dce71
      serialVersionUID = 1
      endCase = class com.ibm.ws.anno.targets.internal.AnnotationTargetsVisitor$VisitEndCase@1a977e3b
      $$$tc$$$ = class com.ibm.websphere.ras.TraceComponent@29f14db5
      serialVersionUID = -7034897190745766939
      serialVersionUID = -3387516993124229948
      serialVersionUID = -3042686055658047285
      detailMessage = null
      UNASSIGNED_STACK = class java.lang.StackTraceElement[0]
      cause = class com.ibm.ws.anno.targets.internal.AnnotationTargetsVisitor$VisitEnded@265dce71
      stackTrace = class java.lang.StackTraceElement[0]
      SUPPRESSED_SENTINEL = class java.util.Collections$UnmodifiableRandomAccessList@3bbec700
      suppressedExceptions = class java.util.Collections$UnmodifiableRandomAccessList@3bbec700
      NULL_CAUSE_MESSAGE = "Cannot suppress a null exception."
      SELF_SUPPRESSION_MESSAGE = "Self-suppression not permitted"
      CAUSE_CAPTION = "Caused by: "
      SUPPRESSED_CAPTION = "Suppressed: "
      EMPTY_THROWABLE_ARRAY = class java.lang.Throwable[0]
      $assertionsDisabled = true
    VISIT_ENDED_DUPLICATE_CLASS = class com.ibm.ws.anno.targets.internal.AnnotationTargetsVisitor$VisitEnded@33aeb5da
      serialVersionUID = 1
      endCase = class com.ibm.ws.anno.targets.internal.AnnotationTargetsVisitor$VisitEndCase@9cd78f5
      $$$tc$$$ = class com.ibm.websphere.ras.TraceComponent@29f14db5
      serialVersionUID = -7034897190745766939
      serialVersionUID = -3387516993124229948
      serialVersionUID = -3042686055658047285
      detailMessage = null
      UNASSIGNED_STACK = class java.lang.StackTraceElement[0]
      cause = class com.ibm.ws.anno.targets.internal.AnnotationTargetsVisitor$VisitEnded@33aeb5da
      stackTrace = class java.lang.StackTraceElement[0]
      SUPPRESSED_SENTINEL = class java.util.Collections$UnmodifiableRandomAccessList@3bbec700
      suppressedExceptions = class java.util.Collections$UnmodifiableRandomAccessList@3bbec700
      NULL_CAUSE_MESSAGE = "Cannot suppress a null exception."
      SELF_SUPPRESSION_MESSAGE = "Self-suppression not permitted"
      CAUSE_CAPTION = "Caused by: "
      SUPPRESSED_CAPTION = "Suppressed: "
      EMPTY_THROWABLE_ARRAY = class java.lang.Throwable[0]
      $assertionsDisabled = true
    VISIT_ENDED_CLASS_MISMATCH = class com.ibm.ws.anno.targets.internal.AnnotationTargetsVisitor$VisitEnded@10a4f8b8
      serialVersionUID = 1
      endCase = class com.ibm.ws.anno.targets.internal.AnnotationTargetsVisitor$VisitEndCase@7bba2b91
      $$$tc$$$ = class com.ibm.websphere.ras.TraceComponent@29f14db5
      serialVersionUID = -7034897190745766939
      serialVersionUID = -3387516993124229948
      serialVersionUID = -3042686055658047285
      detailMessage = null
      UNASSIGNED_STACK = class java.lang.StackTraceElement[0]
      cause = class com.ibm.ws.anno.targets.internal.AnnotationTargetsVisitor$VisitEnded@10a4f8b8
      stackTrace = class java.lang.StackTraceElement[0]
      SUPPRESSED_SENTINEL = class java.util.Collections$UnmodifiableRandomAccessList@3bbec700
      suppressedExceptions = class java.util.Collections$UnmodifiableRandomAccessList@3bbec700
      NULL_CAUSE_MESSAGE = "Cannot suppress a null exception."
      SELF_SUPPRESSION_MESSAGE = "Self-suppression not permitted"
      CAUSE_CAPTION = "Caused by: "
      SUPPRESSED_CAPTION = "Suppressed: "
      EMPTY_THROWABLE_ARRAY = class java.lang.Throwable[0]
      $assertionsDisabled = true
    VISIT_ENDED_DUPLICATE_PACKAGE = class com.ibm.ws.anno.targets.internal.AnnotationTargetsVisitor$VisitEnded@343ce999
      serialVersionUID = 1
      endCase = class com.ibm.ws.anno.targets.internal.AnnotationTargetsVisitor$VisitEndCase@41e1181d
      $$$tc$$$ = class com.ibm.websphere.ras.TraceComponent@29f14db5
      serialVersionUID = -7034897190745766939
      serialVersionUID = -3387516993124229948
      serialVersionUID = -3042686055658047285
      detailMessage = null
      UNASSIGNED_STACK = class java.lang.StackTraceElement[0]
      cause = class com.ibm.ws.anno.targets.internal.AnnotationTargetsVisitor$VisitEnded@343ce999
      stackTrace = class java.lang.StackTraceElement[0]
      SUPPRESSED_SENTINEL = class java.util.Collections$UnmodifiableRandomAccessList@3bbec700
      suppressedExceptions = class java.util.Collections$UnmodifiableRandomAccessList@3bbec700
      NULL_CAUSE_MESSAGE = "Cannot suppress a null exception."
      SELF_SUPPRESSION_MESSAGE = "Self-suppression not permitted"
      CAUSE_CAPTION = "Caused by: "
      SUPPRESSED_CAPTION = "Suppressed: "
      EMPTY_THROWABLE_ARRAY = class java.lang.Throwable[0]
      $assertionsDisabled = true
    VISIT_ENDED_PACKAGE_MISMATCH = class com.ibm.ws.anno.targets.internal.AnnotationTargetsVisitor$VisitEnded@7cda8729
      serialVersionUID = 1
      endCase = class com.ibm.ws.anno.targets.internal.AnnotationTargetsVisitor$VisitEndCase@2b198550
      $$$tc$$$ = class com.ibm.websphere.ras.TraceComponent@29f14db5
      serialVersionUID = -7034897190745766939
      serialVersionUID = -3387516993124229948
      serialVersionUID = -3042686055658047285
      detailMessage = null
      UNASSIGNED_STACK = class java.lang.StackTraceElement[0]
      cause = class com.ibm.ws.anno.targets.internal.AnnotationTargetsVisitor$VisitEnded@7cda8729
      stackTrace = class java.lang.StackTraceElement[0]
      SUPPRESSED_SENTINEL = class java.util.Collections$UnmodifiableRandomAccessList@3bbec700
      suppressedExceptions = class java.util.Collections$UnmodifiableRandomAccessList@3bbec700
      NULL_CAUSE_MESSAGE = "Cannot suppress a null exception."
      SELF_SUPPRESSION_MESSAGE = "Self-suppression not permitted"
      CAUSE_CAPTION = "Caused by: "
      SUPPRESSED_CAPTION = "Suppressed: "
      EMPTY_THROWABLE_ARRAY = class java.lang.Throwable[0]
      $assertionsDisabled = true
    fieldVisitor = class com.ibm.ws.anno.targets.internal.AnnotationTargetsVisitor$AnnoFieldVisitor@3a9cfd0d
      this$0 = class com.ibm.ws.anno.targets.internal.AnnotationTargetsVisitor@6c139a7
      serialVersionUID = 6818029444933258753
      $$$tc$$$ = class com.ibm.websphere.ras.TraceComponent@4f9b46c5
      api = 327680
      fv = null
    methodVisitor = class com.ibm.ws.anno.targets.internal.AnnotationTargetsVisitor$AnnoMethodVisitor@d4ab3de
      this$0 = class com.ibm.ws.anno.targets.internal.AnnotationTargetsVisitor@6c139a7
      serialVersionUID = 2334231598451759950
      $$$tc$$$ = class com.ibm.websphere.ras.TraceComponent@47200075
      api = 327680
      mv = null
    serialVersionUID = -3785108644137834388
    api = 327680
    cv = null
  i_unresolvedPackageNames = class java.util.IdentityHashMap@67bc46e5
    DEFAULT_CAPACITY = 32
    MINIMUM_CAPACITY = 4
    MAXIMUM_CAPACITY = 536870912
    table = class java.lang.Object[64]
      table[0] = null
      table[1] = null
      table[2] = null
      table[3] = null
      table[4] = null
      table[5] = null
      table[6] = null
      table[7] = null
      table[8] = null
      table[9] = null
      table[10] = null
      table[11] = null
      table[12] = null
      table[13] = null
      table[14] = null
      table[15] = null
      table[16] = null
      table[17] = null
      table[18] = null
      table[19] = null
      table[20] = null
      table[21] = null
      table[22] = null
      table[23] = null
      table[24] = null
      table[25] = null
      table[26] = null
      table[27] = null
      table[28] = null
      table[29] = null
      table[30] = null
      table[31] = null
      table[32] = null
      table[33] = null
      table[34] = null
      table[35] = null
      table[36] = null
      table[37] = null
      table[38] = null
      table[39] = null
      table[40] = null
      table[41] = null
      table[42] = null
      table[43] = null
      table[44] = null
      table[45] = null
      table[46] = null
      table[47] = null
      table[48] = null
      table[49] = null
      table[50] = null
      table[51] = null
      table[52] = null
      table[53] = null
      table[54] = null
      table[55] = null
      table[56] = null
      table[57] = null
      table[58] = null
      table[59] = null
      table[60] = null
      table[61] = null
      table[62] = null
      table[63] = null
    size = 0
    modCount = 0
    NULL_KEY = class java.lang.Object@730ef8a6
    entrySet = null
    serialVersionUID = 8188218128353913216
    keySet = null
    values = null
  i_scannedClassNames = class java.util.IdentityHashMap@7807af33
    DEFAULT_CAPACITY = 32
    MINIMUM_CAPACITY = 4
    MAXIMUM_CAPACITY = 536870912
    table = class java.lang.Object[64]
      table[0] = null
      table[1] = null
      table[2] = null
      table[3] = null
      table[4] = "org.tec.datos1.messenger.estructures.Network"
      table[5] = "org.tec.datos1.messenger.estructures.Network"
      table[6] = null
      table[7] = null
      table[8] = "org.tec.datos1.messenger.estructures.Edge"
      table[9] = "org.tec.datos1.messenger.estructures.Edge"
      table[10] = null
      table[11] = null
      table[12] = "org.tec.datos1.messenger.webapi.resources.ImageHandler"
      table[13] = "org.tec.datos1.messenger.webapi.resources.ImageHandler"
      table[14] = "org.tec.datos1.messenger.webapi.dto.User"
      table[15] = "org.tec.datos1.messenger.webapi.dto.User"
      table[16] = null
      table[17] = null
      table[18] = null
      table[19] = null
      table[20] = null
      table[21] = null
      table[22] = null
      table[23] = null
      table[24] = null
      table[25] = null
      table[26] = null
      table[27] = null
      table[28] = "org.tec.datos1.messenger.webapi.resources.Auth"
      table[29] = "org.tec.datos1.messenger.webapi.resources.Auth"
      table[30] = null
      table[31] = null
      table[32] = null
      table[33] = null
      table[34] = null
      table[35] = null
      table[36] = null
      table[37] = null
      table[38] = null
      table[39] = null
      table[40] = null
      table[41] = null
      table[42] = null
      table[43] = null
      table[44] = "org.tec.datos1.messenger.estructures.Arco"
      table[45] = "org.tec.datos1.messenger.estructures.Arco"
      table[46] = "org.tec.datos1.messenger.estructures.Graph"
      table[47] = "org.tec.datos1.messenger.estructures.Graph"
      table[48] = "org.tec.datos1.messenger.estructures.Cola"
      table[49] = "org.tec.datos1.messenger.estructures.Cola"
      table[50] = "org.tec.datos1.messenger.webapi.dto.Message"
      table[51] = "org.tec.datos1.messenger.webapi.dto.Message"
      table[52] = "org.tec.datos1.messenger.estructures.Vertex"
      table[53] = "org.tec.datos1.messenger.estructures.Vertex"
      table[54] = "org.tec.datos1.messenger.webapi.resources.MessageHandler"
      table[55] = "org.tec.datos1.messenger.webapi.resources.MessageHandler"
      table[56] = "org.tec.datos1.messenger.webapi.resources.MultiFileHandler"
      table[57] = "org.tec.datos1.messenger.webapi.resources.MultiFileHandler"
      table[58] = null
      table[59] = null
      table[60] = null
      table[61] = null
      table[62] = "org.tec.datos1.messenger.estructures.NodoGrafo"
      table[63] = "org.tec.datos1.messenger.estructures.NodoGrafo"
    size = 13
    modCount = 13
    NULL_KEY = class java.lang.Object@730ef8a6
    entrySet = null
    serialVersionUID = 8188218128353913216
    keySet = null
    values = null
  i_referencedClassNames = class java.util.IdentityHashMap@405d2603
    DEFAULT_CAPACITY = 32
    MINIMUM_CAPACITY = 4
    MAXIMUM_CAPACITY = 536870912
    table = class java.lang.Object[64]
      table[0] = null
      table[1] = null
      table[2] = null
      table[3] = null
      table[4] = null
      table[5] = null
      table[6] = null
      table[7] = null
      table[8] = "javax.ws.rs.GET"
      table[9] = "javax.ws.rs.GET"
      table[10] = "javax.ws.rs.POST"
      table[11] = "javax.ws.rs.POST"
      table[12] = "java.lang.Comparable"
      table[13] = "java.lang.Comparable"
      table[14] = null
      table[15] = null
      table[16] = "java.lang.Object"
      table[17] = "java.lang.Object"
      table[18] = "javax.ws.rs.Produces"
      table[19] = "javax.ws.rs.Produces"
      table[20] = null
      table[21] = null
      table[22] = null
      table[23] = null
      table[24] = null
      table[25] = null
      table[26] = null
      table[27] = null
      table[28] = "javax.ws.rs.DELETE"
      table[29] = "javax.ws.rs.DELETE"
      table[30] = null
      table[31] = null
      table[32] = "javax.ws.rs.core.Context"
      table[33] = "javax.ws.rs.core.Context"
      table[34] = null
      table[35] = null
      table[36] = null
      table[37] = null
      table[38] = null
      table[39] = null
      table[40] = null
      table[41] = null
      table[42] = "javax.ws.rs.Consumes"
      table[43] = "javax.ws.rs.Consumes"
      table[44] = null
      table[45] = null
      table[46] = null
      table[47] = null
      table[48] = null
      table[49] = null
      table[50] = null
      table[51] = null
      table[52] = null
      table[53] = null
      table[54] = null
      table[55] = null
      table[56] = null
      table[57] = null
      table[58] = "javax.ws.rs.Path"
      table[59] = "javax.ws.rs.Path"
      table[60] = null
      table[61] = null
      table[62] = null
      table[63] = null
    size = 9
    modCount = 11
    NULL_KEY = class java.lang.Object@730ef8a6
    entrySet = null
    serialVersionUID = 8188218128353913216
    keySet = null
    values = null
  i_unresolvedClassNames = class java.util.IdentityHashMap@4fde33ae
    DEFAULT_CAPACITY = 32
    MINIMUM_CAPACITY = 4
    MAXIMUM_CAPACITY = 536870912
    table = class java.lang.Object[64]
      table[0] = null
      table[1] = null
      table[2] = null
      table[3] = null
      table[4] = null
      table[5] = null
      table[6] = null
      table[7] = null
      table[8] = null
      table[9] = null
      table[10] = null
      table[11] = null
      table[12] = null
      table[13] = null
      table[14] = null
      table[15] = null
      table[16] = null
      table[17] = null
      table[18] = null
      table[19] = null
      table[20] = null
      table[21] = null
      table[22] = null
      table[23] = null
      table[24] = null
      table[25] = null
      table[26] = null
      table[27] = null
      table[28] = null
      table[29] = null
      table[30] = null
      table[31] = null
      table[32] = null
      table[33] = null
      table[34] = null
      table[35] = null
      table[36] = null
      table[37] = null
      table[38] = null
      table[39] = null
      table[40] = null
      table[41] = null
      table[42] = null
      table[43] = null
      table[44] = null
      table[45] = null
      table[46] = null
      table[47] = null
      table[48] = null
      table[49] = null
      table[50] = null
      table[51] = null
      table[52] = null
      table[53] = null
      table[54] = null
      table[55] = null
      table[56] = null
      table[57] = null
      table[58] = null
      table[59] = null
      table[60] = null
      table[61] = null
      table[62] = null
      table[63] = null
    size = 0
    modCount = 0
    NULL_KEY = class java.lang.Object@730ef8a6
    entrySet = null
    serialVersionUID = 8188218128353913216
    keySet = null
    values = null
  classSourceClassData = class com.ibm.ws.anno.util.internal.UtilImpl_BidirectionalMap@4a50dfde
    tc = class com.ibm.websphere.ras.TraceComponent@2f99c9bd
      strings[0] = "TraceComponent[com.ibm.ws.anno.util.internal.UtilImpl_BidirectionalMap,class com.ibm.ws.anno.util.internal.UtilImpl_BidirectionalMap,[com.ibm.ws.anno],com.ibm.ws.anno.resources.internal.AnnoMessages,null]"
    CLASS_NAME = "com.ibm.ws.anno.util.internal.UtilImpl_BidirectionalMap"
    hashText = "UtilImpl_BidirectionalMap@343585927(class source : class, enabled='true')"
    factory = class com.ibm.ws.anno.util.internal.UtilImpl_Factory@2b0b2ba8
    holderTag = "class source"
    heldTag = "class"
    holderInternMap = class com.ibm.ws.anno.util.internal.UtilImpl_InternMap@45ab51f0
    heldInternMap = class com.ibm.ws.anno.util.internal.UtilImpl_InternMap@3ec0c454
    isEnabled = true
    i_holderToHeldMap = class java.util.IdentityHashMap@62e1db70
      DEFAULT_CAPACITY = 32
      MINIMUM_CAPACITY = 4
      MAXIMUM_CAPACITY = 536870912
      table = class java.lang.Object[64]
      size = 1
      modCount = 1
      NULL_KEY = class java.lang.Object@730ef8a6
      entrySet = null
      serialVersionUID = 8188218128353913216
      keySet = null
      values = null
    i_heldToHoldersMap = class java.util.IdentityHashMap@28426ac
      DEFAULT_CAPACITY = 32
      MINIMUM_CAPACITY = 4
      MAXIMUM_CAPACITY = 536870912
      table = class java.lang.Object[64]
      size = 13
      modCount = 13
      NULL_KEY = class java.lang.Object@730ef8a6
      entrySet = null
      serialVersionUID = 8188218128353913216
      keySet = null
      values = null
    serialVersionUID = -5120548021685902873
  i_superclassNameMap = class java.util.IdentityHashMap@f6b9f90
    DEFAULT_CAPACITY = 32
    MINIMUM_CAPACITY = 4
    MAXIMUM_CAPACITY = 536870912
    table = class java.lang.Object[64]
      table[0] = null
      table[1] = null
      table[2] = null
      table[3] = null
      table[4] = "org.tec.datos1.messenger.estructures.Network"
      table[5] = "org.tec.datos1.messenger.estructures.Graph"
      table[6] = null
      table[7] = null
      table[8] = "org.tec.datos1.messenger.estructures.Edge"
      table[9] = "java.lang.Object"
      table[10] = null
      table[11] = null
      table[12] = "org.tec.datos1.messenger.webapi.resources.ImageHandler"
      table[13] = "java.lang.Object"
      table[14] = "org.tec.datos1.messenger.webapi.dto.User"
      table[15] = "java.lang.Object"
      table[16] = null
      table[17] = null
      table[18] = null
      table[19] = null
      table[20] = null
      table[21] = null
      table[22] = null
      table[23] = null
      table[24] = null
      table[25] = null
      table[26] = null
      table[27] = null
      table[28] = "org.tec.datos1.messenger.webapi.resources.Auth"
      table[29] = "java.lang.Object"
      table[30] = null
      table[31] = null
      table[32] = null
      table[33] = null
      table[34] = null
      table[35] = null
      table[36] = null
      table[37] = null
      table[38] = null
      table[39] = null
      table[40] = null
      table[41] = null
      table[42] = null
      table[43] = null
      table[44] = "org.tec.datos1.messenger.estructures.Arco"
      table[45] = "java.lang.Object"
      table[46] = "org.tec.datos1.messenger.estructures.Graph"
      table[47] = "java.lang.Object"
      table[48] = "org.tec.datos1.messenger.estructures.Cola"
      table[49] = "java.lang.Object"
      table[50] = "org.tec.datos1.messenger.webapi.dto.Message"
      table[51] = "java.lang.Object"
      table[52] = "org.tec.datos1.messenger.estructures.Vertex"
      table[53] = "java.lang.Object"
      table[54] = "org.tec.datos1.messenger.webapi.resources.MessageHandler"
      table[55] = "java.lang.Object"
      table[56] = "org.tec.datos1.messenger.webapi.resources.MultiFileHandler"
      table[57] = "java.lang.Object"
      table[58] = null
      table[59] = null
      table[60] = null
      table[61] = null
      table[62] = "org.tec.datos1.messenger.estructures.NodoGrafo"
      table[63] = "java.lang.Object"
    size = 13
    modCount = 13
    NULL_KEY = class java.lang.Object@730ef8a6
    entrySet = null
    serialVersionUID = 8188218128353913216
    keySet = null
    values = null
  i_interfaceNameMap = class java.util.IdentityHashMap@262fcd40
    DEFAULT_CAPACITY = 32
    MINIMUM_CAPACITY = 4
    MAXIMUM_CAPACITY = 536870912
    table = class java.lang.Object[64]
      table[0] = null
      table[1] = null
      table[2] = null
      table[3] = null
      table[4] = null
      table[5] = null
      table[6] = null
      table[7] = null
      table[8] = null
      table[9] = null
      table[10] = null
      table[11] = null
      table[12] = null
      table[13] = null
      table[14] = "org.tec.datos1.messenger.webapi.dto.User"
      table[15] = class java.lang.String[1]
      table[16] = null
      table[17] = null
      table[18] = null
      table[19] = null
      table[20] = null
      table[21] = null
      table[22] = null
      table[23] = null
      table[24] = null
      table[25] = null
      table[26] = null
      table[27] = null
      table[28] = null
      table[29] = null
      table[30] = null
      table[31] = null
      table[32] = null
      table[33] = null
      table[34] = null
      table[35] = null
      table[36] = null
      table[37] = null
      table[38] = null
      table[39] = null
      table[40] = null
      table[41] = null
      table[42] = null
      table[43] = null
      table[44] = null
      table[45] = null
      table[46] = null
      table[47] = null
      table[48] = null
      table[49] = null
      table[50] = null
      table[51] = null
      table[52] = null
      table[53] = null
      table[54] = null
      table[55] = null
      table[56] = null
      table[57] = null
      table[58] = null
      table[59] = null
      table[60] = null
      table[61] = null
      table[62] = null
      table[63] = null
    size = 1
    modCount = 1
    NULL_KEY = class java.lang.Object@730ef8a6
    entrySet = null
    serialVersionUID = 8188218128353913216
    keySet = null
    values = null
  i_allImplementersMap = null
  i_descendantsMap = null
  isDetailEnabled = true
  seedData = class com.ibm.ws.anno.targets.internal.AnnotationTargetsImpl_PolicyData@18d2c968
    targets = class com.ibm.ws.anno.targets.internal.AnnotationTargetsImpl_Targets@7425ea6c
    scanPolicy = class com.ibm.wsspi.anno.classsource.ClassSource_Aggregate$ScanPolicy@7446f0a
    i_classNames = class java.util.IdentityHashMap@5abbebd0
      DEFAULT_CAPACITY = 32
      MINIMUM_CAPACITY = 4
      MAXIMUM_CAPACITY = 536870912
      table = class java.lang.Object[64]
      size = 13
      modCount = 13
      NULL_KEY = class java.lang.Object@730ef8a6
      entrySet = null
      serialVersionUID = 8188218128353913216
      keySet = null
      values = null
    packageAnnotationData = class com.ibm.ws.anno.util.internal.UtilImpl_BidirectionalMap@2d72514b
      tc = class com.ibm.websphere.ras.TraceComponent@2f99c9bd
      CLASS_NAME = "com.ibm.ws.anno.util.internal.UtilImpl_BidirectionalMap"
      hashText = "UtilImpl_BidirectionalMap@472879476(SEED packages with annotations : annotations, enabled='true')"
      factory = class com.ibm.ws.anno.util.internal.UtilImpl_Factory@2b0b2ba8
      holderTag = "SEED packages with annotations"
      heldTag = "annotations"
      holderInternMap = class com.ibm.ws.anno.util.internal.UtilImpl_InternMap@3ec0c454
      heldInternMap = class com.ibm.ws.anno.util.internal.UtilImpl_InternMap@3ec0c454
      isEnabled = true
      i_holderToHeldMap = class java.util.IdentityHashMap@4d73212f
      i_heldToHoldersMap = class java.util.IdentityHashMap@34f4fefb
      serialVersionUID = -5120548021685902873
    classAnnotationData = class com.ibm.ws.anno.util.internal.UtilImpl_BidirectionalMap@9cf9b60
      tc = class com.ibm.websphere.ras.TraceComponent@2f99c9bd
      CLASS_NAME = "com.ibm.ws.anno.util.internal.UtilImpl_BidirectionalMap"
      hashText = "UtilImpl_BidirectionalMap@948943007(SEED class with annotations : annotations, enabled='true')"
      factory = class com.ibm.ws.anno.util.internal.UtilImpl_Factory@2b0b2ba8
      holderTag = "SEED class with annotations"
      heldTag = "annotations"
      holderInternMap = class com.ibm.ws.anno.util.internal.UtilImpl_InternMap@3ec0c454
      heldInternMap = class com.ibm.ws.anno.util.internal.UtilImpl_InternMap@3ec0c454
      isEnabled = true
      i_holderToHeldMap = class java.util.IdentityHashMap@18bc2842
      i_heldToHoldersMap = class java.util.IdentityHashMap@52c2c0d6
      serialVersionUID = -5120548021685902873
    fieldAnnotationData = class com.ibm.ws.anno.util.internal.UtilImpl_BidirectionalMap@1296cc91
      tc = class com.ibm.websphere.ras.TraceComponent@2f99c9bd
      CLASS_NAME = "com.ibm.ws.anno.util.internal.UtilImpl_BidirectionalMap"
      hashText = "UtilImpl_BidirectionalMap@768175689(SEED class with field annotations : annotations, enabled='true')"
      factory = class com.ibm.ws.anno.util.internal.UtilImpl_Factory@2b0b2ba8
      holderTag = "SEED class with field annotations"
      heldTag = "annotations"
      holderInternMap = class com.ibm.ws.anno.util.internal.UtilImpl_InternMap@3ec0c454
      heldInternMap = class com.ibm.ws.anno.util.internal.UtilImpl_InternMap@3ec0c454
      isEnabled = true
      i_holderToHeldMap = class java.util.IdentityHashMap@76d43f4
      i_heldToHoldersMap = class java.util.IdentityHashMap@3a78a0df
      serialVersionUID = -5120548021685902873
    methodAnnotationData = class com.ibm.ws.anno.util.internal.UtilImpl_BidirectionalMap@17f65078
      tc = class com.ibm.websphere.ras.TraceComponent@2f99c9bd
      CLASS_NAME = "com.ibm.ws.anno.util.internal.UtilImpl_BidirectionalMap"
      hashText = "UtilImpl_BidirectionalMap@1994657209(SEED class with method annotations : annotations, enabled='true')"
      factory = class com.ibm.ws.anno.util.internal.UtilImpl_Factory@2b0b2ba8
      holderTag = "SEED class with method annotations"
      heldTag = "annotations"
      holderInternMap = class com.ibm.ws.anno.util.internal.UtilImpl_InternMap@3ec0c454
      heldInternMap = class com.ibm.ws.anno.util.internal.UtilImpl_InternMap@3ec0c454
      isEnabled = true
      i_holderToHeldMap = class java.util.IdentityHashMap@783177a6
      i_heldToHoldersMap = class java.util.IdentityHashMap@645670ea
      serialVersionUID = -5120548021685902873
    serialVersionUID = -5030791898751345539
    $$$tc$$$ = class com.ibm.websphere.ras.TraceComponent@5db0c8c9
  partialData = class com.ibm.ws.anno.targets.internal.AnnotationTargetsImpl_PolicyData@54b05b83
    targets = class com.ibm.ws.anno.targets.internal.AnnotationTargetsImpl_Targets@7425ea6c
    scanPolicy = class com.ibm.wsspi.anno.classsource.ClassSource_Aggregate$ScanPolicy@362823cc
      SEED = class com.ibm.wsspi.anno.classsource.ClassSource_Aggregate$ScanPolicy@7446f0a
      PARTIAL = class com.ibm.wsspi.anno.classsource.ClassSource_Aggregate$ScanPolicy@362823cc
      EXCLUDED = class com.ibm.wsspi.anno.classsource.ClassSource_Aggregate$ScanPolicy@3e23c166
      EXTERNAL = class com.ibm.wsspi.anno.classsource.ClassSource_Aggregate$ScanPolicy@54aac7a0
      value = 2
      ALL_EXCEPT_EXTERNAL = 7
      $VALUES = class com.ibm.wsspi.anno.classsource.ClassSource_Aggregate$ScanPolicy[4]
      $$$tc$$$ = class com.ibm.websphere.ras.TraceComponent@212c8766
      name = "PARTIAL"
      ordinal = 1
    i_classNames = class java.util.IdentityHashMap@40ad66b6
      DEFAULT_CAPACITY = 32
      MINIMUM_CAPACITY = 4
      MAXIMUM_CAPACITY = 536870912
      table = class java.lang.Object[64]
      size = 0
      modCount = 0
      NULL_KEY = class java.lang.Object@730ef8a6
      entrySet = null
      serialVersionUID = 8188218128353913216
      keySet = null
      values = null
    packageAnnotationData = class com.ibm.ws.anno.util.internal.UtilImpl_BidirectionalMap@1ede32bc
      tc = class com.ibm.websphere.ras.TraceComponent@2f99c9bd
      CLASS_NAME = "com.ibm.ws.anno.util.internal.UtilImpl_BidirectionalMap"
      hashText = "UtilImpl_BidirectionalMap@371234336(PARTIAL packages with annotations : annotations, enabled='true')"
      factory = class com.ibm.ws.anno.util.internal.UtilImpl_Factory@2b0b2ba8
      holderTag = "PARTIAL packages with annotations"
      heldTag = "annotations"
      holderInternMap = class com.ibm.ws.anno.util.internal.UtilImpl_InternMap@3ec0c454
      heldInternMap = class com.ibm.ws.anno.util.internal.UtilImpl_InternMap@3ec0c454
      isEnabled = true
      i_holderToHeldMap = class java.util.IdentityHashMap@7679fc36
      i_heldToHoldersMap = class java.util.IdentityHashMap@546ddd1d
      serialVersionUID = -5120548021685902873
    classAnnotationData = class com.ibm.ws.anno.util.internal.UtilImpl_BidirectionalMap@1cdf1872
      tc = class com.ibm.websphere.ras.TraceComponent@2f99c9bd
      CLASS_NAME = "com.ibm.ws.anno.util.internal.UtilImpl_BidirectionalMap"
      hashText = "UtilImpl_BidirectionalMap@1395564347(PARTIAL class with annotations : annotations, enabled='true')"
      factory = class com.ibm.ws.anno.util.internal.UtilImpl_Factory@2b0b2ba8
      holderTag = "PARTIAL class with annotations"
      heldTag = "annotations"
      holderInternMap = class com.ibm.ws.anno.util.internal.UtilImpl_InternMap@3ec0c454
      heldInternMap = class com.ibm.ws.anno.util.internal.UtilImpl_InternMap@3ec0c454
      isEnabled = true
      i_holderToHeldMap = class java.util.IdentityHashMap@3f4eaf4c
      i_heldToHoldersMap = class java.util.IdentityHashMap@6d772b47
      serialVersionUID = -5120548021685902873
    fieldAnnotationData = class com.ibm.ws.anno.util.internal.UtilImpl_BidirectionalMap@6b1e7e66
      tc = class com.ibm.websphere.ras.TraceComponent@2f99c9bd
      CLASS_NAME = "com.ibm.ws.anno.util.internal.UtilImpl_BidirectionalMap"
      hashText = "UtilImpl_BidirectionalMap@896731185(PARTIAL class with field annotations : annotations, enabled='true')"
      factory = class com.ibm.ws.anno.util.internal.UtilImpl_Factory@2b0b2ba8
      holderTag = "PARTIAL class with field annotations"
      heldTag = "annotations"
      holderInternMap = class com.ibm.ws.anno.util.internal.UtilImpl_InternMap@3ec0c454
      heldInternMap = class com.ibm.ws.anno.util.internal.UtilImpl_InternMap@3ec0c454
      isEnabled = true
      i_holderToHeldMap = class java.util.IdentityHashMap@692c00c7
      i_heldToHoldersMap = class java.util.IdentityHashMap@1e668868
      serialVersionUID = -5120548021685902873
    methodAnnotationData = class com.ibm.ws.anno.util.internal.UtilImpl_BidirectionalMap@40ad3d65
      tc = class com.ibm.websphere.ras.TraceComponent@2f99c9bd
      CLASS_NAME = "com.ibm.ws.anno.util.internal.UtilImpl_BidirectionalMap"
      hashText = "UtilImpl_BidirectionalMap@1672237795(PARTIAL class with method annotations : annotations, enabled='true')"
      factory = class com.ibm.ws.anno.util.internal.UtilImpl_Factory@2b0b2ba8
      holderTag = "PARTIAL class with method annotations"
      heldTag = "annotations"
      holderInternMap = class com.ibm.ws.anno.util.internal.UtilImpl_InternMap@3ec0c454
      heldInternMap = class com.ibm.ws.anno.util.internal.UtilImpl_InternMap@3ec0c454
      isEnabled = true
      i_holderToHeldMap = class java.util.IdentityHashMap@3cceac5b
      i_heldToHoldersMap = class java.util.IdentityHashMap@12893192
      serialVersionUID = -5120548021685902873
    serialVersionUID = -5030791898751345539
    $$$tc$$$ = class com.ibm.websphere.ras.TraceComponent@5db0c8c9
  excludedData = class com.ibm.ws.anno.targets.internal.AnnotationTargetsImpl_PolicyData@774d99a
    targets = class com.ibm.ws.anno.targets.internal.AnnotationTargetsImpl_Targets@7425ea6c
    scanPolicy = class com.ibm.wsspi.anno.classsource.ClassSource_Aggregate$ScanPolicy@3e23c166
      SEED = class com.ibm.wsspi.anno.classsource.ClassSource_Aggregate$ScanPolicy@7446f0a
      PARTIAL = class com.ibm.wsspi.anno.classsource.ClassSource_Aggregate$ScanPolicy@362823cc
      EXCLUDED = class com.ibm.wsspi.anno.classsource.ClassSource_Aggregate$ScanPolicy@3e23c166
      EXTERNAL = class com.ibm.wsspi.anno.classsource.ClassSource_Aggregate$ScanPolicy@54aac7a0
      value = 4
      ALL_EXCEPT_EXTERNAL = 7
      $VALUES = class com.ibm.wsspi.anno.classsource.ClassSource_Aggregate$ScanPolicy[4]
      $$$tc$$$ = class com.ibm.websphere.ras.TraceComponent@212c8766
      name = "EXCLUDED"
      ordinal = 2
    i_classNames = class java.util.IdentityHashMap@5275b789
      DEFAULT_CAPACITY = 32
      MINIMUM_CAPACITY = 4
      MAXIMUM_CAPACITY = 536870912
      table = class java.lang.Object[64]
      size = 0
      modCount = 0
      NULL_KEY = class java.lang.Object@730ef8a6
      entrySet = null
      serialVersionUID = 8188218128353913216
      keySet = null
      values = null
    packageAnnotationData = class com.ibm.ws.anno.util.internal.UtilImpl_BidirectionalMap@71675a2d
      tc = class com.ibm.websphere.ras.TraceComponent@2f99c9bd
      CLASS_NAME = "com.ibm.ws.anno.util.internal.UtilImpl_BidirectionalMap"
      hashText = "UtilImpl_BidirectionalMap@1898924320(EXCLUDED packages with annotations : annotations, enabled='true')"
      factory = class com.ibm.ws.anno.util.internal.UtilImpl_Factory@2b0b2ba8
      holderTag = "EXCLUDED packages with annotations"
      heldTag = "annotations"
      holderInternMap = class com.ibm.ws.anno.util.internal.UtilImpl_InternMap@3ec0c454
      heldInternMap = class com.ibm.ws.anno.util.internal.UtilImpl_InternMap@3ec0c454
      isEnabled = true
      i_holderToHeldMap = class java.util.IdentityHashMap@19f70365
      i_heldToHoldersMap = class java.util.IdentityHashMap@58b959
      serialVersionUID = -5120548021685902873
    classAnnotationData = class com.ibm.ws.anno.util.internal.UtilImpl_BidirectionalMap@16edecd
      tc = class com.ibm.websphere.ras.TraceComponent@2f99c9bd
      CLASS_NAME = "com.ibm.ws.anno.util.internal.UtilImpl_BidirectionalMap"
      hashText = "UtilImpl_BidirectionalMap@1457506169(EXCLUDED class with annotations : annotations, enabled='true')"
      factory = class com.ibm.ws.anno.util.internal.UtilImpl_Factory@2b0b2ba8
      holderTag = "EXCLUDED class with annotations"
      heldTag = "annotations"
      holderInternMap = class com.ibm.ws.anno.util.internal.UtilImpl_InternMap@3ec0c454
      heldInternMap = class com.ibm.ws.anno.util.internal.UtilImpl_InternMap@3ec0c454
      isEnabled = true
      i_holderToHeldMap = class java.util.IdentityHashMap@977359b
      i_heldToHoldersMap = class java.util.IdentityHashMap@443c7572
      serialVersionUID = -5120548021685902873
    fieldAnnotationData = class com.ibm.ws.anno.util.internal.UtilImpl_BidirectionalMap@21e60777
      tc = class com.ibm.websphere.ras.TraceComponent@2f99c9bd
      CLASS_NAME = "com.ibm.ws.anno.util.internal.UtilImpl_BidirectionalMap"
      hashText = "UtilImpl_BidirectionalMap@2076208915(EXCLUDED class with field annotations : annotations, enabled='true')"
      factory = class com.ibm.ws.anno.util.internal.UtilImpl_Factory@2b0b2ba8
      holderTag = "EXCLUDED class with field annotations"
      heldTag = "annotations"
      holderInternMap = class com.ibm.ws.anno.util.internal.UtilImpl_InternMap@3ec0c454
      heldInternMap = class com.ibm.ws.anno.util.internal.UtilImpl_InternMap@3ec0c454
      isEnabled = true
      i_holderToHeldMap = class java.util.IdentityHashMap@2b6c2208
      i_heldToHoldersMap = class java.util.IdentityHashMap@e6a77a8
      serialVersionUID = -5120548021685902873
    methodAnnotationData = class com.ibm.ws.anno.util.internal.UtilImpl_BidirectionalMap@5e50253d
      tc = class com.ibm.websphere.ras.TraceComponent@2f99c9bd
      CLASS_NAME = "com.ibm.ws.anno.util.internal.UtilImpl_BidirectionalMap"
      hashText = "UtilImpl_BidirectionalMap@2054816194(EXCLUDED class with method annotations : annotations, enabled='true')"
      factory = class com.ibm.ws.anno.util.internal.UtilImpl_Factory@2b0b2ba8
      holderTag = "EXCLUDED class with method annotations"
      heldTag = "annotations"
      holderInternMap = class com.ibm.ws.anno.util.internal.UtilImpl_InternMap@3ec0c454
      heldInternMap = class com.ibm.ws.anno.util.internal.UtilImpl_InternMap@3ec0c454
      isEnabled = true
      i_holderToHeldMap = class java.util.IdentityHashMap@5c317fa
      i_heldToHoldersMap = class java.util.IdentityHashMap@20804ec8
      serialVersionUID = -5120548021685902873
    serialVersionUID = -5030791898751345539
    $$$tc$$$ = class com.ibm.websphere.ras.TraceComponent@5db0c8c9
      strings[0] = "TraceComponent[com.ibm.ws.anno.targets.internal.AnnotationTargetsImpl_PolicyData,class com.ibm.ws.anno.targets.internal.AnnotationTargetsImpl_PolicyData,[com.ibm.ws.anno],com.ibm.ws.anno.resources.internal.AnnoMessages,null]"
  externalData = class com.ibm.ws.anno.targets.internal.AnnotationTargetsImpl_PolicyData@5f6951f9
    targets = class com.ibm.ws.anno.targets.internal.AnnotationTargetsImpl_Targets@7425ea6c
    scanPolicy = class com.ibm.wsspi.anno.classsource.ClassSource_Aggregate$ScanPolicy@54aac7a0
      SEED = class com.ibm.wsspi.anno.classsource.ClassSource_Aggregate$ScanPolicy@7446f0a
      PARTIAL = class com.ibm.wsspi.anno.classsource.ClassSource_Aggregate$ScanPolicy@362823cc
      EXCLUDED = class com.ibm.wsspi.anno.classsource.ClassSource_Aggregate$ScanPolicy@3e23c166
      EXTERNAL = class com.ibm.wsspi.anno.classsource.ClassSource_Aggregate$ScanPolicy@54aac7a0
      value = 8
      ALL_EXCEPT_EXTERNAL = 7
      $VALUES = class com.ibm.wsspi.anno.classsource.ClassSource_Aggregate$ScanPolicy[4]
      $$$tc$$$ = class com.ibm.websphere.ras.TraceComponent@212c8766
      name = "EXTERNAL"
      ordinal = 3
    i_classNames = class java.util.IdentityHashMap@222f18a5
      DEFAULT_CAPACITY = 32
      MINIMUM_CAPACITY = 4
      MAXIMUM_CAPACITY = 536870912
      table = class java.lang.Object[64]
      size = 0
      modCount = 0
      NULL_KEY = class java.lang.Object@730ef8a6
      entrySet = null
      serialVersionUID = 8188218128353913216
      keySet = null
      values = null
    packageAnnotationData = class com.ibm.ws.anno.util.internal.UtilImpl_BidirectionalMap@26e01f8e
      tc = class com.ibm.websphere.ras.TraceComponent@2f99c9bd
      CLASS_NAME = "com.ibm.ws.anno.util.internal.UtilImpl_BidirectionalMap"
      hashText = "UtilImpl_BidirectionalMap@1905730020(EXTERNAL packages with annotations : annotations, enabled='true')"
      factory = class com.ibm.ws.anno.util.internal.UtilImpl_Factory@2b0b2ba8
      holderTag = "EXTERNAL packages with annotations"
      heldTag = "annotations"
      holderInternMap = class com.ibm.ws.anno.util.internal.UtilImpl_InternMap@3ec0c454
      heldInternMap = class com.ibm.ws.anno.util.internal.UtilImpl_InternMap@3ec0c454
      isEnabled = true
      i_holderToHeldMap = class java.util.IdentityHashMap@7702e073
      i_heldToHoldersMap = class java.util.IdentityHashMap@367838a2
      serialVersionUID = -5120548021685902873
    classAnnotationData = class com.ibm.ws.anno.util.internal.UtilImpl_BidirectionalMap@48b7d89f
      tc = class com.ibm.websphere.ras.TraceComponent@2f99c9bd
      CLASS_NAME = "com.ibm.ws.anno.util.internal.UtilImpl_BidirectionalMap"
      hashText = "UtilImpl_BidirectionalMap@1499190432(EXTERNAL class with annotations : annotations, enabled='true')"
      factory = class com.ibm.ws.anno.util.internal.UtilImpl_Factory@2b0b2ba8
      holderTag = "EXTERNAL class with annotations"
      heldTag = "annotations"
      holderInternMap = class com.ibm.ws.anno.util.internal.UtilImpl_InternMap@3ec0c454
      heldInternMap = class com.ibm.ws.anno.util.internal.UtilImpl_InternMap@3ec0c454
      isEnabled = true
      i_holderToHeldMap = class java.util.IdentityHashMap@7cd9aa0e
      i_heldToHoldersMap = class java.util.IdentityHashMap@fbd455b
      serialVersionUID = -5120548021685902873
    fieldAnnotationData = class com.ibm.ws.anno.util.internal.UtilImpl_BidirectionalMap@4aa281ee
      tc = class com.ibm.websphere.ras.TraceComponent@2f99c9bd
      CLASS_NAME = "com.ibm.ws.anno.util.internal.UtilImpl_BidirectionalMap"
      hashText = "UtilImpl_BidirectionalMap@555450479(EXTERNAL class with field annotations : annotations, enabled='true')"
      factory = class com.ibm.ws.anno.util.internal.UtilImpl_Factory@2b0b2ba8
      holderTag = "EXTERNAL class with field annotations"
      heldTag = "annotations"
      holderInternMap = class com.ibm.ws.anno.util.internal.UtilImpl_InternMap@3ec0c454
      heldInternMap = class com.ibm.ws.anno.util.internal.UtilImpl_InternMap@3ec0c454
      isEnabled = true
      i_holderToHeldMap = class java.util.IdentityHashMap@493d717d
      i_heldToHoldersMap = class java.util.IdentityHashMap@1263dc69
      serialVersionUID = -5120548021685902873
    methodAnnotationData = class com.ibm.ws.anno.util.internal.UtilImpl_BidirectionalMap@1012422f
      tc = class com.ibm.websphere.ras.TraceComponent@2f99c9bd
      CLASS_NAME = "com.ibm.ws.anno.util.internal.UtilImpl_BidirectionalMap"
      hashText = "UtilImpl_BidirectionalMap@197517727(EXTERNAL class with method annotations : annotations, enabled='true')"
      factory = class com.ibm.ws.anno.util.internal.UtilImpl_Factory@2b0b2ba8
      holderTag = "EXTERNAL class with method annotations"
      heldTag = "annotations"
      holderInternMap = class com.ibm.ws.anno.util.internal.UtilImpl_InternMap@3ec0c454
      heldInternMap = class com.ibm.ws.anno.util.internal.UtilImpl_InternMap@3ec0c454
      isEnabled = true
      i_holderToHeldMap = class java.util.IdentityHashMap@70f45cc3
      i_heldToHoldersMap = class java.util.IdentityHashMap@2930fb33
      serialVersionUID = -5120548021685902873
    serialVersionUID = -5030791898751345539
    $$$tc$$$ = class com.ibm.websphere.ras.TraceComponent@5db0c8c9
  serialVersionUID = -3049218285772143434

Dump of objectArray[0]
Object type = java.lang.String
  String value = "WEB-INF/lib/javax.json-api-1.1.jar"

Dump of objectArray[1]
Object type = java.lang.String
  String value = "module-info"

Dump of objectArray[2]
Object type = com.ibm.ws.artifact.zip.internal.ZipFileEntry$1
  isClosed = false
  val$zfh = class com.ibm.ws.artifact.zip.cache.internal.ZipFileHandleImpl@7dfb372a
    tc = class com.ibm.websphere.ras.TraceComponent@e0bd80b
      strings[0] = "TraceComponent[com.ibm.ws.artifact.zip.cache.internal.ZipFileHandleImpl,class com.ibm.ws.artifact.zip.cache.internal.ZipFileHandleImpl,[archive.artifact],,null]"
    path = "/Users/Jai/Library/Mobile Documents/com~apple~CloudDocs/Datos I/TEC Messenger/org.tec.datos1.messenger.webapi/WebContent/WEB-INF/lib/javax.json-api-1.1.jar"
    file = class java.io.File@50a9f8dc
      fs = class java.io.UnixFileSystem@796b0e8e
      path = "/Users/Jai/Library/Mobile Documents/com~apple~CloudDocs/Datos I/TEC Messenger/org.tec.datos1.messenger.webapi/WebContent/WEB-INF/lib/javax.json-api-1.1.jar"
      status = class java.io.File$PathStatus@5439aad5
      prefixLength = 1
      separatorChar = /
      separator = "/"
      pathSeparatorChar = :
      pathSeparator = ":"
      PATH_OFFSET = 16
      PREFIX_LENGTH_OFFSET = 12
      UNSAFE = class sun.misc.Unsafe@f6fa3f2
      serialVersionUID = 301077366599181567
      filePath = null
      $assertionsDisabled = true
    zipFile = class java.util.zip.ZipFile@78d3da4c
      jzfile = 140561347967280
      name = "/Users/Jai/Library/Mobile Documents/com~apple~CloudDocs/Datos I/TEC Messenger/org.tec.datos1.messenger.webapi/WebContent/WEB-INF/lib/javax.json-api-1.1.jar"
      total = 44
      locsig = true
      closeRequested = false
      STORED = 0
      DEFLATED = 8
      OPEN_READ = 1
      OPEN_DELETE = 4
      usemmap = true
      ensuretrailingslash = true
      zc = class java.util.zip.ZipCoder@72d67a3e
      streams = class java.util.WeakHashMap@6743024d
      inflaterCache = class java.util.ArrayDeque@2b3d0444
      JZENTRY_NAME = 0
      JZENTRY_EXTRA = 1
      JZENTRY_COMMENT = 2
    refs = 2
    MAX_CACHE_ENTRY_SIZE = 8192
    MAX_CACHE_ENTRIES = 16
    dataCache = class java.util.Collections$SynchronizedMap@c354ab4
      serialVersionUID = 1978198479659022715
      m = class com.ibm.ws.artifact.zip.cache.internal.CacheHashMap@68217c03
      mutex = class java.util.Collections$SynchronizedMap@c354ab4
      keySet = null
      entrySet = null
      values = null
    serialVersionUID = 4311869427952196216
  this$0 = class com.ibm.ws.artifact.zip.internal.ZipFileEntry@5ed23d67
    tc = class com.ibm.websphere.ras.TraceComponent@60da12e6
      strings[0] = "TraceComponent[com.ibm.ws.artifact.zip.internal.ZipFileEntry,class com.ibm.ws.artifact.zip.internal.ZipFileEntry,[archive.artifact.zip],com.ibm.ws.artifact.zip.internal.resources.ZipArtifactMessages,null]"
    enclosingContainer = class com.ibm.ws.artifact.zip.internal.ZipFileContainer@51ba384b
      tc = class com.ibm.websphere.ras.TraceComponent@456f5b7e
      containerFactoryHolder = class com.ibm.ws.artifact.zip.internal.ZipFileContainerFactory@3c350053
      parent = class com.ibm.ws.artifact.loose.internal.LooseContainer@63edd4a5
      thisInParent = class com.ibm.ws.artifact.loose.internal.LooseEntry@7a1ba50f
      cacheLocks = class java.util.concurrent.ConcurrentHashMap@819e98d
      archiveFile = class java.io.File@3ccd0fe1
      cacheDir = class java.io.File@57fd8654
      zipFileHandle = class com.ibm.ws.artifact.zip.cache.internal.ZipFileHandleImpl@7dfb372a
      isRoot = true
      allEntries = class java.util.TreeMap@aab38dc
      fastModeLock = class com.ibm.ws.artifact.zip.internal.ZipFileContainer$FastModeLock@5a3838f2
      fastModeCount = 1
      artifactNotifier = class com.ibm.ws.artifact.zip.internal.ZipFileArtifactNotifier@7daccd67
      serialVersionUID = -6615880763070944999
    zipEntry = class java.util.zip.ZipEntry@2edf53ed
      name = "module-info.class"
      xdostime = 1253225806
      mtime = null
      atime = null
      ctime = null
      crc = 249453486
      size = 267
      csize = 179
      method = 8
      flag = 2056
      extra = null
      comment = null
      STORED = 0
      DEFLATED = 8
      DOSTIME_BEFORE_1980 = 2162688
      UPPER_DOSTIME_BOUND = 4036608000000
    rootContainer = class com.ibm.ws.artifact.zip.internal.ZipFileContainer@51ba384b
    allEntries = class java.util.TreeMap@aab38dc
      comparator = class com.ibm.wsspi.kernel.service.utils.PathUtils$PathComparator@1aaebf98
      root = class java.util.TreeMap$Entry@1728e5f
      size = 44
      modCount = 44
      entrySet = null
      navigableKeySet = null
      descendingMap = null
      UNBOUNDED = class java.lang.Object@4bb0e049
      RED = false
      BLACK = true
      serialVersionUID = 919286545866124006
      keySet = null
      values = null
    name = "module-info.class"
    path = "/module-info.class"
    archiveFile = class java.io.File@3ccd0fe1
      fs = class java.io.UnixFileSystem@796b0e8e
      path = "/Users/Jai/Library/Mobile Documents/com~apple~CloudDocs/Datos I/TEC Messenger/org.tec.datos1.messenger.webapi/WebContent/WEB-INF/lib/javax.json-api-1.1.jar"
      status = class java.io.File$PathStatus@5439aad5
      prefixLength = 1
      separatorChar = /
      separator = "/"
      pathSeparatorChar = :
      pathSeparator = ":"
      PATH_OFFSET = 16
      PREFIX_LENGTH_OFFSET = 12
      UNSAFE = class sun.misc.Unsafe@f6fa3f2
      serialVersionUID = 301077366599181567
      filePath = null
      $assertionsDisabled = true
    containerFactoryHolder = class com.ibm.ws.artifact.zip.internal.ZipFileContainerFactory@3c350053
      tc = class com.ibm.websphere.ras.TraceComponent@6a49a5b0
      containerFactory = class com.ibm.ws.artifact.internal.ArtifactContainerFactoryService@7b5ac4a2
      zipCachingService = class com.ibm.ws.artifact.zip.cache.internal.ZipCachingServiceImpl@18f87eae
      ctx = class org.eclipse.osgi.internal.framework.BundleContextImpl@302fd192
      classLoadingConfiguration = class com.ibm.ws.classloading.configuration.GlobalClassloadingConfiguration@5d020e6e
      serialVersionUID = -1724155493620242578
    serialVersionUID = 3109383957899493457
  serialVersionUID = 1660468942746005464
  $$$tc$$$ = class com.ibm.websphere.ras.TraceComponent@3a105e8b
    strings[0] = "TraceComponent[com.ibm.ws.artifact.zip.internal.ZipFileEntry$1,class com.ibm.ws.artifact.zip.internal.ZipFileEntry$1,[archive.artifact.zip],com.ibm.ws.artifact.zip.internal.resources.ZipArtifactMessages,null]"
  in = class java.util.zip.ZipFile$ZipFileInflaterInputStream@5d1bac2f
    closeRequested = false
    eof = false
    zfin = class java.util.zip.ZipFile$ZipFileInputStream@45e0d155
      zfisCloseRequested = true
      jzentry = 0
      pos = 179
      rem = 0
      size = 267
      this$0 = class java.util.zip.ZipFile@78d3da4c
      MAX_SKIP_BUFFER_SIZE = 2048
    this$0 = class java.util.zip.ZipFile@78d3da4c
    inf = class java.util.zip.Inflater@14260ec4
      zsRef = class java.util.zip.ZStreamRef@6ff96696
      buf = {85,78,75,14,-126,64,12,125,85,20,-63,31,8,59,111,96,2,-84,92,120,1,23,38,38,38,-98,96,-108,49,-127,0,99,64,-120,75,-49,-27,-62,3,120,40,-29,48,74,-60,54,105,95,95,-33,107,-6,124,-35,31,0,-106,112,116,-116,8,-26,94,-108,-7,-111,-81,-93,-124,19,-84,84,-124,101,-62,-67,40,59,9,63,102,21,35,-12,-73,-118,114,48,118,48,33,104,43,-113,51,23,83,23,-106,11,91,-57,-116,48,108,-103,8,70,109,-13,-29,66,100,13,62,-80,66,-98,54,107,124,13,62,-117,-55,111,8,-118,115,68,-80,-37,-60,37,-25,44,37,-52,-1,69,-63,70,-126,93,46,-86,40,-28,-7,13,32,52,-47,-111,89,-41,46,52,-39,23,-24,41,86,-66,46,85,-70,100,7,106,54,84,53,-65,30,-7,54,-16,6,0,0,0,0,0,0,0,0,0,0,0,0,0,0,0,0,0,0,0,0,0,0,0,0,0,0,0,0,0,0,0,0,0,0,0,0,0,0,0,0,0,0,0,0,0,0,0,0,0,0,0,0,0,0,0,0,0,0,0,0,0,0,0,0,0,0,0,0,0,0,0,0,0,0,0,0,0,0,0,0,0,0,0,0,0,0,0,0,0,0} /* array length = 269*/
      off = 179
      len = 0
      finished = true
      needDict = false
      bytesRead = 179
      bytesWritten = 267
      defaultBuf = {} /* array length = 0*/
      $assertionsDisabled = true
    buf = {85,78,75,14,-126,64,12,125,85,20,-63,31,8,59,111,96,2,-84,92,120,1,23,38,38,38,-98,96,-108,49,-127,0,99,64,-120,75,-49,-27,-62,3,120,40,-29,48,74,-60,54,105,95,95,-33,107,-6,124,-35,31,0,-106,112,116,-116,8,-26,94,-108,-7,-111,-81,-93,-124,19,-84,84,-124,101,-62,-67,40,59,9,63,102,21,35,-12,-73,-118,114,48,118,48,33,104,43,-113,51,23,83,23,-106,11,91,-57,-116,48,108,-103,8,70,109,-13,-29,66,100,13,62,-80,66,-98,54,107,124,13,62,-117,-55,111,8,-118,115,68,-80,-37,-60,37,-25,44,37,-52,-1,69,-63,70,-126,93,46,-86,40,-28,-7,13,32,52,-47,-111,89,-41,46,52,-39,23,-24,41,86,-66,46,85,-70,100,7,106,54,84,53,-65,30,-7,54,-16,6,0,0,0,0,0,0,0,0,0,0,0,0,0,0,0,0,0,0,0,0,0,0,0,0,0,0,0,0,0,0,0,0,0,0,0,0,0,0,0,0,0,0,0,0,0,0,0,0,0,0,0,0,0,0,0,0,0,0,0,0,0,0,0,0,0,0,0,0,0,0,0,0,0,0,0,0,0,0,0,0,0,0,0,0,0,0,0,0,0,0} /* array length = 269*/
    len = 179
    closed = false
    reachEOF = true
    usesDefaultInflater = false
    singleByteBuf = {0} /* array length = 1*/
    b = {0,0,0,0,0,0,0,0,0,0,0,0,0,0,0,0,0,0,0,0,0,0,0,0,0,0,0,0,0,0,0,0,0,0,0,0,0,0,0,0,0,0,0,0,0,0,0,0,0,0,0,0,0,0,0,0,0,0,0,0,0,0,0,0,0,0,0,0,0,0,0,0,0,0,0,0,0,0,0,0,0,0,0,0,0,0,0,0,0,0,0,0,0,0,0,0,0,0,0,0,0,0,0,0,0,0,0,0,0,0,0,0,0,0,0,0,0,0,0,0,0,0,0,0,0,0,0,0,0,0,0,0,0,0,0,0,0,0,0,0,0,0,0,0,0,0,0,0,0,0,0,0,0,0,0,0,0,0,0,0,0,0,0,0,0,0,0,0,0,0,0,0,0,0,0,0,0,0,0,0,0,0,0,0,0,0,0,0,0,0,0,0,0,0,0,0,0,0,0,0,0,0,0,0,0,0,0,0,0,0,0,0,0,0,0,0,0,0,0,0,0,0,0,0,0,0,0,0,0,0,0,0,0,0,0,0,0,0,0,0,0,0,0,0,0,0,0,0,0,0,0,0,0,0,0,0,0,0,0,0,0,0,0,0,0,0,0,0,0,0,0,0,0,0,0,0,0,0,0,0,0,0,0,0,0,0,0,0,0,0,0,0,0,0,0,0,0,0,0,0,0,0,0,0,0,0,0,0,0,0,0,0,0,0,0,0,0,0,0,0,0,0,0,0,0,0,0,0,0,0,0,0,0,0,0,0,0,0,0,0,0,0,0,0,0,0,0,0,0,0,0,0,0,0,0,0,0,0,0,0,0,0,0,0,0,0,0,0,0,0,0,0,0,0,0,0,0,0,0,0,0,0,0,0,0,0,0,0,0,0,0,0,0,0,0,0,0,0,0,0,0,0,0,0,0,0,0,0,0,0,0,0,0,0,0,0,0,0,0,0,0,0,0,0,0,0,0,0,0,0,0,0,0,0,0,0,0,0,0,0,0,0,0,0,0,0,0,0,0,0,0,0,0,0,0,0,0,0,0,0,0,0,0,0,0,0,0,0,0,0,0,0,0,0,0,0,0,0,0,0,0,0,0,0,0,0,0,0,0,0,0,0,0,0,0,0,0,0,0,0,0,0,0,0,0,0,0,0,0,0,0,0} /* array length = 512*/
    in = class java.util.zip.ZipFile$ZipFileInputStream@45e0d155
    MAX_SKIP_BUFFER_SIZE = 2048
  MAX_SKIP_BUFFER_SIZE = 2048

Dump of objectArray[3]
Object type = com.ibm.wsspi.anno.classsource.ClassSource_Aggregate$ScanPolicy
  SEED = class com.ibm.wsspi.anno.classsource.ClassSource_Aggregate$ScanPolicy@7446f0a
  PARTIAL = class com.ibm.wsspi.anno.classsource.ClassSource_Aggregate$ScanPolicy@362823cc
    SEED = class com.ibm.wsspi.anno.classsource.ClassSource_Aggregate$ScanPolicy@7446f0a
    PARTIAL = class com.ibm.wsspi.anno.classsource.ClassSource_Aggregate$ScanPolicy@362823cc
    EXCLUDED = class com.ibm.wsspi.anno.classsource.ClassSource_Aggregate$ScanPolicy@3e23c166
    EXTERNAL = class com.ibm.wsspi.anno.classsource.ClassSource_Aggregate$ScanPolicy@54aac7a0
    value = 2
    ALL_EXCEPT_EXTERNAL = 7
    $VALUES = class com.ibm.wsspi.anno.classsource.ClassSource_Aggregate$ScanPolicy[4]
    $$$tc$$$ = class com.ibm.websphere.ras.TraceComponent@212c8766
    name = "PARTIAL"
    ordinal = 1
  EXCLUDED = class com.ibm.wsspi.anno.classsource.ClassSource_Aggregate$ScanPolicy@3e23c166
    SEED = class com.ibm.wsspi.anno.classsource.ClassSource_Aggregate$ScanPolicy@7446f0a
    PARTIAL = class com.ibm.wsspi.anno.classsource.ClassSource_Aggregate$ScanPolicy@362823cc
    EXCLUDED = class com.ibm.wsspi.anno.classsource.ClassSource_Aggregate$ScanPolicy@3e23c166
    EXTERNAL = class com.ibm.wsspi.anno.classsource.ClassSource_Aggregate$ScanPolicy@54aac7a0
    value = 4
    ALL_EXCEPT_EXTERNAL = 7
    $VALUES = class com.ibm.wsspi.anno.classsource.ClassSource_Aggregate$ScanPolicy[4]
    $$$tc$$$ = class com.ibm.websphere.ras.TraceComponent@212c8766
    name = "EXCLUDED"
    ordinal = 2
  EXTERNAL = class com.ibm.wsspi.anno.classsource.ClassSource_Aggregate$ScanPolicy@54aac7a0
    SEED = class com.ibm.wsspi.anno.classsource.ClassSource_Aggregate$ScanPolicy@7446f0a
    PARTIAL = class com.ibm.wsspi.anno.classsource.ClassSource_Aggregate$ScanPolicy@362823cc
    EXCLUDED = class com.ibm.wsspi.anno.classsource.ClassSource_Aggregate$ScanPolicy@3e23c166
    EXTERNAL = class com.ibm.wsspi.anno.classsource.ClassSource_Aggregate$ScanPolicy@54aac7a0
    value = 8
    ALL_EXCEPT_EXTERNAL = 7
    $VALUES = class com.ibm.wsspi.anno.classsource.ClassSource_Aggregate$ScanPolicy[4]
    $$$tc$$$ = class com.ibm.websphere.ras.TraceComponent@212c8766
    name = "EXTERNAL"
    ordinal = 3
  value = 1
  ALL_EXCEPT_EXTERNAL = 7
  $VALUES = class com.ibm.wsspi.anno.classsource.ClassSource_Aggregate$ScanPolicy[4]
    $VALUES[0] = class com.ibm.wsspi.anno.classsource.ClassSource_Aggregate$ScanPolicy@7446f0a
    $VALUES[1] = class com.ibm.wsspi.anno.classsource.ClassSource_Aggregate$ScanPolicy@362823cc
    $VALUES[2] = class com.ibm.wsspi.anno.classsource.ClassSource_Aggregate$ScanPolicy@3e23c166
    $VALUES[3] = class com.ibm.wsspi.anno.classsource.ClassSource_Aggregate$ScanPolicy@54aac7a0
  $$$tc$$$ = class com.ibm.websphere.ras.TraceComponent@212c8766
    strings[0] = "TraceComponent[com.ibm.wsspi.anno.classsource.ClassSource_Aggregate$ScanPolicy,class com.ibm.wsspi.anno.classsource.ClassSource_Aggregate$ScanPolicy,[com.ibm.ws.anno],com.ibm.ws.anno.resources.internal.AnnoMessages,null]"
  name = "SEED"
  ordinal = 0

