------Start of DE processing------ = [24/11/17 08:29:39:552 CST]
Exception = java.lang.NullPointerException
Source = com.ibm.ws.runtime.update.internal.RuntimeUpdateManagerImpl$3
probeid = 362
Stack Dump = java.lang.NullPointerException
	at com.ibm.ws.webcontainer.osgi.WebContainerListener.serverStopping(WebContainerListener.java:275)
	at com.ibm.ws.runtime.update.internal.RuntimeUpdateManagerImpl$3.run(RuntimeUpdateManagerImpl.java:358)
	at java.util.concurrent.ThreadPoolExecutor.runWorker(Unknown Source)
	at java.util.concurrent.ThreadPoolExecutor$Worker.run(Unknown Source)
	at java.lang.Thread.run(Unknown Source)

Dump of callerThis
Object type = com.ibm.ws.runtime.update.internal.RuntimeUpdateManagerImpl$3
  val$listeners = class java.util.concurrent.ConcurrentLinkedQueue@3635167a
    serialVersionUID = 196745693267521676
    head = class java.util.concurrent.ConcurrentLinkedQueue$Node@380220c1
      item = null
      next = class java.util.concurrent.ConcurrentLinkedQueue$Node@48173c6e
      UNSAFE = class sun.misc.Unsafe@288f20ac
      itemOffset = 12
      nextOffset = 16
    tail = class java.util.concurrent.ConcurrentLinkedQueue$Node@3f8b1969
      item = class java.lang.Thread@7c883822
      next = class java.util.concurrent.ConcurrentLinkedQueue$Node@1baf268b
      UNSAFE = class sun.misc.Unsafe@288f20ac
      itemOffset = 12
      nextOffset = 16
    UNSAFE = class sun.misc.Unsafe@288f20ac
      theUnsafe = class sun.misc.Unsafe@288f20ac
      INVALID_FIELD_OFFSET = -1
      ARRAY_BOOLEAN_BASE_OFFSET = 16
      ARRAY_BYTE_BASE_OFFSET = 16
      ARRAY_SHORT_BASE_OFFSET = 16
      ARRAY_CHAR_BASE_OFFSET = 16
      ARRAY_INT_BASE_OFFSET = 16
      ARRAY_LONG_BASE_OFFSET = 16
      ARRAY_FLOAT_BASE_OFFSET = 16
      ARRAY_DOUBLE_BASE_OFFSET = 16
      ARRAY_OBJECT_BASE_OFFSET = 16
      ARRAY_BOOLEAN_INDEX_SCALE = 1
      ARRAY_BYTE_INDEX_SCALE = 1
      ARRAY_SHORT_INDEX_SCALE = 2
      ARRAY_CHAR_INDEX_SCALE = 2
      ARRAY_INT_INDEX_SCALE = 4
      ARRAY_LONG_INDEX_SCALE = 8
      ARRAY_FLOAT_INDEX_SCALE = 4
      ARRAY_DOUBLE_INDEX_SCALE = 8
      ARRAY_OBJECT_INDEX_SCALE = 4
      ADDRESS_SIZE = 8
    headOffset = 12
    tailOffset = 16
    MAX_ARRAY_SIZE = 2147483639
  val$listener = class com.ibm.ws.webcontainer.osgi.WebContainerListener@2d02ad8
    tc = class com.ibm.websphere.ras.TraceComponent@34183cba
      strings[0] = "TraceComponent[com.ibm.ws.webcontainer.osgi.WebContainerListener,class com.ibm.ws.webcontainer.osgi.WebContainerListener,[webcontainer],com.ibm.ws.webcontainer.resources.LShimMessages,null]"
    jeeNameFactory = class com.ibm.ws.container.service.metadata.internal.J2EENameFactoryImpl@51a48cad
      serialVersionUID = 3486344295038028821
      $$$tc$$$ = class com.ibm.websphere.ras.TraceComponent@a7965eb
    webModulesInStartingApps = class java.util.concurrent.ConcurrentHashMap@740e7018
      serialVersionUID = 7249069246763182397
      MAXIMUM_CAPACITY = 1073741824
      DEFAULT_CAPACITY = 16
      MAX_ARRAY_SIZE = 2147483639
      DEFAULT_CONCURRENCY_LEVEL = 16
      LOAD_FACTOR = 0.75
      TREEIFY_THRESHOLD = 8
      UNTREEIFY_THRESHOLD = 6
      MIN_TREEIFY_CAPACITY = 64
      MIN_TRANSFER_STRIDE = 16
      RESIZE_STAMP_BITS = 16
      MAX_RESIZERS = 65535
      RESIZE_STAMP_SHIFT = 16
      MOVED = -1
      TREEBIN = -2
      RESERVED = -3
      HASH_BITS = 2147483647
      NCPU = 4
      serialPersistentFields = class java.io.ObjectStreamField[3]
      table = null
      nextTable = null
      baseCount = 0
      sizeCtl = 0
      transferIndex = 0
      cellsBusy = 0
      counterCells = null
      keySet = null
      values = null
      entrySet = null
      U = class sun.misc.Unsafe@288f20ac
      SIZECTL = 20
      TRANSFERINDEX = 32
      BASECOUNT = 24
      CELLSBUSY = 36
      CELLVALUE = 144
      ABASE = 16
      ASHIFT = 2
      keySet = null
      values = null
    webModulesInStartedApps = class java.util.concurrent.ConcurrentHashMap@6cbf6599
      serialVersionUID = 7249069246763182397
      MAXIMUM_CAPACITY = 1073741824
      DEFAULT_CAPACITY = 16
      MAX_ARRAY_SIZE = 2147483639
      DEFAULT_CONCURRENCY_LEVEL = 16
      LOAD_FACTOR = 0.75
      TREEIFY_THRESHOLD = 8
      UNTREEIFY_THRESHOLD = 6
      MIN_TREEIFY_CAPACITY = 64
      MIN_TRANSFER_STRIDE = 16
      RESIZE_STAMP_BITS = 16
      MAX_RESIZERS = 65535
      RESIZE_STAMP_SHIFT = 16
      MOVED = -1
      TREEBIN = -2
      RESERVED = -3
      HASH_BITS = 2147483647
      NCPU = 4
      serialPersistentFields = class java.io.ObjectStreamField[3]
      table = null
      nextTable = null
      baseCount = 0
      sizeCtl = 0
      transferIndex = 0
      cellsBusy = 0
      counterCells = null
      keySet = null
      values = null
      entrySet = null
      U = class sun.misc.Unsafe@288f20ac
      SIZECTL = 20
      TRANSFERINDEX = 32
      BASECOUNT = 24
      CELLSBUSY = 36
      CELLVALUE = 144
      ABASE = 16
      ASHIFT = 2
      keySet = null
      values = null
    webModulesInStartingApps_lock = class com.ibm.ws.webcontainer.osgi.WebContainerListener$1@4db60c3e
      this$0 = class com.ibm.ws.webcontainer.osgi.WebContainerListener@2d02ad8
  this$0 = class com.ibm.ws.runtime.update.internal.RuntimeUpdateManagerImpl@112cde9e
    tc = class com.ibm.websphere.ras.TraceComponent@5aba3f91
      strings[0] = "TraceComponent[com.ibm.ws.runtime.update.internal.RuntimeUpdateManagerImpl,class com.ibm.ws.runtime.update.internal.RuntimeUpdateManagerImpl,[runtime.update],com.ibm.ws.runtime.update.internal.resources.Messages,null]"
    futureMonitor = class com.ibm.ws.threading.internal.FutureMonitorImpl@4af27af8
      _monitor = class java.util.concurrent.ConcurrentLinkedQueue@79165d28
      _executor = class com.ibm.ws.threading.internal.ScheduledExecutorImpl@893ea28
      _threadRunning = class java.util.concurrent.atomic.AtomicBoolean@23ec61bd
      _thread = class com.ibm.ws.threading.internal.FutureMonitorImpl$1@72295f2a
      serialVersionUID = 2765238413969174390
      $$$tc$$$ = class com.ibm.websphere.ras.TraceComponent@1d2631e3
    normalServerStop = class java.util.concurrent.atomic.AtomicBoolean@54ea331a
      serialVersionUID = 4654671469794556979
      unsafe = class sun.misc.Unsafe@288f20ac
      valueOffset = 12
      value = 1
    updateListeners = class java.util.HashSet@57ef45b5
      serialVersionUID = -5024744406713321676
      map = class java.util.HashMap@46fac849
      PRESENT = class java.lang.Object@59a5ecf3
      MAX_ARRAY_SIZE = 2147483639
    notifications = class java.util.HashMap@2040b9f8
      serialVersionUID = 362498820763181265
      DEFAULT_INITIAL_CAPACITY = 16
      MAXIMUM_CAPACITY = 1073741824
      DEFAULT_LOAD_FACTOR = 0.75
      TREEIFY_THRESHOLD = 8
      UNTREEIFY_THRESHOLD = 6
      MIN_TREEIFY_CAPACITY = 64
      table = class java.util.HashMap$Node[16]
      entrySet = class java.util.HashMap$EntrySet@1f826724
      size = 3
      modCount = 8
      threshold = 12
      loadFactor = 0.75
      keySet = null
      values = class java.util.HashMap$Values@2d71599d
    bundleCtx = class org.eclipse.osgi.internal.framework.BundleContextImpl@45835ee0
      findHookName = "org.osgi.framework.hooks.bundle.FindHook"
      valid = true
      bundle = class org.eclipse.osgi.internal.framework.EquinoxBundle@682080df
      container = class org.eclipse.osgi.internal.framework.EquinoxContainer@37df46d5
      debug = class org.eclipse.osgi.internal.debug.Debug@aab3124
      servicesInUse = class java.util.HashMap@6852c584
      activator = null
      contextLock = class java.lang.Object@5b32be3
    cleanupListener = class com.ibm.ws.runtime.update.internal.RuntimeUpdateManagerImpl$1@79bc22b2
      this$0 = class com.ibm.ws.runtime.update.internal.RuntimeUpdateManagerImpl@112cde9e
      serialVersionUID = -1247721544084393241
      $$$tc$$$ = class com.ibm.websphere.ras.TraceComponent@1d2b6751
    locationService = class com.ibm.ws.kernel.service.location.internal.WsLocationAdminImpl@7c4bac7c
      tc = class com.ibm.websphere.ras.TraceComponent@1b3558b2
      LOC_INTERNAL_LIB_DIR = "wlp.lib.dir"
      LOC_AREA_NAME_APPS = "shared/apps/"
      LOC_AREA_NAME_CONFIG = "shared/config/"
      LOC_AREA_NAME_RESC = "shared/resources/"
      LOC_AREA_NAME_STATE = "logs/state/"
      LOC_AREA_NAME_SERVERS = "servers/"
      LOC_AREA_NAME_CLIENTS = "clients/"
      LOC_AREA_NAME_WORKING = "workarea/"
      LOC_AREA_NAME_EXTENSION = "extension/"
      instance = class com.ibm.ws.kernel.service.location.internal.WsLocationAdminImpl@7c4bac7c
      installRoot = class com.ibm.ws.kernel.service.location.internal.SymbolicRootResource@6ee9a106
      installParentRoot = class com.ibm.ws.kernel.service.location.internal.SymbolicRootResource@560173fe
      userRoot = class com.ibm.ws.kernel.service.location.internal.SymbolicRootResource@2d29d07
      usrExtensionRoot = class com.ibm.ws.kernel.service.location.internal.SymbolicRootResource@6a95a6b2
      serverConfigDir = class com.ibm.ws.kernel.service.location.internal.SymbolicRootResource@4957db77
      serverOutputDir = class com.ibm.ws.kernel.service.location.internal.SymbolicRootResource@4957db77
      bootstrapLib = class com.ibm.ws.kernel.service.location.internal.LocalFileResource@1494cf20
      serverWorkarea = class com.ibm.ws.kernel.service.location.internal.LocalFileResource@2385210
      serverState = class com.ibm.ws.kernel.service.location.internal.LocalFileResource@455fd4d3
      sharedAppsRoot = class com.ibm.ws.kernel.service.location.internal.SymbolicRootResource@3224336c
      sharedConfigRoot = class com.ibm.ws.kernel.service.location.internal.SymbolicRootResource@7b07c7
      sharedResourceRoot = class com.ibm.ws.kernel.service.location.internal.SymbolicRootResource@40937d0a
      tmpRoot = class com.ibm.ws.kernel.service.location.internal.SymbolicRootResource@7bd1c087
      serverName = "WebServer"
      resourcePaths = class java.util.ArrayList@68fd33c2
      resourceGroups = class java.util.HashMap@30604425
      commonRoot = class com.ibm.ws.kernel.service.location.internal.VirtualRootResource@6bc0040e
      serialVersionUID = 7766352982799267432
    serialVersionUID = 8528977989724669243
  serialVersionUID = -3618464269570709744
  $$$tc$$$ = class com.ibm.websphere.ras.TraceComponent@692db2eb
    strings[0] = "TraceComponent[com.ibm.ws.runtime.update.internal.RuntimeUpdateManagerImpl$3,class com.ibm.ws.runtime.update.internal.RuntimeUpdateManagerImpl$3,[runtime.update],com.ibm.ws.runtime.update.internal.resources.Messages,null]"

