********************************************************************************
product = WebSphere Application Server 17.0.0.3 (wlp-1.0.18.cl170320170927-1854)
wlp.install.dir = /Users/Jai/Library/Mobile Documents/com~apple~CloudDocs/Datos I/TEC Messenger/wlp/
java.home = /Library/Java/JavaVirtualMachines/jdk1.8.0_144.jdk/Contents/Home/jre
java.version = 1.8.0_144
java.runtime = Java(TM) SE Runtime Environment (1.8.0_144-b01)
os = Mac OS X (10.13.1; x86_64) (es_ES)
process = 64377@Macbook-Pro-de-Jasson.local
********************************************************************************
[11/23/17 17:48:02:189 CST] 00000001 com.ibm.ws.kernel.launch.internal.FrameworkManager           A CWWKE0001I: The server WebServer has been launched.
[11/23/17 17:48:02:209 CST] 00000001 com.ibm.ws.kernel.launch.internal.FrameworkManager           A CWWKE0100I: This product is licensed for development, and limited production use. The full license terms can be viewed here: https://public.dhe.ibm.com/ibmdl/export/pub/software/websphere/wasdev/license/base_ilan/ilan/17.0.0.3/lafiles/es.html
[11/23/17 17:48:03:875 CST] 00000001 com.ibm.ws.kernel.launch.internal.FrameworkManager           I CWWKE0002I: The kernel started after 2.213 seconds
[11/23/17 17:48:03:921 CST] 00000017 com.ibm.ws.kernel.feature.internal.FeatureManager            I CWWKF0007I: La actualización de características se ha iniciado.
[11/23/17 17:48:05:121 CST] 00000010 com.ibm.ws.security.ready.internal.SecurityReadyServiceImpl  I CWWKS0007I: El servicio de seguridad se está iniciando...
[11/23/17 17:48:05:992 CST] 00000010 ibm.ws.security.authentication.internal.jaas.JAASServiceImpl I CWWKS1123I: Se ha activado el plugin de autenticación colectivo con el nombre de clase NullCollectiveAuthenticationPlugin. 
[11/23/17 17:48:06:046 CST] 0000001e com.ibm.ws.security.token.ltpa.internal.LTPAKeyCreateTask    I CWWKS4105I: La configuración de LTPA estará lista después de 0.086 segundos.
[11/23/17 17:48:06:513 CST] 00000010 com.ibm.ws.app.manager.internal.monitor.DropinMonitor        A CWWKZ0058I: Supervisando aplicaciones de dropins. 
[11/23/17 17:48:06:791 CST] 00000018 com.ibm.ws.tcpchannel.internal.TCPChannel                    I CWWKO0219I: El canal TCP defaultHttpEndpoint se ha iniciado y ahora está a la escucha de solicitudes en el host localhost  (IPv4: 127.0.0.1) puerto 9080.
[11/23/17 17:48:07:809 CST] 00000010 com.ibm.ws.cache.ServerCache                                 I DYNA1001I: La instancia de memoria caché dinámica de WebSphere con nombre baseCache se ha inicializado correctamente.
[11/23/17 17:48:07:813 CST] 00000010 com.ibm.ws.cache.ServerCache                                 I DYNA1071I: Se está utilizando el proveedor de memoria caché default.
[11/23/17 17:48:07:814 CST] 00000010 com.ibm.ws.cache.CacheServiceImpl                            I DYNA1056I: La memoria caché dinámica (memoria caché de objeto) se ha inicializado correctamente.
[11/23/17 17:48:08:455 CST] 0000001b com.ibm.ws.app.manager.AppMessageHelper                      I CWWKZ0018I: Iniciando la aplicación org.tec.datos1.messenger.webapi.
[11/23/17 17:48:09:282 CST] 0000001b com.ibm.ws.logging.internal.impl.IncidentImpl                I FFDC1015I: Se ha creado una incidencia FFDC: "java.lang.IllegalArgumentException com.ibm.ws.anno.targets.internal.AnnotationTargetsImpl_Targets 529" en ffdc_17.11.23_17.48.09.0.log
[11/23/17 17:48:09:287 CST] 0000001b m.ibm.ws.anno.targets.internal.AnnotationTargetsImpl_Targets W CWWKC0044W: Se ha producido una excepción durante la exploración de datos de anotaciones y clases. La excepción ha sido java.lang.IllegalArgumentException
	at org.objectweb.asm.ClassReader.<init>(Unknown Source)
	at org.objectweb.asm.ClassReader.<init>(Unknown Source)
	at org.objectweb.asm.ClassReader.<init>(Unknown Source)
	at com.ibm.ws.anno.targets.internal.AnnotationTargetsImpl_Targets.scanClass(AnnotationTargetsImpl_Targets.java:495)
	at com.ibm.ws.anno.targets.internal.AnnotationTargetsImpl_Streamer.process(AnnotationTargetsImpl_Streamer.java:88)
	at com.ibm.ws.anno.classsource.internal.ClassSourceImpl_MappedContainer.process(ClassSourceImpl_MappedContainer.java:351)
	at com.ibm.ws.anno.classsource.internal.ClassSourceImpl_MappedContainer.scanClasses(ClassSourceImpl_MappedContainer.java:283)
	at com.ibm.ws.anno.classsource.internal.ClassSourceImpl_MappedContainer.scanClasses(ClassSourceImpl_MappedContainer.java:128)
	at com.ibm.ws.anno.classsource.internal.ClassSourceImpl_Aggregate.scanClasses(ClassSourceImpl_Aggregate.java:369)
	at com.ibm.ws.anno.targets.internal.AnnotationTargetsImpl_Scanner.scanClasses(AnnotationTargetsImpl_Scanner.java:254)
	at com.ibm.ws.anno.targets.internal.AnnotationTargetsImpl_Scanner.scanDirect(AnnotationTargetsImpl_Scanner.java:216)
	at com.ibm.ws.anno.targets.internal.AnnotationTargetsImpl_Targets.doScanDirectClasses(AnnotationTargetsImpl_Targets.java:379)
	at com.ibm.ws.anno.targets.internal.AnnotationTargetsImpl_Targets.scanDirectClasses(AnnotationTargetsImpl_Targets.java:348)
	at com.ibm.ws.anno.targets.internal.AnnotationTargetsImpl_Targets.selectAnnotatedTargets(AnnotationTargetsImpl_Targets.java:1746)
	at com.ibm.ws.anno.targets.internal.AnnotationTargetsImpl_Targets.getAnnotatedClasses(AnnotationTargetsImpl_Targets.java:913)
	at com.ibm.ws.anno.targets.internal.AnnotationTargetsImpl_Targets.getAnnotatedClasses(AnnotationTargetsImpl_Targets.java:983)
	at com.ibm.ws.container.service.annotations.internal.WebAnnotationsImpl$FragmentAnnotationsImpl.selectAnnotatedClasses(WebAnnotationsImpl.java:453)
	at com.ibm.ws.webcontainer.osgi.container.config.WebAppConfiguratorHelper.configureFromAnnotations(WebAppConfiguratorHelper.java:778)
	at com.ibm.ws.webcontainer.osgi.container.config.WebAppConfigurator.configure(WebAppConfigurator.java:414)
	at com.ibm.ws.webcontainer.osgi.container.config.WebAppConfigurationAdapter.adapt(WebAppConfigurationAdapter.java:115)
	at com.ibm.ws.webcontainer.osgi.container.config.WebAppConfigurationAdapter.adapt(WebAppConfigurationAdapter.java:43)
	at com.ibm.ws.adaptable.module.internal.AdapterFactoryServiceImpl.adapt(AdapterFactoryServiceImpl.java:192)
	at com.ibm.ws.adaptable.module.internal.AdaptableContainerImpl.adapt(AdaptableContainerImpl.java:170)
	at com.ibm.ws.webcontainer.osgi.WebContainer.createModuleMetaData(WebContainer.java:820)
	at com.ibm.ws.app.manager.module.internal.ModuleHandlerBase.createModuleMetaData(ModuleHandlerBase.java:63)
	at com.ibm.ws.app.manager.module.internal.SimpleDeployedAppInfoBase$ModuleContainerInfoBase.createModuleMetaData(SimpleDeployedAppInfoBase.java:168)
	at com.ibm.ws.app.manager.module.internal.DeployedAppInfoBase.preDeployApp(DeployedAppInfoBase.java:363)
	at com.ibm.ws.app.manager.module.internal.DeployedAppInfoBase.deployApp(DeployedAppInfoBase.java:402)
	at com.ibm.ws.app.manager.war.internal.WARApplicationHandlerImpl.install(WARApplicationHandlerImpl.java:65)
	at com.ibm.ws.app.manager.internal.statemachine.StartAction.execute(StartAction.java:140)
	at com.ibm.ws.app.manager.internal.statemachine.ApplicationStateMachineImpl.enterState(ApplicationStateMachineImpl.java:1258)
	at com.ibm.ws.app.manager.internal.statemachine.ApplicationStateMachineImpl.run(ApplicationStateMachineImpl.java:873)
	at java.util.concurrent.ThreadPoolExecutor.runWorker(ThreadPoolExecutor.java:1149)
	at java.util.concurrent.ThreadPoolExecutor$Worker.run(ThreadPoolExecutor.java:624)
	at java.lang.Thread.run(Thread.java:748)
.
[11/23/17 17:48:10:242 CST] 0000001b org.jboss.weld.Version                                       I WELD-000900: 2.4.3 (Final)
[11/23/17 17:48:10:575 CST] 0000001b m.ibm.ws.anno.targets.internal.AnnotationTargetsImpl_Targets W CWWKC0044W: Se ha producido una excepción durante la exploración de datos de anotaciones y clases. La excepción ha sido java.lang.IllegalArgumentException
	at org.objectweb.asm.ClassReader.<init>(Unknown Source)
	at org.objectweb.asm.ClassReader.<init>(Unknown Source)
	at org.objectweb.asm.ClassReader.<init>(Unknown Source)
	at com.ibm.ws.anno.targets.internal.AnnotationTargetsImpl_Targets.scanClass(AnnotationTargetsImpl_Targets.java:495)
	at com.ibm.ws.anno.targets.internal.AnnotationTargetsImpl_Streamer.process(AnnotationTargetsImpl_Streamer.java:88)
	at com.ibm.ws.anno.classsource.internal.ClassSourceImpl_MappedContainer.process(ClassSourceImpl_MappedContainer.java:351)
	at com.ibm.ws.anno.classsource.internal.ClassSourceImpl_MappedContainer.scanClasses(ClassSourceImpl_MappedContainer.java:283)
	at com.ibm.ws.anno.classsource.internal.ClassSourceImpl_MappedContainer.scanClasses(ClassSourceImpl_MappedContainer.java:128)
	at com.ibm.ws.anno.classsource.internal.ClassSourceImpl_Aggregate.scanClasses(ClassSourceImpl_Aggregate.java:369)
	at com.ibm.ws.anno.targets.internal.AnnotationTargetsImpl_Scanner.scanClasses(AnnotationTargetsImpl_Scanner.java:254)
	at com.ibm.ws.anno.targets.internal.AnnotationTargetsImpl_Scanner.scanDirect(AnnotationTargetsImpl_Scanner.java:216)
	at com.ibm.ws.anno.targets.internal.AnnotationTargetsImpl_Targets.doScanDirectClasses(AnnotationTargetsImpl_Targets.java:379)
	at com.ibm.ws.anno.targets.internal.AnnotationTargetsImpl_Targets.scanDirectClasses(AnnotationTargetsImpl_Targets.java:348)
	at com.ibm.ws.anno.targets.internal.AnnotationTargetsImpl_Targets.getAllInheritedAnnotatedClasses(AnnotationTargetsImpl_Targets.java:1025)
	at com.ibm.ws.anno.targets.internal.AnnotationTargetsImpl_Targets.getAllInheritedAnnotatedClasses(AnnotationTargetsImpl_Targets.java:1017)
	at com.ibm.ws.container.service.annotations.internal.ContainerAnnotationsAdapter$ContainerAnnotationsImpl.getClassesWithSpecifiedInheritedAnnotations(ContainerAnnotationsAdapter.java:139)
	at com.ibm.ws.cdi.liberty.CDIArchiveImpl.getClassesWithSpecifiedInheritedAnnotations(CDIArchiveImpl.java:427)
	at com.ibm.ws.cdi.liberty.CDIArchiveImpl.getAnnotatedClasses(CDIArchiveImpl.java:413)
	at com.ibm.ws.cdi.interfaces.AbstractCDIArchive.getBeanDefiningAnnotations(AbstractCDIArchive.java:269)
	at com.ibm.ws.cdi.impl.weld.BeanDeploymentArchiveImpl.scanForBeanDefiningAnnotations(BeanDeploymentArchiveImpl.java:240)
	at com.ibm.ws.cdi.impl.weld.BeanDeploymentArchiveImpl.scanForBeanDefiningAnnotations(BeanDeploymentArchiveImpl.java:253)
	at com.ibm.ws.cdi.impl.weld.WebSphereCDIDeploymentImpl.scan(WebSphereCDIDeploymentImpl.java:583)
	at com.ibm.ws.cdi.impl.CDIContainerImpl.applicationStarting(CDIContainerImpl.java:120)
	at com.ibm.ws.cdi.liberty.CDIRuntimeImpl.applicationStarting(CDIRuntimeImpl.java:379)
	at com.ibm.ws.container.service.state.internal.ApplicationStateManager.fireStarting(ApplicationStateManager.java:28)
	at com.ibm.ws.container.service.state.internal.StateChangeServiceImpl.fireApplicationStarting(StateChangeServiceImpl.java:50)
	at com.ibm.ws.app.manager.module.internal.DeployedAppInfoBase.preDeployApp(DeployedAppInfoBase.java:375)
	at com.ibm.ws.app.manager.module.internal.DeployedAppInfoBase.deployApp(DeployedAppInfoBase.java:402)
	at com.ibm.ws.app.manager.war.internal.WARApplicationHandlerImpl.install(WARApplicationHandlerImpl.java:65)
	at com.ibm.ws.app.manager.internal.statemachine.StartAction.execute(StartAction.java:140)
	at com.ibm.ws.app.manager.internal.statemachine.ApplicationStateMachineImpl.enterState(ApplicationStateMachineImpl.java:1258)
	at com.ibm.ws.app.manager.internal.statemachine.ApplicationStateMachineImpl.run(ApplicationStateMachineImpl.java:873)
	at java.util.concurrent.ThreadPoolExecutor.runWorker(ThreadPoolExecutor.java:1149)
	at java.util.concurrent.ThreadPoolExecutor$Worker.run(ThreadPoolExecutor.java:624)
	at java.lang.Thread.run(Thread.java:748)
.
[11/23/17 17:48:10:617 CST] 0000001b m.ibm.ws.anno.targets.internal.AnnotationTargetsImpl_Targets W CWWKC0044W: Se ha producido una excepción durante la exploración de datos de anotaciones y clases. La excepción ha sido java.lang.IllegalArgumentException
	at org.objectweb.asm.ClassReader.<init>(Unknown Source)
	at org.objectweb.asm.ClassReader.<init>(Unknown Source)
	at org.objectweb.asm.ClassReader.<init>(Unknown Source)
	at com.ibm.ws.anno.targets.internal.AnnotationTargetsImpl_Targets.scanClass(AnnotationTargetsImpl_Targets.java:495)
	at com.ibm.ws.anno.targets.internal.AnnotationTargetsImpl_Streamer.process(AnnotationTargetsImpl_Streamer.java:88)
	at com.ibm.ws.anno.classsource.internal.ClassSourceImpl_MappedContainer.process(ClassSourceImpl_MappedContainer.java:351)
	at com.ibm.ws.anno.classsource.internal.ClassSourceImpl_MappedContainer.scanClasses(ClassSourceImpl_MappedContainer.java:283)
	at com.ibm.ws.anno.classsource.internal.ClassSourceImpl_MappedContainer.scanClasses(ClassSourceImpl_MappedContainer.java:128)
	at com.ibm.ws.anno.classsource.internal.ClassSourceImpl_Aggregate.scanClasses(ClassSourceImpl_Aggregate.java:369)
	at com.ibm.ws.anno.targets.internal.AnnotationTargetsImpl_Scanner.scanClasses(AnnotationTargetsImpl_Scanner.java:254)
	at com.ibm.ws.anno.targets.internal.AnnotationTargetsImpl_Scanner.scanDirect(AnnotationTargetsImpl_Scanner.java:216)
	at com.ibm.ws.anno.targets.internal.AnnotationTargetsImpl_Targets.doScanDirectClasses(AnnotationTargetsImpl_Targets.java:379)
	at com.ibm.ws.anno.targets.internal.AnnotationTargetsImpl_Targets.scanDirectClasses(AnnotationTargetsImpl_Targets.java:348)
	at com.ibm.ws.anno.targets.internal.AnnotationTargetsImpl_Targets.getAllInheritedAnnotatedClasses(AnnotationTargetsImpl_Targets.java:1025)
	at com.ibm.ws.anno.targets.internal.AnnotationTargetsImpl_Targets.getAllInheritedAnnotatedClasses(AnnotationTargetsImpl_Targets.java:1017)
	at com.ibm.ws.container.service.annotations.internal.ContainerAnnotationsAdapter$ContainerAnnotationsImpl.getClassesWithSpecifiedInheritedAnnotations(ContainerAnnotationsAdapter.java:139)
	at com.ibm.ws.cdi.liberty.CDIArchiveImpl.getClassesWithSpecifiedInheritedAnnotations(CDIArchiveImpl.java:427)
	at com.ibm.ws.cdi.liberty.CDIArchiveImpl.getAnnotatedClasses(CDIArchiveImpl.java:413)
	at com.ibm.ws.cdi.interfaces.AbstractCDIArchive.getBeanDefiningAnnotations(AbstractCDIArchive.java:269)
	at com.ibm.ws.cdi.impl.weld.BeanDeploymentArchiveImpl.scanForBeanDefiningAnnotations(BeanDeploymentArchiveImpl.java:240)
	at com.ibm.ws.cdi.impl.weld.BeanDeploymentArchiveImpl.scanForBeanDefiningAnnotations(BeanDeploymentArchiveImpl.java:253)
	at com.ibm.ws.cdi.impl.weld.WebSphereCDIDeploymentImpl.scan(WebSphereCDIDeploymentImpl.java:583)
	at com.ibm.ws.cdi.impl.CDIContainerImpl.applicationStarting(CDIContainerImpl.java:120)
	at com.ibm.ws.cdi.liberty.CDIRuntimeImpl.applicationStarting(CDIRuntimeImpl.java:379)
	at com.ibm.ws.container.service.state.internal.ApplicationStateManager.fireStarting(ApplicationStateManager.java:28)
	at com.ibm.ws.container.service.state.internal.StateChangeServiceImpl.fireApplicationStarting(StateChangeServiceImpl.java:50)
	at com.ibm.ws.app.manager.module.internal.DeployedAppInfoBase.preDeployApp(DeployedAppInfoBase.java:375)
	at com.ibm.ws.app.manager.module.internal.DeployedAppInfoBase.deployApp(DeployedAppInfoBase.java:402)
	at com.ibm.ws.app.manager.war.internal.WARApplicationHandlerImpl.install(WARApplicationHandlerImpl.java:65)
	at com.ibm.ws.app.manager.internal.statemachine.StartAction.execute(StartAction.java:140)
	at com.ibm.ws.app.manager.internal.statemachine.ApplicationStateMachineImpl.enterState(ApplicationStateMachineImpl.java:1258)
	at com.ibm.ws.app.manager.internal.statemachine.ApplicationStateMachineImpl.run(ApplicationStateMachineImpl.java:873)
	at java.util.concurrent.ThreadPoolExecutor.runWorker(ThreadPoolExecutor.java:1149)
	at java.util.concurrent.ThreadPoolExecutor$Worker.run(ThreadPoolExecutor.java:624)
	at java.lang.Thread.run(Thread.java:748)
.
[11/23/17 17:48:10:624 CST] 0000001b m.ibm.ws.anno.targets.internal.AnnotationTargetsImpl_Targets W CWWKC0044W: Se ha producido una excepción durante la exploración de datos de anotaciones y clases. La excepción ha sido java.lang.IllegalArgumentException
	at org.objectweb.asm.ClassReader.<init>(Unknown Source)
	at org.objectweb.asm.ClassReader.<init>(Unknown Source)
	at org.objectweb.asm.ClassReader.<init>(Unknown Source)
	at com.ibm.ws.anno.targets.internal.AnnotationTargetsImpl_Targets.scanClass(AnnotationTargetsImpl_Targets.java:495)
	at com.ibm.ws.anno.targets.internal.AnnotationTargetsImpl_Streamer.process(AnnotationTargetsImpl_Streamer.java:88)
	at com.ibm.ws.anno.classsource.internal.ClassSourceImpl_MappedContainer.process(ClassSourceImpl_MappedContainer.java:351)
	at com.ibm.ws.anno.classsource.internal.ClassSourceImpl_MappedContainer.scanClasses(ClassSourceImpl_MappedContainer.java:283)
	at com.ibm.ws.anno.classsource.internal.ClassSourceImpl_MappedContainer.scanClasses(ClassSourceImpl_MappedContainer.java:128)
	at com.ibm.ws.anno.classsource.internal.ClassSourceImpl_Aggregate.scanClasses(ClassSourceImpl_Aggregate.java:369)
	at com.ibm.ws.anno.targets.internal.AnnotationTargetsImpl_Scanner.scanClasses(AnnotationTargetsImpl_Scanner.java:254)
	at com.ibm.ws.anno.targets.internal.AnnotationTargetsImpl_Scanner.scanDirect(AnnotationTargetsImpl_Scanner.java:216)
	at com.ibm.ws.anno.targets.internal.AnnotationTargetsImpl_Targets.doScanDirectClasses(AnnotationTargetsImpl_Targets.java:379)
	at com.ibm.ws.anno.targets.internal.AnnotationTargetsImpl_Targets.scanDirectClasses(AnnotationTargetsImpl_Targets.java:348)
	at com.ibm.ws.anno.targets.internal.AnnotationTargetsImpl_Targets.getAllInheritedAnnotatedClasses(AnnotationTargetsImpl_Targets.java:1025)
	at com.ibm.ws.anno.targets.internal.AnnotationTargetsImpl_Targets.getAllInheritedAnnotatedClasses(AnnotationTargetsImpl_Targets.java:1017)
	at com.ibm.ws.container.service.annotations.internal.ContainerAnnotationsAdapter$ContainerAnnotationsImpl.getClassesWithSpecifiedInheritedAnnotations(ContainerAnnotationsAdapter.java:139)
	at com.ibm.ws.cdi.liberty.CDIArchiveImpl.getClassesWithSpecifiedInheritedAnnotations(CDIArchiveImpl.java:427)
	at com.ibm.ws.cdi.liberty.CDIArchiveImpl.getAnnotatedClasses(CDIArchiveImpl.java:413)
	at com.ibm.ws.cdi.interfaces.AbstractCDIArchive.getBeanDefiningAnnotations(AbstractCDIArchive.java:269)
	at com.ibm.ws.cdi.impl.weld.BeanDeploymentArchiveImpl.scanForBeanDefiningAnnotations(BeanDeploymentArchiveImpl.java:240)
	at com.ibm.ws.cdi.impl.weld.BeanDeploymentArchiveImpl.scanForBeanDefiningAnnotations(BeanDeploymentArchiveImpl.java:253)
	at com.ibm.ws.cdi.impl.weld.WebSphereCDIDeploymentImpl.scan(WebSphereCDIDeploymentImpl.java:583)
	at com.ibm.ws.cdi.impl.CDIContainerImpl.applicationStarting(CDIContainerImpl.java:120)
	at com.ibm.ws.cdi.liberty.CDIRuntimeImpl.applicationStarting(CDIRuntimeImpl.java:379)
	at com.ibm.ws.container.service.state.internal.ApplicationStateManager.fireStarting(ApplicationStateManager.java:28)
	at com.ibm.ws.container.service.state.internal.StateChangeServiceImpl.fireApplicationStarting(StateChangeServiceImpl.java:50)
	at com.ibm.ws.app.manager.module.internal.DeployedAppInfoBase.preDeployApp(DeployedAppInfoBase.java:375)
	at com.ibm.ws.app.manager.module.internal.DeployedAppInfoBase.deployApp(DeployedAppInfoBase.java:402)
	at com.ibm.ws.app.manager.war.internal.WARApplicationHandlerImpl.install(WARApplicationHandlerImpl.java:65)
	at com.ibm.ws.app.manager.internal.statemachine.StartAction.execute(StartAction.java:140)
	at com.ibm.ws.app.manager.internal.statemachine.ApplicationStateMachineImpl.enterState(ApplicationStateMachineImpl.java:1258)
	at com.ibm.ws.app.manager.internal.statemachine.ApplicationStateMachineImpl.run(ApplicationStateMachineImpl.java:873)
	at java.util.concurrent.ThreadPoolExecutor.runWorker(ThreadPoolExecutor.java:1149)
	at java.util.concurrent.ThreadPoolExecutor$Worker.run(ThreadPoolExecutor.java:624)
	at java.lang.Thread.run(Thread.java:748)
.
[11/23/17 17:48:10:782 CST] 0000001b m.ibm.ws.anno.targets.internal.AnnotationTargetsImpl_Targets W CWWKC0044W: Se ha producido una excepción durante la exploración de datos de anotaciones y clases. La excepción ha sido java.lang.IllegalArgumentException
	at org.objectweb.asm.ClassReader.<init>(Unknown Source)
	at org.objectweb.asm.ClassReader.<init>(Unknown Source)
	at org.objectweb.asm.ClassReader.<init>(Unknown Source)
	at com.ibm.ws.anno.targets.internal.AnnotationTargetsImpl_Targets.scanClass(AnnotationTargetsImpl_Targets.java:495)
	at com.ibm.ws.anno.targets.internal.AnnotationTargetsImpl_Streamer.process(AnnotationTargetsImpl_Streamer.java:88)
	at com.ibm.ws.anno.classsource.internal.ClassSourceImpl_MappedContainer.process(ClassSourceImpl_MappedContainer.java:351)
	at com.ibm.ws.anno.classsource.internal.ClassSourceImpl_MappedContainer.scanClasses(ClassSourceImpl_MappedContainer.java:283)
	at com.ibm.ws.anno.classsource.internal.ClassSourceImpl_MappedContainer.scanClasses(ClassSourceImpl_MappedContainer.java:128)
	at com.ibm.ws.anno.classsource.internal.ClassSourceImpl_Aggregate.scanClasses(ClassSourceImpl_Aggregate.java:369)
	at com.ibm.ws.anno.targets.internal.AnnotationTargetsImpl_Scanner.scanClasses(AnnotationTargetsImpl_Scanner.java:254)
	at com.ibm.ws.anno.targets.internal.AnnotationTargetsImpl_Scanner.scanDirect(AnnotationTargetsImpl_Scanner.java:216)
	at com.ibm.ws.anno.targets.internal.AnnotationTargetsImpl_Targets.doScanDirectClasses(AnnotationTargetsImpl_Targets.java:379)
	at com.ibm.ws.anno.targets.internal.AnnotationTargetsImpl_Targets.scanDirectClasses(AnnotationTargetsImpl_Targets.java:348)
	at com.ibm.ws.anno.targets.internal.AnnotationTargetsImpl_Targets.getAllInheritedAnnotatedClasses(AnnotationTargetsImpl_Targets.java:1025)
	at com.ibm.ws.anno.targets.internal.AnnotationTargetsImpl_Targets.getAllInheritedAnnotatedClasses(AnnotationTargetsImpl_Targets.java:1017)
	at com.ibm.ws.container.service.annotations.internal.ContainerAnnotationsAdapter$ContainerAnnotationsImpl.getClassesWithSpecifiedInheritedAnnotations(ContainerAnnotationsAdapter.java:139)
	at com.ibm.ws.cdi.liberty.CDIArchiveImpl.getClassesWithSpecifiedInheritedAnnotations(CDIArchiveImpl.java:427)
	at com.ibm.ws.cdi.liberty.CDIArchiveImpl.getAnnotatedClasses(CDIArchiveImpl.java:413)
	at com.ibm.ws.cdi.interfaces.AbstractCDIArchive.getBeanDefiningAnnotations(AbstractCDIArchive.java:269)
	at com.ibm.ws.cdi.impl.weld.BeanDeploymentArchiveImpl.scanForBeanDefiningAnnotations(BeanDeploymentArchiveImpl.java:240)
	at com.ibm.ws.cdi.impl.weld.BeanDeploymentArchiveImpl.scanForBeanDefiningAnnotations(BeanDeploymentArchiveImpl.java:253)
	at com.ibm.ws.cdi.impl.weld.WebSphereCDIDeploymentImpl.scan(WebSphereCDIDeploymentImpl.java:583)
	at com.ibm.ws.cdi.impl.CDIContainerImpl.applicationStarting(CDIContainerImpl.java:120)
	at com.ibm.ws.cdi.liberty.CDIRuntimeImpl.applicationStarting(CDIRuntimeImpl.java:379)
	at com.ibm.ws.container.service.state.internal.ApplicationStateManager.fireStarting(ApplicationStateManager.java:28)
	at com.ibm.ws.container.service.state.internal.StateChangeServiceImpl.fireApplicationStarting(StateChangeServiceImpl.java:50)
	at com.ibm.ws.app.manager.module.internal.DeployedAppInfoBase.preDeployApp(DeployedAppInfoBase.java:375)
	at com.ibm.ws.app.manager.module.internal.DeployedAppInfoBase.deployApp(DeployedAppInfoBase.java:402)
	at com.ibm.ws.app.manager.war.internal.WARApplicationHandlerImpl.install(WARApplicationHandlerImpl.java:65)
	at com.ibm.ws.app.manager.internal.statemachine.StartAction.execute(StartAction.java:140)
	at com.ibm.ws.app.manager.internal.statemachine.ApplicationStateMachineImpl.enterState(ApplicationStateMachineImpl.java:1258)
	at com.ibm.ws.app.manager.internal.statemachine.ApplicationStateMachineImpl.run(ApplicationStateMachineImpl.java:873)
	at java.util.concurrent.ThreadPoolExecutor.runWorker(ThreadPoolExecutor.java:1149)
	at java.util.concurrent.ThreadPoolExecutor$Worker.run(ThreadPoolExecutor.java:624)
	at java.lang.Thread.run(Thread.java:748)
.
[11/23/17 17:48:13:641 CST] 0000001b m.ibm.ws.anno.targets.internal.AnnotationTargetsImpl_Targets W CWWKC0044W: Se ha producido una excepción durante la exploración de datos de anotaciones y clases. La excepción ha sido java.lang.IllegalArgumentException
	at org.objectweb.asm.ClassReader.<init>(Unknown Source)
	at org.objectweb.asm.ClassReader.<init>(Unknown Source)
	at org.objectweb.asm.ClassReader.<init>(Unknown Source)
	at com.ibm.ws.anno.targets.internal.AnnotationTargetsImpl_Targets.scanClass(AnnotationTargetsImpl_Targets.java:495)
	at com.ibm.ws.anno.targets.internal.AnnotationTargetsImpl_Streamer.process(AnnotationTargetsImpl_Streamer.java:88)
	at com.ibm.ws.anno.classsource.internal.ClassSourceImpl_MappedContainer.process(ClassSourceImpl_MappedContainer.java:351)
	at com.ibm.ws.anno.classsource.internal.ClassSourceImpl_MappedContainer.scanClasses(ClassSourceImpl_MappedContainer.java:283)
	at com.ibm.ws.anno.classsource.internal.ClassSourceImpl_MappedContainer.scanClasses(ClassSourceImpl_MappedContainer.java:128)
	at com.ibm.ws.anno.classsource.internal.ClassSourceImpl_Aggregate.scanClasses(ClassSourceImpl_Aggregate.java:369)
	at com.ibm.ws.anno.targets.internal.AnnotationTargetsImpl_Scanner.scanClasses(AnnotationTargetsImpl_Scanner.java:254)
	at com.ibm.ws.anno.targets.internal.AnnotationTargetsImpl_Scanner.scanDirect(AnnotationTargetsImpl_Scanner.java:216)
	at com.ibm.ws.anno.targets.internal.AnnotationTargetsImpl_Targets.doScanDirectClasses(AnnotationTargetsImpl_Targets.java:379)
	at com.ibm.ws.anno.targets.internal.AnnotationTargetsImpl_Targets.scanDirectClasses(AnnotationTargetsImpl_Targets.java:348)
	at com.ibm.ws.anno.targets.internal.AnnotationTargetsImpl_Targets.getAllInheritedAnnotatedClasses(AnnotationTargetsImpl_Targets.java:1025)
	at com.ibm.ws.anno.targets.internal.AnnotationTargetsImpl_Targets.getAllInheritedAnnotatedClasses(AnnotationTargetsImpl_Targets.java:1017)
	at com.ibm.ws.container.service.annotations.internal.ContainerAnnotationsAdapter$ContainerAnnotationsImpl.getClassesWithSpecifiedInheritedAnnotations(ContainerAnnotationsAdapter.java:139)
	at com.ibm.ws.cdi.liberty.CDIArchiveImpl.getClassesWithSpecifiedInheritedAnnotations(CDIArchiveImpl.java:427)
	at com.ibm.ws.cdi.liberty.CDIArchiveImpl.getAnnotatedClasses(CDIArchiveImpl.java:413)
	at com.ibm.ws.cdi.impl.weld.BeanDeploymentArchiveImpl.scanForBeanClassNames(BeanDeploymentArchiveImpl.java:352)
	at com.ibm.ws.cdi.impl.weld.BeanDeploymentArchiveImpl.scan(BeanDeploymentArchiveImpl.java:309)
	at com.ibm.ws.cdi.impl.weld.BeanDeploymentArchiveImpl.scan(BeanDeploymentArchiveImpl.java:304)
	at com.ibm.ws.cdi.impl.weld.BeanDeploymentArchiveImpl.scan(BeanDeploymentArchiveImpl.java:304)
	at com.ibm.ws.cdi.impl.weld.BeanDeploymentArchiveImpl.scan(BeanDeploymentArchiveImpl.java:304)
	at com.ibm.ws.cdi.impl.weld.BeanDeploymentArchiveImpl.scan(BeanDeploymentArchiveImpl.java:304)
	at com.ibm.ws.cdi.impl.weld.BeanDeploymentArchiveImpl.scan(BeanDeploymentArchiveImpl.java:304)
	at com.ibm.ws.cdi.impl.weld.BeanDeploymentArchiveImpl.scan(BeanDeploymentArchiveImpl.java:304)
	at com.ibm.ws.cdi.impl.weld.BeanDeploymentArchiveImpl.scan(BeanDeploymentArchiveImpl.java:304)
	at com.ibm.ws.cdi.impl.weld.BeanDeploymentArchiveImpl.scan(BeanDeploymentArchiveImpl.java:304)
	at com.ibm.ws.cdi.impl.weld.BeanDeploymentArchiveImpl.scan(BeanDeploymentArchiveImpl.java:304)
	at com.ibm.ws.cdi.impl.weld.BeanDeploymentArchiveImpl.scan(BeanDeploymentArchiveImpl.java:304)
	at com.ibm.ws.cdi.impl.weld.BeanDeploymentArchiveImpl.scan(BeanDeploymentArchiveImpl.java:304)
	at com.ibm.ws.cdi.impl.weld.BeanDeploymentArchiveImpl.scan(BeanDeploymentArchiveImpl.java:304)
	at com.ibm.ws.cdi.impl.weld.BeanDeploymentArchiveImpl.scan(BeanDeploymentArchiveImpl.java:304)
	at com.ibm.ws.cdi.impl.weld.BeanDeploymentArchiveImpl.scan(BeanDeploymentArchiveImpl.java:304)
	at com.ibm.ws.cdi.impl.weld.BeanDeploymentArchiveImpl.scan(BeanDeploymentArchiveImpl.java:304)
	at com.ibm.ws.cdi.impl.weld.BeanDeploymentArchiveImpl.scan(BeanDeploymentArchiveImpl.java:304)
	at com.ibm.ws.cdi.impl.weld.BeanDeploymentArchiveImpl.scan(BeanDeploymentArchiveImpl.java:304)
	at com.ibm.ws.cdi.impl.weld.BeanDeploymentArchiveImpl.scan(BeanDeploymentArchiveImpl.java:304)
	at com.ibm.ws.cdi.impl.weld.BeanDeploymentArchiveImpl.scan(BeanDeploymentArchiveImpl.java:304)
	at com.ibm.ws.cdi.impl.weld.BeanDeploymentArchiveImpl.scan(BeanDeploymentArchiveImpl.java:304)
	at com.ibm.ws.cdi.impl.weld.BeanDeploymentArchiveImpl.scan(BeanDeploymentArchiveImpl.java:304)
	at com.ibm.ws.cdi.impl.weld.BeanDeploymentArchiveImpl.scan(BeanDeploymentArchiveImpl.java:304)
	at com.ibm.ws.cdi.impl.weld.BeanDeploymentArchiveImpl.scan(BeanDeploymentArchiveImpl.java:304)
	at com.ibm.ws.cdi.impl.weld.BeanDeploymentArchiveImpl.scan(BeanDeploymentArchiveImpl.java:304)
	at com.ibm.ws.cdi.impl.weld.BeanDeploymentArchiveImpl.scan(BeanDeploymentArchiveImpl.java:304)
	at com.ibm.ws.cdi.impl.weld.BeanDeploymentArchiveImpl.scan(BeanDeploymentArchiveImpl.java:304)
	at com.ibm.ws.cdi.impl.weld.BeanDeploymentArchiveImpl.scan(BeanDeploymentArchiveImpl.java:304)
	at com.ibm.ws.cdi.impl.weld.BeanDeploymentArchiveImpl.scan(BeanDeploymentArchiveImpl.java:304)
	at com.ibm.ws.cdi.impl.weld.BeanDeploymentArchiveImpl.scan(BeanDeploymentArchiveImpl.java:304)
	at com.ibm.ws.cdi.impl.weld.BeanDeploymentArchiveImpl.scan(BeanDeploymentArchiveImpl.java:304)
	at com.ibm.ws.cdi.impl.weld.WebSphereCDIDeploymentImpl.scan(WebSphereCDIDeploymentImpl.java:587)
	at com.ibm.ws.cdi.impl.CDIContainerImpl.applicationStarting(CDIContainerImpl.java:120)
	at com.ibm.ws.cdi.liberty.CDIRuntimeImpl.applicationStarting(CDIRuntimeImpl.java:379)
	at com.ibm.ws.container.service.state.internal.ApplicationStateManager.fireStarting(ApplicationStateManager.java:28)
	at com.ibm.ws.container.service.state.internal.StateChangeServiceImpl.fireApplicationStarting(StateChangeServiceImpl.java:50)
	at com.ibm.ws.app.manager.module.internal.DeployedAppInfoBase.preDeployApp(DeployedAppInfoBase.java:375)
	at com.ibm.ws.app.manager.module.internal.DeployedAppInfoBase.deployApp(DeployedAppInfoBase.java:402)
	at com.ibm.ws.app.manager.war.internal.WARApplicationHandlerImpl.install(WARApplicationHandlerImpl.java:65)
	at com.ibm.ws.app.manager.internal.statemachine.StartAction.execute(StartAction.java:140)
	at com.ibm.ws.app.manager.internal.statemachine.ApplicationStateMachineImpl.enterState(ApplicationStateMachineImpl.java:1258)
	at com.ibm.ws.app.manager.internal.statemachine.ApplicationStateMachineImpl.run(ApplicationStateMachineImpl.java:873)
	at java.util.concurrent.ThreadPoolExecutor.runWorker(ThreadPoolExecutor.java:1149)
	at java.util.concurrent.ThreadPoolExecutor$Worker.run(ThreadPoolExecutor.java:624)
	at java.lang.Thread.run(Thread.java:748)
.
[11/23/17 17:48:13:827 CST] 0000001b m.ibm.ws.anno.targets.internal.AnnotationTargetsImpl_Targets W CWWKC0044W: Se ha producido una excepción durante la exploración de datos de anotaciones y clases. La excepción ha sido java.lang.IllegalArgumentException
	at org.objectweb.asm.ClassReader.<init>(Unknown Source)
	at org.objectweb.asm.ClassReader.<init>(Unknown Source)
	at org.objectweb.asm.ClassReader.<init>(Unknown Source)
	at com.ibm.ws.anno.targets.internal.AnnotationTargetsImpl_Targets.scanClass(AnnotationTargetsImpl_Targets.java:495)
	at com.ibm.ws.anno.targets.internal.AnnotationTargetsImpl_Streamer.process(AnnotationTargetsImpl_Streamer.java:88)
	at com.ibm.ws.anno.classsource.internal.ClassSourceImpl_MappedContainer.process(ClassSourceImpl_MappedContainer.java:351)
	at com.ibm.ws.anno.classsource.internal.ClassSourceImpl_MappedContainer.scanClasses(ClassSourceImpl_MappedContainer.java:283)
	at com.ibm.ws.anno.classsource.internal.ClassSourceImpl_MappedContainer.scanClasses(ClassSourceImpl_MappedContainer.java:128)
	at com.ibm.ws.anno.classsource.internal.ClassSourceImpl_Aggregate.scanClasses(ClassSourceImpl_Aggregate.java:369)
	at com.ibm.ws.anno.targets.internal.AnnotationTargetsImpl_Scanner.scanClasses(AnnotationTargetsImpl_Scanner.java:254)
	at com.ibm.ws.anno.targets.internal.AnnotationTargetsImpl_Scanner.scanDirect(AnnotationTargetsImpl_Scanner.java:216)
	at com.ibm.ws.anno.targets.internal.AnnotationTargetsImpl_Targets.doScanDirectClasses(AnnotationTargetsImpl_Targets.java:379)
	at com.ibm.ws.anno.targets.internal.AnnotationTargetsImpl_Targets.scanDirectClasses(AnnotationTargetsImpl_Targets.java:348)
	at com.ibm.ws.anno.targets.internal.AnnotationTargetsImpl_Targets.getAllInheritedAnnotatedClasses(AnnotationTargetsImpl_Targets.java:1025)
	at com.ibm.ws.anno.targets.internal.AnnotationTargetsImpl_Targets.getAllInheritedAnnotatedClasses(AnnotationTargetsImpl_Targets.java:1017)
	at com.ibm.ws.container.service.annotations.internal.ContainerAnnotationsAdapter$ContainerAnnotationsImpl.getClassesWithSpecifiedInheritedAnnotations(ContainerAnnotationsAdapter.java:139)
	at com.ibm.ws.cdi.liberty.CDIArchiveImpl.getClassesWithSpecifiedInheritedAnnotations(CDIArchiveImpl.java:427)
	at com.ibm.ws.cdi.liberty.CDIArchiveImpl.getAnnotatedClasses(CDIArchiveImpl.java:413)
	at com.ibm.ws.cdi.impl.weld.BeanDeploymentArchiveImpl.scanForBeanClassNames(BeanDeploymentArchiveImpl.java:352)
	at com.ibm.ws.cdi.impl.weld.BeanDeploymentArchiveImpl.scan(BeanDeploymentArchiveImpl.java:309)
	at com.ibm.ws.cdi.impl.weld.BeanDeploymentArchiveImpl.scan(BeanDeploymentArchiveImpl.java:304)
	at com.ibm.ws.cdi.impl.weld.BeanDeploymentArchiveImpl.scan(BeanDeploymentArchiveImpl.java:304)
	at com.ibm.ws.cdi.impl.weld.BeanDeploymentArchiveImpl.scan(BeanDeploymentArchiveImpl.java:304)
	at com.ibm.ws.cdi.impl.weld.BeanDeploymentArchiveImpl.scan(BeanDeploymentArchiveImpl.java:304)
	at com.ibm.ws.cdi.impl.weld.BeanDeploymentArchiveImpl.scan(BeanDeploymentArchiveImpl.java:304)
	at com.ibm.ws.cdi.impl.weld.BeanDeploymentArchiveImpl.scan(BeanDeploymentArchiveImpl.java:304)
	at com.ibm.ws.cdi.impl.weld.BeanDeploymentArchiveImpl.scan(BeanDeploymentArchiveImpl.java:304)
	at com.ibm.ws.cdi.impl.weld.BeanDeploymentArchiveImpl.scan(BeanDeploymentArchiveImpl.java:304)
	at com.ibm.ws.cdi.impl.weld.BeanDeploymentArchiveImpl.scan(BeanDeploymentArchiveImpl.java:304)
	at com.ibm.ws.cdi.impl.weld.BeanDeploymentArchiveImpl.scan(BeanDeploymentArchiveImpl.java:304)
	at com.ibm.ws.cdi.impl.weld.BeanDeploymentArchiveImpl.scan(BeanDeploymentArchiveImpl.java:304)
	at com.ibm.ws.cdi.impl.weld.BeanDeploymentArchiveImpl.scan(BeanDeploymentArchiveImpl.java:304)
	at com.ibm.ws.cdi.impl.weld.BeanDeploymentArchiveImpl.scan(BeanDeploymentArchiveImpl.java:304)
	at com.ibm.ws.cdi.impl.weld.BeanDeploymentArchiveImpl.scan(BeanDeploymentArchiveImpl.java:304)
	at com.ibm.ws.cdi.impl.weld.BeanDeploymentArchiveImpl.scan(BeanDeploymentArchiveImpl.java:304)
	at com.ibm.ws.cdi.impl.weld.BeanDeploymentArchiveImpl.scan(BeanDeploymentArchiveImpl.java:304)
	at com.ibm.ws.cdi.impl.weld.BeanDeploymentArchiveImpl.scan(BeanDeploymentArchiveImpl.java:304)
	at com.ibm.ws.cdi.impl.weld.BeanDeploymentArchiveImpl.scan(BeanDeploymentArchiveImpl.java:304)
	at com.ibm.ws.cdi.impl.weld.BeanDeploymentArchiveImpl.scan(BeanDeploymentArchiveImpl.java:304)
	at com.ibm.ws.cdi.impl.weld.BeanDeploymentArchiveImpl.scan(BeanDeploymentArchiveImpl.java:304)
	at com.ibm.ws.cdi.impl.weld.BeanDeploymentArchiveImpl.scan(BeanDeploymentArchiveImpl.java:304)
	at com.ibm.ws.cdi.impl.weld.BeanDeploymentArchiveImpl.scan(BeanDeploymentArchiveImpl.java:304)
	at com.ibm.ws.cdi.impl.weld.WebSphereCDIDeploymentImpl.scan(WebSphereCDIDeploymentImpl.java:587)
	at com.ibm.ws.cdi.impl.CDIContainerImpl.applicationStarting(CDIContainerImpl.java:120)
	at com.ibm.ws.cdi.liberty.CDIRuntimeImpl.applicationStarting(CDIRuntimeImpl.java:379)
	at com.ibm.ws.container.service.state.internal.ApplicationStateManager.fireStarting(ApplicationStateManager.java:28)
	at com.ibm.ws.container.service.state.internal.StateChangeServiceImpl.fireApplicationStarting(StateChangeServiceImpl.java:50)
	at com.ibm.ws.app.manager.module.internal.DeployedAppInfoBase.preDeployApp(DeployedAppInfoBase.java:375)
	at com.ibm.ws.app.manager.module.internal.DeployedAppInfoBase.deployApp(DeployedAppInfoBase.java:402)
	at com.ibm.ws.app.manager.war.internal.WARApplicationHandlerImpl.install(WARApplicationHandlerImpl.java:65)
	at com.ibm.ws.app.manager.internal.statemachine.StartAction.execute(StartAction.java:140)
	at com.ibm.ws.app.manager.internal.statemachine.ApplicationStateMachineImpl.enterState(ApplicationStateMachineImpl.java:1258)
	at com.ibm.ws.app.manager.internal.statemachine.ApplicationStateMachineImpl.run(ApplicationStateMachineImpl.java:873)
	at java.util.concurrent.ThreadPoolExecutor.runWorker(ThreadPoolExecutor.java:1149)
	at java.util.concurrent.ThreadPoolExecutor$Worker.run(ThreadPoolExecutor.java:624)
	at java.lang.Thread.run(Thread.java:748)
.
[11/23/17 17:48:13:857 CST] 0000001b m.ibm.ws.anno.targets.internal.AnnotationTargetsImpl_Targets W CWWKC0044W: Se ha producido una excepción durante la exploración de datos de anotaciones y clases. La excepción ha sido java.lang.IllegalArgumentException
	at org.objectweb.asm.ClassReader.<init>(Unknown Source)
	at org.objectweb.asm.ClassReader.<init>(Unknown Source)
	at org.objectweb.asm.ClassReader.<init>(Unknown Source)
	at com.ibm.ws.anno.targets.internal.AnnotationTargetsImpl_Targets.scanClass(AnnotationTargetsImpl_Targets.java:495)
	at com.ibm.ws.anno.targets.internal.AnnotationTargetsImpl_Streamer.process(AnnotationTargetsImpl_Streamer.java:88)
	at com.ibm.ws.anno.classsource.internal.ClassSourceImpl_MappedContainer.process(ClassSourceImpl_MappedContainer.java:351)
	at com.ibm.ws.anno.classsource.internal.ClassSourceImpl_MappedContainer.scanClasses(ClassSourceImpl_MappedContainer.java:283)
	at com.ibm.ws.anno.classsource.internal.ClassSourceImpl_MappedContainer.scanClasses(ClassSourceImpl_MappedContainer.java:128)
	at com.ibm.ws.anno.classsource.internal.ClassSourceImpl_Aggregate.scanClasses(ClassSourceImpl_Aggregate.java:369)
	at com.ibm.ws.anno.targets.internal.AnnotationTargetsImpl_Scanner.scanClasses(AnnotationTargetsImpl_Scanner.java:254)
	at com.ibm.ws.anno.targets.internal.AnnotationTargetsImpl_Scanner.scanDirect(AnnotationTargetsImpl_Scanner.java:216)
	at com.ibm.ws.anno.targets.internal.AnnotationTargetsImpl_Targets.doScanDirectClasses(AnnotationTargetsImpl_Targets.java:379)
	at com.ibm.ws.anno.targets.internal.AnnotationTargetsImpl_Targets.scanDirectClasses(AnnotationTargetsImpl_Targets.java:348)
	at com.ibm.ws.anno.targets.internal.AnnotationTargetsImpl_Targets.getAllInheritedAnnotatedClasses(AnnotationTargetsImpl_Targets.java:1025)
	at com.ibm.ws.anno.targets.internal.AnnotationTargetsImpl_Targets.getAllInheritedAnnotatedClasses(AnnotationTargetsImpl_Targets.java:1017)
	at com.ibm.ws.container.service.annotations.internal.ContainerAnnotationsAdapter$ContainerAnnotationsImpl.getClassesWithSpecifiedInheritedAnnotations(ContainerAnnotationsAdapter.java:139)
	at com.ibm.ws.cdi.liberty.CDIArchiveImpl.getClassesWithSpecifiedInheritedAnnotations(CDIArchiveImpl.java:427)
	at com.ibm.ws.cdi.liberty.CDIArchiveImpl.getAnnotatedClasses(CDIArchiveImpl.java:413)
	at com.ibm.ws.cdi.impl.weld.BeanDeploymentArchiveImpl.scanForBeanClassNames(BeanDeploymentArchiveImpl.java:352)
	at com.ibm.ws.cdi.impl.weld.BeanDeploymentArchiveImpl.scan(BeanDeploymentArchiveImpl.java:309)
	at com.ibm.ws.cdi.impl.weld.BeanDeploymentArchiveImpl.scan(BeanDeploymentArchiveImpl.java:304)
	at com.ibm.ws.cdi.impl.weld.BeanDeploymentArchiveImpl.scan(BeanDeploymentArchiveImpl.java:304)
	at com.ibm.ws.cdi.impl.weld.BeanDeploymentArchiveImpl.scan(BeanDeploymentArchiveImpl.java:304)
	at com.ibm.ws.cdi.impl.weld.BeanDeploymentArchiveImpl.scan(BeanDeploymentArchiveImpl.java:304)
	at com.ibm.ws.cdi.impl.weld.BeanDeploymentArchiveImpl.scan(BeanDeploymentArchiveImpl.java:304)
	at com.ibm.ws.cdi.impl.weld.BeanDeploymentArchiveImpl.scan(BeanDeploymentArchiveImpl.java:304)
	at com.ibm.ws.cdi.impl.weld.BeanDeploymentArchiveImpl.scan(BeanDeploymentArchiveImpl.java:304)
	at com.ibm.ws.cdi.impl.weld.BeanDeploymentArchiveImpl.scan(BeanDeploymentArchiveImpl.java:304)
	at com.ibm.ws.cdi.impl.weld.BeanDeploymentArchiveImpl.scan(BeanDeploymentArchiveImpl.java:304)
	at com.ibm.ws.cdi.impl.weld.BeanDeploymentArchiveImpl.scan(BeanDeploymentArchiveImpl.java:304)
	at com.ibm.ws.cdi.impl.weld.BeanDeploymentArchiveImpl.scan(BeanDeploymentArchiveImpl.java:304)
	at com.ibm.ws.cdi.impl.weld.BeanDeploymentArchiveImpl.scan(BeanDeploymentArchiveImpl.java:304)
	at com.ibm.ws.cdi.impl.weld.BeanDeploymentArchiveImpl.scan(BeanDeploymentArchiveImpl.java:304)
	at com.ibm.ws.cdi.impl.weld.BeanDeploymentArchiveImpl.scan(BeanDeploymentArchiveImpl.java:304)
	at com.ibm.ws.cdi.impl.weld.BeanDeploymentArchiveImpl.scan(BeanDeploymentArchiveImpl.java:304)
	at com.ibm.ws.cdi.impl.weld.BeanDeploymentArchiveImpl.scan(BeanDeploymentArchiveImpl.java:304)
	at com.ibm.ws.cdi.impl.weld.BeanDeploymentArchiveImpl.scan(BeanDeploymentArchiveImpl.java:304)
	at com.ibm.ws.cdi.impl.weld.BeanDeploymentArchiveImpl.scan(BeanDeploymentArchiveImpl.java:304)
	at com.ibm.ws.cdi.impl.weld.BeanDeploymentArchiveImpl.scan(BeanDeploymentArchiveImpl.java:304)
	at com.ibm.ws.cdi.impl.weld.BeanDeploymentArchiveImpl.scan(BeanDeploymentArchiveImpl.java:304)
	at com.ibm.ws.cdi.impl.weld.BeanDeploymentArchiveImpl.scan(BeanDeploymentArchiveImpl.java:304)
	at com.ibm.ws.cdi.impl.weld.WebSphereCDIDeploymentImpl.scan(WebSphereCDIDeploymentImpl.java:587)
	at com.ibm.ws.cdi.impl.CDIContainerImpl.applicationStarting(CDIContainerImpl.java:120)
	at com.ibm.ws.cdi.liberty.CDIRuntimeImpl.applicationStarting(CDIRuntimeImpl.java:379)
	at com.ibm.ws.container.service.state.internal.ApplicationStateManager.fireStarting(ApplicationStateManager.java:28)
	at com.ibm.ws.container.service.state.internal.StateChangeServiceImpl.fireApplicationStarting(StateChangeServiceImpl.java:50)
	at com.ibm.ws.app.manager.module.internal.DeployedAppInfoBase.preDeployApp(DeployedAppInfoBase.java:375)
	at com.ibm.ws.app.manager.module.internal.DeployedAppInfoBase.deployApp(DeployedAppInfoBase.java:402)
	at com.ibm.ws.app.manager.war.internal.WARApplicationHandlerImpl.install(WARApplicationHandlerImpl.java:65)
	at com.ibm.ws.app.manager.internal.statemachine.StartAction.execute(StartAction.java:140)
	at com.ibm.ws.app.manager.internal.statemachine.ApplicationStateMachineImpl.enterState(ApplicationStateMachineImpl.java:1258)
	at com.ibm.ws.app.manager.internal.statemachine.ApplicationStateMachineImpl.run(ApplicationStateMachineImpl.java:873)
	at java.util.concurrent.ThreadPoolExecutor.runWorker(ThreadPoolExecutor.java:1149)
	at java.util.concurrent.ThreadPoolExecutor$Worker.run(ThreadPoolExecutor.java:624)
	at java.lang.Thread.run(Thread.java:748)
.
[11/23/17 17:48:13:877 CST] 0000001b m.ibm.ws.anno.targets.internal.AnnotationTargetsImpl_Targets W CWWKC0044W: Se ha producido una excepción durante la exploración de datos de anotaciones y clases. La excepción ha sido java.lang.IllegalArgumentException
	at org.objectweb.asm.ClassReader.<init>(Unknown Source)
	at org.objectweb.asm.ClassReader.<init>(Unknown Source)
	at org.objectweb.asm.ClassReader.<init>(Unknown Source)
	at com.ibm.ws.anno.targets.internal.AnnotationTargetsImpl_Targets.scanClass(AnnotationTargetsImpl_Targets.java:495)
	at com.ibm.ws.anno.targets.internal.AnnotationTargetsImpl_Streamer.process(AnnotationTargetsImpl_Streamer.java:88)
	at com.ibm.ws.anno.classsource.internal.ClassSourceImpl_MappedContainer.process(ClassSourceImpl_MappedContainer.java:351)
	at com.ibm.ws.anno.classsource.internal.ClassSourceImpl_MappedContainer.scanClasses(ClassSourceImpl_MappedContainer.java:283)
	at com.ibm.ws.anno.classsource.internal.ClassSourceImpl_MappedContainer.scanClasses(ClassSourceImpl_MappedContainer.java:128)
	at com.ibm.ws.anno.classsource.internal.ClassSourceImpl_Aggregate.scanClasses(ClassSourceImpl_Aggregate.java:369)
	at com.ibm.ws.anno.targets.internal.AnnotationTargetsImpl_Scanner.scanClasses(AnnotationTargetsImpl_Scanner.java:254)
	at com.ibm.ws.anno.targets.internal.AnnotationTargetsImpl_Scanner.scanDirect(AnnotationTargetsImpl_Scanner.java:216)
	at com.ibm.ws.anno.targets.internal.AnnotationTargetsImpl_Targets.doScanDirectClasses(AnnotationTargetsImpl_Targets.java:379)
	at com.ibm.ws.anno.targets.internal.AnnotationTargetsImpl_Targets.scanDirectClasses(AnnotationTargetsImpl_Targets.java:348)
	at com.ibm.ws.anno.targets.internal.AnnotationTargetsImpl_Targets.getAllInheritedAnnotatedClasses(AnnotationTargetsImpl_Targets.java:1025)
	at com.ibm.ws.anno.targets.internal.AnnotationTargetsImpl_Targets.getAllInheritedAnnotatedClasses(AnnotationTargetsImpl_Targets.java:1017)
	at com.ibm.ws.container.service.annotations.internal.ContainerAnnotationsAdapter$ContainerAnnotationsImpl.getClassesWithSpecifiedInheritedAnnotations(ContainerAnnotationsAdapter.java:139)
	at com.ibm.ws.cdi.liberty.CDIArchiveImpl.getClassesWithSpecifiedInheritedAnnotations(CDIArchiveImpl.java:427)
	at com.ibm.ws.cdi.liberty.CDIArchiveImpl.getAnnotatedClasses(CDIArchiveImpl.java:413)
	at com.ibm.ws.cdi.impl.weld.BeanDeploymentArchiveImpl.scanForBeanClassNames(BeanDeploymentArchiveImpl.java:352)
	at com.ibm.ws.cdi.impl.weld.BeanDeploymentArchiveImpl.scan(BeanDeploymentArchiveImpl.java:309)
	at com.ibm.ws.cdi.impl.weld.BeanDeploymentArchiveImpl.scan(BeanDeploymentArchiveImpl.java:304)
	at com.ibm.ws.cdi.impl.weld.BeanDeploymentArchiveImpl.scan(BeanDeploymentArchiveImpl.java:304)
	at com.ibm.ws.cdi.impl.weld.BeanDeploymentArchiveImpl.scan(BeanDeploymentArchiveImpl.java:304)
	at com.ibm.ws.cdi.impl.weld.BeanDeploymentArchiveImpl.scan(BeanDeploymentArchiveImpl.java:304)
	at com.ibm.ws.cdi.impl.weld.BeanDeploymentArchiveImpl.scan(BeanDeploymentArchiveImpl.java:304)
	at com.ibm.ws.cdi.impl.weld.BeanDeploymentArchiveImpl.scan(BeanDeploymentArchiveImpl.java:304)
	at com.ibm.ws.cdi.impl.weld.BeanDeploymentArchiveImpl.scan(BeanDeploymentArchiveImpl.java:304)
	at com.ibm.ws.cdi.impl.weld.BeanDeploymentArchiveImpl.scan(BeanDeploymentArchiveImpl.java:304)
	at com.ibm.ws.cdi.impl.weld.BeanDeploymentArchiveImpl.scan(BeanDeploymentArchiveImpl.java:304)
	at com.ibm.ws.cdi.impl.weld.BeanDeploymentArchiveImpl.scan(BeanDeploymentArchiveImpl.java:304)
	at com.ibm.ws.cdi.impl.weld.BeanDeploymentArchiveImpl.scan(BeanDeploymentArchiveImpl.java:304)
	at com.ibm.ws.cdi.impl.weld.BeanDeploymentArchiveImpl.scan(BeanDeploymentArchiveImpl.java:304)
	at com.ibm.ws.cdi.impl.weld.BeanDeploymentArchiveImpl.scan(BeanDeploymentArchiveImpl.java:304)
	at com.ibm.ws.cdi.impl.weld.BeanDeploymentArchiveImpl.scan(BeanDeploymentArchiveImpl.java:304)
	at com.ibm.ws.cdi.impl.weld.BeanDeploymentArchiveImpl.scan(BeanDeploymentArchiveImpl.java:304)
	at com.ibm.ws.cdi.impl.weld.BeanDeploymentArchiveImpl.scan(BeanDeploymentArchiveImpl.java:304)
	at com.ibm.ws.cdi.impl.weld.WebSphereCDIDeploymentImpl.scan(WebSphereCDIDeploymentImpl.java:587)
	at com.ibm.ws.cdi.impl.CDIContainerImpl.applicationStarting(CDIContainerImpl.java:120)
	at com.ibm.ws.cdi.liberty.CDIRuntimeImpl.applicationStarting(CDIRuntimeImpl.java:379)
	at com.ibm.ws.container.service.state.internal.ApplicationStateManager.fireStarting(ApplicationStateManager.java:28)
	at com.ibm.ws.container.service.state.internal.StateChangeServiceImpl.fireApplicationStarting(StateChangeServiceImpl.java:50)
	at com.ibm.ws.app.manager.module.internal.DeployedAppInfoBase.preDeployApp(DeployedAppInfoBase.java:375)
	at com.ibm.ws.app.manager.module.internal.DeployedAppInfoBase.deployApp(DeployedAppInfoBase.java:402)
	at com.ibm.ws.app.manager.war.internal.WARApplicationHandlerImpl.install(WARApplicationHandlerImpl.java:65)
	at com.ibm.ws.app.manager.internal.statemachine.StartAction.execute(StartAction.java:140)
	at com.ibm.ws.app.manager.internal.statemachine.ApplicationStateMachineImpl.enterState(ApplicationStateMachineImpl.java:1258)
	at com.ibm.ws.app.manager.internal.statemachine.ApplicationStateMachineImpl.run(ApplicationStateMachineImpl.java:873)
	at java.util.concurrent.ThreadPoolExecutor.runWorker(ThreadPoolExecutor.java:1149)
	at java.util.concurrent.ThreadPoolExecutor$Worker.run(ThreadPoolExecutor.java:624)
	at java.lang.Thread.run(Thread.java:748)
.
[11/23/17 17:48:15:416 CST] 0000001b com.ibm.ws.session.WASSessionCore                            I SESN8501I: El gestor de sesiones no ha encontrado una ubicación de almacenamiento persistente; los objetos HttpSession se almacenarán en la memoria del servidor de aplicaciones local.
[11/23/17 17:48:15:438 CST] 0000001b com.ibm.ws.webcontainer.osgi.webapp.WebGroup                 I SRVE0169I: Cargando módulo web: org.tec.datos1.messenger.webapi.
[11/23/17 17:48:15:441 CST] 0000001b com.ibm.ws.webcontainer                                      I SRVE0250I: El módulo web org.tec.datos1.messenger.webapi se ha enlazado con default_host.
[11/23/17 17:48:15:443 CST] 0000001b com.ibm.ws.http.internal.VirtualHostImpl                     A CWWKT0016I: Aplicación web disponible (default_host): http://localhost:9080/webapi/
[11/23/17 17:48:15:451 CST] 0000001b com.ibm.ws.app.manager.AppMessageHelper                      A CWWKZ0001I: La aplicación org.tec.datos1.messenger.webapi se ha iniciado en 6.996 segundos.
[11/23/17 17:48:15:472 CST] 00000017 com.ibm.ws.kernel.feature.internal.FeatureManager            A CWWKF0012I: El servidor ha instalado las características siguientes: [jsp-2.3, ejbLite-3.2, managedBeans-1.0, servlet-3.1, jsf-2.2, beanValidation-1.1, ssl-1.0, jndi-1.0, localConnector-1.0, appSecurity-2.0, jsonp-1.0, jdbc-4.1, jaxrs-2.0, el-3.0, jaxrsClient-2.0, json-1.0, jpaContainer-2.1, cdi-1.2, distributedMap-1.0, webProfile-7.0, websocket-1.1, jpa-2.1].
[11/23/17 17:48:15:473 CST] 00000017 com.ibm.ws.kernel.feature.internal.FeatureManager            I CWWKF0008I: La actualización de características se ha completado en 11.597 segundos.
[11/23/17 17:48:15:473 CST] 00000017 com.ibm.ws.kernel.feature.internal.FeatureManager            A CWWKF0011I: El servidor WebServer está preparado para ejecutar un planeta más inteligente.
[11/23/17 17:48:15:505 CST] 00000027 com.ibm.ws.session.WASSessionCore                            I SESN0176I: Se creará un nuevo contexto de sesión para la clave de aplicación default_host/webapi
[11/23/17 17:48:15:546 CST] 00000027 com.ibm.ws.util                                              I SESN0172I: El gestor de sesiones está utilizando la implementación de SecureRandom Java por omisión para la generación del ID de sesión.
[11/23/17 17:48:15:828 CST] 0000001e com.ibm.ws.webcontainer.osgi.mbeans.PluginGenerator          I SRVE9103I: Se ha generado automáticamente un archivo de configuración para un plug-in de servidor web para este servidor en /Users/Jai/Library/Mobile Documents/com~apple~CloudDocs/Datos I/TEC Messenger/wlp/usr/servers/WebServer/logs/state/plugin-cfg.xml.
[11/23/17 17:48:15:859 CST] 00000027 com.ibm.ws.cache.CacheServiceImpl                            I DYNA1056I: La memoria caché dinámica (memoria caché de objeto) se ha inicializado correctamente.
[11/23/17 17:48:29:169 CST] 00000028 com.ibm.ws.webcontainer.servlet                              I SRVE0242I: [org.tec.datos1.messenger.webapi] [/webapi] [RESTful Jersey Servlet]: Inicialización satisfactoria.
[11/23/17 17:49:22:492 CST] 0000001e com.ibm.ws.http.internal.VirtualHostImpl                     A CWWKT0017I: Aplicación web eliminada (default_host): http://localhost:9080/webapi/
[11/23/17 17:49:22:506 CST] 0000001e com.ibm.ws.webcontainer.servlet                              I SRVE0253I: [org.tec.datos1.messenger.webapi] [/webapi] [RESTful Jersey Servlet]: Destrucción satisfactoria.
[11/23/17 17:49:22:556 CST] 0000001e com.ibm.ws.app.manager.AppMessageHelper                      A CWWKZ0009I: La aplicación org.tec.datos1.messenger.webapi se ha detenido correctamente.
[11/23/17 17:49:22:562 CST] 0000001e com.ibm.ws.app.manager.AppMessageHelper                      I CWWKZ0018I: Iniciando la aplicación org.tec.datos1.messenger.webapi.
[11/23/17 17:49:22:652 CST] 00000041 com.ibm.ws.webcontainer.osgi.mbeans.PluginGenerator          I SRVE9103I: Se ha generado automáticamente un archivo de configuración para un plug-in de servidor web para este servidor en /Users/Jai/Library/Mobile Documents/com~apple~CloudDocs/Datos I/TEC Messenger/wlp/usr/servers/WebServer/logs/state/plugin-cfg.xml.
[11/23/17 17:49:22:883 CST] 0000001e m.ibm.ws.anno.targets.internal.AnnotationTargetsImpl_Targets W CWWKC0044W: Se ha producido una excepción durante la exploración de datos de anotaciones y clases. La excepción ha sido java.lang.IllegalArgumentException
	at org.objectweb.asm.ClassReader.<init>(Unknown Source)
	at org.objectweb.asm.ClassReader.<init>(Unknown Source)
	at org.objectweb.asm.ClassReader.<init>(Unknown Source)
	at com.ibm.ws.anno.targets.internal.AnnotationTargetsImpl_Targets.scanClass(AnnotationTargetsImpl_Targets.java:495)
	at com.ibm.ws.anno.targets.internal.AnnotationTargetsImpl_Streamer.process(AnnotationTargetsImpl_Streamer.java:88)
	at com.ibm.ws.anno.classsource.internal.ClassSourceImpl_MappedContainer.process(ClassSourceImpl_MappedContainer.java:351)
	at com.ibm.ws.anno.classsource.internal.ClassSourceImpl_MappedContainer.scanClasses(ClassSourceImpl_MappedContainer.java:283)
	at com.ibm.ws.anno.classsource.internal.ClassSourceImpl_MappedContainer.scanClasses(ClassSourceImpl_MappedContainer.java:128)
	at com.ibm.ws.anno.classsource.internal.ClassSourceImpl_Aggregate.scanClasses(ClassSourceImpl_Aggregate.java:369)
	at com.ibm.ws.anno.targets.internal.AnnotationTargetsImpl_Scanner.scanClasses(AnnotationTargetsImpl_Scanner.java:254)
	at com.ibm.ws.anno.targets.internal.AnnotationTargetsImpl_Scanner.scanDirect(AnnotationTargetsImpl_Scanner.java:216)
	at com.ibm.ws.anno.targets.internal.AnnotationTargetsImpl_Targets.doScanDirectClasses(AnnotationTargetsImpl_Targets.java:379)
	at com.ibm.ws.anno.targets.internal.AnnotationTargetsImpl_Targets.scanDirectClasses(AnnotationTargetsImpl_Targets.java:348)
	at com.ibm.ws.anno.targets.internal.AnnotationTargetsImpl_Targets.selectAnnotatedTargets(AnnotationTargetsImpl_Targets.java:1746)
	at com.ibm.ws.anno.targets.internal.AnnotationTargetsImpl_Targets.getAnnotatedClasses(AnnotationTargetsImpl_Targets.java:913)
	at com.ibm.ws.anno.targets.internal.AnnotationTargetsImpl_Targets.getAnnotatedClasses(AnnotationTargetsImpl_Targets.java:983)
	at com.ibm.ws.container.service.annotations.internal.WebAnnotationsImpl$FragmentAnnotationsImpl.selectAnnotatedClasses(WebAnnotationsImpl.java:453)
	at com.ibm.ws.webcontainer.osgi.container.config.WebAppConfiguratorHelper.configureFromAnnotations(WebAppConfiguratorHelper.java:778)
	at com.ibm.ws.webcontainer.osgi.container.config.WebAppConfigurator.configure(WebAppConfigurator.java:414)
	at com.ibm.ws.webcontainer.osgi.container.config.WebAppConfigurationAdapter.adapt(WebAppConfigurationAdapter.java:115)
	at com.ibm.ws.webcontainer.osgi.container.config.WebAppConfigurationAdapter.adapt(WebAppConfigurationAdapter.java:43)
	at com.ibm.ws.adaptable.module.internal.AdapterFactoryServiceImpl.adapt(AdapterFactoryServiceImpl.java:192)
	at com.ibm.ws.adaptable.module.internal.AdaptableContainerImpl.adapt(AdaptableContainerImpl.java:170)
	at com.ibm.ws.webcontainer.osgi.WebContainer.createModuleMetaData(WebContainer.java:820)
	at com.ibm.ws.app.manager.module.internal.ModuleHandlerBase.createModuleMetaData(ModuleHandlerBase.java:63)
	at com.ibm.ws.app.manager.module.internal.SimpleDeployedAppInfoBase$ModuleContainerInfoBase.createModuleMetaData(SimpleDeployedAppInfoBase.java:168)
	at com.ibm.ws.app.manager.module.internal.DeployedAppInfoBase.preDeployApp(DeployedAppInfoBase.java:363)
	at com.ibm.ws.app.manager.module.internal.DeployedAppInfoBase.deployApp(DeployedAppInfoBase.java:402)
	at com.ibm.ws.app.manager.war.internal.WARApplicationHandlerImpl.install(WARApplicationHandlerImpl.java:65)
	at com.ibm.ws.app.manager.internal.statemachine.StartAction.execute(StartAction.java:140)
	at com.ibm.ws.app.manager.internal.statemachine.ApplicationStateMachineImpl.enterState(ApplicationStateMachineImpl.java:1258)
	at com.ibm.ws.app.manager.internal.statemachine.ApplicationStateMachineImpl.performAction(ApplicationStateMachineImpl.java:1126)
	at com.ibm.ws.app.manager.internal.statemachine.ApplicationStateMachineImpl.run(ApplicationStateMachineImpl.java:881)
	at java.util.concurrent.ThreadPoolExecutor.runWorker(ThreadPoolExecutor.java:1149)
	at java.util.concurrent.ThreadPoolExecutor$Worker.run(ThreadPoolExecutor.java:624)
	at java.lang.Thread.run(Thread.java:748)
.
[11/23/17 17:49:23:494 CST] 0000001e m.ibm.ws.anno.targets.internal.AnnotationTargetsImpl_Targets W CWWKC0044W: Se ha producido una excepción durante la exploración de datos de anotaciones y clases. La excepción ha sido java.lang.IllegalArgumentException
	at org.objectweb.asm.ClassReader.<init>(Unknown Source)
	at org.objectweb.asm.ClassReader.<init>(Unknown Source)
	at org.objectweb.asm.ClassReader.<init>(Unknown Source)
	at com.ibm.ws.anno.targets.internal.AnnotationTargetsImpl_Targets.scanClass(AnnotationTargetsImpl_Targets.java:495)
	at com.ibm.ws.anno.targets.internal.AnnotationTargetsImpl_Streamer.process(AnnotationTargetsImpl_Streamer.java:88)
	at com.ibm.ws.anno.classsource.internal.ClassSourceImpl_MappedContainer.process(ClassSourceImpl_MappedContainer.java:351)
	at com.ibm.ws.anno.classsource.internal.ClassSourceImpl_MappedContainer.scanClasses(ClassSourceImpl_MappedContainer.java:283)
	at com.ibm.ws.anno.classsource.internal.ClassSourceImpl_MappedContainer.scanClasses(ClassSourceImpl_MappedContainer.java:128)
	at com.ibm.ws.anno.classsource.internal.ClassSourceImpl_Aggregate.scanClasses(ClassSourceImpl_Aggregate.java:369)
	at com.ibm.ws.anno.targets.internal.AnnotationTargetsImpl_Scanner.scanClasses(AnnotationTargetsImpl_Scanner.java:254)
	at com.ibm.ws.anno.targets.internal.AnnotationTargetsImpl_Scanner.scanDirect(AnnotationTargetsImpl_Scanner.java:216)
	at com.ibm.ws.anno.targets.internal.AnnotationTargetsImpl_Targets.doScanDirectClasses(AnnotationTargetsImpl_Targets.java:379)
	at com.ibm.ws.anno.targets.internal.AnnotationTargetsImpl_Targets.scanDirectClasses(AnnotationTargetsImpl_Targets.java:348)
	at com.ibm.ws.anno.targets.internal.AnnotationTargetsImpl_Targets.getAllInheritedAnnotatedClasses(AnnotationTargetsImpl_Targets.java:1025)
	at com.ibm.ws.anno.targets.internal.AnnotationTargetsImpl_Targets.getAllInheritedAnnotatedClasses(AnnotationTargetsImpl_Targets.java:1017)
	at com.ibm.ws.container.service.annotations.internal.ContainerAnnotationsAdapter$ContainerAnnotationsImpl.getClassesWithSpecifiedInheritedAnnotations(ContainerAnnotationsAdapter.java:139)
	at com.ibm.ws.cdi.liberty.CDIArchiveImpl.getClassesWithSpecifiedInheritedAnnotations(CDIArchiveImpl.java:427)
	at com.ibm.ws.cdi.liberty.CDIArchiveImpl.getAnnotatedClasses(CDIArchiveImpl.java:413)
	at com.ibm.ws.cdi.interfaces.AbstractCDIArchive.getBeanDefiningAnnotations(AbstractCDIArchive.java:269)
	at com.ibm.ws.cdi.impl.weld.BeanDeploymentArchiveImpl.scanForBeanDefiningAnnotations(BeanDeploymentArchiveImpl.java:240)
	at com.ibm.ws.cdi.impl.weld.BeanDeploymentArchiveImpl.scanForBeanDefiningAnnotations(BeanDeploymentArchiveImpl.java:253)
	at com.ibm.ws.cdi.impl.weld.WebSphereCDIDeploymentImpl.scan(WebSphereCDIDeploymentImpl.java:583)
	at com.ibm.ws.cdi.impl.CDIContainerImpl.applicationStarting(CDIContainerImpl.java:120)
	at com.ibm.ws.cdi.liberty.CDIRuntimeImpl.applicationStarting(CDIRuntimeImpl.java:379)
	at com.ibm.ws.container.service.state.internal.ApplicationStateManager.fireStarting(ApplicationStateManager.java:28)
	at com.ibm.ws.container.service.state.internal.StateChangeServiceImpl.fireApplicationStarting(StateChangeServiceImpl.java:50)
	at com.ibm.ws.app.manager.module.internal.DeployedAppInfoBase.preDeployApp(DeployedAppInfoBase.java:375)
	at com.ibm.ws.app.manager.module.internal.DeployedAppInfoBase.deployApp(DeployedAppInfoBase.java:402)
	at com.ibm.ws.app.manager.war.internal.WARApplicationHandlerImpl.install(WARApplicationHandlerImpl.java:65)
	at com.ibm.ws.app.manager.internal.statemachine.StartAction.execute(StartAction.java:140)
	at com.ibm.ws.app.manager.internal.statemachine.ApplicationStateMachineImpl.enterState(ApplicationStateMachineImpl.java:1258)
	at com.ibm.ws.app.manager.internal.statemachine.ApplicationStateMachineImpl.performAction(ApplicationStateMachineImpl.java:1126)
	at com.ibm.ws.app.manager.internal.statemachine.ApplicationStateMachineImpl.run(ApplicationStateMachineImpl.java:881)
	at java.util.concurrent.ThreadPoolExecutor.runWorker(ThreadPoolExecutor.java:1149)
	at java.util.concurrent.ThreadPoolExecutor$Worker.run(ThreadPoolExecutor.java:624)
	at java.lang.Thread.run(Thread.java:748)
.
[11/23/17 17:49:23:544 CST] 0000001e m.ibm.ws.anno.targets.internal.AnnotationTargetsImpl_Targets W CWWKC0044W: Se ha producido una excepción durante la exploración de datos de anotaciones y clases. La excepción ha sido java.lang.IllegalArgumentException
	at org.objectweb.asm.ClassReader.<init>(Unknown Source)
	at org.objectweb.asm.ClassReader.<init>(Unknown Source)
	at org.objectweb.asm.ClassReader.<init>(Unknown Source)
	at com.ibm.ws.anno.targets.internal.AnnotationTargetsImpl_Targets.scanClass(AnnotationTargetsImpl_Targets.java:495)
	at com.ibm.ws.anno.targets.internal.AnnotationTargetsImpl_Streamer.process(AnnotationTargetsImpl_Streamer.java:88)
	at com.ibm.ws.anno.classsource.internal.ClassSourceImpl_MappedContainer.process(ClassSourceImpl_MappedContainer.java:351)
	at com.ibm.ws.anno.classsource.internal.ClassSourceImpl_MappedContainer.scanClasses(ClassSourceImpl_MappedContainer.java:283)
	at com.ibm.ws.anno.classsource.internal.ClassSourceImpl_MappedContainer.scanClasses(ClassSourceImpl_MappedContainer.java:128)
	at com.ibm.ws.anno.classsource.internal.ClassSourceImpl_Aggregate.scanClasses(ClassSourceImpl_Aggregate.java:369)
	at com.ibm.ws.anno.targets.internal.AnnotationTargetsImpl_Scanner.scanClasses(AnnotationTargetsImpl_Scanner.java:254)
	at com.ibm.ws.anno.targets.internal.AnnotationTargetsImpl_Scanner.scanDirect(AnnotationTargetsImpl_Scanner.java:216)
	at com.ibm.ws.anno.targets.internal.AnnotationTargetsImpl_Targets.doScanDirectClasses(AnnotationTargetsImpl_Targets.java:379)
	at com.ibm.ws.anno.targets.internal.AnnotationTargetsImpl_Targets.scanDirectClasses(AnnotationTargetsImpl_Targets.java:348)
	at com.ibm.ws.anno.targets.internal.AnnotationTargetsImpl_Targets.getAllInheritedAnnotatedClasses(AnnotationTargetsImpl_Targets.java:1025)
	at com.ibm.ws.anno.targets.internal.AnnotationTargetsImpl_Targets.getAllInheritedAnnotatedClasses(AnnotationTargetsImpl_Targets.java:1017)
	at com.ibm.ws.container.service.annotations.internal.ContainerAnnotationsAdapter$ContainerAnnotationsImpl.getClassesWithSpecifiedInheritedAnnotations(ContainerAnnotationsAdapter.java:139)
	at com.ibm.ws.cdi.liberty.CDIArchiveImpl.getClassesWithSpecifiedInheritedAnnotations(CDIArchiveImpl.java:427)
	at com.ibm.ws.cdi.liberty.CDIArchiveImpl.getAnnotatedClasses(CDIArchiveImpl.java:413)
	at com.ibm.ws.cdi.interfaces.AbstractCDIArchive.getBeanDefiningAnnotations(AbstractCDIArchive.java:269)
	at com.ibm.ws.cdi.impl.weld.BeanDeploymentArchiveImpl.scanForBeanDefiningAnnotations(BeanDeploymentArchiveImpl.java:240)
	at com.ibm.ws.cdi.impl.weld.BeanDeploymentArchiveImpl.scanForBeanDefiningAnnotations(BeanDeploymentArchiveImpl.java:253)
	at com.ibm.ws.cdi.impl.weld.WebSphereCDIDeploymentImpl.scan(WebSphereCDIDeploymentImpl.java:583)
	at com.ibm.ws.cdi.impl.CDIContainerImpl.applicationStarting(CDIContainerImpl.java:120)
	at com.ibm.ws.cdi.liberty.CDIRuntimeImpl.applicationStarting(CDIRuntimeImpl.java:379)
	at com.ibm.ws.container.service.state.internal.ApplicationStateManager.fireStarting(ApplicationStateManager.java:28)
	at com.ibm.ws.container.service.state.internal.StateChangeServiceImpl.fireApplicationStarting(StateChangeServiceImpl.java:50)
	at com.ibm.ws.app.manager.module.internal.DeployedAppInfoBase.preDeployApp(DeployedAppInfoBase.java:375)
	at com.ibm.ws.app.manager.module.internal.DeployedAppInfoBase.deployApp(DeployedAppInfoBase.java:402)
	at com.ibm.ws.app.manager.war.internal.WARApplicationHandlerImpl.install(WARApplicationHandlerImpl.java:65)
	at com.ibm.ws.app.manager.internal.statemachine.StartAction.execute(StartAction.java:140)
	at com.ibm.ws.app.manager.internal.statemachine.ApplicationStateMachineImpl.enterState(ApplicationStateMachineImpl.java:1258)
	at com.ibm.ws.app.manager.internal.statemachine.ApplicationStateMachineImpl.performAction(ApplicationStateMachineImpl.java:1126)
	at com.ibm.ws.app.manager.internal.statemachine.ApplicationStateMachineImpl.run(ApplicationStateMachineImpl.java:881)
	at java.util.concurrent.ThreadPoolExecutor.runWorker(ThreadPoolExecutor.java:1149)
	at java.util.concurrent.ThreadPoolExecutor$Worker.run(ThreadPoolExecutor.java:624)
	at java.lang.Thread.run(Thread.java:748)
.
[11/23/17 17:49:23:550 CST] 0000001e m.ibm.ws.anno.targets.internal.AnnotationTargetsImpl_Targets W CWWKC0044W: Se ha producido una excepción durante la exploración de datos de anotaciones y clases. La excepción ha sido java.lang.IllegalArgumentException
	at org.objectweb.asm.ClassReader.<init>(Unknown Source)
	at org.objectweb.asm.ClassReader.<init>(Unknown Source)
	at org.objectweb.asm.ClassReader.<init>(Unknown Source)
	at com.ibm.ws.anno.targets.internal.AnnotationTargetsImpl_Targets.scanClass(AnnotationTargetsImpl_Targets.java:495)
	at com.ibm.ws.anno.targets.internal.AnnotationTargetsImpl_Streamer.process(AnnotationTargetsImpl_Streamer.java:88)
	at com.ibm.ws.anno.classsource.internal.ClassSourceImpl_MappedContainer.process(ClassSourceImpl_MappedContainer.java:351)
	at com.ibm.ws.anno.classsource.internal.ClassSourceImpl_MappedContainer.scanClasses(ClassSourceImpl_MappedContainer.java:283)
	at com.ibm.ws.anno.classsource.internal.ClassSourceImpl_MappedContainer.scanClasses(ClassSourceImpl_MappedContainer.java:128)
	at com.ibm.ws.anno.classsource.internal.ClassSourceImpl_Aggregate.scanClasses(ClassSourceImpl_Aggregate.java:369)
	at com.ibm.ws.anno.targets.internal.AnnotationTargetsImpl_Scanner.scanClasses(AnnotationTargetsImpl_Scanner.java:254)
	at com.ibm.ws.anno.targets.internal.AnnotationTargetsImpl_Scanner.scanDirect(AnnotationTargetsImpl_Scanner.java:216)
	at com.ibm.ws.anno.targets.internal.AnnotationTargetsImpl_Targets.doScanDirectClasses(AnnotationTargetsImpl_Targets.java:379)
	at com.ibm.ws.anno.targets.internal.AnnotationTargetsImpl_Targets.scanDirectClasses(AnnotationTargetsImpl_Targets.java:348)
	at com.ibm.ws.anno.targets.internal.AnnotationTargetsImpl_Targets.getAllInheritedAnnotatedClasses(AnnotationTargetsImpl_Targets.java:1025)
	at com.ibm.ws.anno.targets.internal.AnnotationTargetsImpl_Targets.getAllInheritedAnnotatedClasses(AnnotationTargetsImpl_Targets.java:1017)
	at com.ibm.ws.container.service.annotations.internal.ContainerAnnotationsAdapter$ContainerAnnotationsImpl.getClassesWithSpecifiedInheritedAnnotations(ContainerAnnotationsAdapter.java:139)
	at com.ibm.ws.cdi.liberty.CDIArchiveImpl.getClassesWithSpecifiedInheritedAnnotations(CDIArchiveImpl.java:427)
	at com.ibm.ws.cdi.liberty.CDIArchiveImpl.getAnnotatedClasses(CDIArchiveImpl.java:413)
	at com.ibm.ws.cdi.interfaces.AbstractCDIArchive.getBeanDefiningAnnotations(AbstractCDIArchive.java:269)
	at com.ibm.ws.cdi.impl.weld.BeanDeploymentArchiveImpl.scanForBeanDefiningAnnotations(BeanDeploymentArchiveImpl.java:240)
	at com.ibm.ws.cdi.impl.weld.BeanDeploymentArchiveImpl.scanForBeanDefiningAnnotations(BeanDeploymentArchiveImpl.java:253)
	at com.ibm.ws.cdi.impl.weld.WebSphereCDIDeploymentImpl.scan(WebSphereCDIDeploymentImpl.java:583)
	at com.ibm.ws.cdi.impl.CDIContainerImpl.applicationStarting(CDIContainerImpl.java:120)
	at com.ibm.ws.cdi.liberty.CDIRuntimeImpl.applicationStarting(CDIRuntimeImpl.java:379)
	at com.ibm.ws.container.service.state.internal.ApplicationStateManager.fireStarting(ApplicationStateManager.java:28)
	at com.ibm.ws.container.service.state.internal.StateChangeServiceImpl.fireApplicationStarting(StateChangeServiceImpl.java:50)
	at com.ibm.ws.app.manager.module.internal.DeployedAppInfoBase.preDeployApp(DeployedAppInfoBase.java:375)
	at com.ibm.ws.app.manager.module.internal.DeployedAppInfoBase.deployApp(DeployedAppInfoBase.java:402)
	at com.ibm.ws.app.manager.war.internal.WARApplicationHandlerImpl.install(WARApplicationHandlerImpl.java:65)
	at com.ibm.ws.app.manager.internal.statemachine.StartAction.execute(StartAction.java:140)
	at com.ibm.ws.app.manager.internal.statemachine.ApplicationStateMachineImpl.enterState(ApplicationStateMachineImpl.java:1258)
	at com.ibm.ws.app.manager.internal.statemachine.ApplicationStateMachineImpl.performAction(ApplicationStateMachineImpl.java:1126)
	at com.ibm.ws.app.manager.internal.statemachine.ApplicationStateMachineImpl.run(ApplicationStateMachineImpl.java:881)
	at java.util.concurrent.ThreadPoolExecutor.runWorker(ThreadPoolExecutor.java:1149)
	at java.util.concurrent.ThreadPoolExecutor$Worker.run(ThreadPoolExecutor.java:624)
	at java.lang.Thread.run(Thread.java:748)
.
[11/23/17 17:49:23:667 CST] 0000001e m.ibm.ws.anno.targets.internal.AnnotationTargetsImpl_Targets W CWWKC0044W: Se ha producido una excepción durante la exploración de datos de anotaciones y clases. La excepción ha sido java.lang.IllegalArgumentException
	at org.objectweb.asm.ClassReader.<init>(Unknown Source)
	at org.objectweb.asm.ClassReader.<init>(Unknown Source)
	at org.objectweb.asm.ClassReader.<init>(Unknown Source)
	at com.ibm.ws.anno.targets.internal.AnnotationTargetsImpl_Targets.scanClass(AnnotationTargetsImpl_Targets.java:495)
	at com.ibm.ws.anno.targets.internal.AnnotationTargetsImpl_Streamer.process(AnnotationTargetsImpl_Streamer.java:88)
	at com.ibm.ws.anno.classsource.internal.ClassSourceImpl_MappedContainer.process(ClassSourceImpl_MappedContainer.java:351)
	at com.ibm.ws.anno.classsource.internal.ClassSourceImpl_MappedContainer.scanClasses(ClassSourceImpl_MappedContainer.java:283)
	at com.ibm.ws.anno.classsource.internal.ClassSourceImpl_MappedContainer.scanClasses(ClassSourceImpl_MappedContainer.java:128)
	at com.ibm.ws.anno.classsource.internal.ClassSourceImpl_Aggregate.scanClasses(ClassSourceImpl_Aggregate.java:369)
	at com.ibm.ws.anno.targets.internal.AnnotationTargetsImpl_Scanner.scanClasses(AnnotationTargetsImpl_Scanner.java:254)
	at com.ibm.ws.anno.targets.internal.AnnotationTargetsImpl_Scanner.scanDirect(AnnotationTargetsImpl_Scanner.java:216)
	at com.ibm.ws.anno.targets.internal.AnnotationTargetsImpl_Targets.doScanDirectClasses(AnnotationTargetsImpl_Targets.java:379)
	at com.ibm.ws.anno.targets.internal.AnnotationTargetsImpl_Targets.scanDirectClasses(AnnotationTargetsImpl_Targets.java:348)
	at com.ibm.ws.anno.targets.internal.AnnotationTargetsImpl_Targets.getAllInheritedAnnotatedClasses(AnnotationTargetsImpl_Targets.java:1025)
	at com.ibm.ws.anno.targets.internal.AnnotationTargetsImpl_Targets.getAllInheritedAnnotatedClasses(AnnotationTargetsImpl_Targets.java:1017)
	at com.ibm.ws.container.service.annotations.internal.ContainerAnnotationsAdapter$ContainerAnnotationsImpl.getClassesWithSpecifiedInheritedAnnotations(ContainerAnnotationsAdapter.java:139)
	at com.ibm.ws.cdi.liberty.CDIArchiveImpl.getClassesWithSpecifiedInheritedAnnotations(CDIArchiveImpl.java:427)
	at com.ibm.ws.cdi.liberty.CDIArchiveImpl.getAnnotatedClasses(CDIArchiveImpl.java:413)
	at com.ibm.ws.cdi.interfaces.AbstractCDIArchive.getBeanDefiningAnnotations(AbstractCDIArchive.java:269)
	at com.ibm.ws.cdi.impl.weld.BeanDeploymentArchiveImpl.scanForBeanDefiningAnnotations(BeanDeploymentArchiveImpl.java:240)
	at com.ibm.ws.cdi.impl.weld.BeanDeploymentArchiveImpl.scanForBeanDefiningAnnotations(BeanDeploymentArchiveImpl.java:253)
	at com.ibm.ws.cdi.impl.weld.WebSphereCDIDeploymentImpl.scan(WebSphereCDIDeploymentImpl.java:583)
	at com.ibm.ws.cdi.impl.CDIContainerImpl.applicationStarting(CDIContainerImpl.java:120)
	at com.ibm.ws.cdi.liberty.CDIRuntimeImpl.applicationStarting(CDIRuntimeImpl.java:379)
	at com.ibm.ws.container.service.state.internal.ApplicationStateManager.fireStarting(ApplicationStateManager.java:28)
	at com.ibm.ws.container.service.state.internal.StateChangeServiceImpl.fireApplicationStarting(StateChangeServiceImpl.java:50)
	at com.ibm.ws.app.manager.module.internal.DeployedAppInfoBase.preDeployApp(DeployedAppInfoBase.java:375)
	at com.ibm.ws.app.manager.module.internal.DeployedAppInfoBase.deployApp(DeployedAppInfoBase.java:402)
	at com.ibm.ws.app.manager.war.internal.WARApplicationHandlerImpl.install(WARApplicationHandlerImpl.java:65)
	at com.ibm.ws.app.manager.internal.statemachine.StartAction.execute(StartAction.java:140)
	at com.ibm.ws.app.manager.internal.statemachine.ApplicationStateMachineImpl.enterState(ApplicationStateMachineImpl.java:1258)
	at com.ibm.ws.app.manager.internal.statemachine.ApplicationStateMachineImpl.performAction(ApplicationStateMachineImpl.java:1126)
	at com.ibm.ws.app.manager.internal.statemachine.ApplicationStateMachineImpl.run(ApplicationStateMachineImpl.java:881)
	at java.util.concurrent.ThreadPoolExecutor.runWorker(ThreadPoolExecutor.java:1149)
	at java.util.concurrent.ThreadPoolExecutor$Worker.run(ThreadPoolExecutor.java:624)
	at java.lang.Thread.run(Thread.java:748)
.
[11/23/17 17:49:25:879 CST] 0000001e m.ibm.ws.anno.targets.internal.AnnotationTargetsImpl_Targets W CWWKC0044W: Se ha producido una excepción durante la exploración de datos de anotaciones y clases. La excepción ha sido java.lang.IllegalArgumentException
	at org.objectweb.asm.ClassReader.<init>(Unknown Source)
	at org.objectweb.asm.ClassReader.<init>(Unknown Source)
	at org.objectweb.asm.ClassReader.<init>(Unknown Source)
	at com.ibm.ws.anno.targets.internal.AnnotationTargetsImpl_Targets.scanClass(AnnotationTargetsImpl_Targets.java:495)
	at com.ibm.ws.anno.targets.internal.AnnotationTargetsImpl_Streamer.process(AnnotationTargetsImpl_Streamer.java:88)
	at com.ibm.ws.anno.classsource.internal.ClassSourceImpl_MappedContainer.process(ClassSourceImpl_MappedContainer.java:351)
	at com.ibm.ws.anno.classsource.internal.ClassSourceImpl_MappedContainer.scanClasses(ClassSourceImpl_MappedContainer.java:283)
	at com.ibm.ws.anno.classsource.internal.ClassSourceImpl_MappedContainer.scanClasses(ClassSourceImpl_MappedContainer.java:128)
	at com.ibm.ws.anno.classsource.internal.ClassSourceImpl_Aggregate.scanClasses(ClassSourceImpl_Aggregate.java:369)
	at com.ibm.ws.anno.targets.internal.AnnotationTargetsImpl_Scanner.scanClasses(AnnotationTargetsImpl_Scanner.java:254)
	at com.ibm.ws.anno.targets.internal.AnnotationTargetsImpl_Scanner.scanDirect(AnnotationTargetsImpl_Scanner.java:216)
	at com.ibm.ws.anno.targets.internal.AnnotationTargetsImpl_Targets.doScanDirectClasses(AnnotationTargetsImpl_Targets.java:379)
	at com.ibm.ws.anno.targets.internal.AnnotationTargetsImpl_Targets.scanDirectClasses(AnnotationTargetsImpl_Targets.java:348)
	at com.ibm.ws.anno.targets.internal.AnnotationTargetsImpl_Targets.getAllInheritedAnnotatedClasses(AnnotationTargetsImpl_Targets.java:1025)
	at com.ibm.ws.anno.targets.internal.AnnotationTargetsImpl_Targets.getAllInheritedAnnotatedClasses(AnnotationTargetsImpl_Targets.java:1017)
	at com.ibm.ws.container.service.annotations.internal.ContainerAnnotationsAdapter$ContainerAnnotationsImpl.getClassesWithSpecifiedInheritedAnnotations(ContainerAnnotationsAdapter.java:139)
	at com.ibm.ws.cdi.liberty.CDIArchiveImpl.getClassesWithSpecifiedInheritedAnnotations(CDIArchiveImpl.java:427)
	at com.ibm.ws.cdi.liberty.CDIArchiveImpl.getAnnotatedClasses(CDIArchiveImpl.java:413)
	at com.ibm.ws.cdi.impl.weld.BeanDeploymentArchiveImpl.scanForBeanClassNames(BeanDeploymentArchiveImpl.java:352)
	at com.ibm.ws.cdi.impl.weld.BeanDeploymentArchiveImpl.scan(BeanDeploymentArchiveImpl.java:309)
	at com.ibm.ws.cdi.impl.weld.BeanDeploymentArchiveImpl.scan(BeanDeploymentArchiveImpl.java:304)
	at com.ibm.ws.cdi.impl.weld.BeanDeploymentArchiveImpl.scan(BeanDeploymentArchiveImpl.java:304)
	at com.ibm.ws.cdi.impl.weld.BeanDeploymentArchiveImpl.scan(BeanDeploymentArchiveImpl.java:304)
	at com.ibm.ws.cdi.impl.weld.BeanDeploymentArchiveImpl.scan(BeanDeploymentArchiveImpl.java:304)
	at com.ibm.ws.cdi.impl.weld.BeanDeploymentArchiveImpl.scan(BeanDeploymentArchiveImpl.java:304)
	at com.ibm.ws.cdi.impl.weld.BeanDeploymentArchiveImpl.scan(BeanDeploymentArchiveImpl.java:304)
	at com.ibm.ws.cdi.impl.weld.BeanDeploymentArchiveImpl.scan(BeanDeploymentArchiveImpl.java:304)
	at com.ibm.ws.cdi.impl.weld.BeanDeploymentArchiveImpl.scan(BeanDeploymentArchiveImpl.java:304)
	at com.ibm.ws.cdi.impl.weld.BeanDeploymentArchiveImpl.scan(BeanDeploymentArchiveImpl.java:304)
	at com.ibm.ws.cdi.impl.weld.BeanDeploymentArchiveImpl.scan(BeanDeploymentArchiveImpl.java:304)
	at com.ibm.ws.cdi.impl.weld.BeanDeploymentArchiveImpl.scan(BeanDeploymentArchiveImpl.java:304)
	at com.ibm.ws.cdi.impl.weld.BeanDeploymentArchiveImpl.scan(BeanDeploymentArchiveImpl.java:304)
	at com.ibm.ws.cdi.impl.weld.BeanDeploymentArchiveImpl.scan(BeanDeploymentArchiveImpl.java:304)
	at com.ibm.ws.cdi.impl.weld.BeanDeploymentArchiveImpl.scan(BeanDeploymentArchiveImpl.java:304)
	at com.ibm.ws.cdi.impl.weld.BeanDeploymentArchiveImpl.scan(BeanDeploymentArchiveImpl.java:304)
	at com.ibm.ws.cdi.impl.weld.BeanDeploymentArchiveImpl.scan(BeanDeploymentArchiveImpl.java:304)
	at com.ibm.ws.cdi.impl.weld.BeanDeploymentArchiveImpl.scan(BeanDeploymentArchiveImpl.java:304)
	at com.ibm.ws.cdi.impl.weld.BeanDeploymentArchiveImpl.scan(BeanDeploymentArchiveImpl.java:304)
	at com.ibm.ws.cdi.impl.weld.BeanDeploymentArchiveImpl.scan(BeanDeploymentArchiveImpl.java:304)
	at com.ibm.ws.cdi.impl.weld.BeanDeploymentArchiveImpl.scan(BeanDeploymentArchiveImpl.java:304)
	at com.ibm.ws.cdi.impl.weld.BeanDeploymentArchiveImpl.scan(BeanDeploymentArchiveImpl.java:304)
	at com.ibm.ws.cdi.impl.weld.BeanDeploymentArchiveImpl.scan(BeanDeploymentArchiveImpl.java:304)
	at com.ibm.ws.cdi.impl.weld.BeanDeploymentArchiveImpl.scan(BeanDeploymentArchiveImpl.java:304)
	at com.ibm.ws.cdi.impl.weld.BeanDeploymentArchiveImpl.scan(BeanDeploymentArchiveImpl.java:304)
	at com.ibm.ws.cdi.impl.weld.BeanDeploymentArchiveImpl.scan(BeanDeploymentArchiveImpl.java:304)
	at com.ibm.ws.cdi.impl.weld.BeanDeploymentArchiveImpl.scan(BeanDeploymentArchiveImpl.java:304)
	at com.ibm.ws.cdi.impl.weld.BeanDeploymentArchiveImpl.scan(BeanDeploymentArchiveImpl.java:304)
	at com.ibm.ws.cdi.impl.weld.BeanDeploymentArchiveImpl.scan(BeanDeploymentArchiveImpl.java:304)
	at com.ibm.ws.cdi.impl.weld.BeanDeploymentArchiveImpl.scan(BeanDeploymentArchiveImpl.java:304)
	at com.ibm.ws.cdi.impl.weld.BeanDeploymentArchiveImpl.scan(BeanDeploymentArchiveImpl.java:304)
	at com.ibm.ws.cdi.impl.weld.WebSphereCDIDeploymentImpl.scan(WebSphereCDIDeploymentImpl.java:587)
	at com.ibm.ws.cdi.impl.CDIContainerImpl.applicationStarting(CDIContainerImpl.java:120)
	at com.ibm.ws.cdi.liberty.CDIRuntimeImpl.applicationStarting(CDIRuntimeImpl.java:379)
	at com.ibm.ws.container.service.state.internal.ApplicationStateManager.fireStarting(ApplicationStateManager.java:28)
	at com.ibm.ws.container.service.state.internal.StateChangeServiceImpl.fireApplicationStarting(StateChangeServiceImpl.java:50)
	at com.ibm.ws.app.manager.module.internal.DeployedAppInfoBase.preDeployApp(DeployedAppInfoBase.java:375)
	at com.ibm.ws.app.manager.module.internal.DeployedAppInfoBase.deployApp(DeployedAppInfoBase.java:402)
	at com.ibm.ws.app.manager.war.internal.WARApplicationHandlerImpl.install(WARApplicationHandlerImpl.java:65)
	at com.ibm.ws.app.manager.internal.statemachine.StartAction.execute(StartAction.java:140)
	at com.ibm.ws.app.manager.internal.statemachine.ApplicationStateMachineImpl.enterState(ApplicationStateMachineImpl.java:1258)
	at com.ibm.ws.app.manager.internal.statemachine.ApplicationStateMachineImpl.performAction(ApplicationStateMachineImpl.java:1126)
	at com.ibm.ws.app.manager.internal.statemachine.ApplicationStateMachineImpl.run(ApplicationStateMachineImpl.java:881)
	at java.util.concurrent.ThreadPoolExecutor.runWorker(ThreadPoolExecutor.java:1149)
	at java.util.concurrent.ThreadPoolExecutor$Worker.run(ThreadPoolExecutor.java:624)
	at java.lang.Thread.run(Thread.java:748)
.
[11/23/17 17:49:25:951 CST] 0000001e m.ibm.ws.anno.targets.internal.AnnotationTargetsImpl_Targets W CWWKC0044W: Se ha producido una excepción durante la exploración de datos de anotaciones y clases. La excepción ha sido java.lang.IllegalArgumentException
	at org.objectweb.asm.ClassReader.<init>(Unknown Source)
	at org.objectweb.asm.ClassReader.<init>(Unknown Source)
	at org.objectweb.asm.ClassReader.<init>(Unknown Source)
	at com.ibm.ws.anno.targets.internal.AnnotationTargetsImpl_Targets.scanClass(AnnotationTargetsImpl_Targets.java:495)
	at com.ibm.ws.anno.targets.internal.AnnotationTargetsImpl_Streamer.process(AnnotationTargetsImpl_Streamer.java:88)
	at com.ibm.ws.anno.classsource.internal.ClassSourceImpl_MappedContainer.process(ClassSourceImpl_MappedContainer.java:351)
	at com.ibm.ws.anno.classsource.internal.ClassSourceImpl_MappedContainer.scanClasses(ClassSourceImpl_MappedContainer.java:283)
	at com.ibm.ws.anno.classsource.internal.ClassSourceImpl_MappedContainer.scanClasses(ClassSourceImpl_MappedContainer.java:128)
	at com.ibm.ws.anno.classsource.internal.ClassSourceImpl_Aggregate.scanClasses(ClassSourceImpl_Aggregate.java:369)
	at com.ibm.ws.anno.targets.internal.AnnotationTargetsImpl_Scanner.scanClasses(AnnotationTargetsImpl_Scanner.java:254)
	at com.ibm.ws.anno.targets.internal.AnnotationTargetsImpl_Scanner.scanDirect(AnnotationTargetsImpl_Scanner.java:216)
	at com.ibm.ws.anno.targets.internal.AnnotationTargetsImpl_Targets.doScanDirectClasses(AnnotationTargetsImpl_Targets.java:379)
	at com.ibm.ws.anno.targets.internal.AnnotationTargetsImpl_Targets.scanDirectClasses(AnnotationTargetsImpl_Targets.java:348)
	at com.ibm.ws.anno.targets.internal.AnnotationTargetsImpl_Targets.getAllInheritedAnnotatedClasses(AnnotationTargetsImpl_Targets.java:1025)
	at com.ibm.ws.anno.targets.internal.AnnotationTargetsImpl_Targets.getAllInheritedAnnotatedClasses(AnnotationTargetsImpl_Targets.java:1017)
	at com.ibm.ws.container.service.annotations.internal.ContainerAnnotationsAdapter$ContainerAnnotationsImpl.getClassesWithSpecifiedInheritedAnnotations(ContainerAnnotationsAdapter.java:139)
	at com.ibm.ws.cdi.liberty.CDIArchiveImpl.getClassesWithSpecifiedInheritedAnnotations(CDIArchiveImpl.java:427)
	at com.ibm.ws.cdi.liberty.CDIArchiveImpl.getAnnotatedClasses(CDIArchiveImpl.java:413)
	at com.ibm.ws.cdi.impl.weld.BeanDeploymentArchiveImpl.scanForBeanClassNames(BeanDeploymentArchiveImpl.java:352)
	at com.ibm.ws.cdi.impl.weld.BeanDeploymentArchiveImpl.scan(BeanDeploymentArchiveImpl.java:309)
	at com.ibm.ws.cdi.impl.weld.BeanDeploymentArchiveImpl.scan(BeanDeploymentArchiveImpl.java:304)
	at com.ibm.ws.cdi.impl.weld.BeanDeploymentArchiveImpl.scan(BeanDeploymentArchiveImpl.java:304)
	at com.ibm.ws.cdi.impl.weld.BeanDeploymentArchiveImpl.scan(BeanDeploymentArchiveImpl.java:304)
	at com.ibm.ws.cdi.impl.weld.BeanDeploymentArchiveImpl.scan(BeanDeploymentArchiveImpl.java:304)
	at com.ibm.ws.cdi.impl.weld.BeanDeploymentArchiveImpl.scan(BeanDeploymentArchiveImpl.java:304)
	at com.ibm.ws.cdi.impl.weld.BeanDeploymentArchiveImpl.scan(BeanDeploymentArchiveImpl.java:304)
	at com.ibm.ws.cdi.impl.weld.BeanDeploymentArchiveImpl.scan(BeanDeploymentArchiveImpl.java:304)
	at com.ibm.ws.cdi.impl.weld.BeanDeploymentArchiveImpl.scan(BeanDeploymentArchiveImpl.java:304)
	at com.ibm.ws.cdi.impl.weld.BeanDeploymentArchiveImpl.scan(BeanDeploymentArchiveImpl.java:304)
	at com.ibm.ws.cdi.impl.weld.BeanDeploymentArchiveImpl.scan(BeanDeploymentArchiveImpl.java:304)
	at com.ibm.ws.cdi.impl.weld.BeanDeploymentArchiveImpl.scan(BeanDeploymentArchiveImpl.java:304)
	at com.ibm.ws.cdi.impl.weld.BeanDeploymentArchiveImpl.scan(BeanDeploymentArchiveImpl.java:304)
	at com.ibm.ws.cdi.impl.weld.BeanDeploymentArchiveImpl.scan(BeanDeploymentArchiveImpl.java:304)
	at com.ibm.ws.cdi.impl.weld.BeanDeploymentArchiveImpl.scan(BeanDeploymentArchiveImpl.java:304)
	at com.ibm.ws.cdi.impl.weld.BeanDeploymentArchiveImpl.scan(BeanDeploymentArchiveImpl.java:304)
	at com.ibm.ws.cdi.impl.weld.BeanDeploymentArchiveImpl.scan(BeanDeploymentArchiveImpl.java:304)
	at com.ibm.ws.cdi.impl.weld.BeanDeploymentArchiveImpl.scan(BeanDeploymentArchiveImpl.java:304)
	at com.ibm.ws.cdi.impl.weld.BeanDeploymentArchiveImpl.scan(BeanDeploymentArchiveImpl.java:304)
	at com.ibm.ws.cdi.impl.weld.BeanDeploymentArchiveImpl.scan(BeanDeploymentArchiveImpl.java:304)
	at com.ibm.ws.cdi.impl.weld.BeanDeploymentArchiveImpl.scan(BeanDeploymentArchiveImpl.java:304)
	at com.ibm.ws.cdi.impl.weld.BeanDeploymentArchiveImpl.scan(BeanDeploymentArchiveImpl.java:304)
	at com.ibm.ws.cdi.impl.weld.BeanDeploymentArchiveImpl.scan(BeanDeploymentArchiveImpl.java:304)
	at com.ibm.ws.cdi.impl.weld.WebSphereCDIDeploymentImpl.scan(WebSphereCDIDeploymentImpl.java:587)
	at com.ibm.ws.cdi.impl.CDIContainerImpl.applicationStarting(CDIContainerImpl.java:120)
	at com.ibm.ws.cdi.liberty.CDIRuntimeImpl.applicationStarting(CDIRuntimeImpl.java:379)
	at com.ibm.ws.container.service.state.internal.ApplicationStateManager.fireStarting(ApplicationStateManager.java:28)
	at com.ibm.ws.container.service.state.internal.StateChangeServiceImpl.fireApplicationStarting(StateChangeServiceImpl.java:50)
	at com.ibm.ws.app.manager.module.internal.DeployedAppInfoBase.preDeployApp(DeployedAppInfoBase.java:375)
	at com.ibm.ws.app.manager.module.internal.DeployedAppInfoBase.deployApp(DeployedAppInfoBase.java:402)
	at com.ibm.ws.app.manager.war.internal.WARApplicationHandlerImpl.install(WARApplicationHandlerImpl.java:65)
	at com.ibm.ws.app.manager.internal.statemachine.StartAction.execute(StartAction.java:140)
	at com.ibm.ws.app.manager.internal.statemachine.ApplicationStateMachineImpl.enterState(ApplicationStateMachineImpl.java:1258)
	at com.ibm.ws.app.manager.internal.statemachine.ApplicationStateMachineImpl.performAction(ApplicationStateMachineImpl.java:1126)
	at com.ibm.ws.app.manager.internal.statemachine.ApplicationStateMachineImpl.run(ApplicationStateMachineImpl.java:881)
	at java.util.concurrent.ThreadPoolExecutor.runWorker(ThreadPoolExecutor.java:1149)
	at java.util.concurrent.ThreadPoolExecutor$Worker.run(ThreadPoolExecutor.java:624)
	at java.lang.Thread.run(Thread.java:748)
.
[11/23/17 17:49:25:954 CST] 0000001e m.ibm.ws.anno.targets.internal.AnnotationTargetsImpl_Targets W CWWKC0044W: Se ha producido una excepción durante la exploración de datos de anotaciones y clases. La excepción ha sido java.lang.IllegalArgumentException
	at org.objectweb.asm.ClassReader.<init>(Unknown Source)
	at org.objectweb.asm.ClassReader.<init>(Unknown Source)
	at org.objectweb.asm.ClassReader.<init>(Unknown Source)
	at com.ibm.ws.anno.targets.internal.AnnotationTargetsImpl_Targets.scanClass(AnnotationTargetsImpl_Targets.java:495)
	at com.ibm.ws.anno.targets.internal.AnnotationTargetsImpl_Streamer.process(AnnotationTargetsImpl_Streamer.java:88)
	at com.ibm.ws.anno.classsource.internal.ClassSourceImpl_MappedContainer.process(ClassSourceImpl_MappedContainer.java:351)
	at com.ibm.ws.anno.classsource.internal.ClassSourceImpl_MappedContainer.scanClasses(ClassSourceImpl_MappedContainer.java:283)
	at com.ibm.ws.anno.classsource.internal.ClassSourceImpl_MappedContainer.scanClasses(ClassSourceImpl_MappedContainer.java:128)
	at com.ibm.ws.anno.classsource.internal.ClassSourceImpl_Aggregate.scanClasses(ClassSourceImpl_Aggregate.java:369)
	at com.ibm.ws.anno.targets.internal.AnnotationTargetsImpl_Scanner.scanClasses(AnnotationTargetsImpl_Scanner.java:254)
	at com.ibm.ws.anno.targets.internal.AnnotationTargetsImpl_Scanner.scanDirect(AnnotationTargetsImpl_Scanner.java:216)
	at com.ibm.ws.anno.targets.internal.AnnotationTargetsImpl_Targets.doScanDirectClasses(AnnotationTargetsImpl_Targets.java:379)
	at com.ibm.ws.anno.targets.internal.AnnotationTargetsImpl_Targets.scanDirectClasses(AnnotationTargetsImpl_Targets.java:348)
	at com.ibm.ws.anno.targets.internal.AnnotationTargetsImpl_Targets.getAllInheritedAnnotatedClasses(AnnotationTargetsImpl_Targets.java:1025)
	at com.ibm.ws.anno.targets.internal.AnnotationTargetsImpl_Targets.getAllInheritedAnnotatedClasses(AnnotationTargetsImpl_Targets.java:1017)
	at com.ibm.ws.container.service.annotations.internal.ContainerAnnotationsAdapter$ContainerAnnotationsImpl.getClassesWithSpecifiedInheritedAnnotations(ContainerAnnotationsAdapter.java:139)
	at com.ibm.ws.cdi.liberty.CDIArchiveImpl.getClassesWithSpecifiedInheritedAnnotations(CDIArchiveImpl.java:427)
	at com.ibm.ws.cdi.liberty.CDIArchiveImpl.getAnnotatedClasses(CDIArchiveImpl.java:413)
	at com.ibm.ws.cdi.impl.weld.BeanDeploymentArchiveImpl.scanForBeanClassNames(BeanDeploymentArchiveImpl.java:352)
	at com.ibm.ws.cdi.impl.weld.BeanDeploymentArchiveImpl.scan(BeanDeploymentArchiveImpl.java:309)
	at com.ibm.ws.cdi.impl.weld.BeanDeploymentArchiveImpl.scan(BeanDeploymentArchiveImpl.java:304)
	at com.ibm.ws.cdi.impl.weld.BeanDeploymentArchiveImpl.scan(BeanDeploymentArchiveImpl.java:304)
	at com.ibm.ws.cdi.impl.weld.BeanDeploymentArchiveImpl.scan(BeanDeploymentArchiveImpl.java:304)
	at com.ibm.ws.cdi.impl.weld.BeanDeploymentArchiveImpl.scan(BeanDeploymentArchiveImpl.java:304)
	at com.ibm.ws.cdi.impl.weld.BeanDeploymentArchiveImpl.scan(BeanDeploymentArchiveImpl.java:304)
	at com.ibm.ws.cdi.impl.weld.BeanDeploymentArchiveImpl.scan(BeanDeploymentArchiveImpl.java:304)
	at com.ibm.ws.cdi.impl.weld.BeanDeploymentArchiveImpl.scan(BeanDeploymentArchiveImpl.java:304)
	at com.ibm.ws.cdi.impl.weld.BeanDeploymentArchiveImpl.scan(BeanDeploymentArchiveImpl.java:304)
	at com.ibm.ws.cdi.impl.weld.BeanDeploymentArchiveImpl.scan(BeanDeploymentArchiveImpl.java:304)
	at com.ibm.ws.cdi.impl.weld.BeanDeploymentArchiveImpl.scan(BeanDeploymentArchiveImpl.java:304)
	at com.ibm.ws.cdi.impl.weld.BeanDeploymentArchiveImpl.scan(BeanDeploymentArchiveImpl.java:304)
	at com.ibm.ws.cdi.impl.weld.BeanDeploymentArchiveImpl.scan(BeanDeploymentArchiveImpl.java:304)
	at com.ibm.ws.cdi.impl.weld.BeanDeploymentArchiveImpl.scan(BeanDeploymentArchiveImpl.java:304)
	at com.ibm.ws.cdi.impl.weld.BeanDeploymentArchiveImpl.scan(BeanDeploymentArchiveImpl.java:304)
	at com.ibm.ws.cdi.impl.weld.BeanDeploymentArchiveImpl.scan(BeanDeploymentArchiveImpl.java:304)
	at com.ibm.ws.cdi.impl.weld.BeanDeploymentArchiveImpl.scan(BeanDeploymentArchiveImpl.java:304)
	at com.ibm.ws.cdi.impl.weld.BeanDeploymentArchiveImpl.scan(BeanDeploymentArchiveImpl.java:304)
	at com.ibm.ws.cdi.impl.weld.BeanDeploymentArchiveImpl.scan(BeanDeploymentArchiveImpl.java:304)
	at com.ibm.ws.cdi.impl.weld.BeanDeploymentArchiveImpl.scan(BeanDeploymentArchiveImpl.java:304)
	at com.ibm.ws.cdi.impl.weld.BeanDeploymentArchiveImpl.scan(BeanDeploymentArchiveImpl.java:304)
	at com.ibm.ws.cdi.impl.weld.BeanDeploymentArchiveImpl.scan(BeanDeploymentArchiveImpl.java:304)
	at com.ibm.ws.cdi.impl.weld.WebSphereCDIDeploymentImpl.scan(WebSphereCDIDeploymentImpl.java:587)
	at com.ibm.ws.cdi.impl.CDIContainerImpl.applicationStarting(CDIContainerImpl.java:120)
	at com.ibm.ws.cdi.liberty.CDIRuntimeImpl.applicationStarting(CDIRuntimeImpl.java:379)
	at com.ibm.ws.container.service.state.internal.ApplicationStateManager.fireStarting(ApplicationStateManager.java:28)
	at com.ibm.ws.container.service.state.internal.StateChangeServiceImpl.fireApplicationStarting(StateChangeServiceImpl.java:50)
	at com.ibm.ws.app.manager.module.internal.DeployedAppInfoBase.preDeployApp(DeployedAppInfoBase.java:375)
	at com.ibm.ws.app.manager.module.internal.DeployedAppInfoBase.deployApp(DeployedAppInfoBase.java:402)
	at com.ibm.ws.app.manager.war.internal.WARApplicationHandlerImpl.install(WARApplicationHandlerImpl.java:65)
	at com.ibm.ws.app.manager.internal.statemachine.StartAction.execute(StartAction.java:140)
	at com.ibm.ws.app.manager.internal.statemachine.ApplicationStateMachineImpl.enterState(ApplicationStateMachineImpl.java:1258)
	at com.ibm.ws.app.manager.internal.statemachine.ApplicationStateMachineImpl.performAction(ApplicationStateMachineImpl.java:1126)
	at com.ibm.ws.app.manager.internal.statemachine.ApplicationStateMachineImpl.run(ApplicationStateMachineImpl.java:881)
	at java.util.concurrent.ThreadPoolExecutor.runWorker(ThreadPoolExecutor.java:1149)
	at java.util.concurrent.ThreadPoolExecutor$Worker.run(ThreadPoolExecutor.java:624)
	at java.lang.Thread.run(Thread.java:748)
.
[11/23/17 17:49:25:974 CST] 0000001e m.ibm.ws.anno.targets.internal.AnnotationTargetsImpl_Targets W CWWKC0044W: Se ha producido una excepción durante la exploración de datos de anotaciones y clases. La excepción ha sido java.lang.IllegalArgumentException
	at org.objectweb.asm.ClassReader.<init>(Unknown Source)
	at org.objectweb.asm.ClassReader.<init>(Unknown Source)
	at org.objectweb.asm.ClassReader.<init>(Unknown Source)
	at com.ibm.ws.anno.targets.internal.AnnotationTargetsImpl_Targets.scanClass(AnnotationTargetsImpl_Targets.java:495)
	at com.ibm.ws.anno.targets.internal.AnnotationTargetsImpl_Streamer.process(AnnotationTargetsImpl_Streamer.java:88)
	at com.ibm.ws.anno.classsource.internal.ClassSourceImpl_MappedContainer.process(ClassSourceImpl_MappedContainer.java:351)
	at com.ibm.ws.anno.classsource.internal.ClassSourceImpl_MappedContainer.scanClasses(ClassSourceImpl_MappedContainer.java:283)
	at com.ibm.ws.anno.classsource.internal.ClassSourceImpl_MappedContainer.scanClasses(ClassSourceImpl_MappedContainer.java:128)
	at com.ibm.ws.anno.classsource.internal.ClassSourceImpl_Aggregate.scanClasses(ClassSourceImpl_Aggregate.java:369)
	at com.ibm.ws.anno.targets.internal.AnnotationTargetsImpl_Scanner.scanClasses(AnnotationTargetsImpl_Scanner.java:254)
	at com.ibm.ws.anno.targets.internal.AnnotationTargetsImpl_Scanner.scanDirect(AnnotationTargetsImpl_Scanner.java:216)
	at com.ibm.ws.anno.targets.internal.AnnotationTargetsImpl_Targets.doScanDirectClasses(AnnotationTargetsImpl_Targets.java:379)
	at com.ibm.ws.anno.targets.internal.AnnotationTargetsImpl_Targets.scanDirectClasses(AnnotationTargetsImpl_Targets.java:348)
	at com.ibm.ws.anno.targets.internal.AnnotationTargetsImpl_Targets.getAllInheritedAnnotatedClasses(AnnotationTargetsImpl_Targets.java:1025)
	at com.ibm.ws.anno.targets.internal.AnnotationTargetsImpl_Targets.getAllInheritedAnnotatedClasses(AnnotationTargetsImpl_Targets.java:1017)
	at com.ibm.ws.container.service.annotations.internal.ContainerAnnotationsAdapter$ContainerAnnotationsImpl.getClassesWithSpecifiedInheritedAnnotations(ContainerAnnotationsAdapter.java:139)
	at com.ibm.ws.cdi.liberty.CDIArchiveImpl.getClassesWithSpecifiedInheritedAnnotations(CDIArchiveImpl.java:427)
	at com.ibm.ws.cdi.liberty.CDIArchiveImpl.getAnnotatedClasses(CDIArchiveImpl.java:413)
	at com.ibm.ws.cdi.impl.weld.BeanDeploymentArchiveImpl.scanForBeanClassNames(BeanDeploymentArchiveImpl.java:352)
	at com.ibm.ws.cdi.impl.weld.BeanDeploymentArchiveImpl.scan(BeanDeploymentArchiveImpl.java:309)
	at com.ibm.ws.cdi.impl.weld.BeanDeploymentArchiveImpl.scan(BeanDeploymentArchiveImpl.java:304)
	at com.ibm.ws.cdi.impl.weld.BeanDeploymentArchiveImpl.scan(BeanDeploymentArchiveImpl.java:304)
	at com.ibm.ws.cdi.impl.weld.BeanDeploymentArchiveImpl.scan(BeanDeploymentArchiveImpl.java:304)
	at com.ibm.ws.cdi.impl.weld.BeanDeploymentArchiveImpl.scan(BeanDeploymentArchiveImpl.java:304)
	at com.ibm.ws.cdi.impl.weld.BeanDeploymentArchiveImpl.scan(BeanDeploymentArchiveImpl.java:304)
	at com.ibm.ws.cdi.impl.weld.BeanDeploymentArchiveImpl.scan(BeanDeploymentArchiveImpl.java:304)
	at com.ibm.ws.cdi.impl.weld.BeanDeploymentArchiveImpl.scan(BeanDeploymentArchiveImpl.java:304)
	at com.ibm.ws.cdi.impl.weld.BeanDeploymentArchiveImpl.scan(BeanDeploymentArchiveImpl.java:304)
	at com.ibm.ws.cdi.impl.weld.BeanDeploymentArchiveImpl.scan(BeanDeploymentArchiveImpl.java:304)
	at com.ibm.ws.cdi.impl.weld.BeanDeploymentArchiveImpl.scan(BeanDeploymentArchiveImpl.java:304)
	at com.ibm.ws.cdi.impl.weld.BeanDeploymentArchiveImpl.scan(BeanDeploymentArchiveImpl.java:304)
	at com.ibm.ws.cdi.impl.weld.BeanDeploymentArchiveImpl.scan(BeanDeploymentArchiveImpl.java:304)
	at com.ibm.ws.cdi.impl.weld.BeanDeploymentArchiveImpl.scan(BeanDeploymentArchiveImpl.java:304)
	at com.ibm.ws.cdi.impl.weld.BeanDeploymentArchiveImpl.scan(BeanDeploymentArchiveImpl.java:304)
	at com.ibm.ws.cdi.impl.weld.BeanDeploymentArchiveImpl.scan(BeanDeploymentArchiveImpl.java:304)
	at com.ibm.ws.cdi.impl.weld.BeanDeploymentArchiveImpl.scan(BeanDeploymentArchiveImpl.java:304)
	at com.ibm.ws.cdi.impl.weld.WebSphereCDIDeploymentImpl.scan(WebSphereCDIDeploymentImpl.java:587)
	at com.ibm.ws.cdi.impl.CDIContainerImpl.applicationStarting(CDIContainerImpl.java:120)
	at com.ibm.ws.cdi.liberty.CDIRuntimeImpl.applicationStarting(CDIRuntimeImpl.java:379)
	at com.ibm.ws.container.service.state.internal.ApplicationStateManager.fireStarting(ApplicationStateManager.java:28)
	at com.ibm.ws.container.service.state.internal.StateChangeServiceImpl.fireApplicationStarting(StateChangeServiceImpl.java:50)
	at com.ibm.ws.app.manager.module.internal.DeployedAppInfoBase.preDeployApp(DeployedAppInfoBase.java:375)
	at com.ibm.ws.app.manager.module.internal.DeployedAppInfoBase.deployApp(DeployedAppInfoBase.java:402)
	at com.ibm.ws.app.manager.war.internal.WARApplicationHandlerImpl.install(WARApplicationHandlerImpl.java:65)
	at com.ibm.ws.app.manager.internal.statemachine.StartAction.execute(StartAction.java:140)
	at com.ibm.ws.app.manager.internal.statemachine.ApplicationStateMachineImpl.enterState(ApplicationStateMachineImpl.java:1258)
	at com.ibm.ws.app.manager.internal.statemachine.ApplicationStateMachineImpl.performAction(ApplicationStateMachineImpl.java:1126)
	at com.ibm.ws.app.manager.internal.statemachine.ApplicationStateMachineImpl.run(ApplicationStateMachineImpl.java:881)
	at java.util.concurrent.ThreadPoolExecutor.runWorker(ThreadPoolExecutor.java:1149)
	at java.util.concurrent.ThreadPoolExecutor$Worker.run(ThreadPoolExecutor.java:624)
	at java.lang.Thread.run(Thread.java:748)
.
[11/23/17 17:49:26:618 CST] 0000001e com.ibm.ws.webcontainer.osgi.webapp.WebGroup                 I SRVE0169I: Cargando módulo web: org.tec.datos1.messenger.webapi.
[11/23/17 17:49:26:619 CST] 0000001e com.ibm.ws.webcontainer                                      I SRVE0250I: El módulo web org.tec.datos1.messenger.webapi se ha enlazado con default_host.
[11/23/17 17:49:26:619 CST] 0000001e com.ibm.ws.http.internal.VirtualHostImpl                     A CWWKT0016I: Aplicación web disponible (default_host): http://localhost:9080/webapi/
[11/23/17 17:49:26:622 CST] 0000001e com.ibm.ws.app.manager.AppMessageHelper                      A CWWKZ0003I: La aplicación org.tec.datos1.messenger.webapi se ha actualizado en 4.059 segundos.
[11/23/17 17:49:26:622 CST] 00000041 com.ibm.ws.session.WASSessionCore                            I SESN0176I: Se creará un nuevo contexto de sesión para la clave de aplicación default_host/webapi
[11/23/17 17:49:26:622 CST] 00000041 com.ibm.ws.util                                              I SESN0172I: El gestor de sesiones está utilizando la implementación de SecureRandom Java por omisión para la generación del ID de sesión.
[11/23/17 17:49:26:652 CST] 00000045 com.ibm.ws.webcontainer.osgi.mbeans.PluginGenerator          I SRVE9103I: Se ha generado automáticamente un archivo de configuración para un plug-in de servidor web para este servidor en /Users/Jai/Library/Mobile Documents/com~apple~CloudDocs/Datos I/TEC Messenger/wlp/usr/servers/WebServer/logs/state/plugin-cfg.xml.
[11/23/17 17:49:45:445 CST] 0000001e com.ibm.ws.webcontainer.servlet                              I SRVE0242I: [org.tec.datos1.messenger.webapi] [/webapi] [RESTful Jersey Servlet]: Inicialización satisfactoria.
